[  0%] Built target std_msgs_generate_messages_py
[  0%] Built target sensor_msgs_generate_messages_py
[  0%] Built target std_msgs_generate_messages_cpp
[  0%] Built target sensor_msgs_generate_messages_cpp
[  0%] Built target sensor_msgs_generate_messages_lisp
[  0%] Built target std_msgs_generate_messages_eus
[  0%] Built target sensor_msgs_generate_messages_eus
[  0%] Built target std_msgs_generate_messages_lisp
[  0%] Built target std_msgs_generate_messages_nodejs
[  0%] Built target sensor_msgs_generate_messages_nodejs
[  0%] Built target _series_elastic_actuator_msgs_generate_messages_check_deps_SeActuatorStateExtended
[  0%] Built target _series_elastic_actuator_msgs_generate_messages_check_deps_SeActuatorStates
[  0%] Built target _series_elastic_actuator_msgs_generate_messages_check_deps_SeActuatorReadingsExtended
[  0%] Built target _series_elastic_actuator_msgs_generate_messages_check_deps_SeActuatorReadings
[  0%] Built target _series_elastic_actuator_msgs_generate_messages_check_deps_SeActuatorState
[  0%] Built target _series_elastic_actuator_msgs_generate_messages_check_deps_SeActuatorCommands
[  0%] Built target _series_elastic_actuator_msgs_generate_messages_check_deps_SeActuatorReadingExtended
[  0%] Built target _series_elastic_actuator_msgs_generate_messages_check_deps_SeActuatorCommand
[  0%] Built target _series_elastic_actuator_msgs_generate_messages_check_deps_SeActuatorReading
[ 40%] Built target series_elastic_actuator_msgs_generate_messages_cpp
[ 59%] Built target series_elastic_actuator_msgs_generate_messages_lisp
[ 59%] Built target series_elastic_actuator_msgs_generate_messages_py
[ 80%] Built target series_elastic_actuator_msgs_generate_messages_nodejs
[100%] Built target series_elastic_actuator_msgs_generate_messages_eus
[100%] Built target series_elastic_actuator_msgs_generate_messages
