[  0%] Built target sensor_msgs_generate_messages_py
[  0%] Built target std_msgs_generate_messages_py
[  0%] Built target sensor_msgs_generate_messages_cpp
[  0%] Built target sensor_msgs_generate_messages_eus
[  0%] Built target std_msgs_generate_messages_cpp
[  0%] Built target sensor_msgs_generate_messages_lisp
[  0%] Built target std_msgs_generate_messages_eus
[  0%] Built target std_msgs_generate_messages_lisp
[  0%] Built target std_msgs_generate_messages_nodejs
[  0%] Built target sensor_msgs_generate_messages_nodejs
[  0%] Built target _series_elastic_actuator_msgs_generate_messages_check_deps_SeActuatorStates
[  0%] Built target _series_elastic_actuator_msgs_generate_messages_check_deps_SeActuatorReading
[  0%] Built target _series_elastic_actuator_msgs_generate_messages_check_deps_SeActuatorCommands
[  0%] Built target _series_elastic_actuator_msgs_generate_messages_check_deps_SeActuatorStateExtended
[  0%] Built target _series_elastic_actuator_msgs_generate_messages_check_deps_SeActuatorReadings
[  0%] Built target _series_elastic_actuator_msgs_generate_messages_check_deps_SeActuatorState
[  0%] Built target _series_elastic_actuator_msgs_generate_messages_check_deps_SeActuatorCommand
[  0%] Built target _series_elastic_actuator_msgs_generate_messages_check_deps_SeActuatorReadingsExtended
[  0%] Built target _series_elastic_actuator_msgs_generate_messages_check_deps_SeActuatorReadingExtended
[ 19%] Built target series_elastic_actuator_msgs_generate_messages_lisp
[ 38%] Built target series_elastic_actuator_msgs_generate_messages_cpp
[ 57%] Built target series_elastic_actuator_msgs_generate_messages_nodejs
[ 78%] Built target series_elastic_actuator_msgs_generate_messages_eus
[100%] Built target series_elastic_actuator_msgs_generate_messages_py
[100%] Built target series_elastic_actuator_msgs_generate_messages
