Linked: (/home/ynistico-iit.local/dls_ws_home/muse/muse_ws/devel/.private/state_estimator_msgs/lib/pkgconfig/state_estimator_msgs.pc, /home/ynistico-iit.local/dls_ws_home/muse/muse_ws/devel/lib/pkgconfig/state_estimator_msgs.pc)
Linked: (/home/ynistico-iit.local/dls_ws_home/muse/muse_ws/devel/.private/state_estimator_msgs/lib/python3.11/site-packages/state_estimator_msgs/__init__.py, /home/ynistico-iit.local/dls_ws_home/muse/muse_ws/devel/lib/python3.11/site-packages/state_estimator_msgs/__init__.py)
Linked: (/home/ynistico-iit.local/dls_ws_home/muse/muse_ws/devel/.private/state_estimator_msgs/lib/python3.11/site-packages/state_estimator_msgs/srv/__init__.py, /home/ynistico-iit.local/dls_ws_home/muse/muse_ws/devel/lib/python3.11/site-packages/state_estimator_msgs/srv/__init__.py)
Linked: (/home/ynistico-iit.local/dls_ws_home/muse/muse_ws/devel/.private/state_estimator_msgs/lib/python3.11/site-packages/state_estimator_msgs/srv/_getWhitelist.py, /home/ynistico-iit.local/dls_ws_home/muse/muse_ws/devel/lib/python3.11/site-packages/state_estimator_msgs/srv/_getWhitelist.py)
Linked: (/home/ynistico-iit.local/dls_ws_home/muse/muse_ws/devel/.private/state_estimator_msgs/lib/python3.11/site-packages/state_estimator_msgs/srv/_getBlacklist.py, /home/ynistico-iit.local/dls_ws_home/muse/muse_ws/devel/lib/python3.11/site-packages/state_estimator_msgs/srv/_getBlacklist.py)
Linked: (/home/ynistico-iit.local/dls_ws_home/muse/muse_ws/devel/.private/state_estimator_msgs/lib/python3.11/site-packages/state_estimator_msgs/srv/_getActiveEstimators.py, /home/ynistico-iit.local/dls_ws_home/muse/muse_ws/devel/lib/python3.11/site-packages/state_estimator_msgs/srv/_getActiveEstimators.py)
Linked: (/home/ynistico-iit.local/dls_ws_home/muse/muse_ws/devel/.private/state_estimator_msgs/lib/python3.11/site-packages/state_estimator_msgs/srv/_stopEstimator.py, /home/ynistico-iit.local/dls_ws_home/muse/muse_ws/devel/lib/python3.11/site-packages/state_estimator_msgs/srv/_stopEstimator.py)
Linked: (/home/ynistico-iit.local/dls_ws_home/muse/muse_ws/devel/.private/state_estimator_msgs/lib/python3.11/site-packages/state_estimator_msgs/srv/_startEstimator.py, /home/ynistico-iit.local/dls_ws_home/muse/muse_ws/devel/lib/python3.11/site-packages/state_estimator_msgs/srv/_startEstimator.py)
Linked: (/home/ynistico-iit.local/dls_ws_home/muse/muse_ws/devel/.private/state_estimator_msgs/lib/python3.11/site-packages/state_estimator_msgs/srv/_getEstimatorDescription.py, /home/ynistico-iit.local/dls_ws_home/muse/muse_ws/devel/lib/python3.11/site-packages/state_estimator_msgs/srv/_getEstimatorDescription.py)
Linked: (/home/ynistico-iit.local/dls_ws_home/muse/muse_ws/devel/.private/state_estimator_msgs/lib/python3.11/site-packages/state_estimator_msgs/srv/_resumeEstimator.py, /home/ynistico-iit.local/dls_ws_home/muse/muse_ws/devel/lib/python3.11/site-packages/state_estimator_msgs/srv/_resumeEstimator.py)
Linked: (/home/ynistico-iit.local/dls_ws_home/muse/muse_ws/devel/.private/state_estimator_msgs/lib/python3.11/site-packages/state_estimator_msgs/srv/_restartEstimator.py, /home/ynistico-iit.local/dls_ws_home/muse/muse_ws/devel/lib/python3.11/site-packages/state_estimator_msgs/srv/_restartEstimator.py)
Linked: (/home/ynistico-iit.local/dls_ws_home/muse/muse_ws/devel/.private/state_estimator_msgs/lib/python3.11/site-packages/state_estimator_msgs/srv/_pauseEstimator.py, /home/ynistico-iit.local/dls_ws_home/muse/muse_ws/devel/lib/python3.11/site-packages/state_estimator_msgs/srv/_pauseEstimator.py)
Linked: (/home/ynistico-iit.local/dls_ws_home/muse/muse_ws/devel/.private/state_estimator_msgs/lib/python3.11/site-packages/state_estimator_msgs/srv/_resetEstimator.py, /home/ynistico-iit.local/dls_ws_home/muse/muse_ws/devel/lib/python3.11/site-packages/state_estimator_msgs/srv/_resetEstimator.py)
Linked: (/home/ynistico-iit.local/dls_ws_home/muse/muse_ws/devel/.private/state_estimator_msgs/lib/python3.11/site-packages/state_estimator_msgs/srv/_listAllEstimators.py, /home/ynistico-iit.local/dls_ws_home/muse/muse_ws/devel/lib/python3.11/site-packages/state_estimator_msgs/srv/_listAllEstimators.py)
Linked: (/home/ynistico-iit.local/dls_ws_home/muse/muse_ws/devel/.private/state_estimator_msgs/lib/python3.11/site-packages/state_estimator_msgs/msg/_ExtendedJointState.py, /home/ynistico-iit.local/dls_ws_home/muse/muse_ws/devel/lib/python3.11/site-packages/state_estimator_msgs/msg/_ExtendedJointState.py)
Linked: (/home/ynistico-iit.local/dls_ws_home/muse/muse_ws/devel/.private/state_estimator_msgs/lib/python3.11/site-packages/state_estimator_msgs/msg/__init__.py, /home/ynistico-iit.local/dls_ws_home/muse/muse_ws/devel/lib/python3.11/site-packages/state_estimator_msgs/msg/__init__.py)
Linked: (/home/ynistico-iit.local/dls_ws_home/muse/muse_ws/devel/.private/state_estimator_msgs/lib/python3.11/site-packages/state_estimator_msgs/msg/_SeActuatorReadings.py, /home/ynistico-iit.local/dls_ws_home/muse/muse_ws/devel/lib/python3.11/site-packages/state_estimator_msgs/msg/_SeActuatorReadings.py)
Linked: (/home/ynistico-iit.local/dls_ws_home/muse/muse_ws/devel/.private/state_estimator_msgs/lib/python3.11/site-packages/state_estimator_msgs/msg/_SeActuatorState.py, /home/ynistico-iit.local/dls_ws_home/muse/muse_ws/devel/lib/python3.11/site-packages/state_estimator_msgs/msg/_SeActuatorState.py)
Linked: (/home/ynistico-iit.local/dls_ws_home/muse/muse_ws/devel/.private/state_estimator_msgs/lib/python3.11/site-packages/state_estimator_msgs/msg/_SeActuatorReading.py, /home/ynistico-iit.local/dls_ws_home/muse/muse_ws/devel/lib/python3.11/site-packages/state_estimator_msgs/msg/_SeActuatorReading.py)
Linked: (/home/ynistico-iit.local/dls_ws_home/muse/muse_ws/devel/.private/state_estimator_msgs/lib/python3.11/site-packages/state_estimator_msgs/msg/_JointStateWithAcceleration.py, /home/ynistico-iit.local/dls_ws_home/muse/muse_ws/devel/lib/python3.11/site-packages/state_estimator_msgs/msg/_JointStateWithAcceleration.py)
Linked: (/home/ynistico-iit.local/dls_ws_home/muse/muse_ws/devel/.private/state_estimator_msgs/lib/python3.11/site-packages/state_estimator_msgs/msg/_sensor_fusion.py, /home/ynistico-iit.local/dls_ws_home/muse/muse_ws/devel/lib/python3.11/site-packages/state_estimator_msgs/msg/_sensor_fusion.py)
Linked: (/home/ynistico-iit.local/dls_ws_home/muse/muse_ws/devel/.private/state_estimator_msgs/lib/python3.11/site-packages/state_estimator_msgs/msg/_SeActuatorReadingsExtended.py, /home/ynistico-iit.local/dls_ws_home/muse/muse_ws/devel/lib/python3.11/site-packages/state_estimator_msgs/msg/_SeActuatorReadingsExtended.py)
Linked: (/home/ynistico-iit.local/dls_ws_home/muse/muse_ws/devel/.private/state_estimator_msgs/lib/python3.11/site-packages/state_estimator_msgs/msg/_Contact.py, /home/ynistico-iit.local/dls_ws_home/muse/muse_ws/devel/lib/python3.11/site-packages/state_estimator_msgs/msg/_Contact.py)
Linked: (/home/ynistico-iit.local/dls_ws_home/muse/muse_ws/devel/.private/state_estimator_msgs/lib/python3.11/site-packages/state_estimator_msgs/msg/_ContactDetection.py, /home/ynistico-iit.local/dls_ws_home/muse/muse_ws/devel/lib/python3.11/site-packages/state_estimator_msgs/msg/_ContactDetection.py)
Linked: (/home/ynistico-iit.local/dls_ws_home/muse/muse_ws/devel/.private/state_estimator_msgs/lib/python3.11/site-packages/state_estimator_msgs/msg/_SeActuatorCommands.py, /home/ynistico-iit.local/dls_ws_home/muse/muse_ws/devel/lib/python3.11/site-packages/state_estimator_msgs/msg/_SeActuatorCommands.py)
Linked: (/home/ynistico-iit.local/dls_ws_home/muse/muse_ws/devel/.private/state_estimator_msgs/lib/python3.11/site-packages/state_estimator_msgs/msg/_attitude.py, /home/ynistico-iit.local/dls_ws_home/muse/muse_ws/devel/lib/python3.11/site-packages/state_estimator_msgs/msg/_attitude.py)
Linked: (/home/ynistico-iit.local/dls_ws_home/muse/muse_ws/devel/.private/state_estimator_msgs/lib/python3.11/site-packages/state_estimator_msgs/msg/_SeActuatorStateExtended.py, /home/ynistico-iit.local/dls_ws_home/muse/muse_ws/devel/lib/python3.11/site-packages/state_estimator_msgs/msg/_SeActuatorStateExtended.py)
Linked: (/home/ynistico-iit.local/dls_ws_home/muse/muse_ws/devel/.private/state_estimator_msgs/lib/python3.11/site-packages/state_estimator_msgs/msg/_AnymalState.py, /home/ynistico-iit.local/dls_ws_home/muse/muse_ws/devel/lib/python3.11/site-packages/state_estimator_msgs/msg/_AnymalState.py)
Linked: (/home/ynistico-iit.local/dls_ws_home/muse/muse_ws/devel/.private/state_estimator_msgs/lib/python3.11/site-packages/state_estimator_msgs/msg/_LegOdometry.py, /home/ynistico-iit.local/dls_ws_home/muse/muse_ws/devel/lib/python3.11/site-packages/state_estimator_msgs/msg/_LegOdometry.py)
Linked: (/home/ynistico-iit.local/dls_ws_home/muse/muse_ws/devel/.private/state_estimator_msgs/lib/python3.11/site-packages/state_estimator_msgs/msg/_SeActuatorReadingExtended.py, /home/ynistico-iit.local/dls_ws_home/muse/muse_ws/devel/lib/python3.11/site-packages/state_estimator_msgs/msg/_SeActuatorReadingExtended.py)
Linked: (/home/ynistico-iit.local/dls_ws_home/muse/muse_ws/devel/.private/state_estimator_msgs/lib/python3.11/site-packages/state_estimator_msgs/msg/_SeActuatorCommand.py, /home/ynistico-iit.local/dls_ws_home/muse/muse_ws/devel/lib/python3.11/site-packages/state_estimator_msgs/msg/_SeActuatorCommand.py)
Linked: (/home/ynistico-iit.local/dls_ws_home/muse/muse_ws/devel/.private/state_estimator_msgs/lib/python3.11/site-packages/state_estimator_msgs/msg/_SeActuatorStates.py, /home/ynistico-iit.local/dls_ws_home/muse/muse_ws/devel/lib/python3.11/site-packages/state_estimator_msgs/msg/_SeActuatorStates.py)
Linked: (/home/ynistico-iit.local/dls_ws_home/muse/muse_ws/devel/.private/state_estimator_msgs/include/state_estimator_msgs/resumeEstimatorRequest.h, /home/ynistico-iit.local/dls_ws_home/muse/muse_ws/devel/include/state_estimator_msgs/resumeEstimatorRequest.h)
Linked: (/home/ynistico-iit.local/dls_ws_home/muse/muse_ws/devel/.private/state_estimator_msgs/include/state_estimator_msgs/SeActuatorReading.h, /home/ynistico-iit.local/dls_ws_home/muse/muse_ws/devel/include/state_estimator_msgs/SeActuatorReading.h)
Linked: (/home/ynistico-iit.local/dls_ws_home/muse/muse_ws/devel/.private/state_estimator_msgs/include/state_estimator_msgs/listAllEstimators.h, /home/ynistico-iit.local/dls_ws_home/muse/muse_ws/devel/include/state_estimator_msgs/listAllEstimators.h)
Linked: (/home/ynistico-iit.local/dls_ws_home/muse/muse_ws/devel/.private/state_estimator_msgs/include/state_estimator_msgs/sensor_fusion.h, /home/ynistico-iit.local/dls_ws_home/muse/muse_ws/devel/include/state_estimator_msgs/sensor_fusion.h)
Linked: (/home/ynistico-iit.local/dls_ws_home/muse/muse_ws/devel/.private/state_estimator_msgs/include/state_estimator_msgs/getActiveEstimatorsResponse.h, /home/ynistico-iit.local/dls_ws_home/muse/muse_ws/devel/include/state_estimator_msgs/getActiveEstimatorsResponse.h)
Linked: (/home/ynistico-iit.local/dls_ws_home/muse/muse_ws/devel/.private/state_estimator_msgs/include/state_estimator_msgs/resumeEstimator.h, /home/ynistico-iit.local/dls_ws_home/muse/muse_ws/devel/include/state_estimator_msgs/resumeEstimator.h)
Linked: (/home/ynistico-iit.local/dls_ws_home/muse/muse_ws/devel/.private/state_estimator_msgs/include/state_estimator_msgs/stopEstimator.h, /home/ynistico-iit.local/dls_ws_home/muse/muse_ws/devel/include/state_estimator_msgs/stopEstimator.h)
Linked: (/home/ynistico-iit.local/dls_ws_home/muse/muse_ws/devel/.private/state_estimator_msgs/include/state_estimator_msgs/getWhitelistRequest.h, /home/ynistico-iit.local/dls_ws_home/muse/muse_ws/devel/include/state_estimator_msgs/getWhitelistRequest.h)
Linked: (/home/ynistico-iit.local/dls_ws_home/muse/muse_ws/devel/.private/state_estimator_msgs/include/state_estimator_msgs/LegOdometry.h, /home/ynistico-iit.local/dls_ws_home/muse/muse_ws/devel/include/state_estimator_msgs/LegOdometry.h)
Linked: (/home/ynistico-iit.local/dls_ws_home/muse/muse_ws/devel/.private/state_estimator_msgs/include/state_estimator_msgs/resetEstimatorResponse.h, /home/ynistico-iit.local/dls_ws_home/muse/muse_ws/devel/include/state_estimator_msgs/resetEstimatorResponse.h)
Linked: (/home/ynistico-iit.local/dls_ws_home/muse/muse_ws/devel/.private/state_estimator_msgs/include/state_estimator_msgs/getBlacklistRequest.h, /home/ynistico-iit.local/dls_ws_home/muse/muse_ws/devel/include/state_estimator_msgs/getBlacklistRequest.h)
Linked: (/home/ynistico-iit.local/dls_ws_home/muse/muse_ws/devel/.private/state_estimator_msgs/include/state_estimator_msgs/SeActuatorReadingsExtended.h, /home/ynistico-iit.local/dls_ws_home/muse/muse_ws/devel/include/state_estimator_msgs/SeActuatorReadingsExtended.h)
Linked: (/home/ynistico-iit.local/dls_ws_home/muse/muse_ws/devel/.private/state_estimator_msgs/include/state_estimator_msgs/getEstimatorDescriptionResponse.h, /home/ynistico-iit.local/dls_ws_home/muse/muse_ws/devel/include/state_estimator_msgs/getEstimatorDescriptionResponse.h)
Linked: (/home/ynistico-iit.local/dls_ws_home/muse/muse_ws/devel/.private/state_estimator_msgs/include/state_estimator_msgs/ContactDetection.h, /home/ynistico-iit.local/dls_ws_home/muse/muse_ws/devel/include/state_estimator_msgs/ContactDetection.h)
Linked: (/home/ynistico-iit.local/dls_ws_home/muse/muse_ws/devel/.private/state_estimator_msgs/include/state_estimator_msgs/pauseEstimator.h, /home/ynistico-iit.local/dls_ws_home/muse/muse_ws/devel/include/state_estimator_msgs/pauseEstimator.h)
Linked: (/home/ynistico-iit.local/dls_ws_home/muse/muse_ws/devel/.private/state_estimator_msgs/include/state_estimator_msgs/getEstimatorDescriptionRequest.h, /home/ynistico-iit.local/dls_ws_home/muse/muse_ws/devel/include/state_estimator_msgs/getEstimatorDescriptionRequest.h)
Linked: (/home/ynistico-iit.local/dls_ws_home/muse/muse_ws/devel/.private/state_estimator_msgs/include/state_estimator_msgs/stopEstimatorResponse.h, /home/ynistico-iit.local/dls_ws_home/muse/muse_ws/devel/include/state_estimator_msgs/stopEstimatorResponse.h)
Linked: (/home/ynistico-iit.local/dls_ws_home/muse/muse_ws/devel/.private/state_estimator_msgs/include/state_estimator_msgs/listAllEstimatorsRequest.h, /home/ynistico-iit.local/dls_ws_home/muse/muse_ws/devel/include/state_estimator_msgs/listAllEstimatorsRequest.h)
Linked: (/home/ynistico-iit.local/dls_ws_home/muse/muse_ws/devel/.private/state_estimator_msgs/include/state_estimator_msgs/SeActuatorState.h, /home/ynistico-iit.local/dls_ws_home/muse/muse_ws/devel/include/state_estimator_msgs/SeActuatorState.h)
Linked: (/home/ynistico-iit.local/dls_ws_home/muse/muse_ws/devel/.private/state_estimator_msgs/include/state_estimator_msgs/resetEstimatorRequest.h, /home/ynistico-iit.local/dls_ws_home/muse/muse_ws/devel/include/state_estimator_msgs/resetEstimatorRequest.h)
Linked: (/home/ynistico-iit.local/dls_ws_home/muse/muse_ws/devel/.private/state_estimator_msgs/include/state_estimator_msgs/stopEstimatorRequest.h, /home/ynistico-iit.local/dls_ws_home/muse/muse_ws/devel/include/state_estimator_msgs/stopEstimatorRequest.h)
Linked: (/home/ynistico-iit.local/dls_ws_home/muse/muse_ws/devel/.private/state_estimator_msgs/include/state_estimator_msgs/SeActuatorReadingExtended.h, /home/ynistico-iit.local/dls_ws_home/muse/muse_ws/devel/include/state_estimator_msgs/SeActuatorReadingExtended.h)
Linked: (/home/ynistico-iit.local/dls_ws_home/muse/muse_ws/devel/.private/state_estimator_msgs/include/state_estimator_msgs/SeActuatorCommands.h, /home/ynistico-iit.local/dls_ws_home/muse/muse_ws/devel/include/state_estimator_msgs/SeActuatorCommands.h)
Linked: (/home/ynistico-iit.local/dls_ws_home/muse/muse_ws/devel/.private/state_estimator_msgs/include/state_estimator_msgs/attitude.h, /home/ynistico-iit.local/dls_ws_home/muse/muse_ws/devel/include/state_estimator_msgs/attitude.h)
Linked: (/home/ynistico-iit.local/dls_ws_home/muse/muse_ws/devel/.private/state_estimator_msgs/include/state_estimator_msgs/SeActuatorStateExtended.h, /home/ynistico-iit.local/dls_ws_home/muse/muse_ws/devel/include/state_estimator_msgs/SeActuatorStateExtended.h)
Linked: (/home/ynistico-iit.local/dls_ws_home/muse/muse_ws/devel/.private/state_estimator_msgs/include/state_estimator_msgs/getActiveEstimators.h, /home/ynistico-iit.local/dls_ws_home/muse/muse_ws/devel/include/state_estimator_msgs/getActiveEstimators.h)
Linked: (/home/ynistico-iit.local/dls_ws_home/muse/muse_ws/devel/.private/state_estimator_msgs/include/state_estimator_msgs/resumeEstimatorResponse.h, /home/ynistico-iit.local/dls_ws_home/muse/muse_ws/devel/include/state_estimator_msgs/resumeEstimatorResponse.h)
Linked: (/home/ynistico-iit.local/dls_ws_home/muse/muse_ws/devel/.private/state_estimator_msgs/include/state_estimator_msgs/restartEstimator.h, /home/ynistico-iit.local/dls_ws_home/muse/muse_ws/devel/include/state_estimator_msgs/restartEstimator.h)
Linked: (/home/ynistico-iit.local/dls_ws_home/muse/muse_ws/devel/.private/state_estimator_msgs/include/state_estimator_msgs/SeActuatorReadings.h, /home/ynistico-iit.local/dls_ws_home/muse/muse_ws/devel/include/state_estimator_msgs/SeActuatorReadings.h)
Linked: (/home/ynistico-iit.local/dls_ws_home/muse/muse_ws/devel/.private/state_estimator_msgs/include/state_estimator_msgs/AnymalState.h, /home/ynistico-iit.local/dls_ws_home/muse/muse_ws/devel/include/state_estimator_msgs/AnymalState.h)
Linked: (/home/ynistico-iit.local/dls_ws_home/muse/muse_ws/devel/.private/state_estimator_msgs/include/state_estimator_msgs/getBlacklistResponse.h, /home/ynistico-iit.local/dls_ws_home/muse/muse_ws/devel/include/state_estimator_msgs/getBlacklistResponse.h)
Linked: (/home/ynistico-iit.local/dls_ws_home/muse/muse_ws/devel/.private/state_estimator_msgs/include/state_estimator_msgs/Contact.h, /home/ynistico-iit.local/dls_ws_home/muse/muse_ws/devel/include/state_estimator_msgs/Contact.h)
Linked: (/home/ynistico-iit.local/dls_ws_home/muse/muse_ws/devel/.private/state_estimator_msgs/include/state_estimator_msgs/getWhitelistResponse.h, /home/ynistico-iit.local/dls_ws_home/muse/muse_ws/devel/include/state_estimator_msgs/getWhitelistResponse.h)
Linked: (/home/ynistico-iit.local/dls_ws_home/muse/muse_ws/devel/.private/state_estimator_msgs/include/state_estimator_msgs/SeActuatorStates.h, /home/ynistico-iit.local/dls_ws_home/muse/muse_ws/devel/include/state_estimator_msgs/SeActuatorStates.h)
Linked: (/home/ynistico-iit.local/dls_ws_home/muse/muse_ws/devel/.private/state_estimator_msgs/include/state_estimator_msgs/JointStateWithAcceleration.h, /home/ynistico-iit.local/dls_ws_home/muse/muse_ws/devel/include/state_estimator_msgs/JointStateWithAcceleration.h)
Linked: (/home/ynistico-iit.local/dls_ws_home/muse/muse_ws/devel/.private/state_estimator_msgs/include/state_estimator_msgs/resetEstimator.h, /home/ynistico-iit.local/dls_ws_home/muse/muse_ws/devel/include/state_estimator_msgs/resetEstimator.h)
Linked: (/home/ynistico-iit.local/dls_ws_home/muse/muse_ws/devel/.private/state_estimator_msgs/include/state_estimator_msgs/ExtendedJointState.h, /home/ynistico-iit.local/dls_ws_home/muse/muse_ws/devel/include/state_estimator_msgs/ExtendedJointState.h)
Linked: (/home/ynistico-iit.local/dls_ws_home/muse/muse_ws/devel/.private/state_estimator_msgs/include/state_estimator_msgs/getEstimatorDescription.h, /home/ynistico-iit.local/dls_ws_home/muse/muse_ws/devel/include/state_estimator_msgs/getEstimatorDescription.h)
Linked: (/home/ynistico-iit.local/dls_ws_home/muse/muse_ws/devel/.private/state_estimator_msgs/include/state_estimator_msgs/SeActuatorCommand.h, /home/ynistico-iit.local/dls_ws_home/muse/muse_ws/devel/include/state_estimator_msgs/SeActuatorCommand.h)
Linked: (/home/ynistico-iit.local/dls_ws_home/muse/muse_ws/devel/.private/state_estimator_msgs/include/state_estimator_msgs/getWhitelist.h, /home/ynistico-iit.local/dls_ws_home/muse/muse_ws/devel/include/state_estimator_msgs/getWhitelist.h)
Linked: (/home/ynistico-iit.local/dls_ws_home/muse/muse_ws/devel/.private/state_estimator_msgs/include/state_estimator_msgs/startEstimatorResponse.h, /home/ynistico-iit.local/dls_ws_home/muse/muse_ws/devel/include/state_estimator_msgs/startEstimatorResponse.h)
Linked: (/home/ynistico-iit.local/dls_ws_home/muse/muse_ws/devel/.private/state_estimator_msgs/include/state_estimator_msgs/restartEstimatorRequest.h, /home/ynistico-iit.local/dls_ws_home/muse/muse_ws/devel/include/state_estimator_msgs/restartEstimatorRequest.h)
Linked: (/home/ynistico-iit.local/dls_ws_home/muse/muse_ws/devel/.private/state_estimator_msgs/include/state_estimator_msgs/pauseEstimatorRequest.h, /home/ynistico-iit.local/dls_ws_home/muse/muse_ws/devel/include/state_estimator_msgs/pauseEstimatorRequest.h)
Linked: (/home/ynistico-iit.local/dls_ws_home/muse/muse_ws/devel/.private/state_estimator_msgs/include/state_estimator_msgs/startEstimator.h, /home/ynistico-iit.local/dls_ws_home/muse/muse_ws/devel/include/state_estimator_msgs/startEstimator.h)
Linked: (/home/ynistico-iit.local/dls_ws_home/muse/muse_ws/devel/.private/state_estimator_msgs/include/state_estimator_msgs/startEstimatorRequest.h, /home/ynistico-iit.local/dls_ws_home/muse/muse_ws/devel/include/state_estimator_msgs/startEstimatorRequest.h)
Linked: (/home/ynistico-iit.local/dls_ws_home/muse/muse_ws/devel/.private/state_estimator_msgs/include/state_estimator_msgs/pauseEstimatorResponse.h, /home/ynistico-iit.local/dls_ws_home/muse/muse_ws/devel/include/state_estimator_msgs/pauseEstimatorResponse.h)
Linked: (/home/ynistico-iit.local/dls_ws_home/muse/muse_ws/devel/.private/state_estimator_msgs/include/state_estimator_msgs/listAllEstimatorsResponse.h, /home/ynistico-iit.local/dls_ws_home/muse/muse_ws/devel/include/state_estimator_msgs/listAllEstimatorsResponse.h)
Linked: (/home/ynistico-iit.local/dls_ws_home/muse/muse_ws/devel/.private/state_estimator_msgs/include/state_estimator_msgs/getBlacklist.h, /home/ynistico-iit.local/dls_ws_home/muse/muse_ws/devel/include/state_estimator_msgs/getBlacklist.h)
Linked: (/home/ynistico-iit.local/dls_ws_home/muse/muse_ws/devel/.private/state_estimator_msgs/include/state_estimator_msgs/restartEstimatorResponse.h, /home/ynistico-iit.local/dls_ws_home/muse/muse_ws/devel/include/state_estimator_msgs/restartEstimatorResponse.h)
Linked: (/home/ynistico-iit.local/dls_ws_home/muse/muse_ws/devel/.private/state_estimator_msgs/include/state_estimator_msgs/getActiveEstimatorsRequest.h, /home/ynistico-iit.local/dls_ws_home/muse/muse_ws/devel/include/state_estimator_msgs/getActiveEstimatorsRequest.h)
Linked: (/home/ynistico-iit.local/dls_ws_home/muse/muse_ws/devel/.private/state_estimator_msgs/share/gennodejs/ros/state_estimator_msgs/_index.js, /home/ynistico-iit.local/dls_ws_home/muse/muse_ws/devel/share/gennodejs/ros/state_estimator_msgs/_index.js)
Linked: (/home/ynistico-iit.local/dls_ws_home/muse/muse_ws/devel/.private/state_estimator_msgs/share/gennodejs/ros/state_estimator_msgs/srv/_index.js, /home/ynistico-iit.local/dls_ws_home/muse/muse_ws/devel/share/gennodejs/ros/state_estimator_msgs/srv/_index.js)
Linked: (/home/ynistico-iit.local/dls_ws_home/muse/muse_ws/devel/.private/state_estimator_msgs/share/gennodejs/ros/state_estimator_msgs/srv/getEstimatorDescription.js, /home/ynistico-iit.local/dls_ws_home/muse/muse_ws/devel/share/gennodejs/ros/state_estimator_msgs/srv/getEstimatorDescription.js)
Linked: (/home/ynistico-iit.local/dls_ws_home/muse/muse_ws/devel/.private/state_estimator_msgs/share/gennodejs/ros/state_estimator_msgs/srv/stopEstimator.js, /home/ynistico-iit.local/dls_ws_home/muse/muse_ws/devel/share/gennodejs/ros/state_estimator_msgs/srv/stopEstimator.js)
Linked: (/home/ynistico-iit.local/dls_ws_home/muse/muse_ws/devel/.private/state_estimator_msgs/share/gennodejs/ros/state_estimator_msgs/srv/resumeEstimator.js, /home/ynistico-iit.local/dls_ws_home/muse/muse_ws/devel/share/gennodejs/ros/state_estimator_msgs/srv/resumeEstimator.js)
Linked: (/home/ynistico-iit.local/dls_ws_home/muse/muse_ws/devel/.private/state_estimator_msgs/share/gennodejs/ros/state_estimator_msgs/srv/restartEstimator.js, /home/ynistico-iit.local/dls_ws_home/muse/muse_ws/devel/share/gennodejs/ros/state_estimator_msgs/srv/restartEstimator.js)
Linked: (/home/ynistico-iit.local/dls_ws_home/muse/muse_ws/devel/.private/state_estimator_msgs/share/gennodejs/ros/state_estimator_msgs/srv/resetEstimator.js, /home/ynistico-iit.local/dls_ws_home/muse/muse_ws/devel/share/gennodejs/ros/state_estimator_msgs/srv/resetEstimator.js)
Linked: (/home/ynistico-iit.local/dls_ws_home/muse/muse_ws/devel/.private/state_estimator_msgs/share/gennodejs/ros/state_estimator_msgs/srv/startEstimator.js, /home/ynistico-iit.local/dls_ws_home/muse/muse_ws/devel/share/gennodejs/ros/state_estimator_msgs/srv/startEstimator.js)
Linked: (/home/ynistico-iit.local/dls_ws_home/muse/muse_ws/devel/.private/state_estimator_msgs/share/gennodejs/ros/state_estimator_msgs/srv/getWhitelist.js, /home/ynistico-iit.local/dls_ws_home/muse/muse_ws/devel/share/gennodejs/ros/state_estimator_msgs/srv/getWhitelist.js)
Linked: (/home/ynistico-iit.local/dls_ws_home/muse/muse_ws/devel/.private/state_estimator_msgs/share/gennodejs/ros/state_estimator_msgs/srv/getActiveEstimators.js, /home/ynistico-iit.local/dls_ws_home/muse/muse_ws/devel/share/gennodejs/ros/state_estimator_msgs/srv/getActiveEstimators.js)
Linked: (/home/ynistico-iit.local/dls_ws_home/muse/muse_ws/devel/.private/state_estimator_msgs/share/gennodejs/ros/state_estimator_msgs/srv/listAllEstimators.js, /home/ynistico-iit.local/dls_ws_home/muse/muse_ws/devel/share/gennodejs/ros/state_estimator_msgs/srv/listAllEstimators.js)
Linked: (/home/ynistico-iit.local/dls_ws_home/muse/muse_ws/devel/.private/state_estimator_msgs/share/gennodejs/ros/state_estimator_msgs/srv/getBlacklist.js, /home/ynistico-iit.local/dls_ws_home/muse/muse_ws/devel/share/gennodejs/ros/state_estimator_msgs/srv/getBlacklist.js)
Linked: (/home/ynistico-iit.local/dls_ws_home/muse/muse_ws/devel/.private/state_estimator_msgs/share/gennodejs/ros/state_estimator_msgs/srv/pauseEstimator.js, /home/ynistico-iit.local/dls_ws_home/muse/muse_ws/devel/share/gennodejs/ros/state_estimator_msgs/srv/pauseEstimator.js)
Linked: (/home/ynistico-iit.local/dls_ws_home/muse/muse_ws/devel/.private/state_estimator_msgs/share/gennodejs/ros/state_estimator_msgs/msg/_index.js, /home/ynistico-iit.local/dls_ws_home/muse/muse_ws/devel/share/gennodejs/ros/state_estimator_msgs/msg/_index.js)
Linked: (/home/ynistico-iit.local/dls_ws_home/muse/muse_ws/devel/.private/state_estimator_msgs/share/gennodejs/ros/state_estimator_msgs/msg/LegOdometry.js, /home/ynistico-iit.local/dls_ws_home/muse/muse_ws/devel/share/gennodejs/ros/state_estimator_msgs/msg/LegOdometry.js)
Linked: (/home/ynistico-iit.local/dls_ws_home/muse/muse_ws/devel/.private/state_estimator_msgs/share/gennodejs/ros/state_estimator_msgs/msg/SeActuatorState.js, /home/ynistico-iit.local/dls_ws_home/muse/muse_ws/devel/share/gennodejs/ros/state_estimator_msgs/msg/SeActuatorState.js)
Linked: (/home/ynistico-iit.local/dls_ws_home/muse/muse_ws/devel/.private/state_estimator_msgs/share/gennodejs/ros/state_estimator_msgs/msg/ContactDetection.js, /home/ynistico-iit.local/dls_ws_home/muse/muse_ws/devel/share/gennodejs/ros/state_estimator_msgs/msg/ContactDetection.js)
Linked: (/home/ynistico-iit.local/dls_ws_home/muse/muse_ws/devel/.private/state_estimator_msgs/share/gennodejs/ros/state_estimator_msgs/msg/SeActuatorReadings.js, /home/ynistico-iit.local/dls_ws_home/muse/muse_ws/devel/share/gennodejs/ros/state_estimator_msgs/msg/SeActuatorReadings.js)
Linked: (/home/ynistico-iit.local/dls_ws_home/muse/muse_ws/devel/.private/state_estimator_msgs/share/gennodejs/ros/state_estimator_msgs/msg/Contact.js, /home/ynistico-iit.local/dls_ws_home/muse/muse_ws/devel/share/gennodejs/ros/state_estimator_msgs/msg/Contact.js)
Linked: (/home/ynistico-iit.local/dls_ws_home/muse/muse_ws/devel/.private/state_estimator_msgs/share/gennodejs/ros/state_estimator_msgs/msg/ExtendedJointState.js, /home/ynistico-iit.local/dls_ws_home/muse/muse_ws/devel/share/gennodejs/ros/state_estimator_msgs/msg/ExtendedJointState.js)
Linked: (/home/ynistico-iit.local/dls_ws_home/muse/muse_ws/devel/.private/state_estimator_msgs/share/gennodejs/ros/state_estimator_msgs/msg/SeActuatorReadingExtended.js, /home/ynistico-iit.local/dls_ws_home/muse/muse_ws/devel/share/gennodejs/ros/state_estimator_msgs/msg/SeActuatorReadingExtended.js)
Linked: (/home/ynistico-iit.local/dls_ws_home/muse/muse_ws/devel/.private/state_estimator_msgs/share/gennodejs/ros/state_estimator_msgs/msg/JointStateWithAcceleration.js, /home/ynistico-iit.local/dls_ws_home/muse/muse_ws/devel/share/gennodejs/ros/state_estimator_msgs/msg/JointStateWithAcceleration.js)
Linked: (/home/ynistico-iit.local/dls_ws_home/muse/muse_ws/devel/.private/state_estimator_msgs/share/gennodejs/ros/state_estimator_msgs/msg/SeActuatorStates.js, /home/ynistico-iit.local/dls_ws_home/muse/muse_ws/devel/share/gennodejs/ros/state_estimator_msgs/msg/SeActuatorStates.js)
Linked: (/home/ynistico-iit.local/dls_ws_home/muse/muse_ws/devel/.private/state_estimator_msgs/share/gennodejs/ros/state_estimator_msgs/msg/SeActuatorStateExtended.js, /home/ynistico-iit.local/dls_ws_home/muse/muse_ws/devel/share/gennodejs/ros/state_estimator_msgs/msg/SeActuatorStateExtended.js)
Linked: (/home/ynistico-iit.local/dls_ws_home/muse/muse_ws/devel/.private/state_estimator_msgs/share/gennodejs/ros/state_estimator_msgs/msg/SeActuatorCommands.js, /home/ynistico-iit.local/dls_ws_home/muse/muse_ws/devel/share/gennodejs/ros/state_estimator_msgs/msg/SeActuatorCommands.js)
Linked: (/home/ynistico-iit.local/dls_ws_home/muse/muse_ws/devel/.private/state_estimator_msgs/share/gennodejs/ros/state_estimator_msgs/msg/SeActuatorCommand.js, /home/ynistico-iit.local/dls_ws_home/muse/muse_ws/devel/share/gennodejs/ros/state_estimator_msgs/msg/SeActuatorCommand.js)
Linked: (/home/ynistico-iit.local/dls_ws_home/muse/muse_ws/devel/.private/state_estimator_msgs/share/gennodejs/ros/state_estimator_msgs/msg/attitude.js, /home/ynistico-iit.local/dls_ws_home/muse/muse_ws/devel/share/gennodejs/ros/state_estimator_msgs/msg/attitude.js)
Linked: (/home/ynistico-iit.local/dls_ws_home/muse/muse_ws/devel/.private/state_estimator_msgs/share/gennodejs/ros/state_estimator_msgs/msg/SeActuatorReadingsExtended.js, /home/ynistico-iit.local/dls_ws_home/muse/muse_ws/devel/share/gennodejs/ros/state_estimator_msgs/msg/SeActuatorReadingsExtended.js)
Linked: (/home/ynistico-iit.local/dls_ws_home/muse/muse_ws/devel/.private/state_estimator_msgs/share/gennodejs/ros/state_estimator_msgs/msg/sensor_fusion.js, /home/ynistico-iit.local/dls_ws_home/muse/muse_ws/devel/share/gennodejs/ros/state_estimator_msgs/msg/sensor_fusion.js)
Linked: (/home/ynistico-iit.local/dls_ws_home/muse/muse_ws/devel/.private/state_estimator_msgs/share/gennodejs/ros/state_estimator_msgs/msg/AnymalState.js, /home/ynistico-iit.local/dls_ws_home/muse/muse_ws/devel/share/gennodejs/ros/state_estimator_msgs/msg/AnymalState.js)
Linked: (/home/ynistico-iit.local/dls_ws_home/muse/muse_ws/devel/.private/state_estimator_msgs/share/gennodejs/ros/state_estimator_msgs/msg/SeActuatorReading.js, /home/ynistico-iit.local/dls_ws_home/muse/muse_ws/devel/share/gennodejs/ros/state_estimator_msgs/msg/SeActuatorReading.js)
Linked: (/home/ynistico-iit.local/dls_ws_home/muse/muse_ws/devel/.private/state_estimator_msgs/share/common-lisp/ros/state_estimator_msgs/srv/_package_getBlacklist.lisp, /home/ynistico-iit.local/dls_ws_home/muse/muse_ws/devel/share/common-lisp/ros/state_estimator_msgs/srv/_package_getBlacklist.lisp)
Linked: (/home/ynistico-iit.local/dls_ws_home/muse/muse_ws/devel/.private/state_estimator_msgs/share/common-lisp/ros/state_estimator_msgs/srv/restartEstimator.lisp, /home/ynistico-iit.local/dls_ws_home/muse/muse_ws/devel/share/common-lisp/ros/state_estimator_msgs/srv/restartEstimator.lisp)
Linked: (/home/ynistico-iit.local/dls_ws_home/muse/muse_ws/devel/.private/state_estimator_msgs/share/common-lisp/ros/state_estimator_msgs/srv/_package_restartEstimator.lisp, /home/ynistico-iit.local/dls_ws_home/muse/muse_ws/devel/share/common-lisp/ros/state_estimator_msgs/srv/_package_restartEstimator.lisp)
Linked: (/home/ynistico-iit.local/dls_ws_home/muse/muse_ws/devel/.private/state_estimator_msgs/share/common-lisp/ros/state_estimator_msgs/srv/getWhitelist.lisp, /home/ynistico-iit.local/dls_ws_home/muse/muse_ws/devel/share/common-lisp/ros/state_estimator_msgs/srv/getWhitelist.lisp)
Linked: (/home/ynistico-iit.local/dls_ws_home/muse/muse_ws/devel/.private/state_estimator_msgs/share/common-lisp/ros/state_estimator_msgs/srv/_package_listAllEstimators.lisp, /home/ynistico-iit.local/dls_ws_home/muse/muse_ws/devel/share/common-lisp/ros/state_estimator_msgs/srv/_package_listAllEstimators.lisp)
Linked: (/home/ynistico-iit.local/dls_ws_home/muse/muse_ws/devel/.private/state_estimator_msgs/share/common-lisp/ros/state_estimator_msgs/srv/getEstimatorDescription.lisp, /home/ynistico-iit.local/dls_ws_home/muse/muse_ws/devel/share/common-lisp/ros/state_estimator_msgs/srv/getEstimatorDescription.lisp)
Linked: (/home/ynistico-iit.local/dls_ws_home/muse/muse_ws/devel/.private/state_estimator_msgs/share/common-lisp/ros/state_estimator_msgs/srv/stopEstimator.lisp, /home/ynistico-iit.local/dls_ws_home/muse/muse_ws/devel/share/common-lisp/ros/state_estimator_msgs/srv/stopEstimator.lisp)
Linked: (/home/ynistico-iit.local/dls_ws_home/muse/muse_ws/devel/.private/state_estimator_msgs/share/common-lisp/ros/state_estimator_msgs/srv/state_estimator_msgs-srv.asd, /home/ynistico-iit.local/dls_ws_home/muse/muse_ws/devel/share/common-lisp/ros/state_estimator_msgs/srv/state_estimator_msgs-srv.asd)
Linked: (/home/ynistico-iit.local/dls_ws_home/muse/muse_ws/devel/.private/state_estimator_msgs/share/common-lisp/ros/state_estimator_msgs/srv/listAllEstimators.lisp, /home/ynistico-iit.local/dls_ws_home/muse/muse_ws/devel/share/common-lisp/ros/state_estimator_msgs/srv/listAllEstimators.lisp)
Linked: (/home/ynistico-iit.local/dls_ws_home/muse/muse_ws/devel/.private/state_estimator_msgs/share/common-lisp/ros/state_estimator_msgs/srv/_package.lisp, /home/ynistico-iit.local/dls_ws_home/muse/muse_ws/devel/share/common-lisp/ros/state_estimator_msgs/srv/_package.lisp)
Linked: (/home/ynistico-iit.local/dls_ws_home/muse/muse_ws/devel/.private/state_estimator_msgs/share/common-lisp/ros/state_estimator_msgs/srv/pauseEstimator.lisp, /home/ynistico-iit.local/dls_ws_home/muse/muse_ws/devel/share/common-lisp/ros/state_estimator_msgs/srv/pauseEstimator.lisp)
Linked: (/home/ynistico-iit.local/dls_ws_home/muse/muse_ws/devel/.private/state_estimator_msgs/share/common-lisp/ros/state_estimator_msgs/srv/_package_getActiveEstimators.lisp, /home/ynistico-iit.local/dls_ws_home/muse/muse_ws/devel/share/common-lisp/ros/state_estimator_msgs/srv/_package_getActiveEstimators.lisp)
Linked: (/home/ynistico-iit.local/dls_ws_home/muse/muse_ws/devel/.private/state_estimator_msgs/share/common-lisp/ros/state_estimator_msgs/srv/resetEstimator.lisp, /home/ynistico-iit.local/dls_ws_home/muse/muse_ws/devel/share/common-lisp/ros/state_estimator_msgs/srv/resetEstimator.lisp)
Linked: (/home/ynistico-iit.local/dls_ws_home/muse/muse_ws/devel/.private/state_estimator_msgs/share/common-lisp/ros/state_estimator_msgs/srv/_package_getWhitelist.lisp, /home/ynistico-iit.local/dls_ws_home/muse/muse_ws/devel/share/common-lisp/ros/state_estimator_msgs/srv/_package_getWhitelist.lisp)
Linked: (/home/ynistico-iit.local/dls_ws_home/muse/muse_ws/devel/.private/state_estimator_msgs/share/common-lisp/ros/state_estimator_msgs/srv/_package_pauseEstimator.lisp, /home/ynistico-iit.local/dls_ws_home/muse/muse_ws/devel/share/common-lisp/ros/state_estimator_msgs/srv/_package_pauseEstimator.lisp)
Linked: (/home/ynistico-iit.local/dls_ws_home/muse/muse_ws/devel/.private/state_estimator_msgs/share/common-lisp/ros/state_estimator_msgs/srv/getBlacklist.lisp, /home/ynistico-iit.local/dls_ws_home/muse/muse_ws/devel/share/common-lisp/ros/state_estimator_msgs/srv/getBlacklist.lisp)
Linked: (/home/ynistico-iit.local/dls_ws_home/muse/muse_ws/devel/.private/state_estimator_msgs/share/common-lisp/ros/state_estimator_msgs/srv/_package_stopEstimator.lisp, /home/ynistico-iit.local/dls_ws_home/muse/muse_ws/devel/share/common-lisp/ros/state_estimator_msgs/srv/_package_stopEstimator.lisp)
Linked: (/home/ynistico-iit.local/dls_ws_home/muse/muse_ws/devel/.private/state_estimator_msgs/share/common-lisp/ros/state_estimator_msgs/srv/getActiveEstimators.lisp, /home/ynistico-iit.local/dls_ws_home/muse/muse_ws/devel/share/common-lisp/ros/state_estimator_msgs/srv/getActiveEstimators.lisp)
Linked: (/home/ynistico-iit.local/dls_ws_home/muse/muse_ws/devel/.private/state_estimator_msgs/share/common-lisp/ros/state_estimator_msgs/srv/startEstimator.lisp, /home/ynistico-iit.local/dls_ws_home/muse/muse_ws/devel/share/common-lisp/ros/state_estimator_msgs/srv/startEstimator.lisp)
Linked: (/home/ynistico-iit.local/dls_ws_home/muse/muse_ws/devel/.private/state_estimator_msgs/share/common-lisp/ros/state_estimator_msgs/srv/_package_resumeEstimator.lisp, /home/ynistico-iit.local/dls_ws_home/muse/muse_ws/devel/share/common-lisp/ros/state_estimator_msgs/srv/_package_resumeEstimator.lisp)
Linked: (/home/ynistico-iit.local/dls_ws_home/muse/muse_ws/devel/.private/state_estimator_msgs/share/common-lisp/ros/state_estimator_msgs/srv/_package_getEstimatorDescription.lisp, /home/ynistico-iit.local/dls_ws_home/muse/muse_ws/devel/share/common-lisp/ros/state_estimator_msgs/srv/_package_getEstimatorDescription.lisp)
Linked: (/home/ynistico-iit.local/dls_ws_home/muse/muse_ws/devel/.private/state_estimator_msgs/share/common-lisp/ros/state_estimator_msgs/srv/resumeEstimator.lisp, /home/ynistico-iit.local/dls_ws_home/muse/muse_ws/devel/share/common-lisp/ros/state_estimator_msgs/srv/resumeEstimator.lisp)
Linked: (/home/ynistico-iit.local/dls_ws_home/muse/muse_ws/devel/.private/state_estimator_msgs/share/common-lisp/ros/state_estimator_msgs/srv/_package_startEstimator.lisp, /home/ynistico-iit.local/dls_ws_home/muse/muse_ws/devel/share/common-lisp/ros/state_estimator_msgs/srv/_package_startEstimator.lisp)
Linked: (/home/ynistico-iit.local/dls_ws_home/muse/muse_ws/devel/.private/state_estimator_msgs/share/common-lisp/ros/state_estimator_msgs/srv/_package_resetEstimator.lisp, /home/ynistico-iit.local/dls_ws_home/muse/muse_ws/devel/share/common-lisp/ros/state_estimator_msgs/srv/_package_resetEstimator.lisp)
Linked: (/home/ynistico-iit.local/dls_ws_home/muse/muse_ws/devel/.private/state_estimator_msgs/share/common-lisp/ros/state_estimator_msgs/msg/_package_sensor_fusion.lisp, /home/ynistico-iit.local/dls_ws_home/muse/muse_ws/devel/share/common-lisp/ros/state_estimator_msgs/msg/_package_sensor_fusion.lisp)
Linked: (/home/ynistico-iit.local/dls_ws_home/muse/muse_ws/devel/.private/state_estimator_msgs/share/common-lisp/ros/state_estimator_msgs/msg/ExtendedJointState.lisp, /home/ynistico-iit.local/dls_ws_home/muse/muse_ws/devel/share/common-lisp/ros/state_estimator_msgs/msg/ExtendedJointState.lisp)
Linked: (/home/ynistico-iit.local/dls_ws_home/muse/muse_ws/devel/.private/state_estimator_msgs/share/common-lisp/ros/state_estimator_msgs/msg/AnymalState.lisp, /home/ynistico-iit.local/dls_ws_home/muse/muse_ws/devel/share/common-lisp/ros/state_estimator_msgs/msg/AnymalState.lisp)
Linked: (/home/ynistico-iit.local/dls_ws_home/muse/muse_ws/devel/.private/state_estimator_msgs/share/common-lisp/ros/state_estimator_msgs/msg/SeActuatorCommands.lisp, /home/ynistico-iit.local/dls_ws_home/muse/muse_ws/devel/share/common-lisp/ros/state_estimator_msgs/msg/SeActuatorCommands.lisp)
Linked: (/home/ynistico-iit.local/dls_ws_home/muse/muse_ws/devel/.private/state_estimator_msgs/share/common-lisp/ros/state_estimator_msgs/msg/SeActuatorCommand.lisp, /home/ynistico-iit.local/dls_ws_home/muse/muse_ws/devel/share/common-lisp/ros/state_estimator_msgs/msg/SeActuatorCommand.lisp)
Linked: (/home/ynistico-iit.local/dls_ws_home/muse/muse_ws/devel/.private/state_estimator_msgs/share/common-lisp/ros/state_estimator_msgs/msg/_package_SeActuatorReadings.lisp, /home/ynistico-iit.local/dls_ws_home/muse/muse_ws/devel/share/common-lisp/ros/state_estimator_msgs/msg/_package_SeActuatorReadings.lisp)
Linked: (/home/ynistico-iit.local/dls_ws_home/muse/muse_ws/devel/.private/state_estimator_msgs/share/common-lisp/ros/state_estimator_msgs/msg/_package_LegOdometry.lisp, /home/ynistico-iit.local/dls_ws_home/muse/muse_ws/devel/share/common-lisp/ros/state_estimator_msgs/msg/_package_LegOdometry.lisp)
Linked: (/home/ynistico-iit.local/dls_ws_home/muse/muse_ws/devel/.private/state_estimator_msgs/share/common-lisp/ros/state_estimator_msgs/msg/SeActuatorState.lisp, /home/ynistico-iit.local/dls_ws_home/muse/muse_ws/devel/share/common-lisp/ros/state_estimator_msgs/msg/SeActuatorState.lisp)
Linked: (/home/ynistico-iit.local/dls_ws_home/muse/muse_ws/devel/.private/state_estimator_msgs/share/common-lisp/ros/state_estimator_msgs/msg/_package_SeActuatorReadingsExtended.lisp, /home/ynistico-iit.local/dls_ws_home/muse/muse_ws/devel/share/common-lisp/ros/state_estimator_msgs/msg/_package_SeActuatorReadingsExtended.lisp)
Linked: (/home/ynistico-iit.local/dls_ws_home/muse/muse_ws/devel/.private/state_estimator_msgs/share/common-lisp/ros/state_estimator_msgs/msg/_package_ContactDetection.lisp, /home/ynistico-iit.local/dls_ws_home/muse/muse_ws/devel/share/common-lisp/ros/state_estimator_msgs/msg/_package_ContactDetection.lisp)
Linked: (/home/ynistico-iit.local/dls_ws_home/muse/muse_ws/devel/.private/state_estimator_msgs/share/common-lisp/ros/state_estimator_msgs/msg/SeActuatorReadings.lisp, /home/ynistico-iit.local/dls_ws_home/muse/muse_ws/devel/share/common-lisp/ros/state_estimator_msgs/msg/SeActuatorReadings.lisp)
Linked: (/home/ynistico-iit.local/dls_ws_home/muse/muse_ws/devel/.private/state_estimator_msgs/share/common-lisp/ros/state_estimator_msgs/msg/_package_attitude.lisp, /home/ynistico-iit.local/dls_ws_home/muse/muse_ws/devel/share/common-lisp/ros/state_estimator_msgs/msg/_package_attitude.lisp)
Linked: (/home/ynistico-iit.local/dls_ws_home/muse/muse_ws/devel/.private/state_estimator_msgs/share/common-lisp/ros/state_estimator_msgs/msg/SeActuatorStateExtended.lisp, /home/ynistico-iit.local/dls_ws_home/muse/muse_ws/devel/share/common-lisp/ros/state_estimator_msgs/msg/SeActuatorStateExtended.lisp)
Linked: (/home/ynistico-iit.local/dls_ws_home/muse/muse_ws/devel/.private/state_estimator_msgs/share/common-lisp/ros/state_estimator_msgs/msg/_package_SeActuatorReadingExtended.lisp, /home/ynistico-iit.local/dls_ws_home/muse/muse_ws/devel/share/common-lisp/ros/state_estimator_msgs/msg/_package_SeActuatorReadingExtended.lisp)
Linked: (/home/ynistico-iit.local/dls_ws_home/muse/muse_ws/devel/.private/state_estimator_msgs/share/common-lisp/ros/state_estimator_msgs/msg/_package_AnymalState.lisp, /home/ynistico-iit.local/dls_ws_home/muse/muse_ws/devel/share/common-lisp/ros/state_estimator_msgs/msg/_package_AnymalState.lisp)
Linked: (/home/ynistico-iit.local/dls_ws_home/muse/muse_ws/devel/.private/state_estimator_msgs/share/common-lisp/ros/state_estimator_msgs/msg/SeActuatorReading.lisp, /home/ynistico-iit.local/dls_ws_home/muse/muse_ws/devel/share/common-lisp/ros/state_estimator_msgs/msg/SeActuatorReading.lisp)
Linked: (/home/ynistico-iit.local/dls_ws_home/muse/muse_ws/devel/.private/state_estimator_msgs/share/common-lisp/ros/state_estimator_msgs/msg/SeActuatorStates.lisp, /home/ynistico-iit.local/dls_ws_home/muse/muse_ws/devel/share/common-lisp/ros/state_estimator_msgs/msg/SeActuatorStates.lisp)
Linked: (/home/ynistico-iit.local/dls_ws_home/muse/muse_ws/devel/.private/state_estimator_msgs/share/common-lisp/ros/state_estimator_msgs/msg/_package_JointStateWithAcceleration.lisp, /home/ynistico-iit.local/dls_ws_home/muse/muse_ws/devel/share/common-lisp/ros/state_estimator_msgs/msg/_package_JointStateWithAcceleration.lisp)
Linked: (/home/ynistico-iit.local/dls_ws_home/muse/muse_ws/devel/.private/state_estimator_msgs/share/common-lisp/ros/state_estimator_msgs/msg/state_estimator_msgs-msg.asd, /home/ynistico-iit.local/dls_ws_home/muse/muse_ws/devel/share/common-lisp/ros/state_estimator_msgs/msg/state_estimator_msgs-msg.asd)
Linked: (/home/ynistico-iit.local/dls_ws_home/muse/muse_ws/devel/.private/state_estimator_msgs/share/common-lisp/ros/state_estimator_msgs/msg/SeActuatorReadingsExtended.lisp, /home/ynistico-iit.local/dls_ws_home/muse/muse_ws/devel/share/common-lisp/ros/state_estimator_msgs/msg/SeActuatorReadingsExtended.lisp)
Linked: (/home/ynistico-iit.local/dls_ws_home/muse/muse_ws/devel/.private/state_estimator_msgs/share/common-lisp/ros/state_estimator_msgs/msg/_package_SeActuatorState.lisp, /home/ynistico-iit.local/dls_ws_home/muse/muse_ws/devel/share/common-lisp/ros/state_estimator_msgs/msg/_package_SeActuatorState.lisp)
Linked: (/home/ynistico-iit.local/dls_ws_home/muse/muse_ws/devel/.private/state_estimator_msgs/share/common-lisp/ros/state_estimator_msgs/msg/_package_SeActuatorStates.lisp, /home/ynistico-iit.local/dls_ws_home/muse/muse_ws/devel/share/common-lisp/ros/state_estimator_msgs/msg/_package_SeActuatorStates.lisp)
Linked: (/home/ynistico-iit.local/dls_ws_home/muse/muse_ws/devel/.private/state_estimator_msgs/share/common-lisp/ros/state_estimator_msgs/msg/Contact.lisp, /home/ynistico-iit.local/dls_ws_home/muse/muse_ws/devel/share/common-lisp/ros/state_estimator_msgs/msg/Contact.lisp)
Linked: (/home/ynistico-iit.local/dls_ws_home/muse/muse_ws/devel/.private/state_estimator_msgs/share/common-lisp/ros/state_estimator_msgs/msg/JointStateWithAcceleration.lisp, /home/ynistico-iit.local/dls_ws_home/muse/muse_ws/devel/share/common-lisp/ros/state_estimator_msgs/msg/JointStateWithAcceleration.lisp)
Linked: (/home/ynistico-iit.local/dls_ws_home/muse/muse_ws/devel/.private/state_estimator_msgs/share/common-lisp/ros/state_estimator_msgs/msg/_package.lisp, /home/ynistico-iit.local/dls_ws_home/muse/muse_ws/devel/share/common-lisp/ros/state_estimator_msgs/msg/_package.lisp)
Linked: (/home/ynistico-iit.local/dls_ws_home/muse/muse_ws/devel/.private/state_estimator_msgs/share/common-lisp/ros/state_estimator_msgs/msg/_package_SeActuatorStateExtended.lisp, /home/ynistico-iit.local/dls_ws_home/muse/muse_ws/devel/share/common-lisp/ros/state_estimator_msgs/msg/_package_SeActuatorStateExtended.lisp)
Linked: (/home/ynistico-iit.local/dls_ws_home/muse/muse_ws/devel/.private/state_estimator_msgs/share/common-lisp/ros/state_estimator_msgs/msg/_package_ExtendedJointState.lisp, /home/ynistico-iit.local/dls_ws_home/muse/muse_ws/devel/share/common-lisp/ros/state_estimator_msgs/msg/_package_ExtendedJointState.lisp)
Linked: (/home/ynistico-iit.local/dls_ws_home/muse/muse_ws/devel/.private/state_estimator_msgs/share/common-lisp/ros/state_estimator_msgs/msg/SeActuatorReadingExtended.lisp, /home/ynistico-iit.local/dls_ws_home/muse/muse_ws/devel/share/common-lisp/ros/state_estimator_msgs/msg/SeActuatorReadingExtended.lisp)
Linked: (/home/ynistico-iit.local/dls_ws_home/muse/muse_ws/devel/.private/state_estimator_msgs/share/common-lisp/ros/state_estimator_msgs/msg/LegOdometry.lisp, /home/ynistico-iit.local/dls_ws_home/muse/muse_ws/devel/share/common-lisp/ros/state_estimator_msgs/msg/LegOdometry.lisp)
Linked: (/home/ynistico-iit.local/dls_ws_home/muse/muse_ws/devel/.private/state_estimator_msgs/share/common-lisp/ros/state_estimator_msgs/msg/sensor_fusion.lisp, /home/ynistico-iit.local/dls_ws_home/muse/muse_ws/devel/share/common-lisp/ros/state_estimator_msgs/msg/sensor_fusion.lisp)
Linked: (/home/ynistico-iit.local/dls_ws_home/muse/muse_ws/devel/.private/state_estimator_msgs/share/common-lisp/ros/state_estimator_msgs/msg/_package_SeActuatorReading.lisp, /home/ynistico-iit.local/dls_ws_home/muse/muse_ws/devel/share/common-lisp/ros/state_estimator_msgs/msg/_package_SeActuatorReading.lisp)
Linked: (/home/ynistico-iit.local/dls_ws_home/muse/muse_ws/devel/.private/state_estimator_msgs/share/common-lisp/ros/state_estimator_msgs/msg/ContactDetection.lisp, /home/ynistico-iit.local/dls_ws_home/muse/muse_ws/devel/share/common-lisp/ros/state_estimator_msgs/msg/ContactDetection.lisp)
Linked: (/home/ynistico-iit.local/dls_ws_home/muse/muse_ws/devel/.private/state_estimator_msgs/share/common-lisp/ros/state_estimator_msgs/msg/_package_SeActuatorCommand.lisp, /home/ynistico-iit.local/dls_ws_home/muse/muse_ws/devel/share/common-lisp/ros/state_estimator_msgs/msg/_package_SeActuatorCommand.lisp)
Linked: (/home/ynistico-iit.local/dls_ws_home/muse/muse_ws/devel/.private/state_estimator_msgs/share/common-lisp/ros/state_estimator_msgs/msg/_package_SeActuatorCommands.lisp, /home/ynistico-iit.local/dls_ws_home/muse/muse_ws/devel/share/common-lisp/ros/state_estimator_msgs/msg/_package_SeActuatorCommands.lisp)
Linked: (/home/ynistico-iit.local/dls_ws_home/muse/muse_ws/devel/.private/state_estimator_msgs/share/common-lisp/ros/state_estimator_msgs/msg/_package_Contact.lisp, /home/ynistico-iit.local/dls_ws_home/muse/muse_ws/devel/share/common-lisp/ros/state_estimator_msgs/msg/_package_Contact.lisp)
Linked: (/home/ynistico-iit.local/dls_ws_home/muse/muse_ws/devel/.private/state_estimator_msgs/share/common-lisp/ros/state_estimator_msgs/msg/attitude.lisp, /home/ynistico-iit.local/dls_ws_home/muse/muse_ws/devel/share/common-lisp/ros/state_estimator_msgs/msg/attitude.lisp)
Linked: (/home/ynistico-iit.local/dls_ws_home/muse/muse_ws/devel/.private/state_estimator_msgs/share/state_estimator_msgs/cmake/state_estimator_msgsConfig.cmake, /home/ynistico-iit.local/dls_ws_home/muse/muse_ws/devel/share/state_estimator_msgs/cmake/state_estimator_msgsConfig.cmake)
Linked: (/home/ynistico-iit.local/dls_ws_home/muse/muse_ws/devel/.private/state_estimator_msgs/share/state_estimator_msgs/cmake/state_estimator_msgs-msg-extras.cmake, /home/ynistico-iit.local/dls_ws_home/muse/muse_ws/devel/share/state_estimator_msgs/cmake/state_estimator_msgs-msg-extras.cmake)
Linked: (/home/ynistico-iit.local/dls_ws_home/muse/muse_ws/devel/.private/state_estimator_msgs/share/state_estimator_msgs/cmake/state_estimator_msgs-msg-paths.cmake, /home/ynistico-iit.local/dls_ws_home/muse/muse_ws/devel/share/state_estimator_msgs/cmake/state_estimator_msgs-msg-paths.cmake)
Linked: (/home/ynistico-iit.local/dls_ws_home/muse/muse_ws/devel/.private/state_estimator_msgs/share/state_estimator_msgs/cmake/state_estimator_msgsConfig-version.cmake, /home/ynistico-iit.local/dls_ws_home/muse/muse_ws/devel/share/state_estimator_msgs/cmake/state_estimator_msgsConfig-version.cmake)
Linked: (/home/ynistico-iit.local/dls_ws_home/muse/muse_ws/devel/.private/state_estimator_msgs/share/roseus/ros/state_estimator_msgs/manifest.l, /home/ynistico-iit.local/dls_ws_home/muse/muse_ws/devel/share/roseus/ros/state_estimator_msgs/manifest.l)
Linked: (/home/ynistico-iit.local/dls_ws_home/muse/muse_ws/devel/.private/state_estimator_msgs/share/roseus/ros/state_estimator_msgs/srv/listAllEstimators.l, /home/ynistico-iit.local/dls_ws_home/muse/muse_ws/devel/share/roseus/ros/state_estimator_msgs/srv/listAllEstimators.l)
Linked: (/home/ynistico-iit.local/dls_ws_home/muse/muse_ws/devel/.private/state_estimator_msgs/share/roseus/ros/state_estimator_msgs/srv/getActiveEstimators.l, /home/ynistico-iit.local/dls_ws_home/muse/muse_ws/devel/share/roseus/ros/state_estimator_msgs/srv/getActiveEstimators.l)
Linked: (/home/ynistico-iit.local/dls_ws_home/muse/muse_ws/devel/.private/state_estimator_msgs/share/roseus/ros/state_estimator_msgs/srv/getBlacklist.l, /home/ynistico-iit.local/dls_ws_home/muse/muse_ws/devel/share/roseus/ros/state_estimator_msgs/srv/getBlacklist.l)
Linked: (/home/ynistico-iit.local/dls_ws_home/muse/muse_ws/devel/.private/state_estimator_msgs/share/roseus/ros/state_estimator_msgs/srv/stopEstimator.l, /home/ynistico-iit.local/dls_ws_home/muse/muse_ws/devel/share/roseus/ros/state_estimator_msgs/srv/stopEstimator.l)
Linked: (/home/ynistico-iit.local/dls_ws_home/muse/muse_ws/devel/.private/state_estimator_msgs/share/roseus/ros/state_estimator_msgs/srv/getEstimatorDescription.l, /home/ynistico-iit.local/dls_ws_home/muse/muse_ws/devel/share/roseus/ros/state_estimator_msgs/srv/getEstimatorDescription.l)
Linked: (/home/ynistico-iit.local/dls_ws_home/muse/muse_ws/devel/.private/state_estimator_msgs/share/roseus/ros/state_estimator_msgs/srv/resetEstimator.l, /home/ynistico-iit.local/dls_ws_home/muse/muse_ws/devel/share/roseus/ros/state_estimator_msgs/srv/resetEstimator.l)
Linked: (/home/ynistico-iit.local/dls_ws_home/muse/muse_ws/devel/.private/state_estimator_msgs/share/roseus/ros/state_estimator_msgs/srv/pauseEstimator.l, /home/ynistico-iit.local/dls_ws_home/muse/muse_ws/devel/share/roseus/ros/state_estimator_msgs/srv/pauseEstimator.l)
Linked: (/home/ynistico-iit.local/dls_ws_home/muse/muse_ws/devel/.private/state_estimator_msgs/share/roseus/ros/state_estimator_msgs/srv/restartEstimator.l, /home/ynistico-iit.local/dls_ws_home/muse/muse_ws/devel/share/roseus/ros/state_estimator_msgs/srv/restartEstimator.l)
Linked: (/home/ynistico-iit.local/dls_ws_home/muse/muse_ws/devel/.private/state_estimator_msgs/share/roseus/ros/state_estimator_msgs/srv/resumeEstimator.l, /home/ynistico-iit.local/dls_ws_home/muse/muse_ws/devel/share/roseus/ros/state_estimator_msgs/srv/resumeEstimator.l)
Linked: (/home/ynistico-iit.local/dls_ws_home/muse/muse_ws/devel/.private/state_estimator_msgs/share/roseus/ros/state_estimator_msgs/srv/startEstimator.l, /home/ynistico-iit.local/dls_ws_home/muse/muse_ws/devel/share/roseus/ros/state_estimator_msgs/srv/startEstimator.l)
Linked: (/home/ynistico-iit.local/dls_ws_home/muse/muse_ws/devel/.private/state_estimator_msgs/share/roseus/ros/state_estimator_msgs/srv/getWhitelist.l, /home/ynistico-iit.local/dls_ws_home/muse/muse_ws/devel/share/roseus/ros/state_estimator_msgs/srv/getWhitelist.l)
Linked: (/home/ynistico-iit.local/dls_ws_home/muse/muse_ws/devel/.private/state_estimator_msgs/share/roseus/ros/state_estimator_msgs/msg/LegOdometry.l, /home/ynistico-iit.local/dls_ws_home/muse/muse_ws/devel/share/roseus/ros/state_estimator_msgs/msg/LegOdometry.l)
Linked: (/home/ynistico-iit.local/dls_ws_home/muse/muse_ws/devel/.private/state_estimator_msgs/share/roseus/ros/state_estimator_msgs/msg/SeActuatorStates.l, /home/ynistico-iit.local/dls_ws_home/muse/muse_ws/devel/share/roseus/ros/state_estimator_msgs/msg/SeActuatorStates.l)
Linked: (/home/ynistico-iit.local/dls_ws_home/muse/muse_ws/devel/.private/state_estimator_msgs/share/roseus/ros/state_estimator_msgs/msg/Contact.l, /home/ynistico-iit.local/dls_ws_home/muse/muse_ws/devel/share/roseus/ros/state_estimator_msgs/msg/Contact.l)
Linked: (/home/ynistico-iit.local/dls_ws_home/muse/muse_ws/devel/.private/state_estimator_msgs/share/roseus/ros/state_estimator_msgs/msg/SeActuatorState.l, /home/ynistico-iit.local/dls_ws_home/muse/muse_ws/devel/share/roseus/ros/state_estimator_msgs/msg/SeActuatorState.l)
Linked: (/home/ynistico-iit.local/dls_ws_home/muse/muse_ws/devel/.private/state_estimator_msgs/share/roseus/ros/state_estimator_msgs/msg/attitude.l, /home/ynistico-iit.local/dls_ws_home/muse/muse_ws/devel/share/roseus/ros/state_estimator_msgs/msg/attitude.l)
Linked: (/home/ynistico-iit.local/dls_ws_home/muse/muse_ws/devel/.private/state_estimator_msgs/share/roseus/ros/state_estimator_msgs/msg/ExtendedJointState.l, /home/ynistico-iit.local/dls_ws_home/muse/muse_ws/devel/share/roseus/ros/state_estimator_msgs/msg/ExtendedJointState.l)
Linked: (/home/ynistico-iit.local/dls_ws_home/muse/muse_ws/devel/.private/state_estimator_msgs/share/roseus/ros/state_estimator_msgs/msg/SeActuatorCommand.l, /home/ynistico-iit.local/dls_ws_home/muse/muse_ws/devel/share/roseus/ros/state_estimator_msgs/msg/SeActuatorCommand.l)
Linked: (/home/ynistico-iit.local/dls_ws_home/muse/muse_ws/devel/.private/state_estimator_msgs/share/roseus/ros/state_estimator_msgs/msg/sensor_fusion.l, /home/ynistico-iit.local/dls_ws_home/muse/muse_ws/devel/share/roseus/ros/state_estimator_msgs/msg/sensor_fusion.l)
Linked: (/home/ynistico-iit.local/dls_ws_home/muse/muse_ws/devel/.private/state_estimator_msgs/share/roseus/ros/state_estimator_msgs/msg/SeActuatorReading.l, /home/ynistico-iit.local/dls_ws_home/muse/muse_ws/devel/share/roseus/ros/state_estimator_msgs/msg/SeActuatorReading.l)
Linked: (/home/ynistico-iit.local/dls_ws_home/muse/muse_ws/devel/.private/state_estimator_msgs/share/roseus/ros/state_estimator_msgs/msg/AnymalState.l, /home/ynistico-iit.local/dls_ws_home/muse/muse_ws/devel/share/roseus/ros/state_estimator_msgs/msg/AnymalState.l)
Linked: (/home/ynistico-iit.local/dls_ws_home/muse/muse_ws/devel/.private/state_estimator_msgs/share/roseus/ros/state_estimator_msgs/msg/SeActuatorStateExtended.l, /home/ynistico-iit.local/dls_ws_home/muse/muse_ws/devel/share/roseus/ros/state_estimator_msgs/msg/SeActuatorStateExtended.l)
Linked: (/home/ynistico-iit.local/dls_ws_home/muse/muse_ws/devel/.private/state_estimator_msgs/share/roseus/ros/state_estimator_msgs/msg/ContactDetection.l, /home/ynistico-iit.local/dls_ws_home/muse/muse_ws/devel/share/roseus/ros/state_estimator_msgs/msg/ContactDetection.l)
Linked: (/home/ynistico-iit.local/dls_ws_home/muse/muse_ws/devel/.private/state_estimator_msgs/share/roseus/ros/state_estimator_msgs/msg/SeActuatorReadings.l, /home/ynistico-iit.local/dls_ws_home/muse/muse_ws/devel/share/roseus/ros/state_estimator_msgs/msg/SeActuatorReadings.l)
Linked: (/home/ynistico-iit.local/dls_ws_home/muse/muse_ws/devel/.private/state_estimator_msgs/share/roseus/ros/state_estimator_msgs/msg/JointStateWithAcceleration.l, /home/ynistico-iit.local/dls_ws_home/muse/muse_ws/devel/share/roseus/ros/state_estimator_msgs/msg/JointStateWithAcceleration.l)
Linked: (/home/ynistico-iit.local/dls_ws_home/muse/muse_ws/devel/.private/state_estimator_msgs/share/roseus/ros/state_estimator_msgs/msg/SeActuatorReadingsExtended.l, /home/ynistico-iit.local/dls_ws_home/muse/muse_ws/devel/share/roseus/ros/state_estimator_msgs/msg/SeActuatorReadingsExtended.l)
Linked: (/home/ynistico-iit.local/dls_ws_home/muse/muse_ws/devel/.private/state_estimator_msgs/share/roseus/ros/state_estimator_msgs/msg/SeActuatorCommands.l, /home/ynistico-iit.local/dls_ws_home/muse/muse_ws/devel/share/roseus/ros/state_estimator_msgs/msg/SeActuatorCommands.l)
Linked: (/home/ynistico-iit.local/dls_ws_home/muse/muse_ws/devel/.private/state_estimator_msgs/share/roseus/ros/state_estimator_msgs/msg/SeActuatorReadingExtended.l, /home/ynistico-iit.local/dls_ws_home/muse/muse_ws/devel/share/roseus/ros/state_estimator_msgs/msg/SeActuatorReadingExtended.l)
