Not searching for unused variables given on the command line.
[36m--[0m The C compiler identification is GNU 14.3.0
[36m--[0m The CXX compiler identification is GNU 14.3.0
[36m--[0m Detecting C compiler ABI info
[36m--[0m Detecting C compiler ABI info - done
[36m--[0m Check for working C compiler: /home/ynistico-iit.local/miniforge3/envs/muse/bin/x86_64-conda-linux-gnu-cc - skipped
[36m--[0m Detecting C compile features
[36m--[0m Detecting C compile features - done
[36m--[0m Detecting CXX compiler ABI info
[36m--[0m Detecting CXX compiler ABI info - done
[36m--[0m Check for working CXX compiler: /home/ynistico-iit.local/miniforge3/envs/muse/bin/x86_64-conda-linux-gnu-c++ - skipped
[36m--[0m Detecting CXX compile features
[36m--[0m Detecting CXX compile features - done
[36m--[0m Using CATKIN_DEVEL_PREFIX: /home/ynistico-iit.local/dls_ws_home/muse/muse_ws/devel/.private/state_estimator_msgs
[36m--[0m Using CMAKE_PREFIX_PATH: /home/ynistico-iit.local/dls_ws_home/muse/muse_ws/install;/home/ynistico-iit.local/miniforge3/envs/muse;/home/ynistico-iit.local/miniforge3/envs/muse/x86_64-conda-linux-gnu/sysroot/usr
[36m--[0m This workspace overlays: /home/ynistico-iit.local/dls_ws_home/muse/muse_ws/install;/home/ynistico-iit.local/miniforge3/envs/muse
[33mCMake Warning (dev) at /home/ynistico-iit.local/miniforge3/envs/muse/share/catkin/cmake/python.cmake:4 (find_package):
  Policy CMP0148 is not set: The FindPythonInterp and FindPythonLibs modules
  are removed.  Run "cmake --help-policy CMP0148" for policy details.  Use
  the cmake_policy command to set the policy and suppress this warning.

[36mCall Stack (most recent call first):[0m
  /home/ynistico-iit.local/miniforge3/envs/muse/share/catkin/cmake/all.cmake:164 (include)
  /home/ynistico-iit.local/miniforge3/envs/muse/share/catkin/cmake/catkinConfig.cmake:20 (include)
  CMakeLists.txt:4 (find_package)
This warning is for project developers.  Use -Wno-dev to suppress it.
[0m
[36m--[0m Found PythonInterp: /home/ynistico-iit.local/miniforge3/envs/muse/bin/python3.11 (found suitable version "3.11.15", minimum required is "3.11")
[36m--[0m Using PYTHON_EXECUTABLE: /home/ynistico-iit.local/miniforge3/envs/muse/bin/python3.11
[36m--[0m Using default Python package layout
[36m--[0m Found PY_em: /home/ynistico-iit.local/miniforge3/envs/muse/lib/python3.11/site-packages/em.py
[36m--[0m Using empy: /home/ynistico-iit.local/miniforge3/envs/muse/lib/python3.11/site-packages/em.py
[36m--[0m Using CATKIN_ENABLE_TESTING: ON
[36m--[0m Call enable_testing()
[36m--[0m Using CATKIN_TEST_RESULTS_DIR: /home/ynistico-iit.local/dls_ws_home/muse/muse_ws/build/state_estimator_msgs/test_results
[36m--[0m Found gtest: gtests will be built
[36m--[0m Using Python nosetests: /home/ynistico-iit.local/miniforge3/envs/muse/bin/nosetests
[36m--[0m catkin 0.8.10
[36m--[0m BUILD_SHARED_LIBS is on
[36m--[0m Using these message generators: gencpp;geneus;genlisp;gennodejs;genpy
[31mCMake Error at /home/ynistico-iit.local/dls_ws_home/muse/muse_ws/build/state_estimator_msgs/cmake/state_estimator_msgs-genmsg.cmake:3 (message):
  Could not find messages which
  '/home/ynistico-iit.local/dls_ws_home/muse/muse_ws/src/state_estimator_msgs/msg/anymal/SeActuatorCommands.msg'
  depends on.  Did you forget to specify generate_messages(DEPENDENCIES ...)?

  Cannot locate message [SeActuatorCommand] in package [state_estimator_msgs]
  with paths
  [['/home/ynistico-iit.local/dls_ws_home/muse/muse_ws/src/state_estimator_msgs/msg']]
[36mCall Stack (most recent call first):[0m
  /home/ynistico-iit.local/miniforge3/envs/muse/share/genmsg/cmake/genmsg-extras.cmake:307 (include)
  CMakeLists.txt:44 (generate_messages)

[0m
[36m--[0m Configuring incomplete, errors occurred!
