Not searching for unused variables given on the command line.
-- Using CATKIN_DEVEL_PREFIX: /home/ynistico-iit.local/dls_ws_home/muse/muse_ws/devel/.private/state_estimator_msgs
-- Using CMAKE_PREFIX_PATH: /home/ynistico-iit.local/dls_ws_home/muse/muse_ws/install;/home/ynistico-iit.local/miniforge3/envs/muse;/home/ynistico-iit.local/miniforge3/envs/muse/x86_64-conda-linux-gnu/sysroot/usr
-- This workspace overlays: /home/ynistico-iit.local/dls_ws_home/muse/muse_ws/install;/home/ynistico-iit.local/miniforge3/envs/muse
CMake Warning (dev) at /home/ynistico-iit.local/miniforge3/envs/muse/share/catkin/cmake/python.cmake:4 (find_package):
  Policy CMP0148 is not set: The FindPythonInterp and FindPythonLibs modules
  are removed.  Run "cmake --help-policy CMP0148" for policy details.  Use
  the cmake_policy command to set the policy and suppress this warning.

Call Stack (most recent call first):
  /home/ynistico-iit.local/miniforge3/envs/muse/share/catkin/cmake/all.cmake:164 (include)
  /home/ynistico-iit.local/miniforge3/envs/muse/share/catkin/cmake/catkinConfig.cmake:20 (include)
  CMakeLists.txt:4 (find_package)
This warning is for project developers.  Use -Wno-dev to suppress it.

-- Using PYTHON_EXECUTABLE: /home/ynistico-iit.local/miniforge3/envs/muse/bin/python3.11
-- Using default Python package layout
-- Using empy: /home/ynistico-iit.local/miniforge3/envs/muse/lib/python3.11/site-packages/em.py
-- Using CATKIN_ENABLE_TESTING: ON
-- Call enable_testing()
-- Using CATKIN_TEST_RESULTS_DIR: /home/ynistico-iit.local/dls_ws_home/muse/muse_ws/build/state_estimator_msgs/test_results
-- Found gtest: gtests will be built
-- Using Python nosetests: /home/ynistico-iit.local/miniforge3/envs/muse/bin/nosetests
-- catkin 0.8.10
-- BUILD_SHARED_LIBS is on
-- Using these message generators: gencpp;geneus;genlisp;gennodejs;genpy
-- state_estimator_msgs: 14 messages, 11 services
-- Configuring done (0.5s)
-- Generating done (0.0s)
-- Build files have been written to: /home/ynistico-iit.local/dls_ws_home/muse/muse_ws/build/state_estimator_msgs
