[  0%] Built target _state_estimator_msgs_generate_messages_check_deps_stopEstimator
[  0%] Built target geometry_msgs_generate_messages_py
[  0%] Built target std_msgs_generate_messages_py
[  0%] Built target sensor_msgs_generate_messages_py
[  0%] Built target _state_estimator_msgs_generate_messages_check_deps_attitude
[  0%] Built target _state_estimator_msgs_generate_messages_check_deps_ContactDetection
[  0%] Built target _state_estimator_msgs_generate_messages_check_deps_LegOdometry
[  0%] Built target _state_estimator_msgs_generate_messages_check_deps_sensor_fusion
[  0%] Built target _state_estimator_msgs_generate_messages_check_deps_JointStateWithAcceleration
[  0%] Built target _state_estimator_msgs_generate_messages_check_deps_getActiveEstimators
[  0%] Built target _state_estimator_msgs_generate_messages_check_deps_getBlacklist
[  0%] Built target _state_estimator_msgs_generate_messages_check_deps_getEstimatorDescription
[  0%] Built target _state_estimator_msgs_generate_messages_check_deps_getWhitelist
[  0%] Built target _state_estimator_msgs_generate_messages_check_deps_listAllEstimators
[  0%] Built target _state_estimator_msgs_generate_messages_check_deps_pauseEstimator
[  0%] Built target _state_estimator_msgs_generate_messages_check_deps_resetEstimator
[  0%] Built target _state_estimator_msgs_generate_messages_check_deps_restartEstimator
[  0%] Built target _state_estimator_msgs_generate_messages_check_deps_resumeEstimator
[  0%] Built target _state_estimator_msgs_generate_messages_check_deps_startEstimator
[ 21%] Built target state_estimator_msgs_generate_messages_py
[ 21%] Built target geometry_msgs_generate_messages_cpp
[ 21%] Built target std_msgs_generate_messages_cpp
[ 21%] Built target sensor_msgs_generate_messages_cpp
[ 40%] Built target state_estimator_msgs_generate_messages_cpp
[ 40%] Built target geometry_msgs_generate_messages_eus
[ 40%] Built target std_msgs_generate_messages_eus
[ 40%] Built target sensor_msgs_generate_messages_eus
[ 61%] Built target state_estimator_msgs_generate_messages_eus
[ 61%] Built target geometry_msgs_generate_messages_lisp
[ 61%] Built target std_msgs_generate_messages_lisp
[ 61%] Built target sensor_msgs_generate_messages_lisp
[ 80%] Built target state_estimator_msgs_generate_messages_lisp
[ 80%] Built target geometry_msgs_generate_messages_nodejs
[ 80%] Built target std_msgs_generate_messages_nodejs
[ 80%] Built target sensor_msgs_generate_messages_nodejs
[100%] Built target state_estimator_msgs_generate_messages_nodejs
[100%] Built target state_estimator_msgs_generate_messages
[36mInstall the project...[0m
-- Install configuration: ""
-- Installing: /home/ynistico-iit.local/dls_ws_home/muse/muse_ws/install/_setup_util.py
-- Installing: /home/ynistico-iit.local/dls_ws_home/muse/muse_ws/install/env.sh
-- Installing: /home/ynistico-iit.local/dls_ws_home/muse/muse_ws/install/setup.bash
-- Installing: /home/ynistico-iit.local/dls_ws_home/muse/muse_ws/install/local_setup.bash
-- Installing: /home/ynistico-iit.local/dls_ws_home/muse/muse_ws/install/setup.sh
-- Installing: /home/ynistico-iit.local/dls_ws_home/muse/muse_ws/install/local_setup.sh
-- Installing: /home/ynistico-iit.local/dls_ws_home/muse/muse_ws/install/setup.zsh
-- Installing: /home/ynistico-iit.local/dls_ws_home/muse/muse_ws/install/local_setup.zsh
-- Installing: /home/ynistico-iit.local/dls_ws_home/muse/muse_ws/install/.rosinstall
-- Up-to-date: /home/ynistico-iit.local/dls_ws_home/muse/muse_ws/install/share/state_estimator_msgs/msg/attitude.msg
-- Up-to-date: /home/ynistico-iit.local/dls_ws_home/muse/muse_ws/install/share/state_estimator_msgs/msg/ContactDetection.msg
-- Up-to-date: /home/ynistico-iit.local/dls_ws_home/muse/muse_ws/install/share/state_estimator_msgs/msg/LegOdometry.msg
-- Up-to-date: /home/ynistico-iit.local/dls_ws_home/muse/muse_ws/install/share/state_estimator_msgs/msg/sensor_fusion.msg
-- Up-to-date: /home/ynistico-iit.local/dls_ws_home/muse/muse_ws/install/share/state_estimator_msgs/msg/JointStateWithAcceleration.msg
-- Up-to-date: /home/ynistico-iit.local/dls_ws_home/muse/muse_ws/install/share/state_estimator_msgs/srv/getActiveEstimators.srv
-- Up-to-date: /home/ynistico-iit.local/dls_ws_home/muse/muse_ws/install/share/state_estimator_msgs/srv/getBlacklist.srv
-- Up-to-date: /home/ynistico-iit.local/dls_ws_home/muse/muse_ws/install/share/state_estimator_msgs/srv/getEstimatorDescription.srv
-- Up-to-date: /home/ynistico-iit.local/dls_ws_home/muse/muse_ws/install/share/state_estimator_msgs/srv/getWhitelist.srv
-- Up-to-date: /home/ynistico-iit.local/dls_ws_home/muse/muse_ws/install/share/state_estimator_msgs/srv/listAllEstimators.srv
-- Up-to-date: /home/ynistico-iit.local/dls_ws_home/muse/muse_ws/install/share/state_estimator_msgs/srv/pauseEstimator.srv
-- Up-to-date: /home/ynistico-iit.local/dls_ws_home/muse/muse_ws/install/share/state_estimator_msgs/srv/resetEstimator.srv
-- Up-to-date: /home/ynistico-iit.local/dls_ws_home/muse/muse_ws/install/share/state_estimator_msgs/srv/restartEstimator.srv
-- Up-to-date: /home/ynistico-iit.local/dls_ws_home/muse/muse_ws/install/share/state_estimator_msgs/srv/resumeEstimator.srv
-- Up-to-date: /home/ynistico-iit.local/dls_ws_home/muse/muse_ws/install/share/state_estimator_msgs/srv/startEstimator.srv
-- Up-to-date: /home/ynistico-iit.local/dls_ws_home/muse/muse_ws/install/share/state_estimator_msgs/srv/stopEstimator.srv
-- Up-to-date: /home/ynistico-iit.local/dls_ws_home/muse/muse_ws/install/share/state_estimator_msgs/cmake/state_estimator_msgs-msg-paths.cmake
-- Up-to-date: /home/ynistico-iit.local/dls_ws_home/muse/muse_ws/install/include/state_estimator_msgs
-- Up-to-date: /home/ynistico-iit.local/dls_ws_home/muse/muse_ws/install/include/state_estimator_msgs/resumeEstimatorRequest.h
-- Up-to-date: /home/ynistico-iit.local/dls_ws_home/muse/muse_ws/install/include/state_estimator_msgs/SeActuatorReading.h
-- Up-to-date: /home/ynistico-iit.local/dls_ws_home/muse/muse_ws/install/include/state_estimator_msgs/listAllEstimators.h
-- Up-to-date: /home/ynistico-iit.local/dls_ws_home/muse/muse_ws/install/include/state_estimator_msgs/sensor_fusion.h
-- Up-to-date: /home/ynistico-iit.local/dls_ws_home/muse/muse_ws/install/include/state_estimator_msgs/getActiveEstimatorsResponse.h
-- Up-to-date: /home/ynistico-iit.local/dls_ws_home/muse/muse_ws/install/include/state_estimator_msgs/resumeEstimator.h
-- Up-to-date: /home/ynistico-iit.local/dls_ws_home/muse/muse_ws/install/include/state_estimator_msgs/stopEstimator.h
-- Up-to-date: /home/ynistico-iit.local/dls_ws_home/muse/muse_ws/install/include/state_estimator_msgs/getWhitelistRequest.h
-- Up-to-date: /home/ynistico-iit.local/dls_ws_home/muse/muse_ws/install/include/state_estimator_msgs/LegOdometry.h
-- Up-to-date: /home/ynistico-iit.local/dls_ws_home/muse/muse_ws/install/include/state_estimator_msgs/resetEstimatorResponse.h
-- Up-to-date: /home/ynistico-iit.local/dls_ws_home/muse/muse_ws/install/include/state_estimator_msgs/getBlacklistRequest.h
-- Up-to-date: /home/ynistico-iit.local/dls_ws_home/muse/muse_ws/install/include/state_estimator_msgs/SeActuatorReadingsExtended.h
-- Up-to-date: /home/ynistico-iit.local/dls_ws_home/muse/muse_ws/install/include/state_estimator_msgs/getEstimatorDescriptionResponse.h
-- Up-to-date: /home/ynistico-iit.local/dls_ws_home/muse/muse_ws/install/include/state_estimator_msgs/ContactDetection.h
-- Up-to-date: /home/ynistico-iit.local/dls_ws_home/muse/muse_ws/install/include/state_estimator_msgs/pauseEstimator.h
-- Up-to-date: /home/ynistico-iit.local/dls_ws_home/muse/muse_ws/install/include/state_estimator_msgs/getEstimatorDescriptionRequest.h
-- Up-to-date: /home/ynistico-iit.local/dls_ws_home/muse/muse_ws/install/include/state_estimator_msgs/stopEstimatorResponse.h
-- Up-to-date: /home/ynistico-iit.local/dls_ws_home/muse/muse_ws/install/include/state_estimator_msgs/listAllEstimatorsRequest.h
-- Up-to-date: /home/ynistico-iit.local/dls_ws_home/muse/muse_ws/install/include/state_estimator_msgs/SeActuatorState.h
-- Up-to-date: /home/ynistico-iit.local/dls_ws_home/muse/muse_ws/install/include/state_estimator_msgs/resetEstimatorRequest.h
-- Up-to-date: /home/ynistico-iit.local/dls_ws_home/muse/muse_ws/install/include/state_estimator_msgs/stopEstimatorRequest.h
-- Up-to-date: /home/ynistico-iit.local/dls_ws_home/muse/muse_ws/install/include/state_estimator_msgs/SeActuatorReadingExtended.h
-- Up-to-date: /home/ynistico-iit.local/dls_ws_home/muse/muse_ws/install/include/state_estimator_msgs/SeActuatorCommands.h
-- Up-to-date: /home/ynistico-iit.local/dls_ws_home/muse/muse_ws/install/include/state_estimator_msgs/attitude.h
-- Up-to-date: /home/ynistico-iit.local/dls_ws_home/muse/muse_ws/install/include/state_estimator_msgs/SeActuatorStateExtended.h
-- Up-to-date: /home/ynistico-iit.local/dls_ws_home/muse/muse_ws/install/include/state_estimator_msgs/getActiveEstimators.h
-- Up-to-date: /home/ynistico-iit.local/dls_ws_home/muse/muse_ws/install/include/state_estimator_msgs/resumeEstimatorResponse.h
-- Up-to-date: /home/ynistico-iit.local/dls_ws_home/muse/muse_ws/install/include/state_estimator_msgs/restartEstimator.h
-- Up-to-date: /home/ynistico-iit.local/dls_ws_home/muse/muse_ws/install/include/state_estimator_msgs/SeActuatorReadings.h
-- Up-to-date: /home/ynistico-iit.local/dls_ws_home/muse/muse_ws/install/include/state_estimator_msgs/AnymalState.h
-- Up-to-date: /home/ynistico-iit.local/dls_ws_home/muse/muse_ws/install/include/state_estimator_msgs/getBlacklistResponse.h
-- Up-to-date: /home/ynistico-iit.local/dls_ws_home/muse/muse_ws/install/include/state_estimator_msgs/Contact.h
-- Up-to-date: /home/ynistico-iit.local/dls_ws_home/muse/muse_ws/install/include/state_estimator_msgs/getWhitelistResponse.h
-- Up-to-date: /home/ynistico-iit.local/dls_ws_home/muse/muse_ws/install/include/state_estimator_msgs/SeActuatorStates.h
-- Up-to-date: /home/ynistico-iit.local/dls_ws_home/muse/muse_ws/install/include/state_estimator_msgs/JointStateWithAcceleration.h
-- Up-to-date: /home/ynistico-iit.local/dls_ws_home/muse/muse_ws/install/include/state_estimator_msgs/resetEstimator.h
-- Up-to-date: /home/ynistico-iit.local/dls_ws_home/muse/muse_ws/install/include/state_estimator_msgs/ExtendedJointState.h
-- Up-to-date: /home/ynistico-iit.local/dls_ws_home/muse/muse_ws/install/include/state_estimator_msgs/getEstimatorDescription.h
-- Up-to-date: /home/ynistico-iit.local/dls_ws_home/muse/muse_ws/install/include/state_estimator_msgs/SeActuatorCommand.h
-- Up-to-date: /home/ynistico-iit.local/dls_ws_home/muse/muse_ws/install/include/state_estimator_msgs/getWhitelist.h
-- Up-to-date: /home/ynistico-iit.local/dls_ws_home/muse/muse_ws/install/include/state_estimator_msgs/startEstimatorResponse.h
-- Up-to-date: /home/ynistico-iit.local/dls_ws_home/muse/muse_ws/install/include/state_estimator_msgs/restartEstimatorRequest.h
-- Up-to-date: /home/ynistico-iit.local/dls_ws_home/muse/muse_ws/install/include/state_estimator_msgs/pauseEstimatorRequest.h
-- Up-to-date: /home/ynistico-iit.local/dls_ws_home/muse/muse_ws/install/include/state_estimator_msgs/startEstimator.h
-- Up-to-date: /home/ynistico-iit.local/dls_ws_home/muse/muse_ws/install/include/state_estimator_msgs/startEstimatorRequest.h
-- Up-to-date: /home/ynistico-iit.local/dls_ws_home/muse/muse_ws/install/include/state_estimator_msgs/pauseEstimatorResponse.h
-- Up-to-date: /home/ynistico-iit.local/dls_ws_home/muse/muse_ws/install/include/state_estimator_msgs/listAllEstimatorsResponse.h
-- Up-to-date: /home/ynistico-iit.local/dls_ws_home/muse/muse_ws/install/include/state_estimator_msgs/getBlacklist.h
-- Up-to-date: /home/ynistico-iit.local/dls_ws_home/muse/muse_ws/install/include/state_estimator_msgs/restartEstimatorResponse.h
-- Up-to-date: /home/ynistico-iit.local/dls_ws_home/muse/muse_ws/install/include/state_estimator_msgs/getActiveEstimatorsRequest.h
-- Up-to-date: /home/ynistico-iit.local/dls_ws_home/muse/muse_ws/install/share/roseus/ros/state_estimator_msgs
-- Up-to-date: /home/ynistico-iit.local/dls_ws_home/muse/muse_ws/install/share/roseus/ros/state_estimator_msgs/srv
-- Up-to-date: /home/ynistico-iit.local/dls_ws_home/muse/muse_ws/install/share/roseus/ros/state_estimator_msgs/srv/listAllEstimators.l
-- Up-to-date: /home/ynistico-iit.local/dls_ws_home/muse/muse_ws/install/share/roseus/ros/state_estimator_msgs/srv/getActiveEstimators.l
-- Up-to-date: /home/ynistico-iit.local/dls_ws_home/muse/muse_ws/install/share/roseus/ros/state_estimator_msgs/srv/getBlacklist.l
-- Up-to-date: /home/ynistico-iit.local/dls_ws_home/muse/muse_ws/install/share/roseus/ros/state_estimator_msgs/srv/stopEstimator.l
-- Up-to-date: /home/ynistico-iit.local/dls_ws_home/muse/muse_ws/install/share/roseus/ros/state_estimator_msgs/srv/getEstimatorDescription.l
-- Up-to-date: /home/ynistico-iit.local/dls_ws_home/muse/muse_ws/install/share/roseus/ros/state_estimator_msgs/srv/resetEstimator.l
-- Up-to-date: /home/ynistico-iit.local/dls_ws_home/muse/muse_ws/install/share/roseus/ros/state_estimator_msgs/srv/pauseEstimator.l
-- Up-to-date: /home/ynistico-iit.local/dls_ws_home/muse/muse_ws/install/share/roseus/ros/state_estimator_msgs/srv/restartEstimator.l
-- Up-to-date: /home/ynistico-iit.local/dls_ws_home/muse/muse_ws/install/share/roseus/ros/state_estimator_msgs/srv/resumeEstimator.l
-- Up-to-date: /home/ynistico-iit.local/dls_ws_home/muse/muse_ws/install/share/roseus/ros/state_estimator_msgs/srv/startEstimator.l
-- Up-to-date: /home/ynistico-iit.local/dls_ws_home/muse/muse_ws/install/share/roseus/ros/state_estimator_msgs/srv/getWhitelist.l
-- Up-to-date: /home/ynistico-iit.local/dls_ws_home/muse/muse_ws/install/share/roseus/ros/state_estimator_msgs/msg
-- Up-to-date: /home/ynistico-iit.local/dls_ws_home/muse/muse_ws/install/share/roseus/ros/state_estimator_msgs/msg/LegOdometry.l
-- Up-to-date: /home/ynistico-iit.local/dls_ws_home/muse/muse_ws/install/share/roseus/ros/state_estimator_msgs/msg/SeActuatorStates.l
-- Up-to-date: /home/ynistico-iit.local/dls_ws_home/muse/muse_ws/install/share/roseus/ros/state_estimator_msgs/msg/Contact.l
-- Up-to-date: /home/ynistico-iit.local/dls_ws_home/muse/muse_ws/install/share/roseus/ros/state_estimator_msgs/msg/SeActuatorState.l
-- Up-to-date: /home/ynistico-iit.local/dls_ws_home/muse/muse_ws/install/share/roseus/ros/state_estimator_msgs/msg/attitude.l
-- Up-to-date: /home/ynistico-iit.local/dls_ws_home/muse/muse_ws/install/share/roseus/ros/state_estimator_msgs/msg/ExtendedJointState.l
-- Up-to-date: /home/ynistico-iit.local/dls_ws_home/muse/muse_ws/install/share/roseus/ros/state_estimator_msgs/msg/SeActuatorCommand.l
-- Up-to-date: /home/ynistico-iit.local/dls_ws_home/muse/muse_ws/install/share/roseus/ros/state_estimator_msgs/msg/sensor_fusion.l
-- Up-to-date: /home/ynistico-iit.local/dls_ws_home/muse/muse_ws/install/share/roseus/ros/state_estimator_msgs/msg/SeActuatorReading.l
-- Up-to-date: /home/ynistico-iit.local/dls_ws_home/muse/muse_ws/install/share/roseus/ros/state_estimator_msgs/msg/AnymalState.l
-- Up-to-date: /home/ynistico-iit.local/dls_ws_home/muse/muse_ws/install/share/roseus/ros/state_estimator_msgs/msg/SeActuatorStateExtended.l
-- Up-to-date: /home/ynistico-iit.local/dls_ws_home/muse/muse_ws/install/share/roseus/ros/state_estimator_msgs/msg/ContactDetection.l
-- Up-to-date: /home/ynistico-iit.local/dls_ws_home/muse/muse_ws/install/share/roseus/ros/state_estimator_msgs/msg/SeActuatorReadings.l
-- Up-to-date: /home/ynistico-iit.local/dls_ws_home/muse/muse_ws/install/share/roseus/ros/state_estimator_msgs/msg/JointStateWithAcceleration.l
-- Up-to-date: /home/ynistico-iit.local/dls_ws_home/muse/muse_ws/install/share/roseus/ros/state_estimator_msgs/msg/SeActuatorReadingsExtended.l
-- Up-to-date: /home/ynistico-iit.local/dls_ws_home/muse/muse_ws/install/share/roseus/ros/state_estimator_msgs/msg/SeActuatorCommands.l
-- Up-to-date: /home/ynistico-iit.local/dls_ws_home/muse/muse_ws/install/share/roseus/ros/state_estimator_msgs/msg/SeActuatorReadingExtended.l
-- Up-to-date: /home/ynistico-iit.local/dls_ws_home/muse/muse_ws/install/share/roseus/ros/state_estimator_msgs/manifest.l
-- Up-to-date: /home/ynistico-iit.local/dls_ws_home/muse/muse_ws/install/share/common-lisp/ros/state_estimator_msgs
-- Up-to-date: /home/ynistico-iit.local/dls_ws_home/muse/muse_ws/install/share/common-lisp/ros/state_estimator_msgs/srv
-- Up-to-date: /home/ynistico-iit.local/dls_ws_home/muse/muse_ws/install/share/common-lisp/ros/state_estimator_msgs/srv/_package_getBlacklist.lisp
-- Up-to-date: /home/ynistico-iit.local/dls_ws_home/muse/muse_ws/install/share/common-lisp/ros/state_estimator_msgs/srv/restartEstimator.lisp
-- Up-to-date: /home/ynistico-iit.local/dls_ws_home/muse/muse_ws/install/share/common-lisp/ros/state_estimator_msgs/srv/_package_restartEstimator.lisp
-- Up-to-date: /home/ynistico-iit.local/dls_ws_home/muse/muse_ws/install/share/common-lisp/ros/state_estimator_msgs/srv/getWhitelist.lisp
-- Up-to-date: /home/ynistico-iit.local/dls_ws_home/muse/muse_ws/install/share/common-lisp/ros/state_estimator_msgs/srv/_package_listAllEstimators.lisp
-- Up-to-date: /home/ynistico-iit.local/dls_ws_home/muse/muse_ws/install/share/common-lisp/ros/state_estimator_msgs/srv/getEstimatorDescription.lisp
-- Up-to-date: /home/ynistico-iit.local/dls_ws_home/muse/muse_ws/install/share/common-lisp/ros/state_estimator_msgs/srv/stopEstimator.lisp
-- Up-to-date: /home/ynistico-iit.local/dls_ws_home/muse/muse_ws/install/share/common-lisp/ros/state_estimator_msgs/srv/state_estimator_msgs-srv.asd
-- Up-to-date: /home/ynistico-iit.local/dls_ws_home/muse/muse_ws/install/share/common-lisp/ros/state_estimator_msgs/srv/listAllEstimators.lisp
-- Up-to-date: /home/ynistico-iit.local/dls_ws_home/muse/muse_ws/install/share/common-lisp/ros/state_estimator_msgs/srv/_package.lisp
-- Up-to-date: /home/ynistico-iit.local/dls_ws_home/muse/muse_ws/install/share/common-lisp/ros/state_estimator_msgs/srv/pauseEstimator.lisp
-- Up-to-date: /home/ynistico-iit.local/dls_ws_home/muse/muse_ws/install/share/common-lisp/ros/state_estimator_msgs/srv/_package_getActiveEstimators.lisp
-- Up-to-date: /home/ynistico-iit.local/dls_ws_home/muse/muse_ws/install/share/common-lisp/ros/state_estimator_msgs/srv/resetEstimator.lisp
-- Up-to-date: /home/ynistico-iit.local/dls_ws_home/muse/muse_ws/install/share/common-lisp/ros/state_estimator_msgs/srv/_package_getWhitelist.lisp
-- Up-to-date: /home/ynistico-iit.local/dls_ws_home/muse/muse_ws/install/share/common-lisp/ros/state_estimator_msgs/srv/_package_pauseEstimator.lisp
-- Up-to-date: /home/ynistico-iit.local/dls_ws_home/muse/muse_ws/install/share/common-lisp/ros/state_estimator_msgs/srv/getBlacklist.lisp
-- Up-to-date: /home/ynistico-iit.local/dls_ws_home/muse/muse_ws/install/share/common-lisp/ros/state_estimator_msgs/srv/_package_stopEstimator.lisp
-- Up-to-date: /home/ynistico-iit.local/dls_ws_home/muse/muse_ws/install/share/common-lisp/ros/state_estimator_msgs/srv/getActiveEstimators.lisp
-- Up-to-date: /home/ynistico-iit.local/dls_ws_home/muse/muse_ws/install/share/common-lisp/ros/state_estimator_msgs/srv/startEstimator.lisp
-- Up-to-date: /home/ynistico-iit.local/dls_ws_home/muse/muse_ws/install/share/common-lisp/ros/state_estimator_msgs/srv/_package_resumeEstimator.lisp
-- Up-to-date: /home/ynistico-iit.local/dls_ws_home/muse/muse_ws/install/share/common-lisp/ros/state_estimator_msgs/srv/_package_getEstimatorDescription.lisp
-- Up-to-date: /home/ynistico-iit.local/dls_ws_home/muse/muse_ws/install/share/common-lisp/ros/state_estimator_msgs/srv/resumeEstimator.lisp
-- Up-to-date: /home/ynistico-iit.local/dls_ws_home/muse/muse_ws/install/share/common-lisp/ros/state_estimator_msgs/srv/_package_startEstimator.lisp
-- Up-to-date: /home/ynistico-iit.local/dls_ws_home/muse/muse_ws/install/share/common-lisp/ros/state_estimator_msgs/srv/_package_resetEstimator.lisp
-- Up-to-date: /home/ynistico-iit.local/dls_ws_home/muse/muse_ws/install/share/common-lisp/ros/state_estimator_msgs/msg
-- Up-to-date: /home/ynistico-iit.local/dls_ws_home/muse/muse_ws/install/share/common-lisp/ros/state_estimator_msgs/msg/_package_sensor_fusion.lisp
-- Up-to-date: /home/ynistico-iit.local/dls_ws_home/muse/muse_ws/install/share/common-lisp/ros/state_estimator_msgs/msg/ExtendedJointState.lisp
-- Up-to-date: /home/ynistico-iit.local/dls_ws_home/muse/muse_ws/install/share/common-lisp/ros/state_estimator_msgs/msg/AnymalState.lisp
-- Up-to-date: /home/ynistico-iit.local/dls_ws_home/muse/muse_ws/install/share/common-lisp/ros/state_estimator_msgs/msg/SeActuatorCommands.lisp
-- Up-to-date: /home/ynistico-iit.local/dls_ws_home/muse/muse_ws/install/share/common-lisp/ros/state_estimator_msgs/msg/SeActuatorCommand.lisp
-- Up-to-date: /home/ynistico-iit.local/dls_ws_home/muse/muse_ws/install/share/common-lisp/ros/state_estimator_msgs/msg/_package_SeActuatorReadings.lisp
-- Up-to-date: /home/ynistico-iit.local/dls_ws_home/muse/muse_ws/install/share/common-lisp/ros/state_estimator_msgs/msg/_package_LegOdometry.lisp
-- Up-to-date: /home/ynistico-iit.local/dls_ws_home/muse/muse_ws/install/share/common-lisp/ros/state_estimator_msgs/msg/SeActuatorState.lisp
-- Up-to-date: /home/ynistico-iit.local/dls_ws_home/muse/muse_ws/install/share/common-lisp/ros/state_estimator_msgs/msg/_package_SeActuatorReadingsExtended.lisp
-- Up-to-date: /home/ynistico-iit.local/dls_ws_home/muse/muse_ws/install/share/common-lisp/ros/state_estimator_msgs/msg/_package_ContactDetection.lisp
-- Up-to-date: /home/ynistico-iit.local/dls_ws_home/muse/muse_ws/install/share/common-lisp/ros/state_estimator_msgs/msg/SeActuatorReadings.lisp
-- Up-to-date: /home/ynistico-iit.local/dls_ws_home/muse/muse_ws/install/share/common-lisp/ros/state_estimator_msgs/msg/_package_attitude.lisp
-- Up-to-date: /home/ynistico-iit.local/dls_ws_home/muse/muse_ws/install/share/common-lisp/ros/state_estimator_msgs/msg/SeActuatorStateExtended.lisp
-- Up-to-date: /home/ynistico-iit.local/dls_ws_home/muse/muse_ws/install/share/common-lisp/ros/state_estimator_msgs/msg/_package_SeActuatorReadingExtended.lisp
-- Up-to-date: /home/ynistico-iit.local/dls_ws_home/muse/muse_ws/install/share/common-lisp/ros/state_estimator_msgs/msg/_package_AnymalState.lisp
-- Up-to-date: /home/ynistico-iit.local/dls_ws_home/muse/muse_ws/install/share/common-lisp/ros/state_estimator_msgs/msg/SeActuatorReading.lisp
-- Up-to-date: /home/ynistico-iit.local/dls_ws_home/muse/muse_ws/install/share/common-lisp/ros/state_estimator_msgs/msg/SeActuatorStates.lisp
-- Up-to-date: /home/ynistico-iit.local/dls_ws_home/muse/muse_ws/install/share/common-lisp/ros/state_estimator_msgs/msg/_package_JointStateWithAcceleration.lisp
-- Up-to-date: /home/ynistico-iit.local/dls_ws_home/muse/muse_ws/install/share/common-lisp/ros/state_estimator_msgs/msg/state_estimator_msgs-msg.asd
-- Up-to-date: /home/ynistico-iit.local/dls_ws_home/muse/muse_ws/install/share/common-lisp/ros/state_estimator_msgs/msg/SeActuatorReadingsExtended.lisp
-- Up-to-date: /home/ynistico-iit.local/dls_ws_home/muse/muse_ws/install/share/common-lisp/ros/state_estimator_msgs/msg/_package_SeActuatorState.lisp
-- Up-to-date: /home/ynistico-iit.local/dls_ws_home/muse/muse_ws/install/share/common-lisp/ros/state_estimator_msgs/msg/_package_SeActuatorStates.lisp
-- Up-to-date: /home/ynistico-iit.local/dls_ws_home/muse/muse_ws/install/share/common-lisp/ros/state_estimator_msgs/msg/Contact.lisp
-- Up-to-date: /home/ynistico-iit.local/dls_ws_home/muse/muse_ws/install/share/common-lisp/ros/state_estimator_msgs/msg/JointStateWithAcceleration.lisp
-- Up-to-date: /home/ynistico-iit.local/dls_ws_home/muse/muse_ws/install/share/common-lisp/ros/state_estimator_msgs/msg/_package.lisp
-- Up-to-date: /home/ynistico-iit.local/dls_ws_home/muse/muse_ws/install/share/common-lisp/ros/state_estimator_msgs/msg/_package_SeActuatorStateExtended.lisp
-- Up-to-date: /home/ynistico-iit.local/dls_ws_home/muse/muse_ws/install/share/common-lisp/ros/state_estimator_msgs/msg/_package_ExtendedJointState.lisp
-- Up-to-date: /home/ynistico-iit.local/dls_ws_home/muse/muse_ws/install/share/common-lisp/ros/state_estimator_msgs/msg/SeActuatorReadingExtended.lisp
-- Up-to-date: /home/ynistico-iit.local/dls_ws_home/muse/muse_ws/install/share/common-lisp/ros/state_estimator_msgs/msg/LegOdometry.lisp
-- Up-to-date: /home/ynistico-iit.local/dls_ws_home/muse/muse_ws/install/share/common-lisp/ros/state_estimator_msgs/msg/sensor_fusion.lisp
-- Up-to-date: /home/ynistico-iit.local/dls_ws_home/muse/muse_ws/install/share/common-lisp/ros/state_estimator_msgs/msg/_package_SeActuatorReading.lisp
-- Up-to-date: /home/ynistico-iit.local/dls_ws_home/muse/muse_ws/install/share/common-lisp/ros/state_estimator_msgs/msg/ContactDetection.lisp
-- Up-to-date: /home/ynistico-iit.local/dls_ws_home/muse/muse_ws/install/share/common-lisp/ros/state_estimator_msgs/msg/_package_SeActuatorCommand.lisp
-- Up-to-date: /home/ynistico-iit.local/dls_ws_home/muse/muse_ws/install/share/common-lisp/ros/state_estimator_msgs/msg/_package_SeActuatorCommands.lisp
-- Up-to-date: /home/ynistico-iit.local/dls_ws_home/muse/muse_ws/install/share/common-lisp/ros/state_estimator_msgs/msg/_package_Contact.lisp
-- Up-to-date: /home/ynistico-iit.local/dls_ws_home/muse/muse_ws/install/share/common-lisp/ros/state_estimator_msgs/msg/attitude.lisp
-- Up-to-date: /home/ynistico-iit.local/dls_ws_home/muse/muse_ws/install/share/gennodejs/ros/state_estimator_msgs
-- Up-to-date: /home/ynistico-iit.local/dls_ws_home/muse/muse_ws/install/share/gennodejs/ros/state_estimator_msgs/_index.js
-- Up-to-date: /home/ynistico-iit.local/dls_ws_home/muse/muse_ws/install/share/gennodejs/ros/state_estimator_msgs/srv
-- Up-to-date: /home/ynistico-iit.local/dls_ws_home/muse/muse_ws/install/share/gennodejs/ros/state_estimator_msgs/srv/_index.js
-- Up-to-date: /home/ynistico-iit.local/dls_ws_home/muse/muse_ws/install/share/gennodejs/ros/state_estimator_msgs/srv/getEstimatorDescription.js
-- Up-to-date: /home/ynistico-iit.local/dls_ws_home/muse/muse_ws/install/share/gennodejs/ros/state_estimator_msgs/srv/stopEstimator.js
-- Up-to-date: /home/ynistico-iit.local/dls_ws_home/muse/muse_ws/install/share/gennodejs/ros/state_estimator_msgs/srv/resumeEstimator.js
-- Up-to-date: /home/ynistico-iit.local/dls_ws_home/muse/muse_ws/install/share/gennodejs/ros/state_estimator_msgs/srv/restartEstimator.js
-- Up-to-date: /home/ynistico-iit.local/dls_ws_home/muse/muse_ws/install/share/gennodejs/ros/state_estimator_msgs/srv/resetEstimator.js
-- Up-to-date: /home/ynistico-iit.local/dls_ws_home/muse/muse_ws/install/share/gennodejs/ros/state_estimator_msgs/srv/startEstimator.js
-- Up-to-date: /home/ynistico-iit.local/dls_ws_home/muse/muse_ws/install/share/gennodejs/ros/state_estimator_msgs/srv/getWhitelist.js
-- Up-to-date: /home/ynistico-iit.local/dls_ws_home/muse/muse_ws/install/share/gennodejs/ros/state_estimator_msgs/srv/getActiveEstimators.js
-- Up-to-date: /home/ynistico-iit.local/dls_ws_home/muse/muse_ws/install/share/gennodejs/ros/state_estimator_msgs/srv/listAllEstimators.js
-- Up-to-date: /home/ynistico-iit.local/dls_ws_home/muse/muse_ws/install/share/gennodejs/ros/state_estimator_msgs/srv/getBlacklist.js
-- Up-to-date: /home/ynistico-iit.local/dls_ws_home/muse/muse_ws/install/share/gennodejs/ros/state_estimator_msgs/srv/pauseEstimator.js
-- Up-to-date: /home/ynistico-iit.local/dls_ws_home/muse/muse_ws/install/share/gennodejs/ros/state_estimator_msgs/msg
-- Up-to-date: /home/ynistico-iit.local/dls_ws_home/muse/muse_ws/install/share/gennodejs/ros/state_estimator_msgs/msg/_index.js
-- Up-to-date: /home/ynistico-iit.local/dls_ws_home/muse/muse_ws/install/share/gennodejs/ros/state_estimator_msgs/msg/LegOdometry.js
-- Up-to-date: /home/ynistico-iit.local/dls_ws_home/muse/muse_ws/install/share/gennodejs/ros/state_estimator_msgs/msg/SeActuatorState.js
-- Up-to-date: /home/ynistico-iit.local/dls_ws_home/muse/muse_ws/install/share/gennodejs/ros/state_estimator_msgs/msg/ContactDetection.js
-- Up-to-date: /home/ynistico-iit.local/dls_ws_home/muse/muse_ws/install/share/gennodejs/ros/state_estimator_msgs/msg/SeActuatorReadings.js
-- Up-to-date: /home/ynistico-iit.local/dls_ws_home/muse/muse_ws/install/share/gennodejs/ros/state_estimator_msgs/msg/Contact.js
-- Up-to-date: /home/ynistico-iit.local/dls_ws_home/muse/muse_ws/install/share/gennodejs/ros/state_estimator_msgs/msg/ExtendedJointState.js
-- Up-to-date: /home/ynistico-iit.local/dls_ws_home/muse/muse_ws/install/share/gennodejs/ros/state_estimator_msgs/msg/SeActuatorReadingExtended.js
-- Up-to-date: /home/ynistico-iit.local/dls_ws_home/muse/muse_ws/install/share/gennodejs/ros/state_estimator_msgs/msg/JointStateWithAcceleration.js
-- Up-to-date: /home/ynistico-iit.local/dls_ws_home/muse/muse_ws/install/share/gennodejs/ros/state_estimator_msgs/msg/SeActuatorStates.js
-- Up-to-date: /home/ynistico-iit.local/dls_ws_home/muse/muse_ws/install/share/gennodejs/ros/state_estimator_msgs/msg/SeActuatorStateExtended.js
-- Up-to-date: /home/ynistico-iit.local/dls_ws_home/muse/muse_ws/install/share/gennodejs/ros/state_estimator_msgs/msg/SeActuatorCommands.js
-- Up-to-date: /home/ynistico-iit.local/dls_ws_home/muse/muse_ws/install/share/gennodejs/ros/state_estimator_msgs/msg/SeActuatorCommand.js
-- Up-to-date: /home/ynistico-iit.local/dls_ws_home/muse/muse_ws/install/share/gennodejs/ros/state_estimator_msgs/msg/attitude.js
-- Up-to-date: /home/ynistico-iit.local/dls_ws_home/muse/muse_ws/install/share/gennodejs/ros/state_estimator_msgs/msg/SeActuatorReadingsExtended.js
-- Up-to-date: /home/ynistico-iit.local/dls_ws_home/muse/muse_ws/install/share/gennodejs/ros/state_estimator_msgs/msg/sensor_fusion.js
-- Up-to-date: /home/ynistico-iit.local/dls_ws_home/muse/muse_ws/install/share/gennodejs/ros/state_estimator_msgs/msg/AnymalState.js
-- Up-to-date: /home/ynistico-iit.local/dls_ws_home/muse/muse_ws/install/share/gennodejs/ros/state_estimator_msgs/msg/SeActuatorReading.js
Listing '/home/ynistico-iit.local/dls_ws_home/muse/muse_ws/devel/.private/state_estimator_msgs/lib/python3.11/site-packages/state_estimator_msgs'...
Listing '/home/ynistico-iit.local/dls_ws_home/muse/muse_ws/devel/.private/state_estimator_msgs/lib/python3.11/site-packages/state_estimator_msgs/msg'...
Listing '/home/ynistico-iit.local/dls_ws_home/muse/muse_ws/devel/.private/state_estimator_msgs/lib/python3.11/site-packages/state_estimator_msgs/srv'...
-- Up-to-date: /home/ynistico-iit.local/dls_ws_home/muse/muse_ws/install/lib/python3.11/site-packages/state_estimator_msgs
-- Up-to-date: /home/ynistico-iit.local/dls_ws_home/muse/muse_ws/install/lib/python3.11/site-packages/state_estimator_msgs/__init__.py
-- Up-to-date: /home/ynistico-iit.local/dls_ws_home/muse/muse_ws/install/lib/python3.11/site-packages/state_estimator_msgs/srv
-- Up-to-date: /home/ynistico-iit.local/dls_ws_home/muse/muse_ws/install/lib/python3.11/site-packages/state_estimator_msgs/srv/__init__.py
-- Up-to-date: /home/ynistico-iit.local/dls_ws_home/muse/muse_ws/install/lib/python3.11/site-packages/state_estimator_msgs/srv/_getWhitelist.py
-- Up-to-date: /home/ynistico-iit.local/dls_ws_home/muse/muse_ws/install/lib/python3.11/site-packages/state_estimator_msgs/srv/_getBlacklist.py
-- Up-to-date: /home/ynistico-iit.local/dls_ws_home/muse/muse_ws/install/lib/python3.11/site-packages/state_estimator_msgs/srv/_getActiveEstimators.py
-- Up-to-date: /home/ynistico-iit.local/dls_ws_home/muse/muse_ws/install/lib/python3.11/site-packages/state_estimator_msgs/srv/__pycache__
-- Up-to-date: /home/ynistico-iit.local/dls_ws_home/muse/muse_ws/install/lib/python3.11/site-packages/state_estimator_msgs/srv/__pycache__/_getEstimatorDescription.cpython-311.pyc
-- Up-to-date: /home/ynistico-iit.local/dls_ws_home/muse/muse_ws/install/lib/python3.11/site-packages/state_estimator_msgs/srv/__pycache__/__init__.cpython-311.pyc
-- Up-to-date: /home/ynistico-iit.local/dls_ws_home/muse/muse_ws/install/lib/python3.11/site-packages/state_estimator_msgs/srv/__pycache__/_listAllEstimators.cpython-311.pyc
-- Up-to-date: /home/ynistico-iit.local/dls_ws_home/muse/muse_ws/install/lib/python3.11/site-packages/state_estimator_msgs/srv/__pycache__/_stopEstimator.cpython-311.pyc
-- Up-to-date: /home/ynistico-iit.local/dls_ws_home/muse/muse_ws/install/lib/python3.11/site-packages/state_estimator_msgs/srv/__pycache__/_pauseEstimator.cpython-311.pyc
-- Up-to-date: /home/ynistico-iit.local/dls_ws_home/muse/muse_ws/install/lib/python3.11/site-packages/state_estimator_msgs/srv/__pycache__/_resetEstimator.cpython-311.pyc
-- Up-to-date: /home/ynistico-iit.local/dls_ws_home/muse/muse_ws/install/lib/python3.11/site-packages/state_estimator_msgs/srv/__pycache__/_restartEstimator.cpython-311.pyc
-- Up-to-date: /home/ynistico-iit.local/dls_ws_home/muse/muse_ws/install/lib/python3.11/site-packages/state_estimator_msgs/srv/__pycache__/_getBlacklist.cpython-311.pyc
-- Up-to-date: /home/ynistico-iit.local/dls_ws_home/muse/muse_ws/install/lib/python3.11/site-packages/state_estimator_msgs/srv/__pycache__/_getWhitelist.cpython-311.pyc
-- Up-to-date: /home/ynistico-iit.local/dls_ws_home/muse/muse_ws/install/lib/python3.11/site-packages/state_estimator_msgs/srv/__pycache__/_startEstimator.cpython-311.pyc
-- Up-to-date: /home/ynistico-iit.local/dls_ws_home/muse/muse_ws/install/lib/python3.11/site-packages/state_estimator_msgs/srv/__pycache__/_resumeEstimator.cpython-311.pyc
-- Up-to-date: /home/ynistico-iit.local/dls_ws_home/muse/muse_ws/install/lib/python3.11/site-packages/state_estimator_msgs/srv/__pycache__/_getActiveEstimators.cpython-311.pyc
-- Up-to-date: /home/ynistico-iit.local/dls_ws_home/muse/muse_ws/install/lib/python3.11/site-packages/state_estimator_msgs/srv/_stopEstimator.py
-- Up-to-date: /home/ynistico-iit.local/dls_ws_home/muse/muse_ws/install/lib/python3.11/site-packages/state_estimator_msgs/srv/_startEstimator.py
-- Up-to-date: /home/ynistico-iit.local/dls_ws_home/muse/muse_ws/install/lib/python3.11/site-packages/state_estimator_msgs/srv/_getEstimatorDescription.py
-- Up-to-date: /home/ynistico-iit.local/dls_ws_home/muse/muse_ws/install/lib/python3.11/site-packages/state_estimator_msgs/srv/_resumeEstimator.py
-- Up-to-date: /home/ynistico-iit.local/dls_ws_home/muse/muse_ws/install/lib/python3.11/site-packages/state_estimator_msgs/srv/_restartEstimator.py
-- Up-to-date: /home/ynistico-iit.local/dls_ws_home/muse/muse_ws/install/lib/python3.11/site-packages/state_estimator_msgs/srv/_pauseEstimator.py
-- Up-to-date: /home/ynistico-iit.local/dls_ws_home/muse/muse_ws/install/lib/python3.11/site-packages/state_estimator_msgs/srv/_resetEstimator.py
-- Up-to-date: /home/ynistico-iit.local/dls_ws_home/muse/muse_ws/install/lib/python3.11/site-packages/state_estimator_msgs/srv/_listAllEstimators.py
-- Up-to-date: /home/ynistico-iit.local/dls_ws_home/muse/muse_ws/install/lib/python3.11/site-packages/state_estimator_msgs/msg
-- Up-to-date: /home/ynistico-iit.local/dls_ws_home/muse/muse_ws/install/lib/python3.11/site-packages/state_estimator_msgs/msg/_ExtendedJointState.py
-- Up-to-date: /home/ynistico-iit.local/dls_ws_home/muse/muse_ws/install/lib/python3.11/site-packages/state_estimator_msgs/msg/__init__.py
-- Up-to-date: /home/ynistico-iit.local/dls_ws_home/muse/muse_ws/install/lib/python3.11/site-packages/state_estimator_msgs/msg/_SeActuatorReadings.py
-- Up-to-date: /home/ynistico-iit.local/dls_ws_home/muse/muse_ws/install/lib/python3.11/site-packages/state_estimator_msgs/msg/_SeActuatorState.py
-- Up-to-date: /home/ynistico-iit.local/dls_ws_home/muse/muse_ws/install/lib/python3.11/site-packages/state_estimator_msgs/msg/_SeActuatorReading.py
-- Up-to-date: /home/ynistico-iit.local/dls_ws_home/muse/muse_ws/install/lib/python3.11/site-packages/state_estimator_msgs/msg/__pycache__
-- Up-to-date: /home/ynistico-iit.local/dls_ws_home/muse/muse_ws/install/lib/python3.11/site-packages/state_estimator_msgs/msg/__pycache__/_SeActuatorReading.cpython-311.pyc
-- Up-to-date: /home/ynistico-iit.local/dls_ws_home/muse/muse_ws/install/lib/python3.11/site-packages/state_estimator_msgs/msg/__pycache__/_SeActuatorReadingsExtended.cpython-311.pyc
-- Up-to-date: /home/ynistico-iit.local/dls_ws_home/muse/muse_ws/install/lib/python3.11/site-packages/state_estimator_msgs/msg/__pycache__/__init__.cpython-311.pyc
-- Up-to-date: /home/ynistico-iit.local/dls_ws_home/muse/muse_ws/install/lib/python3.11/site-packages/state_estimator_msgs/msg/__pycache__/_ContactDetection.cpython-311.pyc
-- Up-to-date: /home/ynistico-iit.local/dls_ws_home/muse/muse_ws/install/lib/python3.11/site-packages/state_estimator_msgs/msg/__pycache__/_JointStateWithAcceleration.cpython-311.pyc
-- Up-to-date: /home/ynistico-iit.local/dls_ws_home/muse/muse_ws/install/lib/python3.11/site-packages/state_estimator_msgs/msg/__pycache__/_SeActuatorStateExtended.cpython-311.pyc
-- Up-to-date: /home/ynistico-iit.local/dls_ws_home/muse/muse_ws/install/lib/python3.11/site-packages/state_estimator_msgs/msg/__pycache__/_SeActuatorReadingExtended.cpython-311.pyc
-- Up-to-date: /home/ynistico-iit.local/dls_ws_home/muse/muse_ws/install/lib/python3.11/site-packages/state_estimator_msgs/msg/__pycache__/_SeActuatorState.cpython-311.pyc
-- Up-to-date: /home/ynistico-iit.local/dls_ws_home/muse/muse_ws/install/lib/python3.11/site-packages/state_estimator_msgs/msg/__pycache__/_attitude.cpython-311.pyc
-- Up-to-date: /home/ynistico-iit.local/dls_ws_home/muse/muse_ws/install/lib/python3.11/site-packages/state_estimator_msgs/msg/__pycache__/_ExtendedJointState.cpython-311.pyc
-- Up-to-date: /home/ynistico-iit.local/dls_ws_home/muse/muse_ws/install/lib/python3.11/site-packages/state_estimator_msgs/msg/__pycache__/_sensor_fusion.cpython-311.pyc
-- Up-to-date: /home/ynistico-iit.local/dls_ws_home/muse/muse_ws/install/lib/python3.11/site-packages/state_estimator_msgs/msg/__pycache__/_LegOdometry.cpython-311.pyc
-- Up-to-date: /home/ynistico-iit.local/dls_ws_home/muse/muse_ws/install/lib/python3.11/site-packages/state_estimator_msgs/msg/__pycache__/_SeActuatorStates.cpython-311.pyc
-- Up-to-date: /home/ynistico-iit.local/dls_ws_home/muse/muse_ws/install/lib/python3.11/site-packages/state_estimator_msgs/msg/__pycache__/_Contact.cpython-311.pyc
-- Up-to-date: /home/ynistico-iit.local/dls_ws_home/muse/muse_ws/install/lib/python3.11/site-packages/state_estimator_msgs/msg/__pycache__/_SeActuatorCommands.cpython-311.pyc
-- Up-to-date: /home/ynistico-iit.local/dls_ws_home/muse/muse_ws/install/lib/python3.11/site-packages/state_estimator_msgs/msg/__pycache__/_SeActuatorCommand.cpython-311.pyc
-- Up-to-date: /home/ynistico-iit.local/dls_ws_home/muse/muse_ws/install/lib/python3.11/site-packages/state_estimator_msgs/msg/__pycache__/_AnymalState.cpython-311.pyc
-- Up-to-date: /home/ynistico-iit.local/dls_ws_home/muse/muse_ws/install/lib/python3.11/site-packages/state_estimator_msgs/msg/__pycache__/_SeActuatorReadings.cpython-311.pyc
-- Up-to-date: /home/ynistico-iit.local/dls_ws_home/muse/muse_ws/install/lib/python3.11/site-packages/state_estimator_msgs/msg/_JointStateWithAcceleration.py
-- Up-to-date: /home/ynistico-iit.local/dls_ws_home/muse/muse_ws/install/lib/python3.11/site-packages/state_estimator_msgs/msg/_sensor_fusion.py
-- Up-to-date: /home/ynistico-iit.local/dls_ws_home/muse/muse_ws/install/lib/python3.11/site-packages/state_estimator_msgs/msg/_SeActuatorReadingsExtended.py
-- Up-to-date: /home/ynistico-iit.local/dls_ws_home/muse/muse_ws/install/lib/python3.11/site-packages/state_estimator_msgs/msg/_Contact.py
-- Up-to-date: /home/ynistico-iit.local/dls_ws_home/muse/muse_ws/install/lib/python3.11/site-packages/state_estimator_msgs/msg/_ContactDetection.py
-- Up-to-date: /home/ynistico-iit.local/dls_ws_home/muse/muse_ws/install/lib/python3.11/site-packages/state_estimator_msgs/msg/_SeActuatorCommands.py
-- Up-to-date: /home/ynistico-iit.local/dls_ws_home/muse/muse_ws/install/lib/python3.11/site-packages/state_estimator_msgs/msg/_attitude.py
-- Up-to-date: /home/ynistico-iit.local/dls_ws_home/muse/muse_ws/install/lib/python3.11/site-packages/state_estimator_msgs/msg/_SeActuatorStateExtended.py
-- Up-to-date: /home/ynistico-iit.local/dls_ws_home/muse/muse_ws/install/lib/python3.11/site-packages/state_estimator_msgs/msg/_AnymalState.py
-- Up-to-date: /home/ynistico-iit.local/dls_ws_home/muse/muse_ws/install/lib/python3.11/site-packages/state_estimator_msgs/msg/_LegOdometry.py
-- Up-to-date: /home/ynistico-iit.local/dls_ws_home/muse/muse_ws/install/lib/python3.11/site-packages/state_estimator_msgs/msg/_SeActuatorReadingExtended.py
-- Up-to-date: /home/ynistico-iit.local/dls_ws_home/muse/muse_ws/install/lib/python3.11/site-packages/state_estimator_msgs/msg/_SeActuatorCommand.py
-- Up-to-date: /home/ynistico-iit.local/dls_ws_home/muse/muse_ws/install/lib/python3.11/site-packages/state_estimator_msgs/msg/_SeActuatorStates.py
-- Up-to-date: /home/ynistico-iit.local/dls_ws_home/muse/muse_ws/install/lib/python3.11/site-packages/state_estimator_msgs/__pycache__
-- Up-to-date: /home/ynistico-iit.local/dls_ws_home/muse/muse_ws/install/lib/python3.11/site-packages/state_estimator_msgs/__pycache__/__init__.cpython-311.pyc
-- Up-to-date: /home/ynistico-iit.local/dls_ws_home/muse/muse_ws/install/lib/pkgconfig/state_estimator_msgs.pc
-- Up-to-date: /home/ynistico-iit.local/dls_ws_home/muse/muse_ws/install/share/state_estimator_msgs/cmake/state_estimator_msgs-msg-extras.cmake
-- Up-to-date: /home/ynistico-iit.local/dls_ws_home/muse/muse_ws/install/share/state_estimator_msgs/cmake/state_estimator_msgsConfig.cmake
-- Up-to-date: /home/ynistico-iit.local/dls_ws_home/muse/muse_ws/install/share/state_estimator_msgs/cmake/state_estimator_msgsConfig-version.cmake
-- Up-to-date: /home/ynistico-iit.local/dls_ws_home/muse/muse_ws/install/share/state_estimator_msgs/package.xml
