[  0%] Built target std_msgs_generate_messages_py
[  0%] Built target geometry_msgs_generate_messages_py
[  0%] Built target sensor_msgs_generate_messages_py
[  0%] Built target _state_estimator_msgs_generate_messages_check_deps_ContactDetection
[  0%] Built target _state_estimator_msgs_generate_messages_check_deps_stopEstimator
[  0%] Built target _state_estimator_msgs_generate_messages_check_deps_getBlacklist
[  0%] Built target _state_estimator_msgs_generate_messages_check_deps_getWhitelist
[  0%] Built target _state_estimator_msgs_generate_messages_check_deps_LegOdometry
[  0%] Built target _state_estimator_msgs_generate_messages_check_deps_JointStateWithAcceleration
[  0%] Built target std_msgs_generate_messages_cpp
[  0%] Built target geometry_msgs_generate_messages_cpp
[  0%] Built target _state_estimator_msgs_generate_messages_check_deps_pauseEstimator
[  0%] Built target sensor_msgs_generate_messages_cpp
[  0%] Built target _state_estimator_msgs_generate_messages_check_deps_listAllEstimators
[  0%] Built target _state_estimator_msgs_generate_messages_check_deps_sensor_fusion
[  0%] Built target geometry_msgs_generate_messages_eus
[  0%] Built target _state_estimator_msgs_generate_messages_check_deps_getEstimatorDescription
[  0%] Built target std_msgs_generate_messages_eus
[  0%] Built target sensor_msgs_generate_messages_eus
[  0%] Built target geometry_msgs_generate_messages_lisp
[  0%] Built target _state_estimator_msgs_generate_messages_check_deps_attitude
[  0%] Built target _state_estimator_msgs_generate_messages_check_deps_resetEstimator
[  0%] Built target sensor_msgs_generate_messages_lisp
[  0%] Built target std_msgs_generate_messages_lisp
[  0%] Built target geometry_msgs_generate_messages_nodejs
[  0%] Built target sensor_msgs_generate_messages_nodejs
[  0%] Built target std_msgs_generate_messages_nodejs
[  0%] Built target _state_estimator_msgs_generate_messages_check_deps_getActiveEstimators
[  0%] Built target _state_estimator_msgs_generate_messages_check_deps_restartEstimator
[  0%] Built target _state_estimator_msgs_generate_messages_check_deps_startEstimator
[  0%] Built target _state_estimator_msgs_generate_messages_check_deps_resumeEstimator
[  3%] [1m[34mGenerating EusLisp code from state_estimator_msgs/sensor_fusion.msg[0m
[  3%] [1m[34mGenerating EusLisp code from state_estimator_msgs/ContactDetection.msg[0m
[  3%] [1m[34mGenerating Lisp code from state_estimator_msgs/attitude.msg[0m
[  8%] [1m[34mGenerating EusLisp code from state_estimator_msgs/JointStateWithAcceleration.msg[0m
[  8%] [1m[34mGenerating C++ code from state_estimator_msgs/ContactDetection.msg[0m
[  9%] [1m[34mGenerating Python from MSG state_estimator_msgs/LegOdometry[0m
[  9%] [1m[34mGenerating Lisp code from state_estimator_msgs/ContactDetection.msg[0m
[ 10%] [1m[34mGenerating EusLisp code from state_estimator_msgs/LegOdometry.msg[0m
[ 14%] [1m[34mGenerating Python from MSG state_estimator_msgs/ContactDetection[0m
[ 14%] [1m[34mGenerating EusLisp code from state_estimator_msgs/getActiveEstimators.srv[0m
[ 14%] [1m[34mGenerating Python from MSG state_estimator_msgs/attitude[0m
[ 14%] [1m[34mGenerating C++ code from state_estimator_msgs/attitude.msg[0m
[ 15%] [1m[34mGenerating EusLisp code from state_estimator_msgs/attitude.msg[0m
[ 16%] [1m[34mGenerating C++ code from state_estimator_msgs/LegOdometry.msg[0m
[ 18%] [1m[34mGenerating Lisp code from state_estimator_msgs/LegOdometry.msg[0m
[ 19%] [1m[34mGenerating Javascript code from state_estimator_msgs/attitude.msg[0m
[ 20%] [1m[34mGenerating Lisp code from state_estimator_msgs/sensor_fusion.msg[0m
[ 21%] [1m[34mGenerating EusLisp code from state_estimator_msgs/getBlacklist.srv[0m
[ 22%] [1m[34mGenerating EusLisp code from state_estimator_msgs/getEstimatorDescription.srv[0m
[ 24%] [1m[34mGenerating Python from MSG state_estimator_msgs/sensor_fusion[0m
[ 26%] [1m[34mGenerating Javascript code from state_estimator_msgs/ContactDetection.msg[0m
[ 26%] [1m[34mGenerating Lisp code from state_estimator_msgs/JointStateWithAcceleration.msg[0m
[ 28%] [1m[34mGenerating C++ code from state_estimator_msgs/sensor_fusion.msg[0m
[ 28%] [1m[34mGenerating Javascript code from state_estimator_msgs/LegOdometry.msg[0m
[ 30%] [1m[34mGenerating Lisp code from state_estimator_msgs/getActiveEstimators.srv[0m
[ 31%] [1m[34mGenerating Javascript code from state_estimator_msgs/sensor_fusion.msg[0m
[ 32%] [1m[34mGenerating Lisp code from state_estimator_msgs/getBlacklist.srv[0m
[ 33%] [1m[34mGenerating Python code from SRV state_estimator_msgs/getActiveEstimators[0m
[ 34%] [1m[34mGenerating Python from MSG state_estimator_msgs/JointStateWithAcceleration[0m
[ 36%] [1m[34mGenerating Lisp code from state_estimator_msgs/getEstimatorDescription.srv[0m
[ 37%] [1m[34mGenerating Python code from SRV state_estimator_msgs/getBlacklist[0m
[ 39%] [1m[34mGenerating C++ code from state_estimator_msgs/getActiveEstimators.srv[0m
[ 39%] [1m[34mGenerating C++ code from state_estimator_msgs/JointStateWithAcceleration.msg[0m
[ 40%] [1m[34mGenerating Lisp code from state_estimator_msgs/getWhitelist.srv[0m
[ 42%] [1m[34mGenerating EusLisp code from state_estimator_msgs/getWhitelist.srv[0m
[ 43%] [1m[34mGenerating Javascript code from state_estimator_msgs/JointStateWithAcceleration.msg[0m
[ 45%] [1m[34mGenerating Python code from SRV state_estimator_msgs/getEstimatorDescription[0m
[ 45%] [1m[34mGenerating EusLisp code from state_estimator_msgs/listAllEstimators.srv[0m
[ 46%] [1m[34mGenerating Javascript code from state_estimator_msgs/getActiveEstimators.srv[0m
[ 48%] [1m[34mGenerating Python code from SRV state_estimator_msgs/getWhitelist[0m
[ 49%] [1m[34mGenerating EusLisp code from state_estimator_msgs/pauseEstimator.srv[0m
[ 50%] [1m[34mGenerating Javascript code from state_estimator_msgs/getBlacklist.srv[0m
[ 51%] [1m[34mGenerating Python code from SRV state_estimator_msgs/listAllEstimators[0m
[ 53%] [1m[34mGenerating EusLisp code from state_estimator_msgs/resetEstimator.srv[0m
[ 54%] [1m[34mGenerating C++ code from state_estimator_msgs/getBlacklist.srv[0m
[ 55%] [1m[34mGenerating Lisp code from state_estimator_msgs/listAllEstimators.srv[0m
[ 56%] [1m[34mGenerating Lisp code from state_estimator_msgs/pauseEstimator.srv[0m
[ 57%] [1m[34mGenerating EusLisp code from state_estimator_msgs/restartEstimator.srv[0m
[ 59%] [1m[34mGenerating Python code from SRV state_estimator_msgs/pauseEstimator[0m
[ 60%] [1m[34mGenerating Javascript code from state_estimator_msgs/getEstimatorDescription.srv[0m
[ 61%] [1m[34mGenerating EusLisp code from state_estimator_msgs/resumeEstimator.srv[0m
[ 62%] [1m[34mGenerating EusLisp code from state_estimator_msgs/startEstimator.srv[0m
[ 63%] [1m[34mGenerating Python code from SRV state_estimator_msgs/resetEstimator[0m
[ 65%] [1m[34mGenerating C++ code from state_estimator_msgs/getEstimatorDescription.srv[0m
[ 66%] [1m[34mGenerating Javascript code from state_estimator_msgs/getWhitelist.srv[0m
[ 67%] [1m[34mGenerating Python code from SRV state_estimator_msgs/restartEstimator[0m
[ 68%] [1m[34mGenerating Lisp code from state_estimator_msgs/resetEstimator.srv[0m
[ 69%] [1m[34mGenerating C++ code from state_estimator_msgs/getWhitelist.srv[0m
[ 71%] [1m[34mGenerating Javascript code from state_estimator_msgs/listAllEstimators.srv[0m
[ 72%] [1m[34mGenerating C++ code from state_estimator_msgs/listAllEstimators.srv[0m
[ 73%] [1m[34mGenerating Python code from SRV state_estimator_msgs/resumeEstimator[0m
[ 74%] [1m[34mGenerating Lisp code from state_estimator_msgs/restartEstimator.srv[0m
[ 75%] [1m[34mGenerating Lisp code from state_estimator_msgs/resumeEstimator.srv[0m
[ 77%] [1m[34mGenerating C++ code from state_estimator_msgs/pauseEstimator.srv[0m
[ 78%] [1m[34mGenerating EusLisp code from state_estimator_msgs/stopEstimator.srv[0m
[ 79%] [1m[34mGenerating Javascript code from state_estimator_msgs/pauseEstimator.srv[0m
[ 80%] [1m[34mGenerating C++ code from state_estimator_msgs/resetEstimator.srv[0m
[ 81%] [1m[34mGenerating Python code from SRV state_estimator_msgs/startEstimator[0m
[ 84%] [1m[34mGenerating Python code from SRV state_estimator_msgs/stopEstimator[0m
[ 84%] [1m[34mGenerating Lisp code from state_estimator_msgs/startEstimator.srv[0m
[ 85%] [1m[34mGenerating Javascript code from state_estimator_msgs/resetEstimator.srv[0m
[ 86%] [1m[34mGenerating C++ code from state_estimator_msgs/restartEstimator.srv[0m
[ 87%] [1m[34mGenerating Lisp code from state_estimator_msgs/stopEstimator.srv[0m
[ 89%] [1m[34mGenerating C++ code from state_estimator_msgs/resumeEstimator.srv[0m
[ 90%] [1m[34mGenerating Javascript code from state_estimator_msgs/restartEstimator.srv[0m
[ 91%] [1m[34mGenerating C++ code from state_estimator_msgs/startEstimator.srv[0m
[ 92%] [1m[34mGenerating C++ code from state_estimator_msgs/stopEstimator.srv[0m
[ 93%] [1m[34mGenerating Javascript code from state_estimator_msgs/resumeEstimator.srv[0m
[ 95%] [1m[34mGenerating Javascript code from state_estimator_msgs/startEstimator.srv[0m
[ 96%] [1m[34mGenerating Javascript code from state_estimator_msgs/stopEstimator.srv[0m
[ 96%] Built target state_estimator_msgs_generate_messages_lisp
[ 97%] [1m[34mGenerating Python msg __init__.py for state_estimator_msgs[0m
[ 98%] [1m[34mGenerating Python srv __init__.py for state_estimator_msgs[0m
[ 98%] Built target state_estimator_msgs_generate_messages_nodejs
[100%] Built target state_estimator_msgs_generate_messages_eus
[100%] Built target state_estimator_msgs_generate_messages_cpp
[100%] Built target state_estimator_msgs_generate_messages_py
[100%] Built target state_estimator_msgs_generate_messages
