[  0%] Built target sensor_msgs_generate_messages_py
[  0%] Built target geometry_msgs_generate_messages_py
[  0%] Built target std_msgs_generate_messages_py
[  0%] Built target _state_estimator_msgs_generate_messages_check_deps_getActiveEstimators
[  0%] Built target _state_estimator_msgs_generate_messages_check_deps_attitude
[  0%] Built target _state_estimator_msgs_generate_messages_check_deps_getEstimatorDescription
[  0%] Built target _state_estimator_msgs_generate_messages_check_deps_AnymalState
[  0%] Built target _state_estimator_msgs_generate_messages_check_deps_Contact
[  0%] Built target _state_estimator_msgs_generate_messages_check_deps_stopEstimator
[  0%] Built target _state_estimator_msgs_generate_messages_check_deps_JointStateWithAcceleration
[  0%] Built target _state_estimator_msgs_generate_messages_check_deps_getBlacklist
[  0%] Built target _state_estimator_msgs_generate_messages_check_deps_getWhitelist
[  0%] Built target _state_estimator_msgs_generate_messages_check_deps_ExtendedJointState
[  0%] Built target sensor_msgs_generate_messages_cpp
[  0%] Built target _state_estimator_msgs_generate_messages_check_deps_ContactDetection
[  0%] Built target geometry_msgs_generate_messages_cpp
[  0%] Built target std_msgs_generate_messages_cpp
[  0%] Built target geometry_msgs_generate_messages_eus
[  0%] Built target _state_estimator_msgs_generate_messages_check_deps_LegOdometry
[  0%] Built target std_msgs_generate_messages_lisp
[  0%] Built target std_msgs_generate_messages_eus
[  0%] Built target geometry_msgs_generate_messages_lisp
[  0%] Built target sensor_msgs_generate_messages_lisp
[  0%] Built target _state_estimator_msgs_generate_messages_check_deps_listAllEstimators
[  0%] Built target sensor_msgs_generate_messages_eus
[  0%] Built target _state_estimator_msgs_generate_messages_check_deps_pauseEstimator
[  0%] Built target std_msgs_generate_messages_nodejs
[  0%] Built target geometry_msgs_generate_messages_nodejs
[  0%] Built target sensor_msgs_generate_messages_nodejs
[  0%] Built target _state_estimator_msgs_generate_messages_check_deps_sensor_fusion
[  0%] Built target _state_estimator_msgs_generate_messages_check_deps_resumeEstimator
[  0%] Built target _state_estimator_msgs_generate_messages_check_deps_restartEstimator
[  0%] Built target _state_estimator_msgs_generate_messages_check_deps_startEstimator
[  0%] Built target _state_estimator_msgs_generate_messages_check_deps_resetEstimator
[ 46%] Built target state_estimator_msgs_generate_messages_lisp
[ 47%] Built target state_estimator_msgs_generate_messages_eus
[ 73%] Built target state_estimator_msgs_generate_messages_py
[ 90%] Built target state_estimator_msgs_generate_messages_cpp
[100%] Built target state_estimator_msgs_generate_messages_nodejs
[100%] Built target state_estimator_msgs_generate_messages
