Not searching for unused variables given on the command line.
CMake Deprecation Warning at CMakeLists.txt:1 (cmake_minimum_required):
  Compatibility with CMake < 3.10 will be removed from a future version of
  CMake.

  Update the VERSION argument <min> value.  Or, use the <min>...<max> syntax
  to tell CMake that the project requires at least <min> but has been updated
  to work with policies introduced by <max> or earlier.


-- The C compiler identification is GNU 14.3.0
-- The CXX compiler identification is GNU 14.3.0
-- Detecting C compiler ABI info
-- Detecting C compiler ABI info - done
-- Check for working C compiler: /home/ynistico-iit.local/miniforge3/envs/muse/bin/x86_64-conda-linux-gnu-cc - skipped
-- Detecting C compile features
-- Detecting C compile features - done
-- Detecting CXX compiler ABI info
-- Detecting CXX compiler ABI info - done
-- Check for working CXX compiler: /home/ynistico-iit.local/miniforge3/envs/muse/bin/x86_64-conda-linux-gnu-c++ - skipped
-- Detecting CXX compile features
-- Detecting CXX compile features - done
-- Using CATKIN_DEVEL_PREFIX: /home/ynistico-iit.local/dls_ws_home/muse/muse_ws/devel/.private/state_estimator_msgs
-- Using CMAKE_PREFIX_PATH: /home/ynistico-iit.local/dls_ws_home/muse/muse_ws/install;/home/ynistico-iit.local/miniforge3/envs/muse;/home/ynistico-iit.local/miniforge3/envs/muse/x86_64-conda-linux-gnu/sysroot/usr
-- This workspace overlays: /home/ynistico-iit.local/dls_ws_home/muse/muse_ws/install;/home/ynistico-iit.local/miniforge3/envs/muse
CMake Warning (dev) at /home/ynistico-iit.local/miniforge3/envs/muse/share/catkin/cmake/python.cmake:4 (find_package):
  Policy CMP0148 is not set: The FindPythonInterp and FindPythonLibs modules
  are removed.  Run "cmake --help-policy CMP0148" for policy details.  Use
  the cmake_policy command to set the policy and suppress this warning.

Call Stack (most recent call first):
  /home/ynistico-iit.local/miniforge3/envs/muse/share/catkin/cmake/all.cmake:164 (include)
  /home/ynistico-iit.local/miniforge3/envs/muse/share/catkin/cmake/catkinConfig.cmake:20 (include)
  CMakeLists.txt:4 (find_package)
This warning is for project developers.  Use -Wno-dev to suppress it.

-- Found PythonInterp: /home/ynistico-iit.local/miniforge3/envs/muse/bin/python3.11 (found suitable version "3.11.15", minimum required is "3.11")
-- Using PYTHON_EXECUTABLE: /home/ynistico-iit.local/miniforge3/envs/muse/bin/python3.11
-- Using default Python package layout
-- Found PY_em: /home/ynistico-iit.local/miniforge3/envs/muse/lib/python3.11/site-packages/em.py
-- Using empy: /home/ynistico-iit.local/miniforge3/envs/muse/lib/python3.11/site-packages/em.py
-- Using CATKIN_ENABLE_TESTING: ON
-- Call enable_testing()
-- Using CATKIN_TEST_RESULTS_DIR: /home/ynistico-iit.local/dls_ws_home/muse/muse_ws/build/state_estimator_msgs/test_results
-- Found gtest: gtests will be built
-- Using Python nosetests: /home/ynistico-iit.local/miniforge3/envs/muse/bin/nosetests
-- catkin 0.8.10
-- BUILD_SHARED_LIBS is on
-- Using these message generators: gencpp;geneus;genlisp;gennodejs;genpy
-- state_estimator_msgs: 5 messages, 11 services
-- Configuring done (0.8s)
-- Generating done (0.0s)
-- Build files have been written to: /home/ynistico-iit.local/dls_ws_home/muse/muse_ws/build/state_estimator_msgs
