[0.107s] DEBUG:colcon:Command line arguments: ['/usr/bin/colcon', 'build', '--symlink-install']
[0.107s] DEBUG:colcon:Parsed command line arguments: Namespace(log_base=None, log_level=None, verb_name='build', build_base='build', install_base='install', merge_install=False, symlink_install=True, test_result_base=None, continue_on_error=False, executor='parallel', parallel_workers=12, event_handlers=None, ignore_user_meta=False, metas=['./colcon.meta'], base_paths=['.'], packages_ignore=None, packages_ignore_regex=None, paths=None, packages_up_to=None, packages_up_to_regex=None, packages_above=None, packages_above_and_dependencies=None, packages_above_depth=None, packages_select_by_dep=None, packages_skip_by_dep=None, packages_skip_up_to=None, packages_select_build_failed=False, packages_skip_build_finished=False, packages_select_test_failures=False, packages_skip_test_passed=False, packages_select=None, packages_skip=None, packages_select_regex=None, packages_skip_regex=None, packages_start=None, packages_end=None, allow_overriding=[], cmake_args=None, cmake_target=None, cmake_target_skip_unavailable=False, cmake_clean_cache=False, cmake_clean_first=False, cmake_force_configure=False, ament_cmake_args=None, catkin_cmake_args=None, catkin_skip_building_tests=False, mixin_files=None, mixin=None, verb_parser=<colcon_mixin.mixin.mixin_argument.MixinArgumentDecorator object at 0x7cb1e69b6a20>, verb_extension=<colcon_core.verb.build.BuildVerb object at 0x7cb1e69b6660>, main=<bound method BuildVerb.main of <colcon_core.verb.build.BuildVerb object at 0x7cb1e69b6660>>, mixin_verb=('build',))
[0.150s] Level 1:colcon.colcon_core.package_discovery:discover_packages(colcon_meta) check parameters
[0.150s] Level 1:colcon.colcon_core.package_discovery:discover_packages(recursive) check parameters
[0.150s] Level 1:colcon.colcon_core.package_discovery:discover_packages(ignore) check parameters
[0.150s] Level 1:colcon.colcon_core.package_discovery:discover_packages(path) check parameters
[0.150s] Level 1:colcon.colcon_core.package_discovery:discover_packages(colcon_meta) discover
[0.150s] Level 1:colcon.colcon_core.package_discovery:discover_packages(recursive) discover
[0.150s] INFO:colcon.colcon_core.package_discovery:Crawling recursively for packages in '/home/jonas/Documents/Kamaro/muse_ros2'
[0.150s] Level 1:colcon.colcon_core.package_identification:_identify(.) by extensions ['ignore', 'ignore_ament_install']
[0.150s] Level 1:colcon.colcon_core.package_identification:_identify(.) by extension 'ignore'
[0.150s] Level 1:colcon.colcon_core.package_identification:_identify(.) by extension 'ignore_ament_install'
[0.150s] Level 1:colcon.colcon_core.package_identification:_identify(.) by extensions ['colcon_pkg']
[0.150s] Level 1:colcon.colcon_core.package_identification:_identify(.) by extension 'colcon_pkg'
[0.151s] Level 1:colcon.colcon_core.package_identification:_identify(.) by extensions ['colcon_meta']
[0.151s] Level 1:colcon.colcon_core.package_identification:_identify(.) by extension 'colcon_meta'
[0.151s] Level 1:colcon.colcon_core.package_identification:_identify(.) by extensions ['ros']
[0.151s] Level 1:colcon.colcon_core.package_identification:_identify(.) by extension 'ros'
[0.175s] Level 1:colcon.colcon_core.package_identification:_identify(.) by extensions ['cmake', 'python']
[0.175s] Level 1:colcon.colcon_core.package_identification:_identify(.) by extension 'cmake'
[0.175s] Level 1:colcon.colcon_core.package_identification:_identify(.) by extension 'python'
[0.175s] Level 1:colcon.colcon_core.package_identification:_identify(.) by extensions ['python_setup_py']
[0.175s] Level 1:colcon.colcon_core.package_identification:_identify(.) by extension 'python_setup_py'
[0.176s] Level 1:colcon.colcon_core.package_identification:_identify(build) by extensions ['ignore', 'ignore_ament_install']
[0.176s] Level 1:colcon.colcon_core.package_identification:_identify(build) by extension 'ignore'
[0.176s] Level 1:colcon.colcon_core.package_identification:_identify(build) ignored
[0.176s] Level 1:colcon.colcon_core.package_identification:_identify(install) by extensions ['ignore', 'ignore_ament_install']
[0.176s] Level 1:colcon.colcon_core.package_identification:_identify(install) by extension 'ignore'
[0.176s] Level 1:colcon.colcon_core.package_identification:_identify(install) ignored
[0.176s] Level 1:colcon.colcon_core.package_identification:_identify(log) by extensions ['ignore', 'ignore_ament_install']
[0.176s] Level 1:colcon.colcon_core.package_identification:_identify(log) by extension 'ignore'
[0.176s] Level 1:colcon.colcon_core.package_identification:_identify(log) ignored
[0.176s] Level 1:colcon.colcon_core.package_identification:_identify(muse_ws) by extensions ['ignore', 'ignore_ament_install']
[0.176s] Level 1:colcon.colcon_core.package_identification:_identify(muse_ws) by extension 'ignore'
[0.176s] Level 1:colcon.colcon_core.package_identification:_identify(muse_ws) by extension 'ignore_ament_install'
[0.176s] Level 1:colcon.colcon_core.package_identification:_identify(muse_ws) by extensions ['colcon_pkg']
[0.176s] Level 1:colcon.colcon_core.package_identification:_identify(muse_ws) by extension 'colcon_pkg'
[0.176s] Level 1:colcon.colcon_core.package_identification:_identify(muse_ws) by extensions ['colcon_meta']
[0.176s] Level 1:colcon.colcon_core.package_identification:_identify(muse_ws) by extension 'colcon_meta'
[0.176s] Level 1:colcon.colcon_core.package_identification:_identify(muse_ws) by extensions ['ros']
[0.176s] Level 1:colcon.colcon_core.package_identification:_identify(muse_ws) by extension 'ros'
[0.177s] Level 1:colcon.colcon_core.package_identification:_identify(muse_ws) by extensions ['cmake', 'python']
[0.177s] Level 1:colcon.colcon_core.package_identification:_identify(muse_ws) by extension 'cmake'
[0.177s] Level 1:colcon.colcon_core.package_identification:_identify(muse_ws) by extension 'python'
[0.177s] Level 1:colcon.colcon_core.package_identification:_identify(muse_ws) by extensions ['python_setup_py']
[0.177s] Level 1:colcon.colcon_core.package_identification:_identify(muse_ws) by extension 'python_setup_py'
[0.177s] Level 1:colcon.colcon_core.package_identification:_identify(muse_ws/build) by extensions ['ignore', 'ignore_ament_install']
[0.177s] Level 1:colcon.colcon_core.package_identification:_identify(muse_ws/build) by extension 'ignore'
[0.177s] Level 1:colcon.colcon_core.package_identification:_identify(muse_ws/build) ignored
[0.177s] Level 1:colcon.colcon_core.package_identification:_identify(muse_ws/install) by extensions ['ignore', 'ignore_ament_install']
[0.177s] Level 1:colcon.colcon_core.package_identification:_identify(muse_ws/install) by extension 'ignore'
[0.177s] Level 1:colcon.colcon_core.package_identification:_identify(muse_ws/install) ignored
[0.177s] Level 1:colcon.colcon_core.package_identification:_identify(muse_ws/log) by extensions ['ignore', 'ignore_ament_install']
[0.177s] Level 1:colcon.colcon_core.package_identification:_identify(muse_ws/log) by extension 'ignore'
[0.177s] Level 1:colcon.colcon_core.package_identification:_identify(muse_ws/log) ignored
[0.177s] Level 1:colcon.colcon_core.package_identification:_identify(muse_ws/src) by extensions ['ignore', 'ignore_ament_install']
[0.177s] Level 1:colcon.colcon_core.package_identification:_identify(muse_ws/src) by extension 'ignore'
[0.177s] Level 1:colcon.colcon_core.package_identification:_identify(muse_ws/src) by extension 'ignore_ament_install'
[0.177s] Level 1:colcon.colcon_core.package_identification:_identify(muse_ws/src) by extensions ['colcon_pkg']
[0.177s] Level 1:colcon.colcon_core.package_identification:_identify(muse_ws/src) by extension 'colcon_pkg'
[0.178s] Level 1:colcon.colcon_core.package_identification:_identify(muse_ws/src) by extensions ['colcon_meta']
[0.178s] Level 1:colcon.colcon_core.package_identification:_identify(muse_ws/src) by extension 'colcon_meta'
[0.178s] Level 1:colcon.colcon_core.package_identification:_identify(muse_ws/src) by extensions ['ros']
[0.178s] Level 1:colcon.colcon_core.package_identification:_identify(muse_ws/src) by extension 'ros'
[0.178s] Level 1:colcon.colcon_core.package_identification:_identify(muse_ws/src) by extensions ['cmake', 'python']
[0.178s] Level 1:colcon.colcon_core.package_identification:_identify(muse_ws/src) by extension 'cmake'
[0.178s] Level 1:colcon.colcon_core.package_identification:_identify(muse_ws/src) by extension 'python'
[0.178s] Level 1:colcon.colcon_core.package_identification:_identify(muse_ws/src) by extensions ['python_setup_py']
[0.178s] Level 1:colcon.colcon_core.package_identification:_identify(muse_ws/src) by extension 'python_setup_py'
[0.178s] Level 1:colcon.colcon_core.package_identification:_identify(muse_ws/src/iit_commons) by extensions ['ignore', 'ignore_ament_install']
[0.178s] Level 1:colcon.colcon_core.package_identification:_identify(muse_ws/src/iit_commons) by extension 'ignore'
[0.178s] Level 1:colcon.colcon_core.package_identification:_identify(muse_ws/src/iit_commons) by extension 'ignore_ament_install'
[0.178s] Level 1:colcon.colcon_core.package_identification:_identify(muse_ws/src/iit_commons) by extensions ['colcon_pkg']
[0.178s] Level 1:colcon.colcon_core.package_identification:_identify(muse_ws/src/iit_commons) by extension 'colcon_pkg'
[0.178s] Level 1:colcon.colcon_core.package_identification:_identify(muse_ws/src/iit_commons) by extensions ['colcon_meta']
[0.178s] Level 1:colcon.colcon_core.package_identification:_identify(muse_ws/src/iit_commons) by extension 'colcon_meta'
[0.178s] Level 1:colcon.colcon_core.package_identification:_identify(muse_ws/src/iit_commons) by extensions ['ros']
[0.178s] Level 1:colcon.colcon_core.package_identification:_identify(muse_ws/src/iit_commons) by extension 'ros'
[0.180s] DEBUG:colcon.colcon_core.package_identification:Package 'muse_ws/src/iit_commons' with type 'ros.catkin' and name 'iit_commons'
[0.180s] Level 1:colcon.colcon_core.package_identification:_identify(muse_ws/src/state_estimator) by extensions ['ignore', 'ignore_ament_install']
[0.180s] Level 1:colcon.colcon_core.package_identification:_identify(muse_ws/src/state_estimator) by extension 'ignore'
[0.180s] Level 1:colcon.colcon_core.package_identification:_identify(muse_ws/src/state_estimator) by extension 'ignore_ament_install'
[0.180s] Level 1:colcon.colcon_core.package_identification:_identify(muse_ws/src/state_estimator) by extensions ['colcon_pkg']
[0.180s] Level 1:colcon.colcon_core.package_identification:_identify(muse_ws/src/state_estimator) by extension 'colcon_pkg'
[0.181s] Level 1:colcon.colcon_core.package_identification:_identify(muse_ws/src/state_estimator) by extensions ['colcon_meta']
[0.181s] Level 1:colcon.colcon_core.package_identification:_identify(muse_ws/src/state_estimator) by extension 'colcon_meta'
[0.181s] Level 1:colcon.colcon_core.package_identification:_identify(muse_ws/src/state_estimator) by extensions ['ros']
[0.181s] Level 1:colcon.colcon_core.package_identification:_identify(muse_ws/src/state_estimator) by extension 'ros'
[0.181s] DEBUG:colcon.colcon_core.package_identification:Package 'muse_ws/src/state_estimator' with type 'ros.ament_cmake' and name 'state_estimator'
[0.181s] Level 1:colcon.colcon_core.package_identification:_identify(muse_ws/src/state_estimator_msgs) by extensions ['ignore', 'ignore_ament_install']
[0.181s] Level 1:colcon.colcon_core.package_identification:_identify(muse_ws/src/state_estimator_msgs) by extension 'ignore'
[0.181s] Level 1:colcon.colcon_core.package_identification:_identify(muse_ws/src/state_estimator_msgs) by extension 'ignore_ament_install'
[0.182s] Level 1:colcon.colcon_core.package_identification:_identify(muse_ws/src/state_estimator_msgs) by extensions ['colcon_pkg']
[0.182s] Level 1:colcon.colcon_core.package_identification:_identify(muse_ws/src/state_estimator_msgs) by extension 'colcon_pkg'
[0.182s] Level 1:colcon.colcon_core.package_identification:_identify(muse_ws/src/state_estimator_msgs) by extensions ['colcon_meta']
[0.182s] Level 1:colcon.colcon_core.package_identification:_identify(muse_ws/src/state_estimator_msgs) by extension 'colcon_meta'
[0.182s] Level 1:colcon.colcon_core.package_identification:_identify(muse_ws/src/state_estimator_msgs) by extensions ['ros']
[0.182s] Level 1:colcon.colcon_core.package_identification:_identify(muse_ws/src/state_estimator_msgs) by extension 'ros'
[0.182s] DEBUG:colcon.colcon_core.package_identification:Package 'muse_ws/src/state_estimator_msgs' with type 'ros.catkin' and name 'state_estimator_msgs'
[0.182s] Level 1:colcon.colcon_core.package_discovery:discover_packages(recursive) using defaults
[0.182s] Level 1:colcon.colcon_core.package_discovery:discover_packages(ignore) discover
[0.182s] Level 1:colcon.colcon_core.package_discovery:discover_packages(ignore) using defaults
[0.182s] Level 1:colcon.colcon_core.package_discovery:discover_packages(path) discover
[0.182s] Level 1:colcon.colcon_core.package_discovery:discover_packages(path) using defaults
[0.201s] Level 1:colcon.colcon_core.package_discovery:discover_packages(prefix_path) check parameters
[0.201s] Level 1:colcon.colcon_core.package_discovery:discover_packages(prefix_path) discover
[0.204s] DEBUG:colcon.colcon_installed_package_information.package_discovery:Found 404 installed packages in /opt/ros/rolling
[0.206s] Level 1:colcon.colcon_core.package_discovery:discover_packages(prefix_path) using defaults
[0.258s] Level 5:colcon.colcon_core.verb:set package 'iit_commons' build argument 'cmake_args' from command line to 'None'
[0.259s] Level 5:colcon.colcon_core.verb:set package 'iit_commons' build argument 'cmake_target' from command line to 'None'
[0.259s] Level 5:colcon.colcon_core.verb:set package 'iit_commons' build argument 'cmake_target_skip_unavailable' from command line to 'False'
[0.259s] Level 5:colcon.colcon_core.verb:set package 'iit_commons' build argument 'cmake_clean_cache' from command line to 'False'
[0.259s] Level 5:colcon.colcon_core.verb:set package 'iit_commons' build argument 'cmake_clean_first' from command line to 'False'
[0.259s] Level 5:colcon.colcon_core.verb:set package 'iit_commons' build argument 'cmake_force_configure' from command line to 'False'
[0.259s] Level 5:colcon.colcon_core.verb:set package 'iit_commons' build argument 'ament_cmake_args' from command line to 'None'
[0.259s] Level 5:colcon.colcon_core.verb:set package 'iit_commons' build argument 'catkin_cmake_args' from command line to 'None'
[0.259s] Level 5:colcon.colcon_core.verb:set package 'iit_commons' build argument 'catkin_skip_building_tests' from command line to 'False'
[0.259s] DEBUG:colcon.colcon_core.verb:Building package 'iit_commons' with the following arguments: {'ament_cmake_args': None, 'build_base': '/home/jonas/Documents/Kamaro/muse_ros2/build/iit_commons', 'catkin_cmake_args': None, 'catkin_skip_building_tests': False, 'cmake_args': None, 'cmake_clean_cache': False, 'cmake_clean_first': False, 'cmake_force_configure': False, 'cmake_target': None, 'cmake_target_skip_unavailable': False, 'install_base': '/home/jonas/Documents/Kamaro/muse_ros2/install/iit_commons', 'merge_install': False, 'path': '/home/jonas/Documents/Kamaro/muse_ros2/muse_ws/src/iit_commons', 'symlink_install': True, 'test_result_base': None}
[0.259s] Level 5:colcon.colcon_core.verb:set package 'state_estimator_msgs' build argument 'cmake_args' from command line to 'None'
[0.259s] Level 5:colcon.colcon_core.verb:set package 'state_estimator_msgs' build argument 'cmake_target' from command line to 'None'
[0.259s] Level 5:colcon.colcon_core.verb:set package 'state_estimator_msgs' build argument 'cmake_target_skip_unavailable' from command line to 'False'
[0.259s] Level 5:colcon.colcon_core.verb:set package 'state_estimator_msgs' build argument 'cmake_clean_cache' from command line to 'False'
[0.259s] Level 5:colcon.colcon_core.verb:set package 'state_estimator_msgs' build argument 'cmake_clean_first' from command line to 'False'
[0.259s] Level 5:colcon.colcon_core.verb:set package 'state_estimator_msgs' build argument 'cmake_force_configure' from command line to 'False'
[0.259s] Level 5:colcon.colcon_core.verb:set package 'state_estimator_msgs' build argument 'ament_cmake_args' from command line to 'None'
[0.259s] Level 5:colcon.colcon_core.verb:set package 'state_estimator_msgs' build argument 'catkin_cmake_args' from command line to 'None'
[0.259s] Level 5:colcon.colcon_core.verb:set package 'state_estimator_msgs' build argument 'catkin_skip_building_tests' from command line to 'False'
[0.259s] DEBUG:colcon.colcon_core.verb:Building package 'state_estimator_msgs' with the following arguments: {'ament_cmake_args': None, 'build_base': '/home/jonas/Documents/Kamaro/muse_ros2/build/state_estimator_msgs', 'catkin_cmake_args': None, 'catkin_skip_building_tests': False, 'cmake_args': None, 'cmake_clean_cache': False, 'cmake_clean_first': False, 'cmake_force_configure': False, 'cmake_target': None, 'cmake_target_skip_unavailable': False, 'install_base': '/home/jonas/Documents/Kamaro/muse_ros2/install/state_estimator_msgs', 'merge_install': False, 'path': '/home/jonas/Documents/Kamaro/muse_ros2/muse_ws/src/state_estimator_msgs', 'symlink_install': True, 'test_result_base': None}
[0.259s] Level 5:colcon.colcon_core.verb:set package 'state_estimator' build argument 'cmake_args' from command line to 'None'
[0.260s] Level 5:colcon.colcon_core.verb:set package 'state_estimator' build argument 'cmake_target' from command line to 'None'
[0.260s] Level 5:colcon.colcon_core.verb:set package 'state_estimator' build argument 'cmake_target_skip_unavailable' from command line to 'False'
[0.260s] Level 5:colcon.colcon_core.verb:set package 'state_estimator' build argument 'cmake_clean_cache' from command line to 'False'
[0.260s] Level 5:colcon.colcon_core.verb:set package 'state_estimator' build argument 'cmake_clean_first' from command line to 'False'
[0.260s] Level 5:colcon.colcon_core.verb:set package 'state_estimator' build argument 'cmake_force_configure' from command line to 'False'
[0.260s] Level 5:colcon.colcon_core.verb:set package 'state_estimator' build argument 'ament_cmake_args' from command line to 'None'
[0.260s] Level 5:colcon.colcon_core.verb:set package 'state_estimator' build argument 'catkin_cmake_args' from command line to 'None'
[0.260s] Level 5:colcon.colcon_core.verb:set package 'state_estimator' build argument 'catkin_skip_building_tests' from command line to 'False'
[0.260s] DEBUG:colcon.colcon_core.verb:Building package 'state_estimator' with the following arguments: {'ament_cmake_args': None, 'build_base': '/home/jonas/Documents/Kamaro/muse_ros2/build/state_estimator', 'catkin_cmake_args': None, 'catkin_skip_building_tests': False, 'cmake_args': None, 'cmake_clean_cache': False, 'cmake_clean_first': False, 'cmake_force_configure': False, 'cmake_target': None, 'cmake_target_skip_unavailable': False, 'install_base': '/home/jonas/Documents/Kamaro/muse_ros2/install/state_estimator', 'merge_install': False, 'path': '/home/jonas/Documents/Kamaro/muse_ros2/muse_ws/src/state_estimator', 'symlink_install': True, 'test_result_base': None}
[0.260s] INFO:colcon.colcon_core.executor:Executing jobs using 'parallel' executor
[0.261s] DEBUG:colcon.colcon_parallel_executor.executor.parallel:run_until_complete
[0.261s] INFO:colcon.colcon_ros.task.catkin.build:Building ROS package in '/home/jonas/Documents/Kamaro/muse_ros2/muse_ws/src/iit_commons' with build type 'catkin'
[0.261s] INFO:colcon.colcon_cmake.task.cmake.build:Building CMake package in '/home/jonas/Documents/Kamaro/muse_ros2/muse_ws/src/iit_commons'
[0.263s] INFO:colcon.colcon_core.plugin_system:Skipping extension 'colcon_core.shell.bat': Not used on non-Windows systems
[0.263s] INFO:colcon.colcon_core.shell:Skip shell extension 'powershell' for command environment: Not usable outside of PowerShell
[0.263s] DEBUG:colcon.colcon_core.shell:Skip shell extension 'dsv' for command environment
[0.266s] INFO:colcon.colcon_ros.task.catkin.build:Building ROS package in '/home/jonas/Documents/Kamaro/muse_ros2/muse_ws/src/state_estimator_msgs' with build type 'catkin'
[0.266s] INFO:colcon.colcon_cmake.task.cmake.build:Building CMake package in '/home/jonas/Documents/Kamaro/muse_ros2/muse_ws/src/state_estimator_msgs'
[0.267s] INFO:colcon.colcon_core.shell:Skip shell extension 'powershell' for command environment: Not usable outside of PowerShell
[0.267s] DEBUG:colcon.colcon_core.shell:Skip shell extension 'dsv' for command environment
[0.277s] DEBUG:colcon.colcon_core.event_handler.log_command:Invoking command in '/home/jonas/Documents/Kamaro/muse_ros2/build/iit_commons': DEBUGINFOD_URLS=https://debuginfod.ubuntu.com /usr/bin/cmake --build /home/jonas/Documents/Kamaro/muse_ros2/build/iit_commons -- -j12 -l12
[0.281s] DEBUG:colcon.colcon_core.event_handler.log_command:Invoking command in '/home/jonas/Documents/Kamaro/muse_ros2/build/state_estimator_msgs': DEBUGINFOD_URLS=https://debuginfod.ubuntu.com /usr/bin/cmake --build /home/jonas/Documents/Kamaro/muse_ros2/build/state_estimator_msgs -- -j12 -l12
[0.404s] DEBUG:colcon.colcon_core.event_handler.log_command:Invoked command in '/home/jonas/Documents/Kamaro/muse_ros2/build/iit_commons' returned '0': DEBUGINFOD_URLS=https://debuginfod.ubuntu.com /usr/bin/cmake --build /home/jonas/Documents/Kamaro/muse_ros2/build/iit_commons -- -j12 -l12
[0.421s] DEBUG:colcon.colcon_core.event_handler.log_command:Invoking command in '/home/jonas/Documents/Kamaro/muse_ros2/build/iit_commons': DEBUGINFOD_URLS=https://debuginfod.ubuntu.com /usr/bin/cmake --install /home/jonas/Documents/Kamaro/muse_ros2/build/iit_commons
[0.442s] Level 1:colcon.colcon_core.shell:create_environment_hook('iit_commons', 'ros_package_path')
[0.443s] INFO:colcon.colcon_core.shell:Creating environment hook '/home/jonas/Documents/Kamaro/muse_ros2/install/iit_commons/share/iit_commons/hook/ros_package_path.ps1'
[0.445s] INFO:colcon.colcon_core.shell:Creating environment descriptor '/home/jonas/Documents/Kamaro/muse_ros2/install/iit_commons/share/iit_commons/hook/ros_package_path.dsv'
[0.445s] INFO:colcon.colcon_core.shell:Creating environment hook '/home/jonas/Documents/Kamaro/muse_ros2/install/iit_commons/share/iit_commons/hook/ros_package_path.sh'
[0.446s] Level 1:colcon.colcon_core.shell:create_environment_hook('iit_commons', 'pkg_config_path')
[0.447s] INFO:colcon.colcon_core.shell:Creating environment hook '/home/jonas/Documents/Kamaro/muse_ros2/install/iit_commons/share/iit_commons/hook/pkg_config_path.ps1'
[0.447s] INFO:colcon.colcon_core.shell:Creating environment descriptor '/home/jonas/Documents/Kamaro/muse_ros2/install/iit_commons/share/iit_commons/hook/pkg_config_path.dsv'
[0.450s] INFO:colcon.colcon_core.shell:Creating environment hook '/home/jonas/Documents/Kamaro/muse_ros2/install/iit_commons/share/iit_commons/hook/pkg_config_path.sh'
[0.453s] DEBUG:colcon.colcon_core.event_handler.log_command:Invoked command in '/home/jonas/Documents/Kamaro/muse_ros2/build/iit_commons' returned '0': DEBUGINFOD_URLS=https://debuginfod.ubuntu.com /usr/bin/cmake --install /home/jonas/Documents/Kamaro/muse_ros2/build/iit_commons
[0.459s] Level 1:colcon.colcon_core.shell:create_environment_hook('iit_commons', 'pkg_config_path_multiarch')
[0.459s] INFO:colcon.colcon_core.shell:Creating environment hook '/home/jonas/Documents/Kamaro/muse_ros2/install/iit_commons/share/iit_commons/hook/pkg_config_path_multiarch.ps1'
[0.460s] INFO:colcon.colcon_core.shell:Creating environment descriptor '/home/jonas/Documents/Kamaro/muse_ros2/install/iit_commons/share/iit_commons/hook/pkg_config_path_multiarch.dsv'
[0.460s] INFO:colcon.colcon_core.shell:Creating environment hook '/home/jonas/Documents/Kamaro/muse_ros2/install/iit_commons/share/iit_commons/hook/pkg_config_path_multiarch.sh'
[0.461s] Level 1:colcon.colcon_core.environment:create_environment_scripts_only(iit_commons)
[0.464s] Level 1:colcon.colcon_core.environment:checking '/home/jonas/Documents/Kamaro/muse_ros2/install/iit_commons' for CMake module files
[0.464s] Level 1:colcon.colcon_core.environment:checking '/home/jonas/Documents/Kamaro/muse_ros2/install/iit_commons' for CMake config files
[0.465s] Level 1:colcon.colcon_core.shell:create_environment_hook('iit_commons', 'cmake_prefix_path')
[0.465s] INFO:colcon.colcon_core.shell:Creating environment hook '/home/jonas/Documents/Kamaro/muse_ros2/install/iit_commons/share/iit_commons/hook/cmake_prefix_path.ps1'
[0.466s] INFO:colcon.colcon_core.shell:Creating environment descriptor '/home/jonas/Documents/Kamaro/muse_ros2/install/iit_commons/share/iit_commons/hook/cmake_prefix_path.dsv'
[0.466s] INFO:colcon.colcon_core.shell:Creating environment hook '/home/jonas/Documents/Kamaro/muse_ros2/install/iit_commons/share/iit_commons/hook/cmake_prefix_path.sh'
[0.467s] Level 1:colcon.colcon_core.environment:checking '/home/jonas/Documents/Kamaro/muse_ros2/install/iit_commons/lib'
[0.467s] Level 1:colcon.colcon_core.shell:create_environment_hook('iit_commons', 'ld_library_path_lib')
[0.467s] INFO:colcon.colcon_core.shell:Creating environment hook '/home/jonas/Documents/Kamaro/muse_ros2/install/iit_commons/share/iit_commons/hook/ld_library_path_lib.ps1'
[0.468s] INFO:colcon.colcon_core.shell:Creating environment descriptor '/home/jonas/Documents/Kamaro/muse_ros2/install/iit_commons/share/iit_commons/hook/ld_library_path_lib.dsv'
[0.468s] INFO:colcon.colcon_core.shell:Creating environment hook '/home/jonas/Documents/Kamaro/muse_ros2/install/iit_commons/share/iit_commons/hook/ld_library_path_lib.sh'
[0.469s] Level 1:colcon.colcon_core.environment:checking '/home/jonas/Documents/Kamaro/muse_ros2/install/iit_commons/bin'
[0.469s] Level 1:colcon.colcon_core.environment:checking '/home/jonas/Documents/Kamaro/muse_ros2/install/iit_commons/lib/pkgconfig/iit_commons.pc'
[0.469s] Level 1:colcon.colcon_core.environment:checking '/home/jonas/Documents/Kamaro/muse_ros2/install/iit_commons/lib/python3.12/site-packages'
[0.469s] Level 1:colcon.colcon_core.environment:checking '/home/jonas/Documents/Kamaro/muse_ros2/install/iit_commons/bin'
[0.470s] INFO:colcon.colcon_core.shell:Creating package script '/home/jonas/Documents/Kamaro/muse_ros2/install/iit_commons/share/iit_commons/package.ps1'
[0.471s] INFO:colcon.colcon_core.shell:Creating package descriptor '/home/jonas/Documents/Kamaro/muse_ros2/install/iit_commons/share/iit_commons/package.dsv'
[0.471s] INFO:colcon.colcon_core.shell:Creating package script '/home/jonas/Documents/Kamaro/muse_ros2/install/iit_commons/share/iit_commons/package.sh'
[0.472s] INFO:colcon.colcon_core.shell:Creating package script '/home/jonas/Documents/Kamaro/muse_ros2/install/iit_commons/share/iit_commons/package.bash'
[0.473s] INFO:colcon.colcon_core.shell:Creating package script '/home/jonas/Documents/Kamaro/muse_ros2/install/iit_commons/share/iit_commons/package.zsh'
[0.474s] Level 1:colcon.colcon_core.environment:create_file_with_runtime_dependencies(/home/jonas/Documents/Kamaro/muse_ros2/install/iit_commons/share/colcon-core/packages/iit_commons)
[0.821s] DEBUG:colcon.colcon_core.event_handler.log_command:Invoked command in '/home/jonas/Documents/Kamaro/muse_ros2/build/state_estimator_msgs' returned '0': DEBUGINFOD_URLS=https://debuginfod.ubuntu.com /usr/bin/cmake --build /home/jonas/Documents/Kamaro/muse_ros2/build/state_estimator_msgs -- -j12 -l12
[0.822s] DEBUG:colcon.colcon_core.event_handler.log_command:Invoking command in '/home/jonas/Documents/Kamaro/muse_ros2/build/state_estimator_msgs': DEBUGINFOD_URLS=https://debuginfod.ubuntu.com /usr/bin/cmake --install /home/jonas/Documents/Kamaro/muse_ros2/build/state_estimator_msgs
[0.899s] DEBUG:colcon.colcon_core.event_handler.log_command:Invoked command in '/home/jonas/Documents/Kamaro/muse_ros2/build/state_estimator_msgs' returned '0': DEBUGINFOD_URLS=https://debuginfod.ubuntu.com /usr/bin/cmake --install /home/jonas/Documents/Kamaro/muse_ros2/build/state_estimator_msgs
[0.899s] Level 1:colcon.colcon_core.shell:create_environment_hook('state_estimator_msgs', 'ros_package_path')
[0.899s] INFO:colcon.colcon_core.shell:Creating environment hook '/home/jonas/Documents/Kamaro/muse_ros2/install/state_estimator_msgs/share/state_estimator_msgs/hook/ros_package_path.ps1'
[0.900s] INFO:colcon.colcon_core.shell:Creating environment descriptor '/home/jonas/Documents/Kamaro/muse_ros2/install/state_estimator_msgs/share/state_estimator_msgs/hook/ros_package_path.dsv'
[0.900s] INFO:colcon.colcon_core.shell:Creating environment hook '/home/jonas/Documents/Kamaro/muse_ros2/install/state_estimator_msgs/share/state_estimator_msgs/hook/ros_package_path.sh'
[0.901s] Level 1:colcon.colcon_ros.task.catkin:checking '/home/jonas/Documents/Kamaro/muse_ros2/install/state_estimator_msgs/lib/python3.12/site-packages'
[0.901s] Level 1:colcon.colcon_core.shell:create_environment_hook('state_estimator_msgs', 'catkin_pythonpath')
[0.901s] INFO:colcon.colcon_core.shell:Creating environment hook '/home/jonas/Documents/Kamaro/muse_ros2/install/state_estimator_msgs/share/state_estimator_msgs/hook/catkin_pythonpath.ps1'
[0.901s] INFO:colcon.colcon_core.shell:Creating environment descriptor '/home/jonas/Documents/Kamaro/muse_ros2/install/state_estimator_msgs/share/state_estimator_msgs/hook/catkin_pythonpath.dsv'
[0.901s] INFO:colcon.colcon_core.shell:Creating environment hook '/home/jonas/Documents/Kamaro/muse_ros2/install/state_estimator_msgs/share/state_estimator_msgs/hook/catkin_pythonpath.sh'
[0.902s] Level 1:colcon.colcon_core.shell:create_environment_hook('state_estimator_msgs', 'pkg_config_path')
[0.902s] INFO:colcon.colcon_core.shell:Creating environment hook '/home/jonas/Documents/Kamaro/muse_ros2/install/state_estimator_msgs/share/state_estimator_msgs/hook/pkg_config_path.ps1'
[0.902s] INFO:colcon.colcon_core.shell:Creating environment descriptor '/home/jonas/Documents/Kamaro/muse_ros2/install/state_estimator_msgs/share/state_estimator_msgs/hook/pkg_config_path.dsv'
[0.902s] INFO:colcon.colcon_core.shell:Creating environment hook '/home/jonas/Documents/Kamaro/muse_ros2/install/state_estimator_msgs/share/state_estimator_msgs/hook/pkg_config_path.sh'
[0.903s] Level 1:colcon.colcon_core.shell:create_environment_hook('state_estimator_msgs', 'pkg_config_path_multiarch')
[0.903s] INFO:colcon.colcon_core.shell:Creating environment hook '/home/jonas/Documents/Kamaro/muse_ros2/install/state_estimator_msgs/share/state_estimator_msgs/hook/pkg_config_path_multiarch.ps1'
[0.903s] INFO:colcon.colcon_core.shell:Creating environment descriptor '/home/jonas/Documents/Kamaro/muse_ros2/install/state_estimator_msgs/share/state_estimator_msgs/hook/pkg_config_path_multiarch.dsv'
[0.903s] INFO:colcon.colcon_core.shell:Creating environment hook '/home/jonas/Documents/Kamaro/muse_ros2/install/state_estimator_msgs/share/state_estimator_msgs/hook/pkg_config_path_multiarch.sh'
[0.904s] Level 1:colcon.colcon_core.environment:create_environment_scripts_only(state_estimator_msgs)
[0.904s] Level 1:colcon.colcon_core.environment:checking '/home/jonas/Documents/Kamaro/muse_ros2/install/state_estimator_msgs' for CMake module files
[0.905s] Level 1:colcon.colcon_core.environment:checking '/home/jonas/Documents/Kamaro/muse_ros2/install/state_estimator_msgs' for CMake config files
[0.905s] Level 1:colcon.colcon_core.shell:create_environment_hook('state_estimator_msgs', 'cmake_prefix_path')
[0.906s] INFO:colcon.colcon_core.shell:Creating environment hook '/home/jonas/Documents/Kamaro/muse_ros2/install/state_estimator_msgs/share/state_estimator_msgs/hook/cmake_prefix_path.ps1'
[0.906s] INFO:colcon.colcon_core.shell:Creating environment descriptor '/home/jonas/Documents/Kamaro/muse_ros2/install/state_estimator_msgs/share/state_estimator_msgs/hook/cmake_prefix_path.dsv'
[0.906s] INFO:colcon.colcon_core.shell:Creating environment hook '/home/jonas/Documents/Kamaro/muse_ros2/install/state_estimator_msgs/share/state_estimator_msgs/hook/cmake_prefix_path.sh'
[0.907s] Level 1:colcon.colcon_core.environment:checking '/home/jonas/Documents/Kamaro/muse_ros2/install/state_estimator_msgs/lib'
[0.907s] Level 1:colcon.colcon_core.shell:create_environment_hook('state_estimator_msgs', 'ld_library_path_lib')
[0.907s] INFO:colcon.colcon_core.shell:Creating environment hook '/home/jonas/Documents/Kamaro/muse_ros2/install/state_estimator_msgs/share/state_estimator_msgs/hook/ld_library_path_lib.ps1'
[0.907s] INFO:colcon.colcon_core.shell:Creating environment descriptor '/home/jonas/Documents/Kamaro/muse_ros2/install/state_estimator_msgs/share/state_estimator_msgs/hook/ld_library_path_lib.dsv'
[0.907s] INFO:colcon.colcon_core.shell:Creating environment hook '/home/jonas/Documents/Kamaro/muse_ros2/install/state_estimator_msgs/share/state_estimator_msgs/hook/ld_library_path_lib.sh'
[0.907s] Level 1:colcon.colcon_core.environment:checking '/home/jonas/Documents/Kamaro/muse_ros2/install/state_estimator_msgs/bin'
[0.908s] Level 1:colcon.colcon_core.environment:checking '/home/jonas/Documents/Kamaro/muse_ros2/install/state_estimator_msgs/lib/pkgconfig/state_estimator_msgs.pc'
[0.908s] Level 1:colcon.colcon_core.environment:checking '/home/jonas/Documents/Kamaro/muse_ros2/install/state_estimator_msgs/lib/python3.12/site-packages'
[0.908s] Level 1:colcon.colcon_core.shell:create_environment_hook('state_estimator_msgs', 'pythonpath')
[0.908s] INFO:colcon.colcon_core.shell:Creating environment hook '/home/jonas/Documents/Kamaro/muse_ros2/install/state_estimator_msgs/share/state_estimator_msgs/hook/pythonpath.ps1'
[0.908s] INFO:colcon.colcon_core.shell:Creating environment descriptor '/home/jonas/Documents/Kamaro/muse_ros2/install/state_estimator_msgs/share/state_estimator_msgs/hook/pythonpath.dsv'
[0.908s] INFO:colcon.colcon_core.shell:Creating environment hook '/home/jonas/Documents/Kamaro/muse_ros2/install/state_estimator_msgs/share/state_estimator_msgs/hook/pythonpath.sh'
[0.909s] Level 1:colcon.colcon_core.environment:checking '/home/jonas/Documents/Kamaro/muse_ros2/install/state_estimator_msgs/bin'
[0.909s] INFO:colcon.colcon_core.shell:Creating package script '/home/jonas/Documents/Kamaro/muse_ros2/install/state_estimator_msgs/share/state_estimator_msgs/package.ps1'
[0.910s] INFO:colcon.colcon_core.shell:Creating package descriptor '/home/jonas/Documents/Kamaro/muse_ros2/install/state_estimator_msgs/share/state_estimator_msgs/package.dsv'
[0.910s] INFO:colcon.colcon_core.shell:Creating package script '/home/jonas/Documents/Kamaro/muse_ros2/install/state_estimator_msgs/share/state_estimator_msgs/package.sh'
[0.911s] INFO:colcon.colcon_core.shell:Creating package script '/home/jonas/Documents/Kamaro/muse_ros2/install/state_estimator_msgs/share/state_estimator_msgs/package.bash'
[0.911s] INFO:colcon.colcon_core.shell:Creating package script '/home/jonas/Documents/Kamaro/muse_ros2/install/state_estimator_msgs/share/state_estimator_msgs/package.zsh'
[0.911s] Level 1:colcon.colcon_core.environment:create_file_with_runtime_dependencies(/home/jonas/Documents/Kamaro/muse_ros2/install/state_estimator_msgs/share/colcon-core/packages/state_estimator_msgs)
[0.911s] INFO:colcon.colcon_ros.task.ament_cmake.build:Building ROS package in '/home/jonas/Documents/Kamaro/muse_ros2/muse_ws/src/state_estimator' with build type 'ament_cmake'
[0.912s] INFO:colcon.colcon_cmake.task.cmake.build:Building CMake package in '/home/jonas/Documents/Kamaro/muse_ros2/muse_ws/src/state_estimator'
[0.912s] INFO:colcon.colcon_core.shell:Skip shell extension 'powershell' for command environment: Not usable outside of PowerShell
[0.912s] DEBUG:colcon.colcon_core.shell:Skip shell extension 'dsv' for command environment
[0.930s] DEBUG:colcon.colcon_core.event_handler.log_command:Invoking command in '/home/jonas/Documents/Kamaro/muse_ros2/build/state_estimator': CMAKE_PREFIX_PATH=/opt/ros/rolling:/home/jonas/Documents/Kamaro/muse_ros2/install/state_estimator_msgs:/home/jonas/Documents/Kamaro/muse_ros2/install/iit_commons:${CMAKE_PREFIX_PATH} DEBUGINFOD_URLS=https://debuginfod.ubuntu.com LD_LIBRARY_PATH=/home/jonas/Documents/Kamaro/muse_ros2/install/state_estimator_msgs/lib:/home/jonas/Documents/Kamaro/muse_ros2/install/iit_commons/lib:${LD_LIBRARY_PATH} PKG_CONFIG_PATH=/home/jonas/Documents/Kamaro/muse_ros2/install/state_estimator_msgs/lib/x86_64-linux-gnu/pkgconfig:/home/jonas/Documents/Kamaro/muse_ros2/install/state_estimator_msgs/lib/pkgconfig:/home/jonas/Documents/Kamaro/muse_ros2/install/iit_commons/lib/x86_64-linux-gnu/pkgconfig:/home/jonas/Documents/Kamaro/muse_ros2/install/iit_commons/lib/pkgconfig PYTHONPATH=/home/jonas/Documents/Kamaro/muse_ros2/install/state_estimator_msgs/lib/python3.12/site-packages:${PYTHONPATH} ROS_PACKAGE_PATH=/home/jonas/Documents/Kamaro/muse_ros2/install/state_estimator_msgs/share:/home/jonas/Documents/Kamaro/muse_ros2/install/iit_commons/share /usr/bin/cmake --build /home/jonas/Documents/Kamaro/muse_ros2/build/state_estimator -- -j12 -l12
[35.898s] DEBUG:colcon.colcon_core.event_handler.log_command:Invoked command in '/home/jonas/Documents/Kamaro/muse_ros2/build/state_estimator' returned '0': CMAKE_PREFIX_PATH=/opt/ros/rolling:/home/jonas/Documents/Kamaro/muse_ros2/install/state_estimator_msgs:/home/jonas/Documents/Kamaro/muse_ros2/install/iit_commons:${CMAKE_PREFIX_PATH} DEBUGINFOD_URLS=https://debuginfod.ubuntu.com LD_LIBRARY_PATH=/home/jonas/Documents/Kamaro/muse_ros2/install/state_estimator_msgs/lib:/home/jonas/Documents/Kamaro/muse_ros2/install/iit_commons/lib:${LD_LIBRARY_PATH} PKG_CONFIG_PATH=/home/jonas/Documents/Kamaro/muse_ros2/install/state_estimator_msgs/lib/x86_64-linux-gnu/pkgconfig:/home/jonas/Documents/Kamaro/muse_ros2/install/state_estimator_msgs/lib/pkgconfig:/home/jonas/Documents/Kamaro/muse_ros2/install/iit_commons/lib/x86_64-linux-gnu/pkgconfig:/home/jonas/Documents/Kamaro/muse_ros2/install/iit_commons/lib/pkgconfig PYTHONPATH=/home/jonas/Documents/Kamaro/muse_ros2/install/state_estimator_msgs/lib/python3.12/site-packages:${PYTHONPATH} ROS_PACKAGE_PATH=/home/jonas/Documents/Kamaro/muse_ros2/install/state_estimator_msgs/share:/home/jonas/Documents/Kamaro/muse_ros2/install/iit_commons/share /usr/bin/cmake --build /home/jonas/Documents/Kamaro/muse_ros2/build/state_estimator -- -j12 -l12
[35.900s] DEBUG:colcon.colcon_core.event_handler.log_command:Invoking command in '/home/jonas/Documents/Kamaro/muse_ros2/build/state_estimator': CMAKE_PREFIX_PATH=/opt/ros/rolling:/home/jonas/Documents/Kamaro/muse_ros2/install/state_estimator_msgs:/home/jonas/Documents/Kamaro/muse_ros2/install/iit_commons:${CMAKE_PREFIX_PATH} DEBUGINFOD_URLS=https://debuginfod.ubuntu.com LD_LIBRARY_PATH=/home/jonas/Documents/Kamaro/muse_ros2/install/state_estimator_msgs/lib:/home/jonas/Documents/Kamaro/muse_ros2/install/iit_commons/lib:${LD_LIBRARY_PATH} PKG_CONFIG_PATH=/home/jonas/Documents/Kamaro/muse_ros2/install/state_estimator_msgs/lib/x86_64-linux-gnu/pkgconfig:/home/jonas/Documents/Kamaro/muse_ros2/install/state_estimator_msgs/lib/pkgconfig:/home/jonas/Documents/Kamaro/muse_ros2/install/iit_commons/lib/x86_64-linux-gnu/pkgconfig:/home/jonas/Documents/Kamaro/muse_ros2/install/iit_commons/lib/pkgconfig PYTHONPATH=/home/jonas/Documents/Kamaro/muse_ros2/install/state_estimator_msgs/lib/python3.12/site-packages:${PYTHONPATH} ROS_PACKAGE_PATH=/home/jonas/Documents/Kamaro/muse_ros2/install/state_estimator_msgs/share:/home/jonas/Documents/Kamaro/muse_ros2/install/iit_commons/share /usr/bin/cmake --install /home/jonas/Documents/Kamaro/muse_ros2/build/state_estimator
[36.003s] Level 1:colcon.colcon_core.environment:create_environment_scripts_only(state_estimator)
[36.003s] Level 1:colcon.colcon_core.environment:checking '/home/jonas/Documents/Kamaro/muse_ros2/install/state_estimator' for CMake module files
[36.003s] DEBUG:colcon.colcon_core.event_handler.log_command:Invoked command in '/home/jonas/Documents/Kamaro/muse_ros2/build/state_estimator' returned '0': CMAKE_PREFIX_PATH=/opt/ros/rolling:/home/jonas/Documents/Kamaro/muse_ros2/install/state_estimator_msgs:/home/jonas/Documents/Kamaro/muse_ros2/install/iit_commons:${CMAKE_PREFIX_PATH} DEBUGINFOD_URLS=https://debuginfod.ubuntu.com LD_LIBRARY_PATH=/home/jonas/Documents/Kamaro/muse_ros2/install/state_estimator_msgs/lib:/home/jonas/Documents/Kamaro/muse_ros2/install/iit_commons/lib:${LD_LIBRARY_PATH} PKG_CONFIG_PATH=/home/jonas/Documents/Kamaro/muse_ros2/install/state_estimator_msgs/lib/x86_64-linux-gnu/pkgconfig:/home/jonas/Documents/Kamaro/muse_ros2/install/state_estimator_msgs/lib/pkgconfig:/home/jonas/Documents/Kamaro/muse_ros2/install/iit_commons/lib/x86_64-linux-gnu/pkgconfig:/home/jonas/Documents/Kamaro/muse_ros2/install/iit_commons/lib/pkgconfig PYTHONPATH=/home/jonas/Documents/Kamaro/muse_ros2/install/state_estimator_msgs/lib/python3.12/site-packages:${PYTHONPATH} ROS_PACKAGE_PATH=/home/jonas/Documents/Kamaro/muse_ros2/install/state_estimator_msgs/share:/home/jonas/Documents/Kamaro/muse_ros2/install/iit_commons/share /usr/bin/cmake --install /home/jonas/Documents/Kamaro/muse_ros2/build/state_estimator
[36.004s] Level 1:colcon.colcon_core.environment:checking '/home/jonas/Documents/Kamaro/muse_ros2/install/state_estimator' for CMake config files
[36.005s] Level 1:colcon.colcon_core.shell:create_environment_hook('state_estimator', 'cmake_prefix_path')
[36.005s] INFO:colcon.colcon_core.shell:Creating environment hook '/home/jonas/Documents/Kamaro/muse_ros2/install/state_estimator/share/state_estimator/hook/cmake_prefix_path.ps1'
[36.005s] INFO:colcon.colcon_core.shell:Creating environment descriptor '/home/jonas/Documents/Kamaro/muse_ros2/install/state_estimator/share/state_estimator/hook/cmake_prefix_path.dsv'
[36.006s] INFO:colcon.colcon_core.shell:Creating environment hook '/home/jonas/Documents/Kamaro/muse_ros2/install/state_estimator/share/state_estimator/hook/cmake_prefix_path.sh'
[36.006s] Level 1:colcon.colcon_core.environment:checking '/home/jonas/Documents/Kamaro/muse_ros2/install/state_estimator/lib'
[36.006s] Level 1:colcon.colcon_core.shell:create_environment_hook('state_estimator', 'ld_library_path_lib')
[36.007s] INFO:colcon.colcon_core.shell:Creating environment hook '/home/jonas/Documents/Kamaro/muse_ros2/install/state_estimator/share/state_estimator/hook/ld_library_path_lib.ps1'
[36.007s] INFO:colcon.colcon_core.shell:Creating environment descriptor '/home/jonas/Documents/Kamaro/muse_ros2/install/state_estimator/share/state_estimator/hook/ld_library_path_lib.dsv'
[36.007s] INFO:colcon.colcon_core.shell:Creating environment hook '/home/jonas/Documents/Kamaro/muse_ros2/install/state_estimator/share/state_estimator/hook/ld_library_path_lib.sh'
[36.008s] Level 1:colcon.colcon_core.environment:checking '/home/jonas/Documents/Kamaro/muse_ros2/install/state_estimator/bin'
[36.008s] Level 1:colcon.colcon_core.environment:checking '/home/jonas/Documents/Kamaro/muse_ros2/install/state_estimator/lib/pkgconfig/state_estimator.pc'
[36.008s] Level 1:colcon.colcon_core.environment:checking '/home/jonas/Documents/Kamaro/muse_ros2/install/state_estimator/lib/python3.12/site-packages'
[36.008s] Level 1:colcon.colcon_core.environment:checking '/home/jonas/Documents/Kamaro/muse_ros2/install/state_estimator/bin'
[36.008s] INFO:colcon.colcon_core.shell:Creating package script '/home/jonas/Documents/Kamaro/muse_ros2/install/state_estimator/share/state_estimator/package.ps1'
[36.009s] INFO:colcon.colcon_core.shell:Creating package descriptor '/home/jonas/Documents/Kamaro/muse_ros2/install/state_estimator/share/state_estimator/package.dsv'
[36.009s] INFO:colcon.colcon_core.shell:Creating package script '/home/jonas/Documents/Kamaro/muse_ros2/install/state_estimator/share/state_estimator/package.sh'
[36.009s] INFO:colcon.colcon_core.shell:Creating package script '/home/jonas/Documents/Kamaro/muse_ros2/install/state_estimator/share/state_estimator/package.bash'
[36.010s] INFO:colcon.colcon_core.shell:Creating package script '/home/jonas/Documents/Kamaro/muse_ros2/install/state_estimator/share/state_estimator/package.zsh'
[36.010s] Level 1:colcon.colcon_core.environment:create_file_with_runtime_dependencies(/home/jonas/Documents/Kamaro/muse_ros2/install/state_estimator/share/colcon-core/packages/state_estimator)
[36.011s] Level 1:colcon.colcon_core.environment:create_environment_scripts_only(state_estimator)
[36.011s] Level 1:colcon.colcon_core.environment:checking '/home/jonas/Documents/Kamaro/muse_ros2/install/state_estimator' for CMake module files
[36.011s] Level 1:colcon.colcon_core.environment:checking '/home/jonas/Documents/Kamaro/muse_ros2/install/state_estimator' for CMake config files
[36.012s] Level 1:colcon.colcon_core.shell:create_environment_hook('state_estimator', 'cmake_prefix_path')
[36.012s] INFO:colcon.colcon_core.shell:Creating environment hook '/home/jonas/Documents/Kamaro/muse_ros2/install/state_estimator/share/state_estimator/hook/cmake_prefix_path.ps1'
[36.012s] INFO:colcon.colcon_core.shell:Creating environment descriptor '/home/jonas/Documents/Kamaro/muse_ros2/install/state_estimator/share/state_estimator/hook/cmake_prefix_path.dsv'
[36.013s] INFO:colcon.colcon_core.shell:Creating environment hook '/home/jonas/Documents/Kamaro/muse_ros2/install/state_estimator/share/state_estimator/hook/cmake_prefix_path.sh'
[36.013s] Level 1:colcon.colcon_core.environment:checking '/home/jonas/Documents/Kamaro/muse_ros2/install/state_estimator/lib'
[36.013s] Level 1:colcon.colcon_core.shell:create_environment_hook('state_estimator', 'ld_library_path_lib')
[36.013s] INFO:colcon.colcon_core.shell:Creating environment hook '/home/jonas/Documents/Kamaro/muse_ros2/install/state_estimator/share/state_estimator/hook/ld_library_path_lib.ps1'
[36.014s] INFO:colcon.colcon_core.shell:Creating environment descriptor '/home/jonas/Documents/Kamaro/muse_ros2/install/state_estimator/share/state_estimator/hook/ld_library_path_lib.dsv'
[36.014s] INFO:colcon.colcon_core.shell:Creating environment hook '/home/jonas/Documents/Kamaro/muse_ros2/install/state_estimator/share/state_estimator/hook/ld_library_path_lib.sh'
[36.014s] Level 1:colcon.colcon_core.environment:checking '/home/jonas/Documents/Kamaro/muse_ros2/install/state_estimator/bin'
[36.014s] Level 1:colcon.colcon_core.environment:checking '/home/jonas/Documents/Kamaro/muse_ros2/install/state_estimator/lib/pkgconfig/state_estimator.pc'
[36.015s] Level 1:colcon.colcon_core.environment:checking '/home/jonas/Documents/Kamaro/muse_ros2/install/state_estimator/lib/python3.12/site-packages'
[36.015s] Level 1:colcon.colcon_core.environment:checking '/home/jonas/Documents/Kamaro/muse_ros2/install/state_estimator/bin'
[36.015s] INFO:colcon.colcon_core.shell:Creating package script '/home/jonas/Documents/Kamaro/muse_ros2/install/state_estimator/share/state_estimator/package.ps1'
[36.016s] INFO:colcon.colcon_core.shell:Creating package descriptor '/home/jonas/Documents/Kamaro/muse_ros2/install/state_estimator/share/state_estimator/package.dsv'
[36.016s] INFO:colcon.colcon_core.shell:Creating package script '/home/jonas/Documents/Kamaro/muse_ros2/install/state_estimator/share/state_estimator/package.sh'
[36.016s] INFO:colcon.colcon_core.shell:Creating package script '/home/jonas/Documents/Kamaro/muse_ros2/install/state_estimator/share/state_estimator/package.bash'
[36.017s] INFO:colcon.colcon_core.shell:Creating package script '/home/jonas/Documents/Kamaro/muse_ros2/install/state_estimator/share/state_estimator/package.zsh'
[36.017s] Level 1:colcon.colcon_core.environment:create_file_with_runtime_dependencies(/home/jonas/Documents/Kamaro/muse_ros2/install/state_estimator/share/colcon-core/packages/state_estimator)
[36.017s] DEBUG:colcon.colcon_parallel_executor.executor.parallel:closing loop
[36.018s] DEBUG:colcon.colcon_parallel_executor.executor.parallel:loop closed
[36.018s] DEBUG:colcon.colcon_parallel_executor.executor.parallel:run_until_complete finished with '0'
[36.018s] DEBUG:colcon.colcon_core.event_reactor:joining thread
[36.023s] INFO:colcon.colcon_core.plugin_system:Skipping extension 'colcon_notification.desktop_notification.terminal_notifier': Not used on non-Darwin systems
[36.023s] INFO:colcon.colcon_core.plugin_system:Skipping extension 'colcon_notification.desktop_notification.win32': Not used on non-Windows systems
[36.023s] INFO:colcon.colcon_notification.desktop_notification:Sending desktop notification using 'notify2'
[36.038s] DEBUG:colcon.colcon_core.event_reactor:joined thread
[36.038s] INFO:colcon.colcon_core.shell:Creating prefix script '/home/jonas/Documents/Kamaro/muse_ros2/install/local_setup.ps1'
[36.039s] INFO:colcon.colcon_core.shell:Creating prefix util module '/home/jonas/Documents/Kamaro/muse_ros2/install/_local_setup_util_ps1.py'
[36.040s] INFO:colcon.colcon_core.shell:Creating prefix chain script '/home/jonas/Documents/Kamaro/muse_ros2/install/setup.ps1'
[36.041s] INFO:colcon.colcon_core.shell:Creating prefix script '/home/jonas/Documents/Kamaro/muse_ros2/install/local_setup.sh'
[36.042s] INFO:colcon.colcon_core.shell:Creating prefix util module '/home/jonas/Documents/Kamaro/muse_ros2/install/_local_setup_util_sh.py'
[36.042s] INFO:colcon.colcon_core.shell:Creating prefix chain script '/home/jonas/Documents/Kamaro/muse_ros2/install/setup.sh'
[36.043s] INFO:colcon.colcon_core.shell:Creating prefix script '/home/jonas/Documents/Kamaro/muse_ros2/install/local_setup.bash'
[36.044s] INFO:colcon.colcon_core.shell:Creating prefix chain script '/home/jonas/Documents/Kamaro/muse_ros2/install/setup.bash'
[36.044s] INFO:colcon.colcon_core.shell:Creating prefix script '/home/jonas/Documents/Kamaro/muse_ros2/install/local_setup.zsh'
[36.045s] INFO:colcon.colcon_core.shell:Creating prefix chain script '/home/jonas/Documents/Kamaro/muse_ros2/install/setup.zsh'
