[100%] Built target iit_commons
-- Install configuration: ""
-- Up-to-date: /home/jonas/Documents/Kamaro/muse_ros2/install/iit_commons/include
-- Up-to-date: /home/jonas/Documents/Kamaro/muse_ros2/install/iit_commons/include/iit
-- Up-to-date: /home/jonas/Documents/Kamaro/muse_ros2/install/iit_commons/include/iit/rbd
-- Up-to-date: /home/jonas/Documents/Kamaro/muse_ros2/install/iit_commons/include/iit/rbd/rbd.h
-- Up-to-date: /home/jonas/Documents/Kamaro/muse_ros2/install/iit_commons/include/iit/rbd/StateDependentMatrix.h
-- Up-to-date: /home/jonas/Documents/Kamaro/muse_ros2/install/iit_commons/include/iit/rbd/InertiaMatrix.h
-- Up-to-date: /home/jonas/Documents/Kamaro/muse_ros2/install/iit_commons/include/iit/rbd/StateDependentBase.h
-- Up-to-date: /home/jonas/Documents/Kamaro/muse_ros2/install/iit_commons/include/iit/rbd/robcogen_commons.h
-- Up-to-date: /home/jonas/Documents/Kamaro/muse_ros2/install/iit_commons/include/iit/rbd/TransformsBase.h
-- Up-to-date: /home/jonas/Documents/Kamaro/muse_ros2/install/iit_commons/include/iit/rbd/internals.h
-- Up-to-date: /home/jonas/Documents/Kamaro/muse_ros2/install/iit_commons/include/iit/rbd/utils.h
-- Up-to-date: /home/jonas/Documents/Kamaro/muse_ros2/install/iit_commons/include/iit/rbd/eigen_traits.h
-- Up-to-date: /home/jonas/Documents/Kamaro/muse_ros2/install/iit_commons/include/iit/robcogen
-- Up-to-date: /home/jonas/Documents/Kamaro/muse_ros2/install/iit_commons/include/iit/robcogen/test
-- Up-to-date: /home/jonas/Documents/Kamaro/muse_ros2/install/iit_commons/include/iit/robcogen/test/dynamics_consistency.h
-- Up-to-date: /home/jonas/Documents/Kamaro/muse_ros2/install/iit_commons/include/iit/robcogen/test/dynamics_cmd_line.h
-- Up-to-date: /home/jonas/Documents/Kamaro/muse_ros2/install/iit_commons/include/iit/robcogen/utils.h
-- Up-to-date: /home/jonas/Documents/Kamaro/muse_ros2/install/iit_commons/include/iit/commons
-- Up-to-date: /home/jonas/Documents/Kamaro/muse_ros2/install/iit_commons/include/iit/commons/SL
-- Up-to-date: /home/jonas/Documents/Kamaro/muse_ros2/install/iit_commons/include/iit/commons/SL/joint_status_conversion.h
-- Up-to-date: /home/jonas/Documents/Kamaro/muse_ros2/install/iit_commons/include/iit/commons/SL/rbd_conversion.h
-- Up-to-date: /home/jonas/Documents/Kamaro/muse_ros2/install/iit_commons/include/iit/commons/SL/eigen_conversion.h
-- Up-to-date: /home/jonas/Documents/Kamaro/muse_ros2/install/iit_commons/include/iit/commons/SL/generic_dynamics.h
-- Up-to-date: /home/jonas/Documents/Kamaro/muse_ros2/install/iit_commons/include/iit/commons/control
-- Up-to-date: /home/jonas/Documents/Kamaro/muse_ros2/install/iit_commons/include/iit/commons/control/VirtualModel.hpp
-- Up-to-date: /home/jonas/Documents/Kamaro/muse_ros2/install/iit_commons/include/iit/commons/planning
-- Up-to-date: /home/jonas/Documents/Kamaro/muse_ros2/install/iit_commons/include/iit/commons/planning/planning.h
-- Up-to-date: /home/jonas/Documents/Kamaro/muse_ros2/install/iit_commons/include/iit/commons/four_bar_linkage.h
-- Up-to-date: /home/jonas/Documents/Kamaro/muse_ros2/install/iit_commons/include/iit/commons/euler_angles
-- Up-to-date: /home/jonas/Documents/Kamaro/muse_ros2/install/iit_commons/include/iit/commons/euler_angles/transforms_internal.h
-- Up-to-date: /home/jonas/Documents/Kamaro/muse_ros2/install/iit_commons/include/iit/commons/euler_angles/common.h
-- Up-to-date: /home/jonas/Documents/Kamaro/muse_ros2/install/iit_commons/include/iit/commons/euler_angles/transform.h
-- Up-to-date: /home/jonas/Documents/Kamaro/muse_ros2/install/iit_commons/include/iit/commons/euler_angles/eigen_traits.h
-- Up-to-date: /home/jonas/Documents/Kamaro/muse_ros2/install/iit_commons/include/iit/commons/control.h
-- Up-to-date: /home/jonas/Documents/Kamaro/muse_ros2/install/iit_commons/include/iit/commons/geometry
-- Up-to-date: /home/jonas/Documents/Kamaro/muse_ros2/install/iit_commons/include/iit/commons/geometry/rotations.h
-- Up-to-date: /home/jonas/Documents/Kamaro/muse_ros2/install/iit_commons/include/iit/commons/geometry/polygon.h
-- Up-to-date: /home/jonas/Documents/Kamaro/muse_ros2/install/iit_commons/include/iit/commons/geometry/algebra.h
-- Up-to-date: /home/jonas/Documents/Kamaro/muse_ros2/install/iit_commons/include/iit/commons/dog
-- Up-to-date: /home/jonas/Documents/Kamaro/muse_ros2/install/iit_commons/include/iit/commons/dog/test_k.h
-- Up-to-date: /home/jonas/Documents/Kamaro/muse_ros2/install/iit_commons/include/iit/commons/dog/body_lengths.h
-- Up-to-date: /home/jonas/Documents/Kamaro/muse_ros2/install/iit_commons/include/iit/commons/dog/link_data_map.h
-- Up-to-date: /home/jonas/Documents/Kamaro/muse_ros2/install/iit_commons/include/iit/commons/dog/joint_id_tricks.h
-- Up-to-date: /home/jonas/Documents/Kamaro/muse_ros2/install/iit_commons/include/iit/commons/dog/inverse_dynamics.h
-- Up-to-date: /home/jonas/Documents/Kamaro/muse_ros2/install/iit_commons/include/iit/commons/dog/declarations.h
-- Up-to-date: /home/jonas/Documents/Kamaro/muse_ros2/install/iit_commons/include/iit/commons/dog/robot_limits.h
-- Up-to-date: /home/jonas/Documents/Kamaro/muse_ros2/install/iit_commons/include/iit/commons/dog/feet_contact_forces.h
-- Up-to-date: /home/jonas/Documents/Kamaro/muse_ros2/install/iit_commons/include/iit/commons/dog/inertia_properties.h
-- Up-to-date: /home/jonas/Documents/Kamaro/muse_ros2/install/iit_commons/include/iit/commons/dog/joint_bool_map.h
-- Up-to-date: /home/jonas/Documents/Kamaro/muse_ros2/install/iit_commons/include/iit/commons/dog/inverse_kinematics.h
-- Up-to-date: /home/jonas/Documents/Kamaro/muse_ros2/install/iit_commons/include/iit/commons/dog/kin_dyn_params.h
-- Up-to-date: /home/jonas/Documents/Kamaro/muse_ros2/install/iit_commons/include/iit/commons/dog/leg_data_map.h
-- Up-to-date: /home/jonas/Documents/Kamaro/muse_ros2/install/iit_commons/include/iit/commons/dog/feet_jacobians.h
-- Up-to-date: /home/jonas/Documents/Kamaro/muse_ros2/install/iit_commons/include/iit/commons/dog/forward_kinematics.h
-- Up-to-date: /home/jonas/Documents/Kamaro/muse_ros2/install/iit_commons/include/iit/commons/dog/transforms.h
-- Up-to-date: /home/jonas/Documents/Kamaro/muse_ros2/install/iit_commons/include/iit/commons/dog/joint_data_map.h
-- Up-to-date: /home/jonas/Documents/Kamaro/muse_ros2/install/iit_commons/include/iit/commons/dog/jsim.h
-- Up-to-date: /home/jonas/Documents/Kamaro/muse_ros2/install/iit_commons/include/iit/commons/dog/leg_bool_map.h
-- Up-to-date: /home/jonas/Documents/Kamaro/muse_ros2/install/iit_commons/include/iit/commons/dog/dog.hpp
-- Up-to-date: /home/jonas/Documents/Kamaro/muse_ros2/install/iit_commons/include/iit/commons/dog/shin_jacobians.h
-- Up-to-date: /home/jonas/Documents/Kamaro/muse_ros2/install/iit_commons/include/iit/commons/dog/test_fk.h
-- Up-to-date: /home/jonas/Documents/Kamaro/muse_ros2/install/iit_commons/include/iit/commons/hydraulics.h
-- Up-to-date: /home/jonas/Documents/Kamaro/muse_ros2/install/iit_commons/include/iit/commons/yaml_config
-- Up-to-date: /home/jonas/Documents/Kamaro/muse_ros2/install/iit_commons/include/iit/commons/yaml_config/yaml_config.h
-- Up-to-date: /home/jonas/Documents/Kamaro/muse_ros2/install/iit_commons/include/iit/commons/eigen_matrix_utils.h
-- Up-to-date: /home/jonas/Documents/Kamaro/muse_ros2/install/iit_commons/include/iit/commons/filters.h
-- Up-to-date: /home/jonas/Documents/Kamaro/muse_ros2/install/iit_commons/lib/libiit_commons.so
-- Up-to-date: /home/jonas/Documents/Kamaro/muse_ros2/install/iit_commons/share/iit_commons/environment/library_path.sh
-- Up-to-date: /home/jonas/Documents/Kamaro/muse_ros2/install/iit_commons/share/iit_commons/environment/library_path.dsv
-- Up-to-date: /home/jonas/Documents/Kamaro/muse_ros2/install/iit_commons/share/ament_index/resource_index/package_run_dependencies/iit_commons
-- Up-to-date: /home/jonas/Documents/Kamaro/muse_ros2/install/iit_commons/share/ament_index/resource_index/parent_prefix_path/iit_commons
-- Up-to-date: /home/jonas/Documents/Kamaro/muse_ros2/install/iit_commons/share/iit_commons/environment/ament_prefix_path.sh
-- Up-to-date: /home/jonas/Documents/Kamaro/muse_ros2/install/iit_commons/share/iit_commons/environment/ament_prefix_path.dsv
-- Up-to-date: /home/jonas/Documents/Kamaro/muse_ros2/install/iit_commons/share/iit_commons/environment/path.sh
-- Up-to-date: /home/jonas/Documents/Kamaro/muse_ros2/install/iit_commons/share/iit_commons/environment/path.dsv
-- Up-to-date: /home/jonas/Documents/Kamaro/muse_ros2/install/iit_commons/share/iit_commons/local_setup.bash
-- Up-to-date: /home/jonas/Documents/Kamaro/muse_ros2/install/iit_commons/share/iit_commons/local_setup.sh
-- Up-to-date: /home/jonas/Documents/Kamaro/muse_ros2/install/iit_commons/share/iit_commons/local_setup.zsh
-- Up-to-date: /home/jonas/Documents/Kamaro/muse_ros2/install/iit_commons/share/iit_commons/local_setup.dsv
-- Installing: /home/jonas/Documents/Kamaro/muse_ros2/install/iit_commons/share/iit_commons/package.dsv
-- Up-to-date: /home/jonas/Documents/Kamaro/muse_ros2/install/iit_commons/share/ament_index/resource_index/packages/iit_commons
-- Up-to-date: /home/jonas/Documents/Kamaro/muse_ros2/install/iit_commons/share/iit_commons/cmake/ament_cmake_export_include_directories-extras.cmake
-- Up-to-date: /home/jonas/Documents/Kamaro/muse_ros2/install/iit_commons/share/iit_commons/cmake/ament_cmake_export_libraries-extras.cmake
-- Up-to-date: /home/jonas/Documents/Kamaro/muse_ros2/install/iit_commons/share/iit_commons/cmake/ament_cmake_export_dependencies-extras.cmake
-- Up-to-date: /home/jonas/Documents/Kamaro/muse_ros2/install/iit_commons/share/iit_commons/cmake/iit_commonsConfig.cmake
-- Up-to-date: /home/jonas/Documents/Kamaro/muse_ros2/install/iit_commons/share/iit_commons/cmake/iit_commonsConfig-version.cmake
-- Up-to-date: /home/jonas/Documents/Kamaro/muse_ros2/install/iit_commons/share/iit_commons/package.xml
