[0.015s] Invoking command in '/home/jonas/Documents/Kamaro/muse_ros2/build/iit_commons': DEBUGINFOD_URLS=https://debuginfod.ubuntu.com /usr/bin/cmake --build /home/jonas/Documents/Kamaro/muse_ros2/build/iit_commons -- -j12 -l12
[0.117s] [100%] Built target iit_commons
[0.143s] Invoked command in '/home/jonas/Documents/Kamaro/muse_ros2/build/iit_commons' returned '0': DEBUGINFOD_URLS=https://debuginfod.ubuntu.com /usr/bin/cmake --build /home/jonas/Documents/Kamaro/muse_ros2/build/iit_commons -- -j12 -l12
[0.159s] Invoking command in '/home/jonas/Documents/Kamaro/muse_ros2/build/iit_commons': DEBUGINFOD_URLS=https://debuginfod.ubuntu.com /usr/bin/cmake --install /home/jonas/Documents/Kamaro/muse_ros2/build/iit_commons
[0.174s] -- Install configuration: ""
[0.174s] -- Up-to-date: /home/jonas/Documents/Kamaro/muse_ros2/install/iit_commons/include
[0.174s] -- Up-to-date: /home/jonas/Documents/Kamaro/muse_ros2/install/iit_commons/include/iit
[0.174s] -- Up-to-date: /home/jonas/Documents/Kamaro/muse_ros2/install/iit_commons/include/iit/rbd
[0.174s] -- Up-to-date: /home/jonas/Documents/Kamaro/muse_ros2/install/iit_commons/include/iit/rbd/rbd.h
[0.175s] -- Up-to-date: /home/jonas/Documents/Kamaro/muse_ros2/install/iit_commons/include/iit/rbd/StateDependentMatrix.h
[0.175s] -- Up-to-date: /home/jonas/Documents/Kamaro/muse_ros2/install/iit_commons/include/iit/rbd/InertiaMatrix.h
[0.175s] -- Up-to-date: /home/jonas/Documents/Kamaro/muse_ros2/install/iit_commons/include/iit/rbd/StateDependentBase.h
[0.175s] -- Up-to-date: /home/jonas/Documents/Kamaro/muse_ros2/install/iit_commons/include/iit/rbd/robcogen_commons.h
[0.175s] -- Up-to-date: /home/jonas/Documents/Kamaro/muse_ros2/install/iit_commons/include/iit/rbd/TransformsBase.h
[0.175s] -- Up-to-date: /home/jonas/Documents/Kamaro/muse_ros2/install/iit_commons/include/iit/rbd/internals.h
[0.176s] -- Up-to-date: /home/jonas/Documents/Kamaro/muse_ros2/install/iit_commons/include/iit/rbd/utils.h
[0.176s] -- Up-to-date: /home/jonas/Documents/Kamaro/muse_ros2/install/iit_commons/include/iit/rbd/eigen_traits.h
[0.176s] -- Up-to-date: /home/jonas/Documents/Kamaro/muse_ros2/install/iit_commons/include/iit/robcogen
[0.176s] -- Up-to-date: /home/jonas/Documents/Kamaro/muse_ros2/install/iit_commons/include/iit/robcogen/test
[0.176s] -- Up-to-date: /home/jonas/Documents/Kamaro/muse_ros2/install/iit_commons/include/iit/robcogen/test/dynamics_consistency.h
[0.176s] -- Up-to-date: /home/jonas/Documents/Kamaro/muse_ros2/install/iit_commons/include/iit/robcogen/test/dynamics_cmd_line.h
[0.177s] -- Up-to-date: /home/jonas/Documents/Kamaro/muse_ros2/install/iit_commons/include/iit/robcogen/utils.h
[0.177s] -- Up-to-date: /home/jonas/Documents/Kamaro/muse_ros2/install/iit_commons/include/iit/commons
[0.177s] -- Up-to-date: /home/jonas/Documents/Kamaro/muse_ros2/install/iit_commons/include/iit/commons/SL
[0.177s] -- Up-to-date: /home/jonas/Documents/Kamaro/muse_ros2/install/iit_commons/include/iit/commons/SL/joint_status_conversion.h
[0.177s] -- Up-to-date: /home/jonas/Documents/Kamaro/muse_ros2/install/iit_commons/include/iit/commons/SL/rbd_conversion.h
[0.178s] -- Up-to-date: /home/jonas/Documents/Kamaro/muse_ros2/install/iit_commons/include/iit/commons/SL/eigen_conversion.h
[0.178s] -- Up-to-date: /home/jonas/Documents/Kamaro/muse_ros2/install/iit_commons/include/iit/commons/SL/generic_dynamics.h
[0.178s] -- Up-to-date: /home/jonas/Documents/Kamaro/muse_ros2/install/iit_commons/include/iit/commons/control
[0.178s] -- Up-to-date: /home/jonas/Documents/Kamaro/muse_ros2/install/iit_commons/include/iit/commons/control/VirtualModel.hpp
[0.178s] -- Up-to-date: /home/jonas/Documents/Kamaro/muse_ros2/install/iit_commons/include/iit/commons/planning
[0.178s] -- Up-to-date: /home/jonas/Documents/Kamaro/muse_ros2/install/iit_commons/include/iit/commons/planning/planning.h
[0.178s] -- Up-to-date: /home/jonas/Documents/Kamaro/muse_ros2/install/iit_commons/include/iit/commons/four_bar_linkage.h
[0.178s] -- Up-to-date: /home/jonas/Documents/Kamaro/muse_ros2/install/iit_commons/include/iit/commons/euler_angles
[0.178s] -- Up-to-date: /home/jonas/Documents/Kamaro/muse_ros2/install/iit_commons/include/iit/commons/euler_angles/transforms_internal.h
[0.178s] -- Up-to-date: /home/jonas/Documents/Kamaro/muse_ros2/install/iit_commons/include/iit/commons/euler_angles/common.h
[0.179s] -- Up-to-date: /home/jonas/Documents/Kamaro/muse_ros2/install/iit_commons/include/iit/commons/euler_angles/transform.h
[0.179s] -- Up-to-date: /home/jonas/Documents/Kamaro/muse_ros2/install/iit_commons/include/iit/commons/euler_angles/eigen_traits.h
[0.179s] -- Up-to-date: /home/jonas/Documents/Kamaro/muse_ros2/install/iit_commons/include/iit/commons/control.h
[0.179s] -- Up-to-date: /home/jonas/Documents/Kamaro/muse_ros2/install/iit_commons/include/iit/commons/geometry
[0.179s] -- Up-to-date: /home/jonas/Documents/Kamaro/muse_ros2/install/iit_commons/include/iit/commons/geometry/rotations.h
[0.179s] -- Up-to-date: /home/jonas/Documents/Kamaro/muse_ros2/install/iit_commons/include/iit/commons/geometry/polygon.h
[0.180s] -- Up-to-date: /home/jonas/Documents/Kamaro/muse_ros2/install/iit_commons/include/iit/commons/geometry/algebra.h
[0.180s] -- Up-to-date: /home/jonas/Documents/Kamaro/muse_ros2/install/iit_commons/include/iit/commons/dog
[0.180s] -- Up-to-date: /home/jonas/Documents/Kamaro/muse_ros2/install/iit_commons/include/iit/commons/dog/test_k.h
[0.180s] -- Up-to-date: /home/jonas/Documents/Kamaro/muse_ros2/install/iit_commons/include/iit/commons/dog/body_lengths.h
[0.180s] -- Up-to-date: /home/jonas/Documents/Kamaro/muse_ros2/install/iit_commons/include/iit/commons/dog/link_data_map.h
[0.180s] -- Up-to-date: /home/jonas/Documents/Kamaro/muse_ros2/install/iit_commons/include/iit/commons/dog/joint_id_tricks.h
[0.181s] -- Up-to-date: /home/jonas/Documents/Kamaro/muse_ros2/install/iit_commons/include/iit/commons/dog/inverse_dynamics.h
[0.182s] -- Up-to-date: /home/jonas/Documents/Kamaro/muse_ros2/install/iit_commons/include/iit/commons/dog/declarations.h
[0.183s] -- Up-to-date: /home/jonas/Documents/Kamaro/muse_ros2/install/iit_commons/include/iit/commons/dog/robot_limits.h
[0.183s] -- Up-to-date: /home/jonas/Documents/Kamaro/muse_ros2/install/iit_commons/include/iit/commons/dog/feet_contact_forces.h
[0.183s] -- Up-to-date: /home/jonas/Documents/Kamaro/muse_ros2/install/iit_commons/include/iit/commons/dog/inertia_properties.h
[0.184s] -- Up-to-date: /home/jonas/Documents/Kamaro/muse_ros2/install/iit_commons/include/iit/commons/dog/joint_bool_map.h
[0.186s] -- Up-to-date: /home/jonas/Documents/Kamaro/muse_ros2/install/iit_commons/include/iit/commons/dog/inverse_kinematics.h
[0.186s] -- Up-to-date: /home/jonas/Documents/Kamaro/muse_ros2/install/iit_commons/include/iit/commons/dog/kin_dyn_params.h
[0.186s] -- Up-to-date: /home/jonas/Documents/Kamaro/muse_ros2/install/iit_commons/include/iit/commons/dog/leg_data_map.h
[0.186s] -- Up-to-date: /home/jonas/Documents/Kamaro/muse_ros2/install/iit_commons/include/iit/commons/dog/feet_jacobians.h
[0.186s] -- Up-to-date: /home/jonas/Documents/Kamaro/muse_ros2/install/iit_commons/include/iit/commons/dog/forward_kinematics.h
[0.186s] -- Up-to-date: /home/jonas/Documents/Kamaro/muse_ros2/install/iit_commons/include/iit/commons/dog/transforms.h
[0.187s] -- Up-to-date: /home/jonas/Documents/Kamaro/muse_ros2/install/iit_commons/include/iit/commons/dog/joint_data_map.h
[0.187s] -- Up-to-date: /home/jonas/Documents/Kamaro/muse_ros2/install/iit_commons/include/iit/commons/dog/jsim.h
[0.187s] -- Up-to-date: /home/jonas/Documents/Kamaro/muse_ros2/install/iit_commons/include/iit/commons/dog/leg_bool_map.h
[0.187s] -- Up-to-date: /home/jonas/Documents/Kamaro/muse_ros2/install/iit_commons/include/iit/commons/dog/dog.hpp
[0.187s] -- Up-to-date: /home/jonas/Documents/Kamaro/muse_ros2/install/iit_commons/include/iit/commons/dog/shin_jacobians.h
[0.187s] -- Up-to-date: /home/jonas/Documents/Kamaro/muse_ros2/install/iit_commons/include/iit/commons/dog/test_fk.h
[0.187s] -- Up-to-date: /home/jonas/Documents/Kamaro/muse_ros2/install/iit_commons/include/iit/commons/hydraulics.h
[0.187s] -- Up-to-date: /home/jonas/Documents/Kamaro/muse_ros2/install/iit_commons/include/iit/commons/yaml_config
[0.187s] -- Up-to-date: /home/jonas/Documents/Kamaro/muse_ros2/install/iit_commons/include/iit/commons/yaml_config/yaml_config.h
[0.187s] -- Up-to-date: /home/jonas/Documents/Kamaro/muse_ros2/install/iit_commons/include/iit/commons/eigen_matrix_utils.h
[0.187s] -- Up-to-date: /home/jonas/Documents/Kamaro/muse_ros2/install/iit_commons/include/iit/commons/filters.h
[0.188s] -- Up-to-date: /home/jonas/Documents/Kamaro/muse_ros2/install/iit_commons/lib/libiit_commons.so
[0.188s] -- Up-to-date: /home/jonas/Documents/Kamaro/muse_ros2/install/iit_commons/share/iit_commons/environment/library_path.sh
[0.188s] -- Up-to-date: /home/jonas/Documents/Kamaro/muse_ros2/install/iit_commons/share/iit_commons/environment/library_path.dsv
[0.189s] -- Up-to-date: /home/jonas/Documents/Kamaro/muse_ros2/install/iit_commons/share/ament_index/resource_index/package_run_dependencies/iit_commons
[0.189s] -- Up-to-date: /home/jonas/Documents/Kamaro/muse_ros2/install/iit_commons/share/ament_index/resource_index/parent_prefix_path/iit_commons
[0.189s] -- Up-to-date: /home/jonas/Documents/Kamaro/muse_ros2/install/iit_commons/share/iit_commons/environment/ament_prefix_path.sh
[0.189s] -- Up-to-date: /home/jonas/Documents/Kamaro/muse_ros2/install/iit_commons/share/iit_commons/environment/ament_prefix_path.dsv
[0.189s] -- Up-to-date: /home/jonas/Documents/Kamaro/muse_ros2/install/iit_commons/share/iit_commons/environment/path.sh
[0.189s] -- Up-to-date: /home/jonas/Documents/Kamaro/muse_ros2/install/iit_commons/share/iit_commons/environment/path.dsv
[0.190s] -- Up-to-date: /home/jonas/Documents/Kamaro/muse_ros2/install/iit_commons/share/iit_commons/local_setup.bash
[0.190s] -- Up-to-date: /home/jonas/Documents/Kamaro/muse_ros2/install/iit_commons/share/iit_commons/local_setup.sh
[0.190s] -- Up-to-date: /home/jonas/Documents/Kamaro/muse_ros2/install/iit_commons/share/iit_commons/local_setup.zsh
[0.190s] -- Up-to-date: /home/jonas/Documents/Kamaro/muse_ros2/install/iit_commons/share/iit_commons/local_setup.dsv
[0.190s] -- Installing: /home/jonas/Documents/Kamaro/muse_ros2/install/iit_commons/share/iit_commons/package.dsv
[0.190s] -- Up-to-date: /home/jonas/Documents/Kamaro/muse_ros2/install/iit_commons/share/ament_index/resource_index/packages/iit_commons
[0.191s] -- Up-to-date: /home/jonas/Documents/Kamaro/muse_ros2/install/iit_commons/share/iit_commons/cmake/ament_cmake_export_include_directories-extras.cmake
[0.191s] -- Up-to-date: /home/jonas/Documents/Kamaro/muse_ros2/install/iit_commons/share/iit_commons/cmake/ament_cmake_export_libraries-extras.cmake
[0.191s] -- Up-to-date: /home/jonas/Documents/Kamaro/muse_ros2/install/iit_commons/share/iit_commons/cmake/ament_cmake_export_dependencies-extras.cmake
[0.192s] -- Up-to-date: /home/jonas/Documents/Kamaro/muse_ros2/install/iit_commons/share/iit_commons/cmake/iit_commonsConfig.cmake
[0.192s] -- Up-to-date: /home/jonas/Documents/Kamaro/muse_ros2/install/iit_commons/share/iit_commons/cmake/iit_commonsConfig-version.cmake
[0.192s] -- Up-to-date: /home/jonas/Documents/Kamaro/muse_ros2/install/iit_commons/share/iit_commons/package.xml
[0.192s] Invoked command in '/home/jonas/Documents/Kamaro/muse_ros2/build/iit_commons' returned '0': DEBUGINFOD_URLS=https://debuginfod.ubuntu.com /usr/bin/cmake --install /home/jonas/Documents/Kamaro/muse_ros2/build/iit_commons
