-- The C compiler identification is GNU 13.3.0
-- The CXX compiler identification is GNU 13.3.0
-- Detecting C compiler ABI info
-- Detecting C compiler ABI info - done
-- Check for working C compiler: /usr/bin/cc - skipped
-- Detecting C compile features
-- Detecting C compile features - done
-- Detecting CXX compiler ABI info
-- Detecting CXX compiler ABI info - done
-- Check for working CXX compiler: /usr/bin/c++ - skipped
-- Detecting CXX compile features
-- Detecting CXX compile features - done
-- Found ament_cmake: 2.8.4 (/opt/ros/rolling/share/ament_cmake/cmake)
-- Found Python3: /usr/bin/python3 (found version "3.12.3") found components: Interpreter 
-- Override CMake install command with custom implementation using symlinks instead of copying resources
-- Found rclcpp: 30.1.1 (/opt/ros/rolling/share/rclcpp/cmake)
-- Found rosidl_generator_c: 5.1.0 (/opt/ros/rolling/share/rosidl_generator_c/cmake)
-- Found rosidl_generator_cpp: 5.1.0 (/opt/ros/rolling/share/rosidl_generator_cpp/cmake)
-- Using all available rosidl_typesupport_c: rosidl_typesupport_fastrtps_c;rosidl_typesupport_introspection_c
-- Using all available rosidl_typesupport_cpp: rosidl_typesupport_fastrtps_cpp;rosidl_typesupport_introspection_cpp
-- Found rmw_implementation_cmake: 7.9.0 (/opt/ros/rolling/share/rmw_implementation_cmake/cmake)
-- Found rmw_fastrtps_cpp: 9.4.3 (/opt/ros/rolling/share/rmw_fastrtps_cpp/cmake)
-- Found OpenSSL: /usr/lib/x86_64-linux-gnu/libcrypto.so (found version "3.0.13")  
-- Using RMW implementation 'rmw_fastrtps_cpp' as default
-- Found std_msgs: 5.9.0 (/opt/ros/rolling/share/std_msgs/cmake)
-- Found pluginlib: 5.8.0 (/opt/ros/rolling/share/pluginlib/cmake)
-- Found state_estimator_msgs: 0.0.1 (/home/jonas/Documents/Kamaro/muse_ros2/install/state_estimator_msgs/share/state_estimator_msgs/cmake)
-- Found iit_commons: 1.0.0 (/home/jonas/Documents/Kamaro/muse_ros2/install/iit_commons/share/iit_commons/cmake)
-- Found nav_msgs: 5.9.0 (/opt/ros/rolling/share/nav_msgs/cmake)
-- Found rosbag2_transport: 0.33.0 (/opt/ros/rolling/share/rosbag2_transport/cmake)
-- Setting yaml-cpp_DIR to: '/opt/ros/rolling/share/yaml_cpp_vendor/cmake/../../../opt/yaml_cpp_vendor/share/cmake/yaml-cpp'
-- Found message_filters: 7.3.3 (/opt/ros/rolling/share/message_filters/cmake)
-- pinocchio_default FOUND. pinocchio_default at /opt/ros/rolling/lib/x86_64-linux-gnu/libpinocchio_default.so
-- pinocchio_parsers FOUND. pinocchio_parsers at /opt/ros/rolling/lib/x86_64-linux-gnu/libpinocchio_parsers.so
-- boost_filesystem FOUND. boost_filesystem at /lib/x86_64-linux-gnu/libboost_filesystem.so
-- Found Boost: /usr/include (found version "1.83.0") found components: filesystem serialization system 
-- eigenpy FOUND. eigenpy at /opt/ros/rolling/lib/x86_64-linux-gnu/libeigenpy.so
-- Checking for NumPy
--   NUMPY_INCLUDE_DIRS=/usr/lib/python3/dist-packages/numpy/core/include
--   NUMPY_VERSION=1.26.4
-- Found Python3: /usr/bin/python3 (found version "3.12.3") found components: Interpreter Development.Module NumPy 
-- PythonLibraryDirs: 
-- PythonLibVersionString: 3.12.3
-- Python site lib: lib/python3.12/site-packages
-- Python include dirs: /usr/include/python3.12
-- Checking for NumPy
--   NUMPY_INCLUDE_DIRS=/usr/lib/python3/dist-packages/numpy/core/include
--   NUMPY_VERSION=1.26.4
-- NumPy include dir: /usr/lib/python3/dist-packages/numpy/core/include
-- Found Boost: /usr/include (found version "1.83.0") found components: python312 
-- Default C++ standard: 201703
-- Minimal C++ standard upgraded to 11
-- C++ standard sufficient: Minimal required 11, currently defined: 14
-- hpp-fcl FOUND. hpp-fcl at /opt/ros/rolling/lib/x86_64-linux-gnu/libhpp-fcl.so
-- Found Boost: /usr/include (found version "1.83.0") found components: chrono serialization filesystem 
-- Minimal C++ standard upgraded to 14
-- C++ standard sufficient: Minimal required 14, currently defined: 14
-- C++ standard sufficient: Minimal required 14, currently defined: 14
-- Configuring done (4.5s)
-- Generating done (0.0s)
-- Build files have been written to: /home/jonas/Documents/Kamaro/muse_ros2/build/state_estimator
[ 33%] [32mBuilding CXX object CMakeFiles/state_estimator_plugins.dir/src/plugins/leg_odometry_plugin.cpp.o[0m
[ 33%] [32mBuilding CXX object CMakeFiles/state_estimator_plugins.dir/src/plugins/attitude_estimation_plugin.cpp.o[0m
[ 55%] [32mBuilding CXX object CMakeFiles/state_estimator_plugins.dir/src/plugins/contact_detection_plugin.cpp.o[0m
[ 55%] [32mBuilding CXX object CMakeFiles/state_estimator_plugins.dir/src/plugins/sensor_fusion_plugin.cpp.o[0m
[ 55%] [32mBuilding CXX object CMakeFiles/state_estimator_plugins.dir/src/plugins/joint_state_downsampler_plugin.cpp.o[0m
[ 66%] [32mBuilding CXX object CMakeFiles/state_estimator_node.dir/src/state_estimator_node.cpp.o[0m
[ 77%] [32mBuilding CXX object CMakeFiles/state_estimator_plugins.dir/src/plugins/contact_data_packaging_plugin.cpp.o[0m
[ 88%] [32m[1mLinking CXX executable state_estimator_node[0m
[ 88%] Built target state_estimator_node
[100%] [32m[1mLinking CXX shared library libstate_estimator_plugins.so[0m
[100%] Built target state_estimator_plugins
-- Install configuration: ""
-- Execute custom install script
-- Symlinking: /home/jonas/Documents/Kamaro/muse_ros2/install/state_estimator/include/state_estimator/EigenExtra.hpp
-- Symlinking: /home/jonas/Documents/Kamaro/muse_ros2/install/state_estimator/include/state_estimator/Estimator.hpp
-- Symlinking: /home/jonas/Documents/Kamaro/muse_ros2/install/state_estimator/include/state_estimator/Models/attitude_bias_NLO.hpp
-- Symlinking: /home/jonas/Documents/Kamaro/muse_ros2/install/state_estimator/include/state_estimator/Models/attitude_bias_XKF.hpp
-- Symlinking: /home/jonas/Documents/Kamaro/muse_ros2/install/state_estimator/include/state_estimator/Models/sensor_fusion.hpp
-- Symlinking: /home/jonas/Documents/Kamaro/muse_ros2/install/state_estimator/include/state_estimator/Observers/EKF.hpp
-- Symlinking: /home/jonas/Documents/Kamaro/muse_ros2/install/state_estimator/include/state_estimator/Observers/NLO.hpp
-- Symlinking: /home/jonas/Documents/Kamaro/muse_ros2/install/state_estimator/include/state_estimator/Observers/Observer.hpp
-- Symlinking: /home/jonas/Documents/Kamaro/muse_ros2/install/state_estimator/include/state_estimator/Observers/XKF.hpp
-- Symlinking: /home/jonas/Documents/Kamaro/muse_ros2/install/state_estimator/include/state_estimator/Robot.hpp
-- Symlinking: /home/jonas/Documents/Kamaro/muse_ros2/install/state_estimator/include/state_estimator/Services.hpp
-- Symlinking: /home/jonas/Documents/Kamaro/muse_ros2/install/state_estimator/include/state_estimator/lib.hpp
-- Symlinking: /home/jonas/Documents/Kamaro/muse_ros2/install/state_estimator/include/state_estimator/plugin.hpp
-- Symlinking: /home/jonas/Documents/Kamaro/muse_ros2/install/state_estimator/include/state_estimator/plugin_base.hpp
-- Symlinking: /home/jonas/Documents/Kamaro/muse_ros2/install/state_estimator/include/state_estimator/state_estimator_node.hpp
-- Symlinking: /home/jonas/Documents/Kamaro/muse_ros2/install/state_estimator/share/state_estimator/urdfs/aliengo.urdf
-- Symlinking: /home/jonas/Documents/Kamaro/muse_ros2/install/state_estimator/share/state_estimator/urdfs/anymal.urdf
-- Symlinking: /home/jonas/Documents/Kamaro/muse_ros2/install/state_estimator/share/state_estimator/urdfs/go1.urdf
-- Symlinking: /home/jonas/Documents/Kamaro/muse_ros2/install/state_estimator/share/state_estimator/state_estimator_plugins.xml
-- Symlinking: /home/jonas/Documents/Kamaro/muse_ros2/install/state_estimator/share/state_estimator/state_estimator_tools.xml
-- Up-to-date symlink: /home/jonas/Documents/Kamaro/muse_ros2/install/state_estimator/share/state_estimator//state_estimator_plugins.xml
-- Symlinking: /home/jonas/Documents/Kamaro/muse_ros2/install/state_estimator/lib/state_estimator/state_estimator_node
-- Symlinking: /home/jonas/Documents/Kamaro/muse_ros2/install/state_estimator/share/state_estimator//launch/pluginlist.yaml
-- Symlinking: /home/jonas/Documents/Kamaro/muse_ros2/install/state_estimator/share/state_estimator//launch/state_estimator.launch
-- Symlinking: /home/jonas/Documents/Kamaro/muse_ros2/install/state_estimator/share/state_estimator//launch/state_estimator.launch.py
-- Symlinking: /home/jonas/Documents/Kamaro/muse_ros2/install/state_estimator/share/state_estimator//launch/timeout.yaml
-- Symlinking: /home/jonas/Documents/Kamaro/muse_ros2/install/state_estimator/share/state_estimator//config/attitude_plugin.yaml
-- Symlinking: /home/jonas/Documents/Kamaro/muse_ros2/install/state_estimator/share/state_estimator//config/contact_data_packaging_plugin.yaml
-- Symlinking: /home/jonas/Documents/Kamaro/muse_ros2/install/state_estimator/share/state_estimator//config/contact_plugin.yaml
-- Symlinking: /home/jonas/Documents/Kamaro/muse_ros2/install/state_estimator/share/state_estimator//config/joint_state_downsampler_plugin.yaml
-- Symlinking: /home/jonas/Documents/Kamaro/muse_ros2/install/state_estimator/share/state_estimator//config/leg_odometry.yaml
-- Symlinking: /home/jonas/Documents/Kamaro/muse_ros2/install/state_estimator/share/state_estimator//config/sensor_fusion.yaml
-- Symlinking: /home/jonas/Documents/Kamaro/muse_ros2/install/state_estimator/share/state_estimator/environment/library_path.sh
-- Symlinking: /home/jonas/Documents/Kamaro/muse_ros2/install/state_estimator/share/state_estimator/environment/library_path.dsv
-- Symlinking: /home/jonas/Documents/Kamaro/muse_ros2/install/state_estimator/share/ament_index/resource_index/package_run_dependencies/state_estimator
-- Symlinking: /home/jonas/Documents/Kamaro/muse_ros2/install/state_estimator/share/ament_index/resource_index/parent_prefix_path/state_estimator
-- Symlinking: /home/jonas/Documents/Kamaro/muse_ros2/install/state_estimator/share/state_estimator/environment/ament_prefix_path.sh
-- Symlinking: /home/jonas/Documents/Kamaro/muse_ros2/install/state_estimator/share/state_estimator/environment/ament_prefix_path.dsv
-- Symlinking: /home/jonas/Documents/Kamaro/muse_ros2/install/state_estimator/share/state_estimator/environment/path.sh
-- Symlinking: /home/jonas/Documents/Kamaro/muse_ros2/install/state_estimator/share/state_estimator/environment/path.dsv
-- Symlinking: /home/jonas/Documents/Kamaro/muse_ros2/install/state_estimator/share/state_estimator/local_setup.bash
-- Symlinking: /home/jonas/Documents/Kamaro/muse_ros2/install/state_estimator/share/state_estimator/local_setup.sh
-- Symlinking: /home/jonas/Documents/Kamaro/muse_ros2/install/state_estimator/share/state_estimator/local_setup.zsh
-- Symlinking: /home/jonas/Documents/Kamaro/muse_ros2/install/state_estimator/share/state_estimator/local_setup.dsv
-- Symlinking: /home/jonas/Documents/Kamaro/muse_ros2/install/state_estimator/share/state_estimator/package.dsv
-- Symlinking: /home/jonas/Documents/Kamaro/muse_ros2/install/state_estimator/share/ament_index/resource_index/packages/state_estimator
-- Symlinking: /home/jonas/Documents/Kamaro/muse_ros2/install/state_estimator/share/ament_index/resource_index/state_estimator__pluginlib__plugin/state_estimator
-- Symlinking: /home/jonas/Documents/Kamaro/muse_ros2/install/state_estimator/share/state_estimator/cmake/ament_cmake_export_include_directories-extras.cmake
-- Symlinking: /home/jonas/Documents/Kamaro/muse_ros2/install/state_estimator/share/state_estimator/cmake/ament_cmake_export_libraries-extras.cmake
-- Symlinking: /home/jonas/Documents/Kamaro/muse_ros2/install/state_estimator/share/state_estimator/cmake/ament_cmake_export_targets-extras.cmake
-- Symlinking: /home/jonas/Documents/Kamaro/muse_ros2/install/state_estimator/share/state_estimator/cmake/state_estimatorConfig.cmake
-- Symlinking: /home/jonas/Documents/Kamaro/muse_ros2/install/state_estimator/share/state_estimator/cmake/state_estimatorConfig-version.cmake
-- Symlinking: /home/jonas/Documents/Kamaro/muse_ros2/install/state_estimator/share/state_estimator/package.xml
-- Installing: /home/jonas/Documents/Kamaro/muse_ros2/install/state_estimator/lib/libstate_estimator_plugins.so
-- Set non-toolchain portion of runtime path of "/home/jonas/Documents/Kamaro/muse_ros2/install/state_estimator/lib/libstate_estimator_plugins.so" to ""
-- Installing: /home/jonas/Documents/Kamaro/muse_ros2/install/state_estimator/share/state_estimator/cmake/export_state_estimatorExport.cmake
-- Installing: /home/jonas/Documents/Kamaro/muse_ros2/install/state_estimator/share/state_estimator/cmake/export_state_estimatorExport-noconfig.cmake
