Linked: (/home/ynistico-iit.local/dls_ws_home/muse/muse_ws/devel/.private/anymal_msgs/lib/pkgconfig/anymal_msgs.pc, /home/ynistico-iit.local/dls_ws_home/muse/muse_ws/devel/lib/pkgconfig/anymal_msgs.pc)
Linked: (/home/ynistico-iit.local/dls_ws_home/muse/muse_ws/devel/.private/anymal_msgs/lib/python3.11/site-packages/anymal_msgs/__init__.py, /home/ynistico-iit.local/dls_ws_home/muse/muse_ws/devel/lib/python3.11/site-packages/anymal_msgs/__init__.py)
Linked: (/home/ynistico-iit.local/dls_ws_home/muse/muse_ws/devel/.private/anymal_msgs/lib/python3.11/site-packages/anymal_msgs/msg/_ExtendedJointState.py, /home/ynistico-iit.local/dls_ws_home/muse/muse_ws/devel/lib/python3.11/site-packages/anymal_msgs/msg/_ExtendedJointState.py)
Linked: (/home/ynistico-iit.local/dls_ws_home/muse/muse_ws/devel/.private/anymal_msgs/lib/python3.11/site-packages/anymal_msgs/msg/__init__.py, /home/ynistico-iit.local/dls_ws_home/muse/muse_ws/devel/lib/python3.11/site-packages/anymal_msgs/msg/__init__.py)
Linked: (/home/ynistico-iit.local/dls_ws_home/muse/muse_ws/devel/.private/anymal_msgs/lib/python3.11/site-packages/anymal_msgs/msg/_Contact.py, /home/ynistico-iit.local/dls_ws_home/muse/muse_ws/devel/lib/python3.11/site-packages/anymal_msgs/msg/_Contact.py)
Linked: (/home/ynistico-iit.local/dls_ws_home/muse/muse_ws/devel/.private/anymal_msgs/lib/python3.11/site-packages/anymal_msgs/msg/_AnymalState.py, /home/ynistico-iit.local/dls_ws_home/muse/muse_ws/devel/lib/python3.11/site-packages/anymal_msgs/msg/_AnymalState.py)
Linked: (/home/ynistico-iit.local/dls_ws_home/muse/muse_ws/devel/.private/anymal_msgs/include/anymal_msgs/AnymalState.h, /home/ynistico-iit.local/dls_ws_home/muse/muse_ws/devel/include/anymal_msgs/AnymalState.h)
Linked: (/home/ynistico-iit.local/dls_ws_home/muse/muse_ws/devel/.private/anymal_msgs/include/anymal_msgs/Contact.h, /home/ynistico-iit.local/dls_ws_home/muse/muse_ws/devel/include/anymal_msgs/Contact.h)
Linked: (/home/ynistico-iit.local/dls_ws_home/muse/muse_ws/devel/.private/anymal_msgs/include/anymal_msgs/ExtendedJointState.h, /home/ynistico-iit.local/dls_ws_home/muse/muse_ws/devel/include/anymal_msgs/ExtendedJointState.h)
Linked: (/home/ynistico-iit.local/dls_ws_home/muse/muse_ws/devel/.private/anymal_msgs/share/gennodejs/ros/anymal_msgs/_index.js, /home/ynistico-iit.local/dls_ws_home/muse/muse_ws/devel/share/gennodejs/ros/anymal_msgs/_index.js)
Linked: (/home/ynistico-iit.local/dls_ws_home/muse/muse_ws/devel/.private/anymal_msgs/share/gennodejs/ros/anymal_msgs/msg/_index.js, /home/ynistico-iit.local/dls_ws_home/muse/muse_ws/devel/share/gennodejs/ros/anymal_msgs/msg/_index.js)
Linked: (/home/ynistico-iit.local/dls_ws_home/muse/muse_ws/devel/.private/anymal_msgs/share/gennodejs/ros/anymal_msgs/msg/Contact.js, /home/ynistico-iit.local/dls_ws_home/muse/muse_ws/devel/share/gennodejs/ros/anymal_msgs/msg/Contact.js)
Linked: (/home/ynistico-iit.local/dls_ws_home/muse/muse_ws/devel/.private/anymal_msgs/share/gennodejs/ros/anymal_msgs/msg/ExtendedJointState.js, /home/ynistico-iit.local/dls_ws_home/muse/muse_ws/devel/share/gennodejs/ros/anymal_msgs/msg/ExtendedJointState.js)
Linked: (/home/ynistico-iit.local/dls_ws_home/muse/muse_ws/devel/.private/anymal_msgs/share/gennodejs/ros/anymal_msgs/msg/AnymalState.js, /home/ynistico-iit.local/dls_ws_home/muse/muse_ws/devel/share/gennodejs/ros/anymal_msgs/msg/AnymalState.js)
Linked: (/home/ynistico-iit.local/dls_ws_home/muse/muse_ws/devel/.private/anymal_msgs/share/common-lisp/ros/anymal_msgs/msg/ExtendedJointState.lisp, /home/ynistico-iit.local/dls_ws_home/muse/muse_ws/devel/share/common-lisp/ros/anymal_msgs/msg/ExtendedJointState.lisp)
Linked: (/home/ynistico-iit.local/dls_ws_home/muse/muse_ws/devel/.private/anymal_msgs/share/common-lisp/ros/anymal_msgs/msg/AnymalState.lisp, /home/ynistico-iit.local/dls_ws_home/muse/muse_ws/devel/share/common-lisp/ros/anymal_msgs/msg/AnymalState.lisp)
Linked: (/home/ynistico-iit.local/dls_ws_home/muse/muse_ws/devel/.private/anymal_msgs/share/common-lisp/ros/anymal_msgs/msg/anymal_msgs-msg.asd, /home/ynistico-iit.local/dls_ws_home/muse/muse_ws/devel/share/common-lisp/ros/anymal_msgs/msg/anymal_msgs-msg.asd)
Linked: (/home/ynistico-iit.local/dls_ws_home/muse/muse_ws/devel/.private/anymal_msgs/share/common-lisp/ros/anymal_msgs/msg/_package_AnymalState.lisp, /home/ynistico-iit.local/dls_ws_home/muse/muse_ws/devel/share/common-lisp/ros/anymal_msgs/msg/_package_AnymalState.lisp)
Linked: (/home/ynistico-iit.local/dls_ws_home/muse/muse_ws/devel/.private/anymal_msgs/share/common-lisp/ros/anymal_msgs/msg/Contact.lisp, /home/ynistico-iit.local/dls_ws_home/muse/muse_ws/devel/share/common-lisp/ros/anymal_msgs/msg/Contact.lisp)
Linked: (/home/ynistico-iit.local/dls_ws_home/muse/muse_ws/devel/.private/anymal_msgs/share/common-lisp/ros/anymal_msgs/msg/_package.lisp, /home/ynistico-iit.local/dls_ws_home/muse/muse_ws/devel/share/common-lisp/ros/anymal_msgs/msg/_package.lisp)
Linked: (/home/ynistico-iit.local/dls_ws_home/muse/muse_ws/devel/.private/anymal_msgs/share/common-lisp/ros/anymal_msgs/msg/_package_ExtendedJointState.lisp, /home/ynistico-iit.local/dls_ws_home/muse/muse_ws/devel/share/common-lisp/ros/anymal_msgs/msg/_package_ExtendedJointState.lisp)
Linked: (/home/ynistico-iit.local/dls_ws_home/muse/muse_ws/devel/.private/anymal_msgs/share/common-lisp/ros/anymal_msgs/msg/_package_Contact.lisp, /home/ynistico-iit.local/dls_ws_home/muse/muse_ws/devel/share/common-lisp/ros/anymal_msgs/msg/_package_Contact.lisp)
Linked: (/home/ynistico-iit.local/dls_ws_home/muse/muse_ws/devel/.private/anymal_msgs/share/anymal_msgs/cmake/anymal_msgs-msg-paths.cmake, /home/ynistico-iit.local/dls_ws_home/muse/muse_ws/devel/share/anymal_msgs/cmake/anymal_msgs-msg-paths.cmake)
Linked: (/home/ynistico-iit.local/dls_ws_home/muse/muse_ws/devel/.private/anymal_msgs/share/anymal_msgs/cmake/anymal_msgsConfig.cmake, /home/ynistico-iit.local/dls_ws_home/muse/muse_ws/devel/share/anymal_msgs/cmake/anymal_msgsConfig.cmake)
Linked: (/home/ynistico-iit.local/dls_ws_home/muse/muse_ws/devel/.private/anymal_msgs/share/anymal_msgs/cmake/anymal_msgsConfig-version.cmake, /home/ynistico-iit.local/dls_ws_home/muse/muse_ws/devel/share/anymal_msgs/cmake/anymal_msgsConfig-version.cmake)
Linked: (/home/ynistico-iit.local/dls_ws_home/muse/muse_ws/devel/.private/anymal_msgs/share/anymal_msgs/cmake/anymal_msgs-msg-extras.cmake, /home/ynistico-iit.local/dls_ws_home/muse/muse_ws/devel/share/anymal_msgs/cmake/anymal_msgs-msg-extras.cmake)
Linked: (/home/ynistico-iit.local/dls_ws_home/muse/muse_ws/devel/.private/anymal_msgs/share/roseus/ros/anymal_msgs/manifest.l, /home/ynistico-iit.local/dls_ws_home/muse/muse_ws/devel/share/roseus/ros/anymal_msgs/manifest.l)
Linked: (/home/ynistico-iit.local/dls_ws_home/muse/muse_ws/devel/.private/anymal_msgs/share/roseus/ros/anymal_msgs/msg/Contact.l, /home/ynistico-iit.local/dls_ws_home/muse/muse_ws/devel/share/roseus/ros/anymal_msgs/msg/Contact.l)
Linked: (/home/ynistico-iit.local/dls_ws_home/muse/muse_ws/devel/.private/anymal_msgs/share/roseus/ros/anymal_msgs/msg/ExtendedJointState.l, /home/ynistico-iit.local/dls_ws_home/muse/muse_ws/devel/share/roseus/ros/anymal_msgs/msg/ExtendedJointState.l)
Linked: (/home/ynistico-iit.local/dls_ws_home/muse/muse_ws/devel/.private/anymal_msgs/share/roseus/ros/anymal_msgs/msg/AnymalState.l, /home/ynistico-iit.local/dls_ws_home/muse/muse_ws/devel/share/roseus/ros/anymal_msgs/msg/AnymalState.l)
