[  0%] Built target std_msgs_generate_messages_cpp
[  0%] Built target std_msgs_generate_messages_eus
[  0%] Built target geometry_msgs_generate_messages_py
[  0%] Built target geometry_msgs_generate_messages_lisp
[  0%] Built target geometry_msgs_generate_messages_eus
[  0%] Built target geometry_msgs_generate_messages_nodejs
[  0%] Built target geometry_msgs_generate_messages_cpp
[  0%] Built target std_msgs_generate_messages_py
[  0%] Built target std_msgs_generate_messages_lisp
[  0%] Built target std_msgs_generate_messages_nodejs
[  0%] Built target _anymal_msgs_generate_messages_check_deps_ExtendedJointState
[  0%] Built target _anymal_msgs_generate_messages_check_deps_AnymalState
[  0%] Built target _anymal_msgs_generate_messages_check_deps_Contact
[ 52%] [1m[34mGenerating Javascript code from anymal_msgs/ExtendedJointState.msg[0m
[ 58%] [1m[34mGenerating Python from MSG anymal_msgs/ExtendedJointState[0m
[ 64%] [1m[34mGenerating Lisp code from anymal_msgs/AnymalState.msg[0m
[ 82%] [1m[34mGenerating Javascript code from anymal_msgs/AnymalState.msg[0m
[ 64%] [1m[34mGenerating C++ code from anymal_msgs/ExtendedJointState.msg[0m
[ 82%] [1m[34mGenerating Python from MSG anymal_msgs/Contact[0m
[ 64%] [1m[34mGenerating EusLisp code from anymal_msgs/ExtendedJointState.msg[0m
[ 64%] [1m[34mGenerating C++ code from anymal_msgs/Contact.msg[0m
[ 82%] [1m[34mGenerating Python from MSG anymal_msgs/AnymalState[0m
[ 64%] [1m[34mGenerating Lisp code from anymal_msgs/Contact.msg[0m
[ 64%] [1m[34mGenerating C++ code from anymal_msgs/AnymalState.msg[0m
[ 64%] [1m[34mGenerating EusLisp code from anymal_msgs/Contact.msg[0m
[ 64%] [1m[34mGenerating EusLisp code from anymal_msgs/AnymalState.msg[0m
[ 82%] [1m[34mGenerating Javascript code from anymal_msgs/Contact.msg[0m
[ 94%] [1m[34mGenerating EusLisp manifest code for anymal_msgs[0m
[ 94%] [1m[34mGenerating Lisp code from anymal_msgs/ExtendedJointState.msg[0m
[ 94%] Built target anymal_msgs_generate_messages_nodejs
[ 94%] Built target anymal_msgs_generate_messages_lisp
[ 94%] Built target anymal_msgs_generate_messages_cpp
[100%] [1m[34mGenerating Python msg __init__.py for anymal_msgs[0m
[100%] Built target anymal_msgs_generate_messages_py
[100%] Built target anymal_msgs_generate_messages_eus
[100%] Built target anymal_msgs_generate_messages
