Symlinking /home/ynistico-iit.local/dls_ws_home/muse/muse_ws/devel/lib/pkgconfig/anymal_msgs.pc
Symlinking /home/ynistico-iit.local/dls_ws_home/muse/muse_ws/devel/lib/python3.11/site-packages/anymal_msgs/__init__.py
Symlinking /home/ynistico-iit.local/dls_ws_home/muse/muse_ws/devel/lib/python3.11/site-packages/anymal_msgs/msg/_ExtendedJointState.py
Symlinking /home/ynistico-iit.local/dls_ws_home/muse/muse_ws/devel/lib/python3.11/site-packages/anymal_msgs/msg/__init__.py
Symlinking /home/ynistico-iit.local/dls_ws_home/muse/muse_ws/devel/lib/python3.11/site-packages/anymal_msgs/msg/_Contact.py
Symlinking /home/ynistico-iit.local/dls_ws_home/muse/muse_ws/devel/lib/python3.11/site-packages/anymal_msgs/msg/_AnymalState.py
Symlinking /home/ynistico-iit.local/dls_ws_home/muse/muse_ws/devel/include/anymal_msgs/AnymalState.h
Symlinking /home/ynistico-iit.local/dls_ws_home/muse/muse_ws/devel/include/anymal_msgs/Contact.h
Symlinking /home/ynistico-iit.local/dls_ws_home/muse/muse_ws/devel/include/anymal_msgs/ExtendedJointState.h
Symlinking /home/ynistico-iit.local/dls_ws_home/muse/muse_ws/devel/share/gennodejs/ros/anymal_msgs/_index.js
Symlinking /home/ynistico-iit.local/dls_ws_home/muse/muse_ws/devel/share/gennodejs/ros/anymal_msgs/msg/_index.js
Symlinking /home/ynistico-iit.local/dls_ws_home/muse/muse_ws/devel/share/gennodejs/ros/anymal_msgs/msg/Contact.js
Symlinking /home/ynistico-iit.local/dls_ws_home/muse/muse_ws/devel/share/gennodejs/ros/anymal_msgs/msg/ExtendedJointState.js
Symlinking /home/ynistico-iit.local/dls_ws_home/muse/muse_ws/devel/share/gennodejs/ros/anymal_msgs/msg/AnymalState.js
Symlinking /home/ynistico-iit.local/dls_ws_home/muse/muse_ws/devel/share/common-lisp/ros/anymal_msgs/msg/ExtendedJointState.lisp
Symlinking /home/ynistico-iit.local/dls_ws_home/muse/muse_ws/devel/share/common-lisp/ros/anymal_msgs/msg/AnymalState.lisp
Symlinking /home/ynistico-iit.local/dls_ws_home/muse/muse_ws/devel/share/common-lisp/ros/anymal_msgs/msg/anymal_msgs-msg.asd
Symlinking /home/ynistico-iit.local/dls_ws_home/muse/muse_ws/devel/share/common-lisp/ros/anymal_msgs/msg/_package_AnymalState.lisp
Symlinking /home/ynistico-iit.local/dls_ws_home/muse/muse_ws/devel/share/common-lisp/ros/anymal_msgs/msg/Contact.lisp
Symlinking /home/ynistico-iit.local/dls_ws_home/muse/muse_ws/devel/share/common-lisp/ros/anymal_msgs/msg/_package.lisp
Symlinking /home/ynistico-iit.local/dls_ws_home/muse/muse_ws/devel/share/common-lisp/ros/anymal_msgs/msg/_package_ExtendedJointState.lisp
Symlinking /home/ynistico-iit.local/dls_ws_home/muse/muse_ws/devel/share/common-lisp/ros/anymal_msgs/msg/_package_Contact.lisp
Symlinking /home/ynistico-iit.local/dls_ws_home/muse/muse_ws/devel/share/anymal_msgs/cmake/anymal_msgs-msg-paths.cmake
Symlinking /home/ynistico-iit.local/dls_ws_home/muse/muse_ws/devel/share/anymal_msgs/cmake/anymal_msgsConfig.cmake
Symlinking /home/ynistico-iit.local/dls_ws_home/muse/muse_ws/devel/share/anymal_msgs/cmake/anymal_msgsConfig-version.cmake
Symlinking /home/ynistico-iit.local/dls_ws_home/muse/muse_ws/devel/share/anymal_msgs/cmake/anymal_msgs-msg-extras.cmake
Symlinking /home/ynistico-iit.local/dls_ws_home/muse/muse_ws/devel/share/roseus/ros/anymal_msgs/manifest.l
Symlinking /home/ynistico-iit.local/dls_ws_home/muse/muse_ws/devel/share/roseus/ros/anymal_msgs/msg/Contact.l
Symlinking /home/ynistico-iit.local/dls_ws_home/muse/muse_ws/devel/share/roseus/ros/anymal_msgs/msg/ExtendedJointState.l
Symlinking /home/ynistico-iit.local/dls_ws_home/muse/muse_ws/devel/share/roseus/ros/anymal_msgs/msg/AnymalState.l
