Unlinking: /home/ynistico-iit.local/dls_ws_home/muse/muse_ws/devel/lib/pkgconfig/anymal_msgs.pc
Unlinking: /home/ynistico-iit.local/dls_ws_home/muse/muse_ws/devel/lib/python3.11/site-packages/anymal_msgs/__init__.py
Unlinking: /home/ynistico-iit.local/dls_ws_home/muse/muse_ws/devel/lib/python3.11/site-packages/anymal_msgs/msg/_ExtendedJointState.py
Unlinking: /home/ynistico-iit.local/dls_ws_home/muse/muse_ws/devel/lib/python3.11/site-packages/anymal_msgs/msg/__init__.py
Unlinking: /home/ynistico-iit.local/dls_ws_home/muse/muse_ws/devel/lib/python3.11/site-packages/anymal_msgs/msg/_Contact.py
Unlinking: /home/ynistico-iit.local/dls_ws_home/muse/muse_ws/devel/lib/python3.11/site-packages/anymal_msgs/msg/_AnymalState.py
Unlinking: /home/ynistico-iit.local/dls_ws_home/muse/muse_ws/devel/include/anymal_msgs/AnymalState.h
Unlinking: /home/ynistico-iit.local/dls_ws_home/muse/muse_ws/devel/include/anymal_msgs/Contact.h
Unlinking: /home/ynistico-iit.local/dls_ws_home/muse/muse_ws/devel/include/anymal_msgs/ExtendedJointState.h
Unlinking: /home/ynistico-iit.local/dls_ws_home/muse/muse_ws/devel/share/gennodejs/ros/anymal_msgs/_index.js
Unlinking: /home/ynistico-iit.local/dls_ws_home/muse/muse_ws/devel/share/gennodejs/ros/anymal_msgs/msg/_index.js
Unlinking: /home/ynistico-iit.local/dls_ws_home/muse/muse_ws/devel/share/gennodejs/ros/anymal_msgs/msg/Contact.js
Unlinking: /home/ynistico-iit.local/dls_ws_home/muse/muse_ws/devel/share/gennodejs/ros/anymal_msgs/msg/ExtendedJointState.js
Unlinking: /home/ynistico-iit.local/dls_ws_home/muse/muse_ws/devel/share/gennodejs/ros/anymal_msgs/msg/AnymalState.js
Unlinking: /home/ynistico-iit.local/dls_ws_home/muse/muse_ws/devel/share/common-lisp/ros/anymal_msgs/msg/ExtendedJointState.lisp
Unlinking: /home/ynistico-iit.local/dls_ws_home/muse/muse_ws/devel/share/common-lisp/ros/anymal_msgs/msg/AnymalState.lisp
Unlinking: /home/ynistico-iit.local/dls_ws_home/muse/muse_ws/devel/share/common-lisp/ros/anymal_msgs/msg/anymal_msgs-msg.asd
Unlinking: /home/ynistico-iit.local/dls_ws_home/muse/muse_ws/devel/share/common-lisp/ros/anymal_msgs/msg/_package_AnymalState.lisp
Unlinking: /home/ynistico-iit.local/dls_ws_home/muse/muse_ws/devel/share/common-lisp/ros/anymal_msgs/msg/Contact.lisp
Unlinking: /home/ynistico-iit.local/dls_ws_home/muse/muse_ws/devel/share/common-lisp/ros/anymal_msgs/msg/_package.lisp
Unlinking: /home/ynistico-iit.local/dls_ws_home/muse/muse_ws/devel/share/common-lisp/ros/anymal_msgs/msg/_package_ExtendedJointState.lisp
Unlinking: /home/ynistico-iit.local/dls_ws_home/muse/muse_ws/devel/share/common-lisp/ros/anymal_msgs/msg/_package_Contact.lisp
Unlinking: /home/ynistico-iit.local/dls_ws_home/muse/muse_ws/devel/share/anymal_msgs/cmake/anymal_msgs-msg-paths.cmake
Unlinking: /home/ynistico-iit.local/dls_ws_home/muse/muse_ws/devel/share/anymal_msgs/cmake/anymal_msgsConfig.cmake
Unlinking: /home/ynistico-iit.local/dls_ws_home/muse/muse_ws/devel/share/anymal_msgs/cmake/anymal_msgsConfig-version.cmake
Unlinking: /home/ynistico-iit.local/dls_ws_home/muse/muse_ws/devel/share/anymal_msgs/cmake/anymal_msgs-msg-extras.cmake
Unlinking: /home/ynistico-iit.local/dls_ws_home/muse/muse_ws/devel/share/roseus/ros/anymal_msgs/manifest.l
Unlinking: /home/ynistico-iit.local/dls_ws_home/muse/muse_ws/devel/share/roseus/ros/anymal_msgs/msg/Contact.l
Unlinking: /home/ynistico-iit.local/dls_ws_home/muse/muse_ws/devel/share/roseus/ros/anymal_msgs/msg/ExtendedJointState.l
Unlinking: /home/ynistico-iit.local/dls_ws_home/muse/muse_ws/devel/share/roseus/ros/anymal_msgs/msg/AnymalState.l
