     Removing file: /home/ynistico-iit.local/dls_ws_home/muse/muse_ws/install/include/anymal_msgs/AnymalState.h
     Removing file: /home/ynistico-iit.local/dls_ws_home/muse/muse_ws/install/include/anymal_msgs/Contact.h
     Removing file: /home/ynistico-iit.local/dls_ws_home/muse/muse_ws/install/include/anymal_msgs/ExtendedJointState.h
     Removing file: /home/ynistico-iit.local/dls_ws_home/muse/muse_ws/install/lib/pkgconfig/anymal_msgs.pc
     Removing file: /home/ynistico-iit.local/dls_ws_home/muse/muse_ws/install/lib/python3.11/site-packages/anymal_msgs/__init__.py
     Removing file: /home/ynistico-iit.local/dls_ws_home/muse/muse_ws/install/lib/python3.11/site-packages/anymal_msgs/__pycache__/__init__.cpython-311.pyc
     Removing file: /home/ynistico-iit.local/dls_ws_home/muse/muse_ws/install/lib/python3.11/site-packages/anymal_msgs/msg/_AnymalState.py
     Removing file: /home/ynistico-iit.local/dls_ws_home/muse/muse_ws/install/lib/python3.11/site-packages/anymal_msgs/msg/_Contact.py
     Removing file: /home/ynistico-iit.local/dls_ws_home/muse/muse_ws/install/lib/python3.11/site-packages/anymal_msgs/msg/_ExtendedJointState.py
     Removing file: /home/ynistico-iit.local/dls_ws_home/muse/muse_ws/install/lib/python3.11/site-packages/anymal_msgs/msg/__init__.py
     Removing file: /home/ynistico-iit.local/dls_ws_home/muse/muse_ws/install/lib/python3.11/site-packages/anymal_msgs/msg/__pycache__/_AnymalState.cpython-311.pyc
     Removing file: /home/ynistico-iit.local/dls_ws_home/muse/muse_ws/install/lib/python3.11/site-packages/anymal_msgs/msg/__pycache__/_Contact.cpython-311.pyc
     Removing file: /home/ynistico-iit.local/dls_ws_home/muse/muse_ws/install/lib/python3.11/site-packages/anymal_msgs/msg/__pycache__/_ExtendedJointState.cpython-311.pyc
     Removing file: /home/ynistico-iit.local/dls_ws_home/muse/muse_ws/install/lib/python3.11/site-packages/anymal_msgs/msg/__pycache__/__init__.cpython-311.pyc
     Removing file: /home/ynistico-iit.local/dls_ws_home/muse/muse_ws/install/share/anymal_msgs/cmake/anymal_msgs-msg-extras.cmake
     Removing file: /home/ynistico-iit.local/dls_ws_home/muse/muse_ws/install/share/anymal_msgs/cmake/anymal_msgs-msg-paths.cmake
     Removing file: /home/ynistico-iit.local/dls_ws_home/muse/muse_ws/install/share/anymal_msgs/cmake/anymal_msgsConfig-version.cmake
     Removing file: /home/ynistico-iit.local/dls_ws_home/muse/muse_ws/install/share/anymal_msgs/cmake/anymal_msgsConfig.cmake
     Removing file: /home/ynistico-iit.local/dls_ws_home/muse/muse_ws/install/share/anymal_msgs/msg/AnymalState.msg
     Removing file: /home/ynistico-iit.local/dls_ws_home/muse/muse_ws/install/share/anymal_msgs/msg/Contact.msg
     Removing file: /home/ynistico-iit.local/dls_ws_home/muse/muse_ws/install/share/anymal_msgs/msg/ExtendedJointState.msg
     Removing file: /home/ynistico-iit.local/dls_ws_home/muse/muse_ws/install/share/anymal_msgs/package.xml
     Removing file: /home/ynistico-iit.local/dls_ws_home/muse/muse_ws/install/share/common-lisp/ros/anymal_msgs/msg/AnymalState.lisp
     Removing file: /home/ynistico-iit.local/dls_ws_home/muse/muse_ws/install/share/common-lisp/ros/anymal_msgs/msg/Contact.lisp
     Removing file: /home/ynistico-iit.local/dls_ws_home/muse/muse_ws/install/share/common-lisp/ros/anymal_msgs/msg/ExtendedJointState.lisp
     Removing file: /home/ynistico-iit.local/dls_ws_home/muse/muse_ws/install/share/common-lisp/ros/anymal_msgs/msg/_package.lisp
     Removing file: /home/ynistico-iit.local/dls_ws_home/muse/muse_ws/install/share/common-lisp/ros/anymal_msgs/msg/_package_AnymalState.lisp
     Removing file: /home/ynistico-iit.local/dls_ws_home/muse/muse_ws/install/share/common-lisp/ros/anymal_msgs/msg/_package_Contact.lisp
     Removing file: /home/ynistico-iit.local/dls_ws_home/muse/muse_ws/install/share/common-lisp/ros/anymal_msgs/msg/_package_ExtendedJointState.lisp
     Removing file: /home/ynistico-iit.local/dls_ws_home/muse/muse_ws/install/share/common-lisp/ros/anymal_msgs/msg/anymal_msgs-msg.asd
     Removing file: /home/ynistico-iit.local/dls_ws_home/muse/muse_ws/install/share/gennodejs/ros/anymal_msgs/_index.js
     Removing file: /home/ynistico-iit.local/dls_ws_home/muse/muse_ws/install/share/gennodejs/ros/anymal_msgs/msg/AnymalState.js
     Removing file: /home/ynistico-iit.local/dls_ws_home/muse/muse_ws/install/share/gennodejs/ros/anymal_msgs/msg/Contact.js
     Removing file: /home/ynistico-iit.local/dls_ws_home/muse/muse_ws/install/share/gennodejs/ros/anymal_msgs/msg/ExtendedJointState.js
     Removing file: /home/ynistico-iit.local/dls_ws_home/muse/muse_ws/install/share/gennodejs/ros/anymal_msgs/msg/_index.js
     Removing file: /home/ynistico-iit.local/dls_ws_home/muse/muse_ws/install/share/roseus/ros/anymal_msgs/manifest.l
     Removing file: /home/ynistico-iit.local/dls_ws_home/muse/muse_ws/install/share/roseus/ros/anymal_msgs/msg/AnymalState.l
     Removing file: /home/ynistico-iit.local/dls_ws_home/muse/muse_ws/install/share/roseus/ros/anymal_msgs/msg/Contact.l
     Removing file: /home/ynistico-iit.local/dls_ws_home/muse/muse_ws/install/share/roseus/ros/anymal_msgs/msg/ExtendedJointState.l
Removing directory: /home/ynistico-iit.local/dls_ws_home/muse/muse_ws/install/lib/python3.11/site-packages/anymal_msgs/msg/__pycache__
Removing directory: /home/ynistico-iit.local/dls_ws_home/muse/muse_ws/install/lib/python3.11/site-packages/anymal_msgs/__pycache__
Removing directory: /home/ynistico-iit.local/dls_ws_home/muse/muse_ws/install/share/roseus/ros/anymal_msgs/msg
Removing directory: /home/ynistico-iit.local/dls_ws_home/muse/muse_ws/install/share/gennodejs/ros/anymal_msgs/msg
Removing directory: /home/ynistico-iit.local/dls_ws_home/muse/muse_ws/install/lib/python3.11/site-packages/anymal_msgs/msg
Removing directory: /home/ynistico-iit.local/dls_ws_home/muse/muse_ws/install/share/common-lisp/ros/anymal_msgs/msg
Removing directory: /home/ynistico-iit.local/dls_ws_home/muse/muse_ws/install/share/common-lisp/ros/anymal_msgs
Removing directory: /home/ynistico-iit.local/dls_ws_home/muse/muse_ws/install/share/roseus/ros/anymal_msgs
Removing directory: /home/ynistico-iit.local/dls_ws_home/muse/muse_ws/install/share/gennodejs/ros/anymal_msgs
Removing directory: /home/ynistico-iit.local/dls_ws_home/muse/muse_ws/install/lib/python3.11/site-packages/anymal_msgs
Removing directory: /home/ynistico-iit.local/dls_ws_home/muse/muse_ws/install/share/anymal_msgs/msg
Removing directory: /home/ynistico-iit.local/dls_ws_home/muse/muse_ws/install/share/anymal_msgs/cmake
Removing directory: /home/ynistico-iit.local/dls_ws_home/muse/muse_ws/install/share/anymal_msgs
Removing directory: /home/ynistico-iit.local/dls_ws_home/muse/muse_ws/install/include/anymal_msgs
