-- The C compiler identification is GNU 13.3.0
-- The CXX compiler identification is GNU 13.3.0
-- Detecting C compiler ABI info
-- Detecting C compiler ABI info - done
-- Check for working C compiler: /usr/bin/cc - skipped
-- Detecting C compile features
-- Detecting C compile features - done
-- Detecting CXX compiler ABI info
-- Detecting CXX compiler ABI info - done
-- Check for working CXX compiler: /usr/bin/c++ - skipped
-- Detecting CXX compile features
-- Detecting CXX compile features - done
-- Found PkgConfig: /usr/bin/pkg-config (found version "1.8.1") 
-- Checking for module 'eigen3'
--   Found eigen3, version 3.4.0
-- Found ament_cmake: 2.8.4 (/opt/ros/rolling/share/ament_cmake/cmake)
-- Found Python3: /usr/bin/python3 (found version "3.12.3") found components: Interpreter 
-- Found rclcpp: 30.1.1 (/opt/ros/rolling/share/rclcpp/cmake)
-- Found rosidl_generator_c: 5.1.0 (/opt/ros/rolling/share/rosidl_generator_c/cmake)
-- Found rosidl_generator_cpp: 5.1.0 (/opt/ros/rolling/share/rosidl_generator_cpp/cmake)
-- Using all available rosidl_typesupport_c: rosidl_typesupport_fastrtps_c;rosidl_typesupport_introspection_c
-- Using all available rosidl_typesupport_cpp: rosidl_typesupport_fastrtps_cpp;rosidl_typesupport_introspection_cpp
-- Found rmw_implementation_cmake: 7.9.0 (/opt/ros/rolling/share/rmw_implementation_cmake/cmake)
-- Found rmw_fastrtps_cpp: 9.4.3 (/opt/ros/rolling/share/rmw_fastrtps_cpp/cmake)
-- Found OpenSSL: /usr/lib/x86_64-linux-gnu/libcrypto.so (found version "3.0.13")  
-- Using RMW implementation 'rmw_fastrtps_cpp' as default
-- Found std_msgs: 5.9.0 (/opt/ros/rolling/share/std_msgs/cmake)
-- Configuring done (2.4s)
-- Generating done (0.0s)
-- Build files have been written to: /home/jonas/Documents/Kamaro/muse_ros2/build/iit_commons
[ 40%] [32mBuilding CXX object CMakeFiles/iit_commons.dir/src/planning.cpp.o[0m
[ 40%] [32mBuilding CXX object CMakeFiles/iit_commons.dir/src/control/VirtualModel.cpp.o[0m
[ 60%] [32mBuilding CXX object CMakeFiles/iit_commons.dir/src/hydraulics.cpp.o[0m
[ 80%] [32mBuilding CXX object CMakeFiles/iit_commons.dir/src/fbl/four_bar_linkage.cpp.o[0m
[100%] [32m[1mLinking CXX shared library libiit_commons.so[0m
[100%] Built target iit_commons
-- Install configuration: ""
-- Installing: /home/jonas/Documents/Kamaro/muse_ros2/install/iit_commons/include
-- Installing: /home/jonas/Documents/Kamaro/muse_ros2/install/iit_commons/include/iit
-- Installing: /home/jonas/Documents/Kamaro/muse_ros2/install/iit_commons/include/iit/rbd
-- Installing: /home/jonas/Documents/Kamaro/muse_ros2/install/iit_commons/include/iit/rbd/rbd.h
-- Installing: /home/jonas/Documents/Kamaro/muse_ros2/install/iit_commons/include/iit/rbd/StateDependentMatrix.h
-- Installing: /home/jonas/Documents/Kamaro/muse_ros2/install/iit_commons/include/iit/rbd/InertiaMatrix.h
-- Installing: /home/jonas/Documents/Kamaro/muse_ros2/install/iit_commons/include/iit/rbd/StateDependentBase.h
-- Installing: /home/jonas/Documents/Kamaro/muse_ros2/install/iit_commons/include/iit/rbd/robcogen_commons.h
-- Installing: /home/jonas/Documents/Kamaro/muse_ros2/install/iit_commons/include/iit/rbd/TransformsBase.h
-- Installing: /home/jonas/Documents/Kamaro/muse_ros2/install/iit_commons/include/iit/rbd/internals.h
-- Installing: /home/jonas/Documents/Kamaro/muse_ros2/install/iit_commons/include/iit/rbd/utils.h
-- Installing: /home/jonas/Documents/Kamaro/muse_ros2/install/iit_commons/include/iit/rbd/eigen_traits.h
-- Installing: /home/jonas/Documents/Kamaro/muse_ros2/install/iit_commons/include/iit/robcogen
-- Installing: /home/jonas/Documents/Kamaro/muse_ros2/install/iit_commons/include/iit/robcogen/test
-- Installing: /home/jonas/Documents/Kamaro/muse_ros2/install/iit_commons/include/iit/robcogen/test/dynamics_consistency.h
-- Installing: /home/jonas/Documents/Kamaro/muse_ros2/install/iit_commons/include/iit/robcogen/test/dynamics_cmd_line.h
-- Installing: /home/jonas/Documents/Kamaro/muse_ros2/install/iit_commons/include/iit/robcogen/utils.h
-- Installing: /home/jonas/Documents/Kamaro/muse_ros2/install/iit_commons/include/iit/commons
-- Installing: /home/jonas/Documents/Kamaro/muse_ros2/install/iit_commons/include/iit/commons/SL
-- Installing: /home/jonas/Documents/Kamaro/muse_ros2/install/iit_commons/include/iit/commons/SL/joint_status_conversion.h
-- Installing: /home/jonas/Documents/Kamaro/muse_ros2/install/iit_commons/include/iit/commons/SL/rbd_conversion.h
-- Installing: /home/jonas/Documents/Kamaro/muse_ros2/install/iit_commons/include/iit/commons/SL/eigen_conversion.h
-- Installing: /home/jonas/Documents/Kamaro/muse_ros2/install/iit_commons/include/iit/commons/SL/generic_dynamics.h
-- Installing: /home/jonas/Documents/Kamaro/muse_ros2/install/iit_commons/include/iit/commons/control
-- Installing: /home/jonas/Documents/Kamaro/muse_ros2/install/iit_commons/include/iit/commons/control/VirtualModel.hpp
-- Installing: /home/jonas/Documents/Kamaro/muse_ros2/install/iit_commons/include/iit/commons/planning
-- Installing: /home/jonas/Documents/Kamaro/muse_ros2/install/iit_commons/include/iit/commons/planning/planning.h
-- Installing: /home/jonas/Documents/Kamaro/muse_ros2/install/iit_commons/include/iit/commons/four_bar_linkage.h
-- Installing: /home/jonas/Documents/Kamaro/muse_ros2/install/iit_commons/include/iit/commons/euler_angles
-- Installing: /home/jonas/Documents/Kamaro/muse_ros2/install/iit_commons/include/iit/commons/euler_angles/transforms_internal.h
-- Installing: /home/jonas/Documents/Kamaro/muse_ros2/install/iit_commons/include/iit/commons/euler_angles/common.h
-- Installing: /home/jonas/Documents/Kamaro/muse_ros2/install/iit_commons/include/iit/commons/euler_angles/transform.h
-- Installing: /home/jonas/Documents/Kamaro/muse_ros2/install/iit_commons/include/iit/commons/euler_angles/eigen_traits.h
-- Installing: /home/jonas/Documents/Kamaro/muse_ros2/install/iit_commons/include/iit/commons/control.h
-- Installing: /home/jonas/Documents/Kamaro/muse_ros2/install/iit_commons/include/iit/commons/geometry
-- Installing: /home/jonas/Documents/Kamaro/muse_ros2/install/iit_commons/include/iit/commons/geometry/rotations.h
-- Installing: /home/jonas/Documents/Kamaro/muse_ros2/install/iit_commons/include/iit/commons/geometry/polygon.h
-- Installing: /home/jonas/Documents/Kamaro/muse_ros2/install/iit_commons/include/iit/commons/geometry/algebra.h
-- Installing: /home/jonas/Documents/Kamaro/muse_ros2/install/iit_commons/include/iit/commons/dog
-- Installing: /home/jonas/Documents/Kamaro/muse_ros2/install/iit_commons/include/iit/commons/dog/test_k.h
-- Installing: /home/jonas/Documents/Kamaro/muse_ros2/install/iit_commons/include/iit/commons/dog/body_lengths.h
-- Installing: /home/jonas/Documents/Kamaro/muse_ros2/install/iit_commons/include/iit/commons/dog/link_data_map.h
-- Installing: /home/jonas/Documents/Kamaro/muse_ros2/install/iit_commons/include/iit/commons/dog/joint_id_tricks.h
-- Installing: /home/jonas/Documents/Kamaro/muse_ros2/install/iit_commons/include/iit/commons/dog/inverse_dynamics.h
-- Installing: /home/jonas/Documents/Kamaro/muse_ros2/install/iit_commons/include/iit/commons/dog/declarations.h
-- Installing: /home/jonas/Documents/Kamaro/muse_ros2/install/iit_commons/include/iit/commons/dog/robot_limits.h
-- Installing: /home/jonas/Documents/Kamaro/muse_ros2/install/iit_commons/include/iit/commons/dog/feet_contact_forces.h
-- Installing: /home/jonas/Documents/Kamaro/muse_ros2/install/iit_commons/include/iit/commons/dog/inertia_properties.h
-- Installing: /home/jonas/Documents/Kamaro/muse_ros2/install/iit_commons/include/iit/commons/dog/joint_bool_map.h
-- Installing: /home/jonas/Documents/Kamaro/muse_ros2/install/iit_commons/include/iit/commons/dog/inverse_kinematics.h
-- Installing: /home/jonas/Documents/Kamaro/muse_ros2/install/iit_commons/include/iit/commons/dog/kin_dyn_params.h
-- Installing: /home/jonas/Documents/Kamaro/muse_ros2/install/iit_commons/include/iit/commons/dog/leg_data_map.h
-- Installing: /home/jonas/Documents/Kamaro/muse_ros2/install/iit_commons/include/iit/commons/dog/feet_jacobians.h
-- Installing: /home/jonas/Documents/Kamaro/muse_ros2/install/iit_commons/include/iit/commons/dog/forward_kinematics.h
-- Installing: /home/jonas/Documents/Kamaro/muse_ros2/install/iit_commons/include/iit/commons/dog/transforms.h
-- Installing: /home/jonas/Documents/Kamaro/muse_ros2/install/iit_commons/include/iit/commons/dog/joint_data_map.h
-- Installing: /home/jonas/Documents/Kamaro/muse_ros2/install/iit_commons/include/iit/commons/dog/jsim.h
-- Installing: /home/jonas/Documents/Kamaro/muse_ros2/install/iit_commons/include/iit/commons/dog/leg_bool_map.h
-- Installing: /home/jonas/Documents/Kamaro/muse_ros2/install/iit_commons/include/iit/commons/dog/dog.hpp
-- Installing: /home/jonas/Documents/Kamaro/muse_ros2/install/iit_commons/include/iit/commons/dog/shin_jacobians.h
-- Installing: /home/jonas/Documents/Kamaro/muse_ros2/install/iit_commons/include/iit/commons/dog/test_fk.h
-- Installing: /home/jonas/Documents/Kamaro/muse_ros2/install/iit_commons/include/iit/commons/hydraulics.h
-- Installing: /home/jonas/Documents/Kamaro/muse_ros2/install/iit_commons/include/iit/commons/yaml_config
-- Installing: /home/jonas/Documents/Kamaro/muse_ros2/install/iit_commons/include/iit/commons/yaml_config/yaml_config.h
-- Installing: /home/jonas/Documents/Kamaro/muse_ros2/install/iit_commons/include/iit/commons/eigen_matrix_utils.h
-- Installing: /home/jonas/Documents/Kamaro/muse_ros2/install/iit_commons/include/iit/commons/filters.h
-- Installing: /home/jonas/Documents/Kamaro/muse_ros2/install/iit_commons/lib/libiit_commons.so
-- Installing: /home/jonas/Documents/Kamaro/muse_ros2/install/iit_commons/share/iit_commons/environment/library_path.sh
-- Installing: /home/jonas/Documents/Kamaro/muse_ros2/install/iit_commons/share/iit_commons/environment/library_path.dsv
-- Installing: /home/jonas/Documents/Kamaro/muse_ros2/install/iit_commons/share/ament_index/resource_index/package_run_dependencies/iit_commons
-- Installing: /home/jonas/Documents/Kamaro/muse_ros2/install/iit_commons/share/ament_index/resource_index/parent_prefix_path/iit_commons
-- Installing: /home/jonas/Documents/Kamaro/muse_ros2/install/iit_commons/share/iit_commons/environment/ament_prefix_path.sh
-- Installing: /home/jonas/Documents/Kamaro/muse_ros2/install/iit_commons/share/iit_commons/environment/ament_prefix_path.dsv
-- Installing: /home/jonas/Documents/Kamaro/muse_ros2/install/iit_commons/share/iit_commons/environment/path.sh
-- Installing: /home/jonas/Documents/Kamaro/muse_ros2/install/iit_commons/share/iit_commons/environment/path.dsv
-- Installing: /home/jonas/Documents/Kamaro/muse_ros2/install/iit_commons/share/iit_commons/local_setup.bash
-- Installing: /home/jonas/Documents/Kamaro/muse_ros2/install/iit_commons/share/iit_commons/local_setup.sh
-- Installing: /home/jonas/Documents/Kamaro/muse_ros2/install/iit_commons/share/iit_commons/local_setup.zsh
-- Installing: /home/jonas/Documents/Kamaro/muse_ros2/install/iit_commons/share/iit_commons/local_setup.dsv
-- Installing: /home/jonas/Documents/Kamaro/muse_ros2/install/iit_commons/share/iit_commons/package.dsv
-- Installing: /home/jonas/Documents/Kamaro/muse_ros2/install/iit_commons/share/ament_index/resource_index/packages/iit_commons
-- Installing: /home/jonas/Documents/Kamaro/muse_ros2/install/iit_commons/share/iit_commons/cmake/ament_cmake_export_include_directories-extras.cmake
-- Installing: /home/jonas/Documents/Kamaro/muse_ros2/install/iit_commons/share/iit_commons/cmake/ament_cmake_export_libraries-extras.cmake
-- Installing: /home/jonas/Documents/Kamaro/muse_ros2/install/iit_commons/share/iit_commons/cmake/ament_cmake_export_dependencies-extras.cmake
-- Installing: /home/jonas/Documents/Kamaro/muse_ros2/install/iit_commons/share/iit_commons/cmake/iit_commonsConfig.cmake
-- Installing: /home/jonas/Documents/Kamaro/muse_ros2/install/iit_commons/share/iit_commons/cmake/iit_commonsConfig-version.cmake
-- Installing: /home/jonas/Documents/Kamaro/muse_ros2/install/iit_commons/share/iit_commons/package.xml
