Not searching for unused variables given on the command line.
-- The C compiler identification is GNU 14.3.0
-- The CXX compiler identification is GNU 14.3.0
-- Detecting C compiler ABI info
-- Detecting C compiler ABI info - done
-- Check for working C compiler: /home/ynistico-iit.local/miniforge3/envs/muse/bin/x86_64-conda-linux-gnu-cc - skipped
-- Detecting C compile features
-- Detecting C compile features - done
-- Detecting CXX compiler ABI info
-- Detecting CXX compiler ABI info - done
-- Check for working CXX compiler: /home/ynistico-iit.local/miniforge3/envs/muse/bin/x86_64-conda-linux-gnu-c++ - skipped
-- Detecting CXX compile features
-- Detecting CXX compile features - done
-- Using CATKIN_DEVEL_PREFIX: /home/ynistico-iit.local/dls_ws_home/muse/muse_ws/devel/.private/state_estimator
-- Using CMAKE_PREFIX_PATH: /home/ynistico-iit.local/dls_ws_home/muse/muse_ws/install;/home/ynistico-iit.local/miniforge3/envs/muse;/home/ynistico-iit.local/miniforge3/envs/muse/x86_64-conda-linux-gnu/sysroot/usr
-- This workspace overlays: /home/ynistico-iit.local/dls_ws_home/muse/muse_ws/install;/home/ynistico-iit.local/miniforge3/envs/muse
CMake Warning (dev) at /home/ynistico-iit.local/miniforge3/envs/muse/share/catkin/cmake/python.cmake:4 (find_package):
  Policy CMP0148 is not set: The FindPythonInterp and FindPythonLibs modules
  are removed.  Run "cmake --help-policy CMP0148" for policy details.  Use
  the cmake_policy command to set the policy and suppress this warning.

Call Stack (most recent call first):
  /home/ynistico-iit.local/miniforge3/envs/muse/share/catkin/cmake/all.cmake:164 (include)
  /home/ynistico-iit.local/miniforge3/envs/muse/share/catkin/cmake/catkinConfig.cmake:20 (include)
  CMakeLists.txt:6 (find_package)
This warning is for project developers.  Use -Wno-dev to suppress it.

-- Found PythonInterp: /home/ynistico-iit.local/miniforge3/envs/muse/bin/python3.11 (found suitable version "3.11.15", minimum required is "3.11")
-- Using PYTHON_EXECUTABLE: /home/ynistico-iit.local/miniforge3/envs/muse/bin/python3.11
-- Using default Python package layout
-- Found PY_em: /home/ynistico-iit.local/miniforge3/envs/muse/lib/python3.11/site-packages/em.py
-- Using empy: /home/ynistico-iit.local/miniforge3/envs/muse/lib/python3.11/site-packages/em.py
-- Using CATKIN_ENABLE_TESTING: ON
-- Call enable_testing()
-- Using CATKIN_TEST_RESULTS_DIR: /home/ynistico-iit.local/dls_ws_home/muse/muse_ws/build/state_estimator/test_results
-- Found gtest: gtests will be built
-- Using Python nosetests: /home/ynistico-iit.local/miniforge3/envs/muse/bin/nosetests
-- catkin 0.8.10
-- BUILD_SHARED_LIBS is on
-- Using these message generators: gencpp;geneus;genlisp;gennodejs;genpy
CMake Warning (dev) at CMakeLists.txt:22 (find_package):
  Policy CMP0167 is not set: The FindBoost module is removed.  Run "cmake
  --help-policy CMP0167" for policy details.  Use the cmake_policy command to
  set the policy and suppress this warning.

This warning is for project developers.  Use -Wno-dev to suppress it.

-- Found Boost: /home/ynistico-iit.local/miniforge3/envs/muse/lib/cmake/Boost-1.86.0/BoostConfig.cmake (found version "1.86.0") found components: system program_options
-- Found PkgConfig: /home/ynistico-iit.local/miniforge3/envs/muse/bin/pkg-config (found version "0.29.2")
-- pinocchio_default FOUND. pinocchio_default at /home/ynistico-iit.local/miniforge3/envs/muse/lib/libpinocchio_default.so
-- pinocchio_parsers FOUND. pinocchio_parsers at /home/ynistico-iit.local/miniforge3/envs/muse/lib/libpinocchio_parsers.so
-- pinocchio_casadi FOUND. pinocchio_casadi at /home/ynistico-iit.local/miniforge3/envs/muse/lib/libpinocchio_casadi.so
-- pinocchio_extra FOUND. pinocchio_extra at /home/ynistico-iit.local/miniforge3/envs/muse/lib/libpinocchio_extra.so
-- qhullcpp FOUND. qhullcpp at /home/ynistico-iit.local/miniforge3/envs/muse/lib/libqhullcpp.a
-- Looking for sdformat14 -- found version 14.5.0
-- Searching for dependencies of sdformat14
-- Checking for module 'tinyxml2'
--   Found tinyxml2, version 10.0.0
-- Looking for dlfcn.h - found
-- Looking for libdl - found
-- Found DL: TRUE
-- Looking for gz-math7 -- found version 7.5.2
-- Searching for dependencies of gz-math7
-- Looking for gz-utils2 -- found version 2.2.1
-- Searching for dependencies of gz-utils2
-- Looking for gz-utils2 -- found version 2.2.1
-- Searching for dependencies of gz-utils2
-- Searching for <gz-utils2> component [cli]
-- Looking for gz-utils2-cli -- found version 2.2.1
-- Searching for dependencies of gz-utils2-cli
-- Found OpenMP_C: -fopenmp (found version "4.5")
-- Found OpenMP_CXX: -fopenmp (found version "4.5")
-- Found OpenMP: TRUE (found version "4.5")
CMake Warning (dev) at /home/ynistico-iit.local/miniforge3/envs/muse/share/cmake-4.2/Modules/CMakeFindDependencyMacro.cmake:93 (find_package):
  Policy CMP0167 is not set: The FindBoost module is removed.  Run "cmake
  --help-policy CMP0167" for policy details.  Use the cmake_policy command to
  set the policy and suppress this warning.

Call Stack (most recent call first):
  /home/ynistico-iit.local/miniforge3/envs/muse/share/cmake-4.2/Modules/CMakeFindDependencyMacro.cmake:125 (__find_dependency_common)
  /home/ynistico-iit.local/miniforge3/envs/muse/lib/cmake/pinocchio/pinocchioConfig.cmake:168 (find_dependency)
  CMakeLists.txt:28 (find_package)
This warning is for project developers.  Use -Wno-dev to suppress it.

-- Found Boost: /home/ynistico-iit.local/miniforge3/envs/muse/include (found version "1.86.0") found components: filesystem serialization system
-- eigenpy FOUND. eigenpy at /home/ynistico-iit.local/miniforge3/envs/muse/lib/libeigenpy.so
-- Checking for NumPy
--   NUMPY_INCLUDE_DIRS=/home/ynistico-iit.local/miniforge3/envs/muse/lib/python3.11/site-packages/numpy/core/include
--   NUMPY_VERSION=1.26.4
-- Found Python3: /home/ynistico-iit.local/miniforge3/envs/muse/bin/python3.11 (found version "3.11.15") found components: Interpreter Development.Module NumPy
-- PythonLibraryDirs:
-- PythonLibVersionString: 3.11.15
-- Python site lib: lib/python3.11/site-packages
-- Python include dirs: /home/ynistico-iit.local/miniforge3/envs/muse/include/python3.11
-- Checking for NumPy
--   NUMPY_INCLUDE_DIRS=/home/ynistico-iit.local/miniforge3/envs/muse/lib/python3.11/site-packages/numpy/core/include
--   NUMPY_VERSION=1.26.4
-- NumPy include dir: /home/ynistico-iit.local/miniforge3/envs/muse/lib/python3.11/site-packages/numpy/core/include
CMake Warning (dev) at /home/ynistico-iit.local/miniforge3/envs/muse/lib/cmake/eigenpy/boost.cmake:148 (find_package):
  Policy CMP0167 is not set: The FindBoost module is removed.  Run "cmake
  --help-policy CMP0167" for policy details.  Use the cmake_policy command to
  set the policy and suppress this warning.

Call Stack (most recent call first):
  /home/ynistico-iit.local/miniforge3/envs/muse/lib/cmake/eigenpy/eigenpyConfig.cmake:149 (SEARCH_FOR_BOOST_PYTHON)
  /home/ynistico-iit.local/miniforge3/envs/muse/share/cmake-4.2/Modules/CMakeFindDependencyMacro.cmake:93 (find_package)
  /home/ynistico-iit.local/miniforge3/envs/muse/share/cmake-4.2/Modules/CMakeFindDependencyMacro.cmake:125 (__find_dependency_common)
  /home/ynistico-iit.local/miniforge3/envs/muse/lib/cmake/pinocchio/pinocchioConfig.cmake:169 (find_dependency)
  CMakeLists.txt:28 (find_package)
This warning is for project developers.  Use -Wno-dev to suppress it.

-- Found Boost: /home/ynistico-iit.local/miniforge3/envs/muse/include (found version "1.86.0") found components: python311
-- Default C++ standard: 201703
-- Minimal C++ standard upgraded to 11
-- C++ standard sufficient: Minimal required 11, currently defined: 17
-- CMAKE_CXX_STANDARD was not set: automatically set to currently defined standard 17
CMake Warning at /home/ynistico-iit.local/miniforge3/envs/muse/lib/cmake/hpp-fcl/hpp-fclConfig.cmake:3 (message):
  Please update your CMake from 'hpp-fcl' to 'coal'
Call Stack (most recent call first):
  /home/ynistico-iit.local/miniforge3/envs/muse/share/cmake-4.2/Modules/CMakeFindDependencyMacro.cmake:93 (find_package)
  /home/ynistico-iit.local/miniforge3/envs/muse/share/cmake-4.2/Modules/CMakeFindDependencyMacro.cmake:125 (__find_dependency_common)
  /home/ynistico-iit.local/miniforge3/envs/muse/lib/cmake/pinocchio/pinocchioConfig.cmake:171 (find_dependency)
  CMakeLists.txt:28 (find_package)


-- coal FOUND. coal at /home/ynistico-iit.local/miniforge3/envs/muse/lib/libcoal.so
CMake Warning (dev) at /home/ynistico-iit.local/miniforge3/envs/muse/share/cmake-4.2/Modules/CMakeFindDependencyMacro.cmake:93 (find_package):
  Policy CMP0167 is not set: The FindBoost module is removed.  Run "cmake
  --help-policy CMP0167" for policy details.  Use the cmake_policy command to
  set the policy and suppress this warning.

Call Stack (most recent call first):
  /home/ynistico-iit.local/miniforge3/envs/muse/share/cmake-4.2/Modules/CMakeFindDependencyMacro.cmake:125 (__find_dependency_common)
  /home/ynistico-iit.local/miniforge3/envs/muse/lib/cmake/coal/coalConfig.cmake:154 (find_dependency)
  /home/ynistico-iit.local/miniforge3/envs/muse/lib/cmake/hpp-fcl/hpp-fclConfig.cmake:5 (find_package)
  /home/ynistico-iit.local/miniforge3/envs/muse/share/cmake-4.2/Modules/CMakeFindDependencyMacro.cmake:93 (find_package)
  /home/ynistico-iit.local/miniforge3/envs/muse/share/cmake-4.2/Modules/CMakeFindDependencyMacro.cmake:125 (__find_dependency_common)
  /home/ynistico-iit.local/miniforge3/envs/muse/lib/cmake/pinocchio/pinocchioConfig.cmake:171 (find_dependency)
  CMakeLists.txt:28 (find_package)
This warning is for project developers.  Use -Wno-dev to suppress it.

-- Found Threads: TRUE
-- Found Boost: /home/ynistico-iit.local/miniforge3/envs/muse/include (found version "1.86.0") found components: chrono thread date_time serialization filesystem atomic
-- Minimal C++ standard upgraded to 14
-- C++ standard sufficient: Minimal required 14, currently defined: 17
-- C++ standard sufficient: Minimal required 14, currently defined: 17
CMake Warning at /home/ynistico-iit.local/dls_ws_home/muse/muse_ws/build/state_estimator/cmake/state_estimator-genmsg.cmake:3 (message):
  Invoking generate_messages() without having added any message or service
  file before.

  You should either add add_message_files() and/or add_service_files() calls
  or remove the invocation of generate_messages().
Call Stack (most recent call first):
  /home/ynistico-iit.local/miniforge3/envs/muse/share/genmsg/cmake/genmsg-extras.cmake:307 (include)
  CMakeLists.txt:43 (generate_messages)


-- state_estimator: 0 messages, 0 services
state_estimator_generate_messages_cpp;state_estimator_generate_messages_eus;state_estimator_generate_messages_lisp;state_estimator_generate_messages_nodejs;state_estimator_generate_messages_py
-- Configuring done (2.0s)
-- Generating done (0.0s)
-- Build files have been written to: /home/ynistico-iit.local/dls_ws_home/muse/muse_ws/build/state_estimator
