[01m[K/home/ynistico-iit.local/dls_ws_home/muse/muse_ws/src/state_estimator/src/plugins/contact_detection_plugin.cpp:[m[K In member function '[01m[Kvoid state_estimator_plugins::ContactDetectionPlugin::[01;32m[KanymalStateCallback[m[K(const state_estimator_msgs::AnymalState_<std::allocator<void> >::ConstPtr&)[m[K':
[01m[K/home/ynistico-iit.local/dls_ws_home/muse/muse_ws/src/state_estimator/src/plugins/contact_detection_plugin.cpp:156:45:[m[K [01;31m[Kerror: [m[Kexpected '[01m[K;[m[K' before '[01m[Kstd[m[K'
  156 |                         std::cout << "AAAA" [01;31m[K<< [m[Kstd::endl;
      |                                             [01;31m[K^~~[m[K
In file included from [01m[K/home/ynistico-iit.local/miniforge3/envs/muse/include/boost/smart_ptr/detail/requires_cxx11.hpp:9[m[K,
                 from [01m[K/home/ynistico-iit.local/miniforge3/envs/muse/include/boost/smart_ptr/scoped_ptr.hpp:13[m[K,
                 from [01m[K/home/ynistico-iit.local/miniforge3/envs/muse/include/boost/scoped_ptr.hpp:13[m[K,
                 from [01m[K/home/ynistico-iit.local/miniforge3/envs/muse/include/boost/archive/detail/basic_oarchive.hpp:22[m[K,
                 from [01m[K/home/ynistico-iit.local/miniforge3/envs/muse/include/boost/archive/detail/common_oarchive.hpp:21[m[K,
                 from [01m[K/home/ynistico-iit.local/miniforge3/envs/muse/include/boost/archive/basic_text_oarchive.hpp:29[m[K,
                 from [01m[K/home/ynistico-iit.local/miniforge3/envs/muse/include/boost/archive/text_oarchive.hpp:31[m[K,
                 from [01m[K/home/ynistico-iit.local/miniforge3/envs/muse/include/pinocchio/serialization/archive.hpp:15[m[K,
                 from [01m[K/home/ynistico-iit.local/miniforge3/envs/muse/include/pinocchio/serialization/serializable.hpp:8[m[K,
                 from [01m[K/home/ynistico-iit.local/miniforge3/envs/muse/include/pinocchio/multibody/model.hpp:21[m[K,
                 from [01m[K/home/ynistico-iit.local/miniforge3/envs/muse/include/pinocchio/algorithm/frames.hpp:8[m[K,
                 from [01m[K/home/ynistico-iit.local/dls_ws_home/muse/muse_ws/src/state_estimator/include/state_estimator/Models/grf_contact_estimator.hpp:4[m[K,
                 from [01m[K/home/ynistico-iit.local/dls_ws_home/muse/muse_ws/src/state_estimator/src/plugins/contact_detection_plugin.cpp:1[m[K:
[01m[K/home/ynistico-iit.local/miniforge3/envs/muse/include/boost/bind.hpp:[m[K At global scope:
[01m[K/home/ynistico-iit.local/miniforge3/envs/muse/include/boost/bind.hpp:36:1:[m[K [01;36m[Knote: [m[K'[01m[K#pragma message: The practice of declaring the Bind placeholders (_1, _2, ...) in the global namespace is deprecated. Please use <boost/bind/bind.hpp> + using namespace boost::placeholders, or define BOOST_BIND_GLOBAL_PLACEHOLDERS to retain the current behavior.[m[K'
   36 | [01;36m[KBOOST_PRAGMA_MESSAGE[m[K(
      | [01;36m[K^~~~~~~~~~~~~~~~~~~~[m[K
make[2]: *** [CMakeFiles/state_estimator_plugins.dir/build.make:93: CMakeFiles/state_estimator_plugins.dir/src/plugins/contact_detection_plugin.cpp.o] Error 1
make[1]: *** [CMakeFiles/Makefile2:2124: CMakeFiles/state_estimator_plugins.dir/all] Error 2
make: *** [Makefile:146: all] Error 2
