[01m[K/home/ynistico-iit.local/dls_ws_home/muse/muse_ws/src/state_estimator/src/plugins/contact_detection_plugin.cpp:[m[K In member function '[01m[Kvoid state_estimator_plugins::ContactDetectionPlugin::[01;32m[KactuatorReadingsCallback[m[K(const series_elastic_actuator_msgs::SeActuatorReadings_<std::allocator<void> >::ConstPtr&)[m[K':
[01m[K/home/ynistico-iit.local/dls_ws_home/muse/muse_ws/src/state_estimator/src/plugins/contact_detection_plugin.cpp:183:38:[m[K [01;31m[Kerror: [m[K'[01m[Kconst struct series_elastic_actuator_msgs::SeActuatorReadings_<std::allocator<void> >[m[K' has no member named '[01m[Kheader[m[K'
  183 |         msg.header.stamp = readings->[01;31m[Kheader[m[K.stamp.isZero() ? ros::Time::now() : readings->header.stamp;
      |                                      [01;31m[K^~~~~~[m[K
[01m[K/home/ynistico-iit.local/dls_ws_home/muse/muse_ws/src/state_estimator/src/plugins/contact_detection_plugin.cpp:183:91:[m[K [01;31m[Kerror: [m[K'[01m[Kconst struct series_elastic_actuator_msgs::SeActuatorReadings_<std::allocator<void> >[m[K' has no member named '[01m[Kheader[m[K'
  183 |         msg.header.stamp = readings->header.stamp.isZero() ? ros::Time::now() : readings->[01;31m[Kheader[m[K.stamp;
      |                                                                                           [01;31m[K^~~~~~[m[K
In file included from [01m[K/home/ynistico-iit.local/miniforge3/envs/muse/include/boost/smart_ptr/detail/requires_cxx11.hpp:9[m[K,
                 from [01m[K/home/ynistico-iit.local/miniforge3/envs/muse/include/boost/smart_ptr/shared_ptr.hpp:17[m[K,
                 from [01m[K/home/ynistico-iit.local/miniforge3/envs/muse/include/boost/shared_ptr.hpp:17[m[K,
                 from [01m[K/home/ynistico-iit.local/miniforge3/envs/muse/include/ros/forwards.h:37[m[K,
                 from [01m[K/home/ynistico-iit.local/miniforge3/envs/muse/include/ros/common.h:37[m[K,
                 from [01m[K/home/ynistico-iit.local/miniforge3/envs/muse/include/ros/ros.h:43[m[K,
                 from [01m[K/home/ynistico-iit.local/dls_ws_home/muse/muse_ws/src/state_estimator/include/state_estimator/plugin.hpp:4[m[K,
                 from [01m[K/home/ynistico-iit.local/dls_ws_home/muse/muse_ws/src/state_estimator/src/plugins/contact_detection_plugin.cpp:1[m[K:
[01m[K/home/ynistico-iit.local/miniforge3/envs/muse/include/boost/bind.hpp:[m[K At global scope:
[01m[K/home/ynistico-iit.local/miniforge3/envs/muse/include/boost/bind.hpp:36:1:[m[K [01;36m[Knote: [m[K'[01m[K#pragma message: The practice of declaring the Bind placeholders (_1, _2, ...) in the global namespace is deprecated. Please use <boost/bind/bind.hpp> + using namespace boost::placeholders, or define BOOST_BIND_GLOBAL_PLACEHOLDERS to retain the current behavior.[m[K'
   36 | [01;36m[KBOOST_PRAGMA_MESSAGE[m[K(
      | [01;36m[K^~~~~~~~~~~~~~~~~~~~[m[K
make[2]: *** [CMakeFiles/state_estimator_plugins.dir/build.make:93: CMakeFiles/state_estimator_plugins.dir/src/plugins/contact_detection_plugin.cpp.o] Error 1
make[1]: *** [CMakeFiles/Makefile2:2473: CMakeFiles/state_estimator_plugins.dir/all] Error 2
make: *** [Makefile:146: all] Error 2
