CMake Warning (dev) at /home/ynistico-iit.local/miniforge3/envs/muse/share/catkin/cmake/python.cmake:4 (find_package):
  Policy CMP0148 is not set: The FindPythonInterp and FindPythonLibs modules
  are removed.  Run "cmake --help-policy CMP0148" for policy details.  Use
  the cmake_policy command to set the policy and suppress this warning.

Call Stack (most recent call first):
  /home/ynistico-iit.local/miniforge3/envs/muse/share/catkin/cmake/all.cmake:164 (include)
  /home/ynistico-iit.local/miniforge3/envs/muse/share/catkin/cmake/catkinConfig.cmake:20 (include)
  CMakeLists.txt:6 (find_package)
This warning is for project developers.  Use -Wno-dev to suppress it.

CMake Warning (dev) at CMakeLists.txt:22 (find_package):
  Policy CMP0167 is not set: The FindBoost module is removed.  Run "cmake
  --help-policy CMP0167" for policy details.  Use the cmake_policy command to
  set the policy and suppress this warning.

This warning is for project developers.  Use -Wno-dev to suppress it.

CMake Warning (dev) at /home/ynistico-iit.local/miniforge3/envs/muse/share/cmake-4.2/Modules/CMakeFindDependencyMacro.cmake:93 (find_package):
  Policy CMP0167 is not set: The FindBoost module is removed.  Run "cmake
  --help-policy CMP0167" for policy details.  Use the cmake_policy command to
  set the policy and suppress this warning.

Call Stack (most recent call first):
  /home/ynistico-iit.local/miniforge3/envs/muse/share/cmake-4.2/Modules/CMakeFindDependencyMacro.cmake:125 (__find_dependency_common)
  /home/ynistico-iit.local/miniforge3/envs/muse/lib/cmake/pinocchio/pinocchioConfig.cmake:168 (find_dependency)
  CMakeLists.txt:30 (find_package)
This warning is for project developers.  Use -Wno-dev to suppress it.

CMake Warning (dev) at /home/ynistico-iit.local/miniforge3/envs/muse/lib/cmake/eigenpy/boost.cmake:148 (find_package):
  Policy CMP0167 is not set: The FindBoost module is removed.  Run "cmake
  --help-policy CMP0167" for policy details.  Use the cmake_policy command to
  set the policy and suppress this warning.

Call Stack (most recent call first):
  /home/ynistico-iit.local/miniforge3/envs/muse/lib/cmake/eigenpy/eigenpyConfig.cmake:149 (SEARCH_FOR_BOOST_PYTHON)
  /home/ynistico-iit.local/miniforge3/envs/muse/share/cmake-4.2/Modules/CMakeFindDependencyMacro.cmake:93 (find_package)
  /home/ynistico-iit.local/miniforge3/envs/muse/share/cmake-4.2/Modules/CMakeFindDependencyMacro.cmake:125 (__find_dependency_common)
  /home/ynistico-iit.local/miniforge3/envs/muse/lib/cmake/pinocchio/pinocchioConfig.cmake:169 (find_dependency)
  CMakeLists.txt:30 (find_package)
This warning is for project developers.  Use -Wno-dev to suppress it.

CMake Warning at /home/ynistico-iit.local/miniforge3/envs/muse/lib/cmake/hpp-fcl/hpp-fclConfig.cmake:3 (message):
  Please update your CMake from 'hpp-fcl' to 'coal'
Call Stack (most recent call first):
  /home/ynistico-iit.local/miniforge3/envs/muse/share/cmake-4.2/Modules/CMakeFindDependencyMacro.cmake:93 (find_package)
  /home/ynistico-iit.local/miniforge3/envs/muse/share/cmake-4.2/Modules/CMakeFindDependencyMacro.cmake:125 (__find_dependency_common)
  /home/ynistico-iit.local/miniforge3/envs/muse/lib/cmake/pinocchio/pinocchioConfig.cmake:171 (find_dependency)
  CMakeLists.txt:30 (find_package)


CMake Warning (dev) at /home/ynistico-iit.local/miniforge3/envs/muse/share/cmake-4.2/Modules/CMakeFindDependencyMacro.cmake:93 (find_package):
  Policy CMP0167 is not set: The FindBoost module is removed.  Run "cmake
  --help-policy CMP0167" for policy details.  Use the cmake_policy command to
  set the policy and suppress this warning.

Call Stack (most recent call first):
  /home/ynistico-iit.local/miniforge3/envs/muse/share/cmake-4.2/Modules/CMakeFindDependencyMacro.cmake:125 (__find_dependency_common)
  /home/ynistico-iit.local/miniforge3/envs/muse/lib/cmake/coal/coalConfig.cmake:154 (find_dependency)
  /home/ynistico-iit.local/miniforge3/envs/muse/lib/cmake/hpp-fcl/hpp-fclConfig.cmake:5 (find_package)
  /home/ynistico-iit.local/miniforge3/envs/muse/share/cmake-4.2/Modules/CMakeFindDependencyMacro.cmake:93 (find_package)
  /home/ynistico-iit.local/miniforge3/envs/muse/share/cmake-4.2/Modules/CMakeFindDependencyMacro.cmake:125 (__find_dependency_common)
  /home/ynistico-iit.local/miniforge3/envs/muse/lib/cmake/pinocchio/pinocchioConfig.cmake:171 (find_dependency)
  CMakeLists.txt:30 (find_package)
This warning is for project developers.  Use -Wno-dev to suppress it.

