[  0%] Built target dynamic_reconfigure_generate_messages_eus
[  0%] Built target dynamic_reconfigure_generate_messages_py
[  0%] Built target sensor_msgs_generate_messages_py
[  0%] Built target sensor_msgs_generate_messages_lisp
[  0%] Built target geometry_msgs_generate_messages_cpp
[  0%] Built target sensor_msgs_generate_messages_cpp
[  0%] Built target sensor_msgs_generate_messages_nodejs
[  0%] Built target geometry_msgs_generate_messages_lisp
[  0%] Built target dynamic_reconfigure_generate_messages_nodejs
[  0%] Built target dynamic_reconfigure_generate_messages_lisp
[  0%] Built target sensor_msgs_generate_messages_eus
[  0%] Built target geometry_msgs_generate_messages_eus
[  0%] Built target geometry_msgs_generate_messages_py
[  0%] Built target geometry_msgs_generate_messages_nodejs
[  0%] Built target nav_msgs_generate_messages_eus
[  0%] Built target nav_msgs_generate_messages_cpp
[  0%] Built target actionlib_msgs_generate_messages_nodejs
[  0%] Built target nav_msgs_generate_messages_lisp
[  0%] Built target nav_msgs_generate_messages_py
[  0%] Built target actionlib_generate_messages_cpp
[  0%] Built target actionlib_msgs_generate_messages_cpp
[  0%] Built target actionlib_msgs_generate_messages_eus
[  0%] Built target actionlib_generate_messages_eus
[  0%] Built target actionlib_generate_messages_lisp
[  0%] Built target actionlib_msgs_generate_messages_py
[  0%] Built target nav_msgs_generate_messages_nodejs
[  0%] Built target actionlib_msgs_generate_messages_lisp
[  0%] Built target actionlib_generate_messages_py
[  0%] Built target actionlib_generate_messages_nodejs
[  0%] Built target tf2_msgs_generate_messages_cpp
[  0%] Built target state_estimator_msgs_generate_messages_nodejs
[  0%] Built target tf2_msgs_generate_messages_lisp
[  0%] Built target tf2_msgs_generate_messages_eus
[  0%] Built target tf2_msgs_generate_messages_nodejs
[  0%] Built target state_estimator_msgs_generate_messages_cpp
[  0%] Built target state_estimator_msgs_generate_messages_eus
[  0%] Built target state_estimator_msgs_generate_messages_py
[  0%] Built target roscpp_generate_messages_eus
[  0%] Built target roscpp_generate_messages_cpp
[  0%] Built target roscpp_generate_messages_nodejs
[  0%] Built target tf2_msgs_generate_messages_py
[  0%] Built target roscpp_generate_messages_lisp
[  0%] Built target state_estimator_msgs_generate_messages_lisp
[  0%] Built target roscpp_generate_messages_py
[  0%] Built target std_msgs_generate_messages_eus
[  0%] Built target std_msgs_generate_messages_lisp
[  0%] Built target rosgraph_msgs_generate_messages_py
[  0%] Built target rosgraph_msgs_generate_messages_cpp
[  0%] Built target rosgraph_msgs_generate_messages_lisp
[  0%] Built target rosgraph_msgs_generate_messages_nodejs
[  0%] Built target std_msgs_generate_messages_cpp
[  0%] Built target std_msgs_generate_messages_py
[  0%] Built target rosgraph_msgs_generate_messages_eus
[  0%] Built target dynamic_reconfigure_generate_messages_cpp
[  0%] Built target std_msgs_generate_messages_nodejs
[ 33%] Built target state_estimator_node
[ 44%] [32mBuilding CXX object CMakeFiles/state_estimator_plugins.dir/src/plugins/contact_detection_plugin.cpp.o[0m
In file included from [01m[K/home/ynistico-iit.local/miniforge3/envs/muse/include/boost/smart_ptr/detail/requires_cxx11.hpp:9[m[K,
                 from [01m[K/home/ynistico-iit.local/miniforge3/envs/muse/include/boost/smart_ptr/scoped_ptr.hpp:13[m[K,
                 from [01m[K/home/ynistico-iit.local/miniforge3/envs/muse/include/boost/scoped_ptr.hpp:13[m[K,
                 from [01m[K/home/ynistico-iit.local/miniforge3/envs/muse/include/boost/archive/detail/basic_oarchive.hpp:22[m[K,
                 from [01m[K/home/ynistico-iit.local/miniforge3/envs/muse/include/boost/archive/detail/common_oarchive.hpp:21[m[K,
                 from [01m[K/home/ynistico-iit.local/miniforge3/envs/muse/include/boost/archive/basic_text_oarchive.hpp:29[m[K,
                 from [01m[K/home/ynistico-iit.local/miniforge3/envs/muse/include/boost/archive/text_oarchive.hpp:31[m[K,
                 from [01m[K/home/ynistico-iit.local/miniforge3/envs/muse/include/pinocchio/serialization/archive.hpp:15[m[K,
                 from [01m[K/home/ynistico-iit.local/miniforge3/envs/muse/include/pinocchio/serialization/serializable.hpp:8[m[K,
                 from [01m[K/home/ynistico-iit.local/miniforge3/envs/muse/include/pinocchio/multibody/model.hpp:21[m[K,
                 from [01m[K/home/ynistico-iit.local/miniforge3/envs/muse/include/pinocchio/algorithm/frames.hpp:8[m[K,
                 from [01m[K/home/ynistico-iit.local/dls_ws_home/muse/muse_ws/src/state_estimator/include/state_estimator/Models/grf_contact_estimator.hpp:4[m[K,
                 from [01m[K/home/ynistico-iit.local/dls_ws_home/muse/muse_ws/src/state_estimator/src/plugins/contact_detection_plugin.cpp:1[m[K:
[01m[K/home/ynistico-iit.local/miniforge3/envs/muse/include/boost/bind.hpp:36:1:[m[K [01;36m[Knote: [m[K'[01m[K#pragma message: The practice of declaring the Bind placeholders (_1, _2, ...) in the global namespace is deprecated. Please use <boost/bind/bind.hpp> + using namespace boost::placeholders, or define BOOST_BIND_GLOBAL_PLACEHOLDERS to retain the current behavior.[m[K'
   36 | [01;36m[KBOOST_PRAGMA_MESSAGE[m[K(
      | [01;36m[K^~~~~~~~~~~~~~~~~~~~[m[K
[ 55%] [1m[32mLinking CXX shared library /home/ynistico-iit.local/dls_ws_home/muse/muse_ws/devel/.private/state_estimator/lib/libstate_estimator_plugins.so[0m
[100%] Built target state_estimator_plugins
