Not searching for unused variables given on the command line.
[36m--[0m The C compiler identification is GNU 14.3.0
[36m--[0m The CXX compiler identification is GNU 14.3.0
[36m--[0m Detecting C compiler ABI info
[36m--[0m Detecting C compiler ABI info - done
[36m--[0m Check for working C compiler: /home/ynistico-iit.local/miniforge3/envs/muse/bin/x86_64-conda-linux-gnu-cc - skipped
[36m--[0m Detecting C compile features
[36m--[0m Detecting C compile features - done
[36m--[0m Detecting CXX compiler ABI info
[36m--[0m Detecting CXX compiler ABI info - done
[36m--[0m Check for working CXX compiler: /home/ynistico-iit.local/miniforge3/envs/muse/bin/x86_64-conda-linux-gnu-c++ - skipped
[36m--[0m Detecting CXX compile features
[36m--[0m Detecting CXX compile features - done
[36m--[0m Using CATKIN_DEVEL_PREFIX: /home/ynistico-iit.local/dls_ws_home/muse/muse_ws/devel/.private/state_estimator
[36m--[0m Using CMAKE_PREFIX_PATH: /home/ynistico-iit.local/dls_ws_home/muse/muse_ws/install;/home/ynistico-iit.local/miniforge3/envs/muse;/home/ynistico-iit.local/miniforge3/envs/muse/x86_64-conda-linux-gnu/sysroot/usr
[36m--[0m This workspace overlays: /home/ynistico-iit.local/dls_ws_home/muse/muse_ws/install;/home/ynistico-iit.local/miniforge3/envs/muse
[33mCMake Warning (dev) at /home/ynistico-iit.local/miniforge3/envs/muse/share/catkin/cmake/python.cmake:4 (find_package):
  Policy CMP0148 is not set: The FindPythonInterp and FindPythonLibs modules
  are removed.  Run "cmake --help-policy CMP0148" for policy details.  Use
  the cmake_policy command to set the policy and suppress this warning.

[36mCall Stack (most recent call first):[0m
  /home/ynistico-iit.local/miniforge3/envs/muse/share/catkin/cmake/all.cmake:164 (include)
  /home/ynistico-iit.local/miniforge3/envs/muse/share/catkin/cmake/catkinConfig.cmake:20 (include)
  CMakeLists.txt:6 (find_package)
This warning is for project developers.  Use -Wno-dev to suppress it.
[0m
[36m--[0m Found PythonInterp: /home/ynistico-iit.local/miniforge3/envs/muse/bin/python3.11 (found suitable version "3.11.15", minimum required is "3.11")
[36m--[0m Using PYTHON_EXECUTABLE: /home/ynistico-iit.local/miniforge3/envs/muse/bin/python3.11
[36m--[0m Using default Python package layout
[36m--[0m Found PY_em: /home/ynistico-iit.local/miniforge3/envs/muse/lib/python3.11/site-packages/em.py
[36m--[0m Using empy: /home/ynistico-iit.local/miniforge3/envs/muse/lib/python3.11/site-packages/em.py
[36m--[0m Using CATKIN_ENABLE_TESTING: ON
[36m--[0m Call enable_testing()
[36m--[0m Using CATKIN_TEST_RESULTS_DIR: /home/ynistico-iit.local/dls_ws_home/muse/muse_ws/build/state_estimator/test_results
[36m--[0m Found gtest: gtests will be built
[36m--[0m Using Python nosetests: /home/ynistico-iit.local/miniforge3/envs/muse/bin/nosetests
[36m--[0m catkin 0.8.10
[36m--[0m BUILD_SHARED_LIBS is on
[36m--[0m Using these message generators: gencpp;geneus;genlisp;gennodejs;genpy
[33mCMake Warning (dev) at CMakeLists.txt:22 (find_package):
  Policy CMP0167 is not set: The FindBoost module is removed.  Run "cmake
  --help-policy CMP0167" for policy details.  Use the cmake_policy command to
  set the policy and suppress this warning.

This warning is for project developers.  Use -Wno-dev to suppress it.
[0m
[36m--[0m Found Boost: /home/ynistico-iit.local/miniforge3/envs/muse/lib/cmake/Boost-1.86.0/BoostConfig.cmake (found version "1.86.0") found components: system program_options
[36m--[0m Found PkgConfig: /home/ynistico-iit.local/miniforge3/envs/muse/bin/pkg-config (found version "0.29.2")
[36m--[0m pinocchio_default FOUND. pinocchio_default at /home/ynistico-iit.local/miniforge3/envs/muse/lib/libpinocchio_default.so
[36m--[0m pinocchio_parsers FOUND. pinocchio_parsers at /home/ynistico-iit.local/miniforge3/envs/muse/lib/libpinocchio_parsers.so
[36m--[0m pinocchio_casadi FOUND. pinocchio_casadi at /home/ynistico-iit.local/miniforge3/envs/muse/lib/libpinocchio_casadi.so
[36m--[0m pinocchio_extra FOUND. pinocchio_extra at /home/ynistico-iit.local/miniforge3/envs/muse/lib/libpinocchio_extra.so
[36m--[0m qhullcpp FOUND. qhullcpp at /home/ynistico-iit.local/miniforge3/envs/muse/lib/libqhullcpp.a
[36m--[0m Looking for sdformat14 -- found version 14.5.0
[36m--[0m Searching for dependencies of sdformat14
[36m--[0m Checking for module 'tinyxml2'
[36m--[0m   Found tinyxml2, version 10.0.0
[36m--[0m Looking for dlfcn.h - found
[36m--[0m Looking for libdl - found
[36m--[0m Found DL: TRUE
[36m--[0m Looking for gz-math7 -- found version 7.5.2
[36m--[0m Searching for dependencies of gz-math7
[36m--[0m Looking for gz-utils2 -- found version 2.2.1
[36m--[0m Searching for dependencies of gz-utils2
[36m--[0m Looking for gz-utils2 -- found version 2.2.1
[36m--[0m Searching for dependencies of gz-utils2
[36m--[0m Searching for <gz-utils2> component [cli]
[36m--[0m Looking for gz-utils2-cli -- found version 2.2.1
[36m--[0m Searching for dependencies of gz-utils2-cli
[36m--[0m Found OpenMP_C: -fopenmp (found version "4.5")
[36m--[0m Found OpenMP_CXX: -fopenmp (found version "4.5")
[36m--[0m Found OpenMP: TRUE (found version "4.5")
[33mCMake Warning (dev) at /home/ynistico-iit.local/miniforge3/envs/muse/share/cmake-4.2/Modules/CMakeFindDependencyMacro.cmake:93 (find_package):
  Policy CMP0167 is not set: The FindBoost module is removed.  Run "cmake
  --help-policy CMP0167" for policy details.  Use the cmake_policy command to
  set the policy and suppress this warning.

[36mCall Stack (most recent call first):[0m
  /home/ynistico-iit.local/miniforge3/envs/muse/share/cmake-4.2/Modules/CMakeFindDependencyMacro.cmake:125 (__find_dependency_common)
  /home/ynistico-iit.local/miniforge3/envs/muse/lib/cmake/pinocchio/pinocchioConfig.cmake:168 (find_dependency)
  CMakeLists.txt:28 (find_package)
This warning is for project developers.  Use -Wno-dev to suppress it.
[0m
[36m--[0m Found Boost: /home/ynistico-iit.local/miniforge3/envs/muse/include (found version "1.86.0") found components: filesystem serialization system
[36m--[0m eigenpy FOUND. eigenpy at /home/ynistico-iit.local/miniforge3/envs/muse/lib/libeigenpy.so
[36m--[0m Checking for NumPy
[36m--[0m   NUMPY_INCLUDE_DIRS=/home/ynistico-iit.local/miniforge3/envs/muse/lib/python3.11/site-packages/numpy/core/include
[36m--[0m   NUMPY_VERSION=1.26.4
[36m--[0m Found Python3: /home/ynistico-iit.local/miniforge3/envs/muse/bin/python3.11 (found version "3.11.15") found components: Interpreter Development.Module NumPy
[36m--[0m PythonLibraryDirs:
[36m--[0m PythonLibVersionString: 3.11.15
[36m--[0m Python site lib: lib/python3.11/site-packages
[36m--[0m Python include dirs: /home/ynistico-iit.local/miniforge3/envs/muse/include/python3.11
[36m--[0m Checking for NumPy
[36m--[0m   NUMPY_INCLUDE_DIRS=/home/ynistico-iit.local/miniforge3/envs/muse/lib/python3.11/site-packages/numpy/core/include
[36m--[0m   NUMPY_VERSION=1.26.4
[36m--[0m NumPy include dir: /home/ynistico-iit.local/miniforge3/envs/muse/lib/python3.11/site-packages/numpy/core/include
[33mCMake Warning (dev) at /home/ynistico-iit.local/miniforge3/envs/muse/lib/cmake/eigenpy/boost.cmake:148 (find_package):
  Policy CMP0167 is not set: The FindBoost module is removed.  Run "cmake
  --help-policy CMP0167" for policy details.  Use the cmake_policy command to
  set the policy and suppress this warning.

[36mCall Stack (most recent call first):[0m
  /home/ynistico-iit.local/miniforge3/envs/muse/lib/cmake/eigenpy/eigenpyConfig.cmake:149 (SEARCH_FOR_BOOST_PYTHON)
  /home/ynistico-iit.local/miniforge3/envs/muse/share/cmake-4.2/Modules/CMakeFindDependencyMacro.cmake:93 (find_package)
  /home/ynistico-iit.local/miniforge3/envs/muse/share/cmake-4.2/Modules/CMakeFindDependencyMacro.cmake:125 (__find_dependency_common)
  /home/ynistico-iit.local/miniforge3/envs/muse/lib/cmake/pinocchio/pinocchioConfig.cmake:169 (find_dependency)
  CMakeLists.txt:28 (find_package)
This warning is for project developers.  Use -Wno-dev to suppress it.
[0m
[36m--[0m Found Boost: /home/ynistico-iit.local/miniforge3/envs/muse/include (found version "1.86.0") found components: python311
[36m--[0m Default C++ standard: 201703
[36m--[0m Minimal C++ standard upgraded to 11
[36m--[0m C++ standard sufficient: Minimal required 11, currently defined: 17
[36m--[0m CMAKE_CXX_STANDARD was not set: automatically set to currently defined standard 17
[33mCMake Warning at /home/ynistico-iit.local/miniforge3/envs/muse/lib/cmake/hpp-fcl/hpp-fclConfig.cmake:3 (message):
  Please update your CMake from 'hpp-fcl' to 'coal'
[36mCall Stack (most recent call first):[0m
  /home/ynistico-iit.local/miniforge3/envs/muse/share/cmake-4.2/Modules/CMakeFindDependencyMacro.cmake:93 (find_package)
  /home/ynistico-iit.local/miniforge3/envs/muse/share/cmake-4.2/Modules/CMakeFindDependencyMacro.cmake:125 (__find_dependency_common)
  /home/ynistico-iit.local/miniforge3/envs/muse/lib/cmake/pinocchio/pinocchioConfig.cmake:171 (find_dependency)
  CMakeLists.txt:28 (find_package)

[0m
[36m--[0m coal FOUND. coal at /home/ynistico-iit.local/miniforge3/envs/muse/lib/libcoal.so
[33mCMake Warning (dev) at /home/ynistico-iit.local/miniforge3/envs/muse/share/cmake-4.2/Modules/CMakeFindDependencyMacro.cmake:93 (find_package):
  Policy CMP0167 is not set: The FindBoost module is removed.  Run "cmake
  --help-policy CMP0167" for policy details.  Use the cmake_policy command to
  set the policy and suppress this warning.

[36mCall Stack (most recent call first):[0m
  /home/ynistico-iit.local/miniforge3/envs/muse/share/cmake-4.2/Modules/CMakeFindDependencyMacro.cmake:125 (__find_dependency_common)
  /home/ynistico-iit.local/miniforge3/envs/muse/lib/cmake/coal/coalConfig.cmake:154 (find_dependency)
  /home/ynistico-iit.local/miniforge3/envs/muse/lib/cmake/hpp-fcl/hpp-fclConfig.cmake:5 (find_package)
  /home/ynistico-iit.local/miniforge3/envs/muse/share/cmake-4.2/Modules/CMakeFindDependencyMacro.cmake:93 (find_package)
  /home/ynistico-iit.local/miniforge3/envs/muse/share/cmake-4.2/Modules/CMakeFindDependencyMacro.cmake:125 (__find_dependency_common)
  /home/ynistico-iit.local/miniforge3/envs/muse/lib/cmake/pinocchio/pinocchioConfig.cmake:171 (find_dependency)
  CMakeLists.txt:28 (find_package)
This warning is for project developers.  Use -Wno-dev to suppress it.
[0m
[36m--[0m Found Threads: TRUE
[36m--[0m Found Boost: /home/ynistico-iit.local/miniforge3/envs/muse/include (found version "1.86.0") found components: chrono thread date_time serialization filesystem atomic
[36m--[0m Minimal C++ standard upgraded to 14
[36m--[0m C++ standard sufficient: Minimal required 14, currently defined: 17
[36m--[0m C++ standard sufficient: Minimal required 14, currently defined: 17
[33mCMake Warning at /home/ynistico-iit.local/dls_ws_home/muse/muse_ws/build/state_estimator/cmake/state_estimator-genmsg.cmake:3 (message):
  Invoking generate_messages() without having added any message or service
  file before.

  You should either add add_message_files() and/or add_service_files() calls
  or remove the invocation of generate_messages().
[36mCall Stack (most recent call first):[0m
  /home/ynistico-iit.local/miniforge3/envs/muse/share/genmsg/cmake/genmsg-extras.cmake:307 (include)
  CMakeLists.txt:43 (generate_messages)

[0m
[36m--[0m state_estimator: 0 messages, 0 services
[0mstate_estimator_generate_messages_cpp;state_estimator_generate_messages_eus;state_estimator_generate_messages_lisp;state_estimator_generate_messages_nodejs;state_estimator_generate_messages_py[0m
[36m--[0m Configuring done (2.2s)
[36m--[0m Generating done (0.0s)
[36m--[0m Build files have been written to: /home/ynistico-iit.local/dls_ws_home/muse/muse_ws/build/state_estimator
