[  0%] Built target dynamic_reconfigure_generate_messages_eus
[  0%] Built target dynamic_reconfigure_generate_messages_lisp
[  0%] Built target dynamic_reconfigure_generate_messages_nodejs
[  0%] Built target dynamic_reconfigure_generate_messages_py
[  0%] Built target sensor_msgs_generate_messages_cpp
[  0%] Built target sensor_msgs_generate_messages_eus
[  0%] Built target sensor_msgs_generate_messages_lisp
[  0%] Built target sensor_msgs_generate_messages_nodejs
[  0%] Built target sensor_msgs_generate_messages_py
[  0%] Built target geometry_msgs_generate_messages_cpp
[  0%] Built target geometry_msgs_generate_messages_eus
[  0%] Built target geometry_msgs_generate_messages_lisp
[  0%] Built target geometry_msgs_generate_messages_nodejs
[  0%] Built target geometry_msgs_generate_messages_py
[  0%] Built target nav_msgs_generate_messages_cpp
[  0%] Built target nav_msgs_generate_messages_eus
[  0%] Built target nav_msgs_generate_messages_lisp
[  0%] Built target nav_msgs_generate_messages_nodejs
[  0%] Built target nav_msgs_generate_messages_py
[  0%] Built target actionlib_msgs_generate_messages_cpp
[  0%] Built target actionlib_msgs_generate_messages_eus
[  0%] Built target actionlib_msgs_generate_messages_lisp
[  0%] Built target actionlib_msgs_generate_messages_nodejs
[  0%] Built target actionlib_msgs_generate_messages_py
[  0%] Built target actionlib_generate_messages_cpp
[  0%] Built target actionlib_generate_messages_eus
[  0%] Built target actionlib_generate_messages_lisp
[  0%] Built target actionlib_generate_messages_nodejs
[  0%] Built target actionlib_generate_messages_py
[  0%] Built target tf2_msgs_generate_messages_cpp
[  0%] Built target tf2_msgs_generate_messages_eus
[  0%] Built target tf2_msgs_generate_messages_lisp
[  0%] Built target tf2_msgs_generate_messages_nodejs
[  0%] Built target tf2_msgs_generate_messages_py
[  0%] Built target state_estimator_msgs_generate_messages_cpp
[  0%] Built target state_estimator_msgs_generate_messages_eus
[  0%] Built target state_estimator_msgs_generate_messages_lisp
[  0%] Built target state_estimator_msgs_generate_messages_nodejs
[  0%] Built target state_estimator_msgs_generate_messages_py
[  0%] Built target roscpp_generate_messages_cpp
[  0%] Built target roscpp_generate_messages_eus
[  0%] Built target roscpp_generate_messages_lisp
[  0%] Built target roscpp_generate_messages_nodejs
[  0%] Built target roscpp_generate_messages_py
[  0%] Built target rosgraph_msgs_generate_messages_cpp
[  0%] Built target rosgraph_msgs_generate_messages_eus
[  0%] Built target rosgraph_msgs_generate_messages_lisp
[  0%] Built target rosgraph_msgs_generate_messages_nodejs
[  0%] Built target rosgraph_msgs_generate_messages_py
[  0%] Built target std_msgs_generate_messages_cpp
[  0%] Built target std_msgs_generate_messages_eus
[  0%] Built target std_msgs_generate_messages_lisp
[  0%] Built target std_msgs_generate_messages_nodejs
[  0%] Built target std_msgs_generate_messages_py
[  0%] Built target dynamic_reconfigure_generate_messages_cpp
[ 66%] Built target state_estimator_plugins
[100%] Built target state_estimator_node
[36mInstall the project...[0m
-- Install configuration: ""
-- Installing: /home/ynistico-iit.local/dls_ws_home/muse/muse_ws/install/_setup_util.py
-- Installing: /home/ynistico-iit.local/dls_ws_home/muse/muse_ws/install/env.sh
-- Installing: /home/ynistico-iit.local/dls_ws_home/muse/muse_ws/install/setup.bash
-- Installing: /home/ynistico-iit.local/dls_ws_home/muse/muse_ws/install/local_setup.bash
-- Installing: /home/ynistico-iit.local/dls_ws_home/muse/muse_ws/install/setup.sh
-- Installing: /home/ynistico-iit.local/dls_ws_home/muse/muse_ws/install/local_setup.sh
-- Installing: /home/ynistico-iit.local/dls_ws_home/muse/muse_ws/install/setup.zsh
-- Installing: /home/ynistico-iit.local/dls_ws_home/muse/muse_ws/install/local_setup.zsh
-- Installing: /home/ynistico-iit.local/dls_ws_home/muse/muse_ws/install/.rosinstall
-- Up-to-date: /home/ynistico-iit.local/dls_ws_home/muse/muse_ws/install/lib/pkgconfig/state_estimator.pc
-- Up-to-date: /home/ynistico-iit.local/dls_ws_home/muse/muse_ws/install/share/state_estimator/cmake/state_estimatorConfig.cmake
-- Up-to-date: /home/ynistico-iit.local/dls_ws_home/muse/muse_ws/install/share/state_estimator/cmake/state_estimatorConfig-version.cmake
-- Up-to-date: /home/ynistico-iit.local/dls_ws_home/muse/muse_ws/install/share/state_estimator/package.xml
-- Installing: /home/ynistico-iit.local/dls_ws_home/muse/muse_ws/install/lib/state_estimator/node
-- Set non-toolchain portion of runtime path of "/home/ynistico-iit.local/dls_ws_home/muse/muse_ws/install/lib/state_estimator/node" to ""
-- Installing: /home/ynistico-iit.local/dls_ws_home/muse/muse_ws/install/lib/libstate_estimator_plugins.so
-- Set non-toolchain portion of runtime path of "/home/ynistico-iit.local/dls_ws_home/muse/muse_ws/install/lib/libstate_estimator_plugins.so" to ""
-- Up-to-date: /home/ynistico-iit.local/dls_ws_home/muse/muse_ws/install/include/state_estimator
-- Up-to-date: /home/ynistico-iit.local/dls_ws_home/muse/muse_ws/install/include/state_estimator/EigenExtra.hpp
-- Up-to-date: /home/ynistico-iit.local/dls_ws_home/muse/muse_ws/install/include/state_estimator/state_estimator_node.hpp
-- Up-to-date: /home/ynistico-iit.local/dls_ws_home/muse/muse_ws/install/include/state_estimator/plugin_base.hpp
-- Up-to-date: /home/ynistico-iit.local/dls_ws_home/muse/muse_ws/install/include/state_estimator/Services.hpp
-- Up-to-date: /home/ynistico-iit.local/dls_ws_home/muse/muse_ws/install/include/state_estimator/Estimator.hpp
-- Up-to-date: /home/ynistico-iit.local/dls_ws_home/muse/muse_ws/install/include/state_estimator/Robot.hpp
-- Up-to-date: /home/ynistico-iit.local/dls_ws_home/muse/muse_ws/install/include/state_estimator/lib.hpp
-- Up-to-date: /home/ynistico-iit.local/dls_ws_home/muse/muse_ws/install/include/state_estimator/Models
-- Up-to-date: /home/ynistico-iit.local/dls_ws_home/muse/muse_ws/install/include/state_estimator/Models/grf_contact_estimator.hpp
-- Up-to-date: /home/ynistico-iit.local/dls_ws_home/muse/muse_ws/install/include/state_estimator/Models/leg_odometry.hpp
-- Up-to-date: /home/ynistico-iit.local/dls_ws_home/muse/muse_ws/install/include/state_estimator/Models/attitude_bias_XKF.hpp
-- Up-to-date: /home/ynistico-iit.local/dls_ws_home/muse/muse_ws/install/include/state_estimator/Models/attitude_bias_NLO.hpp
-- Up-to-date: /home/ynistico-iit.local/dls_ws_home/muse/muse_ws/install/include/state_estimator/Models/joint_state_snapshot.hpp
-- Up-to-date: /home/ynistico-iit.local/dls_ws_home/muse/muse_ws/install/include/state_estimator/Models/sensor_fusion.hpp
-- Up-to-date: /home/ynistico-iit.local/dls_ws_home/muse/muse_ws/install/include/state_estimator/Observers
-- Up-to-date: /home/ynistico-iit.local/dls_ws_home/muse/muse_ws/install/include/state_estimator/Observers/EKF.hpp
-- Up-to-date: /home/ynistico-iit.local/dls_ws_home/muse/muse_ws/install/include/state_estimator/Observers/NLO.hpp
-- Up-to-date: /home/ynistico-iit.local/dls_ws_home/muse/muse_ws/install/include/state_estimator/Observers/XKF.hpp
-- Up-to-date: /home/ynistico-iit.local/dls_ws_home/muse/muse_ws/install/include/state_estimator/Observers/Observer.hpp
-- Up-to-date: /home/ynistico-iit.local/dls_ws_home/muse/muse_ws/install/include/state_estimator/plugin.hpp
-- Up-to-date: /home/ynistico-iit.local/dls_ws_home/muse/muse_ws/install/share/state_estimator/config
-- Up-to-date: /home/ynistico-iit.local/dls_ws_home/muse/muse_ws/install/share/state_estimator/config/sensor_fusion.yaml
-- Up-to-date: /home/ynistico-iit.local/dls_ws_home/muse/muse_ws/install/share/state_estimator/config/attitude_plugin.yaml
-- Up-to-date: /home/ynistico-iit.local/dls_ws_home/muse/muse_ws/install/share/state_estimator/config/tf_publisher.yaml
-- Up-to-date: /home/ynistico-iit.local/dls_ws_home/muse/muse_ws/install/share/state_estimator/config/contact_plugin.yaml
-- Up-to-date: /home/ynistico-iit.local/dls_ws_home/muse/muse_ws/install/share/state_estimator/config/leg_odometry.yaml
-- Up-to-date: /home/ynistico-iit.local/dls_ws_home/muse/muse_ws/install/share/state_estimator/launch
-- Up-to-date: /home/ynistico-iit.local/dls_ws_home/muse/muse_ws/install/share/state_estimator/launch/state_estimator.launch
-- Up-to-date: /home/ynistico-iit.local/dls_ws_home/muse/muse_ws/install/share/state_estimator/launch/pluginlist.yaml
-- Up-to-date: /home/ynistico-iit.local/dls_ws_home/muse/muse_ws/install/share/state_estimator/launch/timeout.yaml
-- Up-to-date: /home/ynistico-iit.local/dls_ws_home/muse/muse_ws/install/share/state_estimator/rviz
-- Up-to-date: /home/ynistico-iit.local/dls_ws_home/muse/muse_ws/install/share/state_estimator/rviz/state_estimator.rviz
-- Up-to-date: /home/ynistico-iit.local/dls_ws_home/muse/muse_ws/install/share/state_estimator/urdfs
-- Up-to-date: /home/ynistico-iit.local/dls_ws_home/muse/muse_ws/install/share/state_estimator/urdfs/anymal.urdf
-- Up-to-date: /home/ynistico-iit.local/dls_ws_home/muse/muse_ws/install/share/state_estimator/urdfs/go1.urdf
-- Up-to-date: /home/ynistico-iit.local/dls_ws_home/muse/muse_ws/install/share/state_estimator/urdfs/aliengo.urdf
-- Up-to-date: /home/ynistico-iit.local/dls_ws_home/muse/muse_ws/install/share/state_estimator/state_estimator_plugins.xml
-- Up-to-date: /home/ynistico-iit.local/dls_ws_home/muse/muse_ws/install/share/state_estimator/state_estimator_tools.xml
