[  1%] Built target state_estimator_msgs__rosidl_generator_type_description
[  2%] Built target state_estimator_msgs__rs
[  2%] Built target ament_cmake_python_copy_state_estimator_msgs
[  4%] Built target state_estimator_msgs__cpp
[ 26%] Built target state_estimator_msgs__rosidl_generator_c
[ 36%] Built target state_estimator_msgs__rosidl_typesupport_c
[ 45%] Built target state_estimator_msgs__rosidl_typesupport_fastrtps_c
[ 54%] Built target state_estimator_msgs__rosidl_typesupport_cpp
[ 64%] Built target state_estimator_msgs__rosidl_typesupport_introspection_c
[ 73%] Built target state_estimator_msgs__rosidl_typesupport_fastrtps_cpp
[ 82%] Built target state_estimator_msgs__rosidl_typesupport_introspection_cpp
[ 82%] Built target state_estimator_msgs
[ 84%] Built target state_estimator_msgs__py
[ 92%] Built target state_estimator_msgs__rosidl_generator_py
[100%] Built target state_estimator_msgs_s__rosidl_typesupport_fastrtps_c
[100%] Built target state_estimator_msgs_s__rosidl_typesupport_introspection_c
[100%] Built target state_estimator_msgs_s__rosidl_typesupport_c
running egg_info
writing state_estimator_msgs.egg-info/PKG-INFO
writing dependency_links to state_estimator_msgs.egg-info/dependency_links.txt
writing top-level names to state_estimator_msgs.egg-info/top_level.txt
reading manifest file 'state_estimator_msgs.egg-info/SOURCES.txt'
writing manifest file 'state_estimator_msgs.egg-info/SOURCES.txt'
[100%] Built target ament_cmake_python_build_state_estimator_msgs_egg
-- Install configuration: ""
-- Up-to-date: /home/jonas/Documents/Kamaro/muse_ros2/install/state_estimator_msgs/share/ament_index/resource_index/rosidl_interfaces/state_estimator_msgs
-- Up-to-date: /home/jonas/Documents/Kamaro/muse_ros2/install/state_estimator_msgs/share/state_estimator_msgs/msg/Attitude.json
-- Up-to-date: /home/jonas/Documents/Kamaro/muse_ros2/install/state_estimator_msgs/share/state_estimator_msgs/msg/ContactDetection.json
-- Up-to-date: /home/jonas/Documents/Kamaro/muse_ros2/install/state_estimator_msgs/share/state_estimator_msgs/msg/JointStateWithAcceleration.json
-- Up-to-date: /home/jonas/Documents/Kamaro/muse_ros2/install/state_estimator_msgs/share/state_estimator_msgs/msg/LegOdometry.json
-- Up-to-date: /home/jonas/Documents/Kamaro/muse_ros2/install/state_estimator_msgs/share/state_estimator_msgs/msg/SensorFusion.json
-- Up-to-date: /home/jonas/Documents/Kamaro/muse_ros2/install/state_estimator_msgs/include/state_estimator_msgs/state_estimator_msgs
-- Up-to-date: /home/jonas/Documents/Kamaro/muse_ros2/install/state_estimator_msgs/include/state_estimator_msgs/state_estimator_msgs/msg
-- Up-to-date: /home/jonas/Documents/Kamaro/muse_ros2/install/state_estimator_msgs/include/state_estimator_msgs/state_estimator_msgs/msg/attitude.h
-- Up-to-date: /home/jonas/Documents/Kamaro/muse_ros2/install/state_estimator_msgs/include/state_estimator_msgs/state_estimator_msgs/msg/joint_state_with_acceleration.h
-- Up-to-date: /home/jonas/Documents/Kamaro/muse_ros2/install/state_estimator_msgs/include/state_estimator_msgs/state_estimator_msgs/msg/contact_detection.h
-- Up-to-date: /home/jonas/Documents/Kamaro/muse_ros2/install/state_estimator_msgs/include/state_estimator_msgs/state_estimator_msgs/msg/detail
-- Up-to-date: /home/jonas/Documents/Kamaro/muse_ros2/install/state_estimator_msgs/include/state_estimator_msgs/state_estimator_msgs/msg/detail/attitude__functions.c
-- Up-to-date: /home/jonas/Documents/Kamaro/muse_ros2/install/state_estimator_msgs/include/state_estimator_msgs/state_estimator_msgs/msg/detail/contact_detection__struct.h
-- Up-to-date: /home/jonas/Documents/Kamaro/muse_ros2/install/state_estimator_msgs/include/state_estimator_msgs/state_estimator_msgs/msg/detail/sensor_fusion__struct.h
-- Up-to-date: /home/jonas/Documents/Kamaro/muse_ros2/install/state_estimator_msgs/include/state_estimator_msgs/state_estimator_msgs/msg/detail/sensor_fusion__functions.c
-- Up-to-date: /home/jonas/Documents/Kamaro/muse_ros2/install/state_estimator_msgs/include/state_estimator_msgs/state_estimator_msgs/msg/detail/attitude__type_support.h
-- Up-to-date: /home/jonas/Documents/Kamaro/muse_ros2/install/state_estimator_msgs/include/state_estimator_msgs/state_estimator_msgs/msg/detail/contact_detection__functions.c
-- Up-to-date: /home/jonas/Documents/Kamaro/muse_ros2/install/state_estimator_msgs/include/state_estimator_msgs/state_estimator_msgs/msg/detail/joint_state_with_acceleration__functions.h
-- Up-to-date: /home/jonas/Documents/Kamaro/muse_ros2/install/state_estimator_msgs/include/state_estimator_msgs/state_estimator_msgs/msg/detail/joint_state_with_acceleration__functions.c
-- Up-to-date: /home/jonas/Documents/Kamaro/muse_ros2/install/state_estimator_msgs/include/state_estimator_msgs/state_estimator_msgs/msg/detail/joint_state_with_acceleration__type_support.h
-- Up-to-date: /home/jonas/Documents/Kamaro/muse_ros2/install/state_estimator_msgs/include/state_estimator_msgs/state_estimator_msgs/msg/detail/contact_detection__type_support.c
-- Up-to-date: /home/jonas/Documents/Kamaro/muse_ros2/install/state_estimator_msgs/include/state_estimator_msgs/state_estimator_msgs/msg/detail/sensor_fusion__type_support.c
-- Up-to-date: /home/jonas/Documents/Kamaro/muse_ros2/install/state_estimator_msgs/include/state_estimator_msgs/state_estimator_msgs/msg/detail/contact_detection__functions.h
-- Up-to-date: /home/jonas/Documents/Kamaro/muse_ros2/install/state_estimator_msgs/include/state_estimator_msgs/state_estimator_msgs/msg/detail/sensor_fusion__functions.h
-- Up-to-date: /home/jonas/Documents/Kamaro/muse_ros2/install/state_estimator_msgs/include/state_estimator_msgs/state_estimator_msgs/msg/detail/sensor_fusion__type_support.h
-- Up-to-date: /home/jonas/Documents/Kamaro/muse_ros2/install/state_estimator_msgs/include/state_estimator_msgs/state_estimator_msgs/msg/detail/contact_detection__description.c
-- Up-to-date: /home/jonas/Documents/Kamaro/muse_ros2/install/state_estimator_msgs/include/state_estimator_msgs/state_estimator_msgs/msg/detail/joint_state_with_acceleration__struct.h
-- Up-to-date: /home/jonas/Documents/Kamaro/muse_ros2/install/state_estimator_msgs/include/state_estimator_msgs/state_estimator_msgs/msg/detail/sensor_fusion__description.c
-- Up-to-date: /home/jonas/Documents/Kamaro/muse_ros2/install/state_estimator_msgs/include/state_estimator_msgs/state_estimator_msgs/msg/detail/leg_odometry__functions.c
-- Up-to-date: /home/jonas/Documents/Kamaro/muse_ros2/install/state_estimator_msgs/include/state_estimator_msgs/state_estimator_msgs/msg/detail/attitude__type_support.c
-- Up-to-date: /home/jonas/Documents/Kamaro/muse_ros2/install/state_estimator_msgs/include/state_estimator_msgs/state_estimator_msgs/msg/detail/attitude__functions.h
-- Up-to-date: /home/jonas/Documents/Kamaro/muse_ros2/install/state_estimator_msgs/include/state_estimator_msgs/state_estimator_msgs/msg/detail/leg_odometry__type_support.c
-- Up-to-date: /home/jonas/Documents/Kamaro/muse_ros2/install/state_estimator_msgs/include/state_estimator_msgs/state_estimator_msgs/msg/detail/leg_odometry__functions.h
-- Up-to-date: /home/jonas/Documents/Kamaro/muse_ros2/install/state_estimator_msgs/include/state_estimator_msgs/state_estimator_msgs/msg/detail/contact_detection__type_support.h
-- Up-to-date: /home/jonas/Documents/Kamaro/muse_ros2/install/state_estimator_msgs/include/state_estimator_msgs/state_estimator_msgs/msg/detail/joint_state_with_acceleration__description.c
-- Up-to-date: /home/jonas/Documents/Kamaro/muse_ros2/install/state_estimator_msgs/include/state_estimator_msgs/state_estimator_msgs/msg/detail/leg_odometry__struct.h
-- Up-to-date: /home/jonas/Documents/Kamaro/muse_ros2/install/state_estimator_msgs/include/state_estimator_msgs/state_estimator_msgs/msg/detail/attitude__description.c
-- Up-to-date: /home/jonas/Documents/Kamaro/muse_ros2/install/state_estimator_msgs/include/state_estimator_msgs/state_estimator_msgs/msg/detail/attitude__struct.h
-- Up-to-date: /home/jonas/Documents/Kamaro/muse_ros2/install/state_estimator_msgs/include/state_estimator_msgs/state_estimator_msgs/msg/detail/leg_odometry__description.c
-- Up-to-date: /home/jonas/Documents/Kamaro/muse_ros2/install/state_estimator_msgs/include/state_estimator_msgs/state_estimator_msgs/msg/detail/leg_odometry__type_support.h
-- Up-to-date: /home/jonas/Documents/Kamaro/muse_ros2/install/state_estimator_msgs/include/state_estimator_msgs/state_estimator_msgs/msg/detail/joint_state_with_acceleration__type_support.c
-- Up-to-date: /home/jonas/Documents/Kamaro/muse_ros2/install/state_estimator_msgs/include/state_estimator_msgs/state_estimator_msgs/msg/rosidl_generator_c__visibility_control.h
-- Up-to-date: /home/jonas/Documents/Kamaro/muse_ros2/install/state_estimator_msgs/include/state_estimator_msgs/state_estimator_msgs/msg/sensor_fusion.h
-- Up-to-date: /home/jonas/Documents/Kamaro/muse_ros2/install/state_estimator_msgs/include/state_estimator_msgs/state_estimator_msgs/msg/leg_odometry.h
-- Up-to-date: /home/jonas/Documents/Kamaro/muse_ros2/install/state_estimator_msgs/share/state_estimator_msgs/environment/library_path.sh
-- Up-to-date: /home/jonas/Documents/Kamaro/muse_ros2/install/state_estimator_msgs/share/state_estimator_msgs/environment/library_path.dsv
-- Up-to-date: /home/jonas/Documents/Kamaro/muse_ros2/install/state_estimator_msgs/lib/libstate_estimator_msgs__rosidl_generator_c.so
-- Up-to-date: /home/jonas/Documents/Kamaro/muse_ros2/install/state_estimator_msgs/include/state_estimator_msgs/state_estimator_msgs
-- Up-to-date: /home/jonas/Documents/Kamaro/muse_ros2/install/state_estimator_msgs/include/state_estimator_msgs/state_estimator_msgs/msg
-- Up-to-date: /home/jonas/Documents/Kamaro/muse_ros2/install/state_estimator_msgs/include/state_estimator_msgs/state_estimator_msgs/msg/rosidl_typesupport_fastrtps_c__visibility_control.h
-- Up-to-date: /home/jonas/Documents/Kamaro/muse_ros2/install/state_estimator_msgs/include/state_estimator_msgs/state_estimator_msgs/msg/detail
-- Up-to-date: /home/jonas/Documents/Kamaro/muse_ros2/install/state_estimator_msgs/include/state_estimator_msgs/state_estimator_msgs/msg/detail/leg_odometry__rosidl_typesupport_fastrtps_c.h
-- Up-to-date: /home/jonas/Documents/Kamaro/muse_ros2/install/state_estimator_msgs/include/state_estimator_msgs/state_estimator_msgs/msg/detail/joint_state_with_acceleration__rosidl_typesupport_fastrtps_c.h
-- Up-to-date: /home/jonas/Documents/Kamaro/muse_ros2/install/state_estimator_msgs/include/state_estimator_msgs/state_estimator_msgs/msg/detail/sensor_fusion__rosidl_typesupport_fastrtps_c.h
-- Up-to-date: /home/jonas/Documents/Kamaro/muse_ros2/install/state_estimator_msgs/include/state_estimator_msgs/state_estimator_msgs/msg/detail/attitude__rosidl_typesupport_fastrtps_c.h
-- Up-to-date: /home/jonas/Documents/Kamaro/muse_ros2/install/state_estimator_msgs/include/state_estimator_msgs/state_estimator_msgs/msg/detail/contact_detection__rosidl_typesupport_fastrtps_c.h
-- Up-to-date: /home/jonas/Documents/Kamaro/muse_ros2/install/state_estimator_msgs/lib/libstate_estimator_msgs__rosidl_typesupport_fastrtps_c.so
-- Up-to-date: /home/jonas/Documents/Kamaro/muse_ros2/install/state_estimator_msgs/include/state_estimator_msgs/state_estimator_msgs
-- Up-to-date: /home/jonas/Documents/Kamaro/muse_ros2/install/state_estimator_msgs/include/state_estimator_msgs/state_estimator_msgs/msg
-- Up-to-date: /home/jonas/Documents/Kamaro/muse_ros2/install/state_estimator_msgs/include/state_estimator_msgs/state_estimator_msgs/msg/rosidl_typesupport_introspection_c__visibility_control.h
-- Up-to-date: /home/jonas/Documents/Kamaro/muse_ros2/install/state_estimator_msgs/include/state_estimator_msgs/state_estimator_msgs/msg/detail
-- Up-to-date: /home/jonas/Documents/Kamaro/muse_ros2/install/state_estimator_msgs/include/state_estimator_msgs/state_estimator_msgs/msg/detail/attitude__rosidl_typesupport_introspection_c.h
-- Up-to-date: /home/jonas/Documents/Kamaro/muse_ros2/install/state_estimator_msgs/include/state_estimator_msgs/state_estimator_msgs/msg/detail/sensor_fusion__rosidl_typesupport_introspection_c.h
-- Up-to-date: /home/jonas/Documents/Kamaro/muse_ros2/install/state_estimator_msgs/include/state_estimator_msgs/state_estimator_msgs/msg/detail/contact_detection__type_support.c
-- Up-to-date: /home/jonas/Documents/Kamaro/muse_ros2/install/state_estimator_msgs/include/state_estimator_msgs/state_estimator_msgs/msg/detail/leg_odometry__rosidl_typesupport_introspection_c.h
-- Up-to-date: /home/jonas/Documents/Kamaro/muse_ros2/install/state_estimator_msgs/include/state_estimator_msgs/state_estimator_msgs/msg/detail/sensor_fusion__type_support.c
-- Up-to-date: /home/jonas/Documents/Kamaro/muse_ros2/install/state_estimator_msgs/include/state_estimator_msgs/state_estimator_msgs/msg/detail/joint_state_with_acceleration__rosidl_typesupport_introspection_c.h
-- Up-to-date: /home/jonas/Documents/Kamaro/muse_ros2/install/state_estimator_msgs/include/state_estimator_msgs/state_estimator_msgs/msg/detail/attitude__type_support.c
-- Up-to-date: /home/jonas/Documents/Kamaro/muse_ros2/install/state_estimator_msgs/include/state_estimator_msgs/state_estimator_msgs/msg/detail/leg_odometry__type_support.c
-- Up-to-date: /home/jonas/Documents/Kamaro/muse_ros2/install/state_estimator_msgs/include/state_estimator_msgs/state_estimator_msgs/msg/detail/joint_state_with_acceleration__type_support.c
-- Up-to-date: /home/jonas/Documents/Kamaro/muse_ros2/install/state_estimator_msgs/include/state_estimator_msgs/state_estimator_msgs/msg/detail/contact_detection__rosidl_typesupport_introspection_c.h
-- Up-to-date: /home/jonas/Documents/Kamaro/muse_ros2/install/state_estimator_msgs/lib/libstate_estimator_msgs__rosidl_typesupport_introspection_c.so
-- Up-to-date: /home/jonas/Documents/Kamaro/muse_ros2/install/state_estimator_msgs/lib/libstate_estimator_msgs__rosidl_typesupport_c.so
-- Up-to-date: /home/jonas/Documents/Kamaro/muse_ros2/install/state_estimator_msgs/include/state_estimator_msgs/state_estimator_msgs
-- Up-to-date: /home/jonas/Documents/Kamaro/muse_ros2/install/state_estimator_msgs/include/state_estimator_msgs/state_estimator_msgs/msg
-- Up-to-date: /home/jonas/Documents/Kamaro/muse_ros2/install/state_estimator_msgs/include/state_estimator_msgs/state_estimator_msgs/msg/attitude.hpp
-- Up-to-date: /home/jonas/Documents/Kamaro/muse_ros2/install/state_estimator_msgs/include/state_estimator_msgs/state_estimator_msgs/msg/leg_odometry.hpp
-- Up-to-date: /home/jonas/Documents/Kamaro/muse_ros2/install/state_estimator_msgs/include/state_estimator_msgs/state_estimator_msgs/msg/sensor_fusion.hpp
-- Up-to-date: /home/jonas/Documents/Kamaro/muse_ros2/install/state_estimator_msgs/include/state_estimator_msgs/state_estimator_msgs/msg/rosidl_generator_cpp__visibility_control.hpp
-- Up-to-date: /home/jonas/Documents/Kamaro/muse_ros2/install/state_estimator_msgs/include/state_estimator_msgs/state_estimator_msgs/msg/detail
-- Up-to-date: /home/jonas/Documents/Kamaro/muse_ros2/install/state_estimator_msgs/include/state_estimator_msgs/state_estimator_msgs/msg/detail/joint_state_with_acceleration__traits.hpp
-- Up-to-date: /home/jonas/Documents/Kamaro/muse_ros2/install/state_estimator_msgs/include/state_estimator_msgs/state_estimator_msgs/msg/detail/contact_detection__traits.hpp
-- Up-to-date: /home/jonas/Documents/Kamaro/muse_ros2/install/state_estimator_msgs/include/state_estimator_msgs/state_estimator_msgs/msg/detail/attitude__builder.hpp
-- Up-to-date: /home/jonas/Documents/Kamaro/muse_ros2/install/state_estimator_msgs/include/state_estimator_msgs/state_estimator_msgs/msg/detail/sensor_fusion__struct.hpp
-- Up-to-date: /home/jonas/Documents/Kamaro/muse_ros2/install/state_estimator_msgs/include/state_estimator_msgs/state_estimator_msgs/msg/detail/leg_odometry__builder.hpp
-- Up-to-date: /home/jonas/Documents/Kamaro/muse_ros2/install/state_estimator_msgs/include/state_estimator_msgs/state_estimator_msgs/msg/detail/joint_state_with_acceleration__struct.hpp
-- Up-to-date: /home/jonas/Documents/Kamaro/muse_ros2/install/state_estimator_msgs/include/state_estimator_msgs/state_estimator_msgs/msg/detail/leg_odometry__struct.hpp
-- Up-to-date: /home/jonas/Documents/Kamaro/muse_ros2/install/state_estimator_msgs/include/state_estimator_msgs/state_estimator_msgs/msg/detail/contact_detection__type_support.hpp
-- Up-to-date: /home/jonas/Documents/Kamaro/muse_ros2/install/state_estimator_msgs/include/state_estimator_msgs/state_estimator_msgs/msg/detail/leg_odometry__type_support.hpp
-- Up-to-date: /home/jonas/Documents/Kamaro/muse_ros2/install/state_estimator_msgs/include/state_estimator_msgs/state_estimator_msgs/msg/detail/joint_state_with_acceleration__builder.hpp
-- Up-to-date: /home/jonas/Documents/Kamaro/muse_ros2/install/state_estimator_msgs/include/state_estimator_msgs/state_estimator_msgs/msg/detail/attitude__type_support.hpp
-- Up-to-date: /home/jonas/Documents/Kamaro/muse_ros2/install/state_estimator_msgs/include/state_estimator_msgs/state_estimator_msgs/msg/detail/leg_odometry__traits.hpp
-- Up-to-date: /home/jonas/Documents/Kamaro/muse_ros2/install/state_estimator_msgs/include/state_estimator_msgs/state_estimator_msgs/msg/detail/sensor_fusion__builder.hpp
-- Up-to-date: /home/jonas/Documents/Kamaro/muse_ros2/install/state_estimator_msgs/include/state_estimator_msgs/state_estimator_msgs/msg/detail/contact_detection__struct.hpp
-- Up-to-date: /home/jonas/Documents/Kamaro/muse_ros2/install/state_estimator_msgs/include/state_estimator_msgs/state_estimator_msgs/msg/detail/sensor_fusion__traits.hpp
-- Up-to-date: /home/jonas/Documents/Kamaro/muse_ros2/install/state_estimator_msgs/include/state_estimator_msgs/state_estimator_msgs/msg/detail/attitude__traits.hpp
-- Up-to-date: /home/jonas/Documents/Kamaro/muse_ros2/install/state_estimator_msgs/include/state_estimator_msgs/state_estimator_msgs/msg/detail/sensor_fusion__type_support.hpp
-- Up-to-date: /home/jonas/Documents/Kamaro/muse_ros2/install/state_estimator_msgs/include/state_estimator_msgs/state_estimator_msgs/msg/detail/attitude__struct.hpp
-- Up-to-date: /home/jonas/Documents/Kamaro/muse_ros2/install/state_estimator_msgs/include/state_estimator_msgs/state_estimator_msgs/msg/detail/joint_state_with_acceleration__type_support.hpp
-- Up-to-date: /home/jonas/Documents/Kamaro/muse_ros2/install/state_estimator_msgs/include/state_estimator_msgs/state_estimator_msgs/msg/detail/contact_detection__builder.hpp
-- Up-to-date: /home/jonas/Documents/Kamaro/muse_ros2/install/state_estimator_msgs/include/state_estimator_msgs/state_estimator_msgs/msg/contact_detection.hpp
-- Up-to-date: /home/jonas/Documents/Kamaro/muse_ros2/install/state_estimator_msgs/include/state_estimator_msgs/state_estimator_msgs/msg/joint_state_with_acceleration.hpp
-- Up-to-date: /home/jonas/Documents/Kamaro/muse_ros2/install/state_estimator_msgs/include/state_estimator_msgs/state_estimator_msgs
-- Up-to-date: /home/jonas/Documents/Kamaro/muse_ros2/install/state_estimator_msgs/include/state_estimator_msgs/state_estimator_msgs/msg
-- Up-to-date: /home/jonas/Documents/Kamaro/muse_ros2/install/state_estimator_msgs/include/state_estimator_msgs/state_estimator_msgs/msg/rosidl_typesupport_fastrtps_cpp__visibility_control.h
-- Up-to-date: /home/jonas/Documents/Kamaro/muse_ros2/install/state_estimator_msgs/include/state_estimator_msgs/state_estimator_msgs/msg/detail
-- Up-to-date: /home/jonas/Documents/Kamaro/muse_ros2/install/state_estimator_msgs/include/state_estimator_msgs/state_estimator_msgs/msg/detail/contact_detection__rosidl_typesupport_fastrtps_cpp.hpp
-- Up-to-date: /home/jonas/Documents/Kamaro/muse_ros2/install/state_estimator_msgs/include/state_estimator_msgs/state_estimator_msgs/msg/detail/sensor_fusion__rosidl_typesupport_fastrtps_cpp.hpp
-- Up-to-date: /home/jonas/Documents/Kamaro/muse_ros2/install/state_estimator_msgs/include/state_estimator_msgs/state_estimator_msgs/msg/detail/leg_odometry__rosidl_typesupport_fastrtps_cpp.hpp
-- Up-to-date: /home/jonas/Documents/Kamaro/muse_ros2/install/state_estimator_msgs/include/state_estimator_msgs/state_estimator_msgs/msg/detail/attitude__rosidl_typesupport_fastrtps_cpp.hpp
-- Up-to-date: /home/jonas/Documents/Kamaro/muse_ros2/install/state_estimator_msgs/include/state_estimator_msgs/state_estimator_msgs/msg/detail/joint_state_with_acceleration__rosidl_typesupport_fastrtps_cpp.hpp
-- Up-to-date: /home/jonas/Documents/Kamaro/muse_ros2/install/state_estimator_msgs/include/state_estimator_msgs/state_estimator_msgs/msg/detail/dds_fastrtps
-- Up-to-date: /home/jonas/Documents/Kamaro/muse_ros2/install/state_estimator_msgs/lib/libstate_estimator_msgs__rosidl_typesupport_fastrtps_cpp.so
-- Up-to-date: /home/jonas/Documents/Kamaro/muse_ros2/install/state_estimator_msgs/include/state_estimator_msgs/state_estimator_msgs
-- Up-to-date: /home/jonas/Documents/Kamaro/muse_ros2/install/state_estimator_msgs/include/state_estimator_msgs/state_estimator_msgs/msg
-- Up-to-date: /home/jonas/Documents/Kamaro/muse_ros2/install/state_estimator_msgs/include/state_estimator_msgs/state_estimator_msgs/msg/detail
-- Up-to-date: /home/jonas/Documents/Kamaro/muse_ros2/install/state_estimator_msgs/include/state_estimator_msgs/state_estimator_msgs/msg/detail/sensor_fusion__type_support.cpp
-- Up-to-date: /home/jonas/Documents/Kamaro/muse_ros2/install/state_estimator_msgs/include/state_estimator_msgs/state_estimator_msgs/msg/detail/leg_odometry__rosidl_typesupport_introspection_cpp.hpp
-- Up-to-date: /home/jonas/Documents/Kamaro/muse_ros2/install/state_estimator_msgs/include/state_estimator_msgs/state_estimator_msgs/msg/detail/leg_odometry__type_support.cpp
-- Up-to-date: /home/jonas/Documents/Kamaro/muse_ros2/install/state_estimator_msgs/include/state_estimator_msgs/state_estimator_msgs/msg/detail/sensor_fusion__rosidl_typesupport_introspection_cpp.hpp
-- Up-to-date: /home/jonas/Documents/Kamaro/muse_ros2/install/state_estimator_msgs/include/state_estimator_msgs/state_estimator_msgs/msg/detail/joint_state_with_acceleration__type_support.cpp
-- Up-to-date: /home/jonas/Documents/Kamaro/muse_ros2/install/state_estimator_msgs/include/state_estimator_msgs/state_estimator_msgs/msg/detail/attitude__type_support.cpp
-- Up-to-date: /home/jonas/Documents/Kamaro/muse_ros2/install/state_estimator_msgs/include/state_estimator_msgs/state_estimator_msgs/msg/detail/joint_state_with_acceleration__rosidl_typesupport_introspection_cpp.hpp
-- Up-to-date: /home/jonas/Documents/Kamaro/muse_ros2/install/state_estimator_msgs/include/state_estimator_msgs/state_estimator_msgs/msg/detail/attitude__rosidl_typesupport_introspection_cpp.hpp
-- Up-to-date: /home/jonas/Documents/Kamaro/muse_ros2/install/state_estimator_msgs/include/state_estimator_msgs/state_estimator_msgs/msg/detail/contact_detection__rosidl_typesupport_introspection_cpp.hpp
-- Up-to-date: /home/jonas/Documents/Kamaro/muse_ros2/install/state_estimator_msgs/include/state_estimator_msgs/state_estimator_msgs/msg/detail/contact_detection__type_support.cpp
-- Up-to-date: /home/jonas/Documents/Kamaro/muse_ros2/install/state_estimator_msgs/lib/libstate_estimator_msgs__rosidl_typesupport_introspection_cpp.so
-- Up-to-date: /home/jonas/Documents/Kamaro/muse_ros2/install/state_estimator_msgs/lib/libstate_estimator_msgs__rosidl_typesupport_cpp.so
-- Up-to-date: /home/jonas/Documents/Kamaro/muse_ros2/install/state_estimator_msgs/share/state_estimator_msgs/environment/pythonpath.sh
-- Up-to-date: /home/jonas/Documents/Kamaro/muse_ros2/install/state_estimator_msgs/share/state_estimator_msgs/environment/pythonpath.dsv
-- Up-to-date: /home/jonas/Documents/Kamaro/muse_ros2/install/state_estimator_msgs/lib/python3.12/site-packages/state_estimator_msgs-0.0.1-py3.12.egg-info
-- Installing: /home/jonas/Documents/Kamaro/muse_ros2/install/state_estimator_msgs/lib/python3.12/site-packages/state_estimator_msgs-0.0.1-py3.12.egg-info/dependency_links.txt
-- Installing: /home/jonas/Documents/Kamaro/muse_ros2/install/state_estimator_msgs/lib/python3.12/site-packages/state_estimator_msgs-0.0.1-py3.12.egg-info/PKG-INFO
-- Installing: /home/jonas/Documents/Kamaro/muse_ros2/install/state_estimator_msgs/lib/python3.12/site-packages/state_estimator_msgs-0.0.1-py3.12.egg-info/SOURCES.txt
-- Installing: /home/jonas/Documents/Kamaro/muse_ros2/install/state_estimator_msgs/lib/python3.12/site-packages/state_estimator_msgs-0.0.1-py3.12.egg-info/top_level.txt
-- Up-to-date: /home/jonas/Documents/Kamaro/muse_ros2/install/state_estimator_msgs/lib/python3.12/site-packages/state_estimator_msgs
-- Up-to-date: /home/jonas/Documents/Kamaro/muse_ros2/install/state_estimator_msgs/lib/python3.12/site-packages/state_estimator_msgs/state_estimator_msgs_s__rosidl_typesupport_introspection_c.so
-- Up-to-date: /home/jonas/Documents/Kamaro/muse_ros2/install/state_estimator_msgs/lib/python3.12/site-packages/state_estimator_msgs/py.typed
-- Up-to-date: /home/jonas/Documents/Kamaro/muse_ros2/install/state_estimator_msgs/lib/python3.12/site-packages/state_estimator_msgs/_state_estimator_msgs_s.ep.rosidl_typesupport_c.c
-- Up-to-date: /home/jonas/Documents/Kamaro/muse_ros2/install/state_estimator_msgs/lib/python3.12/site-packages/state_estimator_msgs/state_estimator_msgs_s__rosidl_typesupport_c.so
-- Up-to-date: /home/jonas/Documents/Kamaro/muse_ros2/install/state_estimator_msgs/lib/python3.12/site-packages/state_estimator_msgs/state_estimator_msgs_s__rosidl_typesupport_fastrtps_c.so
-- Up-to-date: /home/jonas/Documents/Kamaro/muse_ros2/install/state_estimator_msgs/lib/python3.12/site-packages/state_estimator_msgs/msg
-- Up-to-date: /home/jonas/Documents/Kamaro/muse_ros2/install/state_estimator_msgs/lib/python3.12/site-packages/state_estimator_msgs/msg/_contact_detection_s.c
-- Up-to-date: /home/jonas/Documents/Kamaro/muse_ros2/install/state_estimator_msgs/lib/python3.12/site-packages/state_estimator_msgs/msg/_leg_odometry.py
-- Up-to-date: /home/jonas/Documents/Kamaro/muse_ros2/install/state_estimator_msgs/lib/python3.12/site-packages/state_estimator_msgs/msg/_sensor_fusion.py
-- Up-to-date: /home/jonas/Documents/Kamaro/muse_ros2/install/state_estimator_msgs/lib/python3.12/site-packages/state_estimator_msgs/msg/_joint_state_with_acceleration.py
-- Up-to-date: /home/jonas/Documents/Kamaro/muse_ros2/install/state_estimator_msgs/lib/python3.12/site-packages/state_estimator_msgs/msg/_sensor_fusion_s.c
-- Up-to-date: /home/jonas/Documents/Kamaro/muse_ros2/install/state_estimator_msgs/lib/python3.12/site-packages/state_estimator_msgs/msg/_contact_detection.py
-- Up-to-date: /home/jonas/Documents/Kamaro/muse_ros2/install/state_estimator_msgs/lib/python3.12/site-packages/state_estimator_msgs/msg/_attitude.py
-- Up-to-date: /home/jonas/Documents/Kamaro/muse_ros2/install/state_estimator_msgs/lib/python3.12/site-packages/state_estimator_msgs/msg/_leg_odometry_s.c
-- Up-to-date: /home/jonas/Documents/Kamaro/muse_ros2/install/state_estimator_msgs/lib/python3.12/site-packages/state_estimator_msgs/msg/__init__.py
-- Up-to-date: /home/jonas/Documents/Kamaro/muse_ros2/install/state_estimator_msgs/lib/python3.12/site-packages/state_estimator_msgs/msg/_attitude_s.c
-- Up-to-date: /home/jonas/Documents/Kamaro/muse_ros2/install/state_estimator_msgs/lib/python3.12/site-packages/state_estimator_msgs/msg/_joint_state_with_acceleration_s.c
-- Up-to-date: /home/jonas/Documents/Kamaro/muse_ros2/install/state_estimator_msgs/lib/python3.12/site-packages/state_estimator_msgs/__init__.py
-- Up-to-date: /home/jonas/Documents/Kamaro/muse_ros2/install/state_estimator_msgs/lib/python3.12/site-packages/state_estimator_msgs/_state_estimator_msgs_s.ep.rosidl_typesupport_introspection_c.c
-- Up-to-date: /home/jonas/Documents/Kamaro/muse_ros2/install/state_estimator_msgs/lib/python3.12/site-packages/state_estimator_msgs/_state_estimator_msgs_s.ep.rosidl_typesupport_fastrtps_c.c
Listing '/home/jonas/Documents/Kamaro/muse_ros2/install/state_estimator_msgs/lib/python3.12/site-packages/state_estimator_msgs'...
Listing '/home/jonas/Documents/Kamaro/muse_ros2/install/state_estimator_msgs/lib/python3.12/site-packages/state_estimator_msgs/msg'...
-- Up-to-date: /home/jonas/Documents/Kamaro/muse_ros2/install/state_estimator_msgs/lib/python3.12/site-packages/state_estimator_msgs/state_estimator_msgs_s__rosidl_typesupport_fastrtps_c.so
-- Up-to-date: /home/jonas/Documents/Kamaro/muse_ros2/install/state_estimator_msgs/lib/python3.12/site-packages/state_estimator_msgs/state_estimator_msgs_s__rosidl_typesupport_introspection_c.so
-- Up-to-date: /home/jonas/Documents/Kamaro/muse_ros2/install/state_estimator_msgs/lib/python3.12/site-packages/state_estimator_msgs/state_estimator_msgs_s__rosidl_typesupport_c.so
-- Up-to-date: /home/jonas/Documents/Kamaro/muse_ros2/install/state_estimator_msgs/lib/libstate_estimator_msgs__rosidl_generator_py.so
-- Up-to-date: /home/jonas/Documents/Kamaro/muse_ros2/install/state_estimator_msgs/share/ament_index/resource_index/rust_packages/state_estimator_msgs
-- Up-to-date: /home/jonas/Documents/Kamaro/muse_ros2/install/state_estimator_msgs/share/state_estimator_msgs/rust
-- Up-to-date: /home/jonas/Documents/Kamaro/muse_ros2/install/state_estimator_msgs/share/state_estimator_msgs/rust/src
-- Up-to-date: /home/jonas/Documents/Kamaro/muse_ros2/install/state_estimator_msgs/share/state_estimator_msgs/rust/src/msg.rs
-- Up-to-date: /home/jonas/Documents/Kamaro/muse_ros2/install/state_estimator_msgs/share/state_estimator_msgs/rust/src/lib.rs
-- Up-to-date: /home/jonas/Documents/Kamaro/muse_ros2/install/state_estimator_msgs/share/state_estimator_msgs/rust/Cargo.toml
-- Up-to-date: /home/jonas/Documents/Kamaro/muse_ros2/install/state_estimator_msgs/share/state_estimator_msgs/rust/build.rs
-- Up-to-date: /home/jonas/Documents/Kamaro/muse_ros2/install/state_estimator_msgs/share/state_estimator_msgs/msg/Attitude.idl
-- Up-to-date: /home/jonas/Documents/Kamaro/muse_ros2/install/state_estimator_msgs/share/state_estimator_msgs/msg/ContactDetection.idl
-- Up-to-date: /home/jonas/Documents/Kamaro/muse_ros2/install/state_estimator_msgs/share/state_estimator_msgs/msg/JointStateWithAcceleration.idl
-- Up-to-date: /home/jonas/Documents/Kamaro/muse_ros2/install/state_estimator_msgs/share/state_estimator_msgs/msg/LegOdometry.idl
-- Up-to-date: /home/jonas/Documents/Kamaro/muse_ros2/install/state_estimator_msgs/share/state_estimator_msgs/msg/SensorFusion.idl
-- Up-to-date: /home/jonas/Documents/Kamaro/muse_ros2/install/state_estimator_msgs/share/state_estimator_msgs/msg/Attitude.msg
-- Up-to-date: /home/jonas/Documents/Kamaro/muse_ros2/install/state_estimator_msgs/share/state_estimator_msgs/msg/ContactDetection.msg
-- Up-to-date: /home/jonas/Documents/Kamaro/muse_ros2/install/state_estimator_msgs/share/state_estimator_msgs/msg/JointStateWithAcceleration.msg
-- Up-to-date: /home/jonas/Documents/Kamaro/muse_ros2/install/state_estimator_msgs/share/state_estimator_msgs/msg/LegOdometry.msg
-- Up-to-date: /home/jonas/Documents/Kamaro/muse_ros2/install/state_estimator_msgs/share/state_estimator_msgs/msg/SensorFusion.msg
-- Up-to-date: /home/jonas/Documents/Kamaro/muse_ros2/install/state_estimator_msgs/share/ament_index/resource_index/package_run_dependencies/state_estimator_msgs
-- Up-to-date: /home/jonas/Documents/Kamaro/muse_ros2/install/state_estimator_msgs/share/ament_index/resource_index/parent_prefix_path/state_estimator_msgs
-- Up-to-date: /home/jonas/Documents/Kamaro/muse_ros2/install/state_estimator_msgs/share/state_estimator_msgs/environment/ament_prefix_path.sh
-- Up-to-date: /home/jonas/Documents/Kamaro/muse_ros2/install/state_estimator_msgs/share/state_estimator_msgs/environment/ament_prefix_path.dsv
-- Up-to-date: /home/jonas/Documents/Kamaro/muse_ros2/install/state_estimator_msgs/share/state_estimator_msgs/environment/path.sh
-- Up-to-date: /home/jonas/Documents/Kamaro/muse_ros2/install/state_estimator_msgs/share/state_estimator_msgs/environment/path.dsv
-- Up-to-date: /home/jonas/Documents/Kamaro/muse_ros2/install/state_estimator_msgs/share/state_estimator_msgs/local_setup.bash
-- Up-to-date: /home/jonas/Documents/Kamaro/muse_ros2/install/state_estimator_msgs/share/state_estimator_msgs/local_setup.sh
-- Up-to-date: /home/jonas/Documents/Kamaro/muse_ros2/install/state_estimator_msgs/share/state_estimator_msgs/local_setup.zsh
-- Up-to-date: /home/jonas/Documents/Kamaro/muse_ros2/install/state_estimator_msgs/share/state_estimator_msgs/local_setup.dsv
-- Installing: /home/jonas/Documents/Kamaro/muse_ros2/install/state_estimator_msgs/share/state_estimator_msgs/package.dsv
-- Up-to-date: /home/jonas/Documents/Kamaro/muse_ros2/install/state_estimator_msgs/share/ament_index/resource_index/packages/state_estimator_msgs
-- Up-to-date: /home/jonas/Documents/Kamaro/muse_ros2/install/state_estimator_msgs/share/state_estimator_msgs/cmake/export_state_estimator_msgs__rosidl_generator_cExport.cmake
-- Up-to-date: /home/jonas/Documents/Kamaro/muse_ros2/install/state_estimator_msgs/share/state_estimator_msgs/cmake/export_state_estimator_msgs__rosidl_generator_cExport-noconfig.cmake
-- Up-to-date: /home/jonas/Documents/Kamaro/muse_ros2/install/state_estimator_msgs/share/state_estimator_msgs/cmake/export_state_estimator_msgs__rosidl_typesupport_fastrtps_cExport.cmake
-- Up-to-date: /home/jonas/Documents/Kamaro/muse_ros2/install/state_estimator_msgs/share/state_estimator_msgs/cmake/export_state_estimator_msgs__rosidl_typesupport_fastrtps_cExport-noconfig.cmake
-- Up-to-date: /home/jonas/Documents/Kamaro/muse_ros2/install/state_estimator_msgs/share/state_estimator_msgs/cmake/state_estimator_msgs__rosidl_typesupport_introspection_cExport.cmake
-- Up-to-date: /home/jonas/Documents/Kamaro/muse_ros2/install/state_estimator_msgs/share/state_estimator_msgs/cmake/state_estimator_msgs__rosidl_typesupport_introspection_cExport-noconfig.cmake
-- Up-to-date: /home/jonas/Documents/Kamaro/muse_ros2/install/state_estimator_msgs/share/state_estimator_msgs/cmake/state_estimator_msgs__rosidl_typesupport_cExport.cmake
-- Up-to-date: /home/jonas/Documents/Kamaro/muse_ros2/install/state_estimator_msgs/share/state_estimator_msgs/cmake/state_estimator_msgs__rosidl_typesupport_cExport-noconfig.cmake
-- Up-to-date: /home/jonas/Documents/Kamaro/muse_ros2/install/state_estimator_msgs/share/state_estimator_msgs/cmake/export_state_estimator_msgs__rosidl_generator_cppExport.cmake
-- Up-to-date: /home/jonas/Documents/Kamaro/muse_ros2/install/state_estimator_msgs/share/state_estimator_msgs/cmake/export_state_estimator_msgs__rosidl_typesupport_fastrtps_cppExport.cmake
-- Up-to-date: /home/jonas/Documents/Kamaro/muse_ros2/install/state_estimator_msgs/share/state_estimator_msgs/cmake/export_state_estimator_msgs__rosidl_typesupport_fastrtps_cppExport-noconfig.cmake
-- Up-to-date: /home/jonas/Documents/Kamaro/muse_ros2/install/state_estimator_msgs/share/state_estimator_msgs/cmake/state_estimator_msgs__rosidl_typesupport_introspection_cppExport.cmake
-- Up-to-date: /home/jonas/Documents/Kamaro/muse_ros2/install/state_estimator_msgs/share/state_estimator_msgs/cmake/state_estimator_msgs__rosidl_typesupport_introspection_cppExport-noconfig.cmake
-- Up-to-date: /home/jonas/Documents/Kamaro/muse_ros2/install/state_estimator_msgs/share/state_estimator_msgs/cmake/state_estimator_msgs__rosidl_typesupport_cppExport.cmake
-- Up-to-date: /home/jonas/Documents/Kamaro/muse_ros2/install/state_estimator_msgs/share/state_estimator_msgs/cmake/state_estimator_msgs__rosidl_typesupport_cppExport-noconfig.cmake
-- Up-to-date: /home/jonas/Documents/Kamaro/muse_ros2/install/state_estimator_msgs/share/state_estimator_msgs/cmake/export_state_estimator_msgs__rosidl_generator_pyExport.cmake
-- Up-to-date: /home/jonas/Documents/Kamaro/muse_ros2/install/state_estimator_msgs/share/state_estimator_msgs/cmake/export_state_estimator_msgs__rosidl_generator_pyExport-noconfig.cmake
-- Up-to-date: /home/jonas/Documents/Kamaro/muse_ros2/install/state_estimator_msgs/share/state_estimator_msgs/cmake/rosidl_cmake-extras.cmake
-- Up-to-date: /home/jonas/Documents/Kamaro/muse_ros2/install/state_estimator_msgs/share/state_estimator_msgs/cmake/ament_cmake_export_dependencies-extras.cmake
-- Up-to-date: /home/jonas/Documents/Kamaro/muse_ros2/install/state_estimator_msgs/share/state_estimator_msgs/cmake/ament_cmake_export_include_directories-extras.cmake
-- Up-to-date: /home/jonas/Documents/Kamaro/muse_ros2/install/state_estimator_msgs/share/state_estimator_msgs/cmake/ament_cmake_export_libraries-extras.cmake
-- Up-to-date: /home/jonas/Documents/Kamaro/muse_ros2/install/state_estimator_msgs/share/state_estimator_msgs/cmake/ament_cmake_export_targets-extras.cmake
-- Up-to-date: /home/jonas/Documents/Kamaro/muse_ros2/install/state_estimator_msgs/share/state_estimator_msgs/cmake/rosidl_cmake_export_typesupport_targets-extras.cmake
-- Up-to-date: /home/jonas/Documents/Kamaro/muse_ros2/install/state_estimator_msgs/share/state_estimator_msgs/cmake/rosidl_cmake_export_typesupport_libraries-extras.cmake
-- Up-to-date: /home/jonas/Documents/Kamaro/muse_ros2/install/state_estimator_msgs/share/state_estimator_msgs/cmake/state_estimator_msgsConfig.cmake
-- Up-to-date: /home/jonas/Documents/Kamaro/muse_ros2/install/state_estimator_msgs/share/state_estimator_msgs/cmake/state_estimator_msgsConfig-version.cmake
-- Up-to-date: /home/jonas/Documents/Kamaro/muse_ros2/install/state_estimator_msgs/share/state_estimator_msgs/package.xml
