[0.015s] Invoking command in '/home/jonas/Documents/Kamaro/muse_ros2/build/state_estimator_msgs': DEBUGINFOD_URLS=https://debuginfod.ubuntu.com /usr/bin/cmake --build /home/jonas/Documents/Kamaro/muse_ros2/build/state_estimator_msgs -- -j12 -l12
[0.099s] [  1%] Built target state_estimator_msgs__rosidl_generator_type_description
[0.099s] [  2%] Built target state_estimator_msgs__rs
[0.119s] [  2%] Built target ament_cmake_python_copy_state_estimator_msgs
[0.144s] [  4%] Built target state_estimator_msgs__cpp
[0.155s] [ 26%] Built target state_estimator_msgs__rosidl_generator_c
[0.208s] [ 36%] Built target state_estimator_msgs__rosidl_typesupport_c
[0.210s] [ 45%] Built target state_estimator_msgs__rosidl_typesupport_fastrtps_c
[0.211s] [ 54%] Built target state_estimator_msgs__rosidl_typesupport_cpp
[0.211s] [ 64%] Built target state_estimator_msgs__rosidl_typesupport_introspection_c
[0.213s] [ 73%] Built target state_estimator_msgs__rosidl_typesupport_fastrtps_cpp
[0.222s] [ 82%] Built target state_estimator_msgs__rosidl_typesupport_introspection_cpp
[0.259s] [ 82%] Built target state_estimator_msgs
[0.297s] [ 84%] Built target state_estimator_msgs__py
[0.348s] [ 92%] Built target state_estimator_msgs__rosidl_generator_py
[0.389s] [100%] Built target state_estimator_msgs_s__rosidl_typesupport_fastrtps_c
[0.389s] [100%] Built target state_estimator_msgs_s__rosidl_typesupport_introspection_c
[0.390s] [100%] Built target state_estimator_msgs_s__rosidl_typesupport_c
[0.391s] running egg_info
[0.415s] writing state_estimator_msgs.egg-info/PKG-INFO
[0.415s] writing dependency_links to state_estimator_msgs.egg-info/dependency_links.txt
[0.415s] writing top-level names to state_estimator_msgs.egg-info/top_level.txt
[0.492s] reading manifest file 'state_estimator_msgs.egg-info/SOURCES.txt'
[0.492s] writing manifest file 'state_estimator_msgs.egg-info/SOURCES.txt'
[0.535s] [100%] Built target ament_cmake_python_build_state_estimator_msgs_egg
[0.554s] Invoked command in '/home/jonas/Documents/Kamaro/muse_ros2/build/state_estimator_msgs' returned '0': DEBUGINFOD_URLS=https://debuginfod.ubuntu.com /usr/bin/cmake --build /home/jonas/Documents/Kamaro/muse_ros2/build/state_estimator_msgs -- -j12 -l12
[0.556s] Invoking command in '/home/jonas/Documents/Kamaro/muse_ros2/build/state_estimator_msgs': DEBUGINFOD_URLS=https://debuginfod.ubuntu.com /usr/bin/cmake --install /home/jonas/Documents/Kamaro/muse_ros2/build/state_estimator_msgs
[0.567s] -- Install configuration: ""
[0.567s] -- Up-to-date: /home/jonas/Documents/Kamaro/muse_ros2/install/state_estimator_msgs/share/ament_index/resource_index/rosidl_interfaces/state_estimator_msgs
[0.568s] -- Up-to-date: /home/jonas/Documents/Kamaro/muse_ros2/install/state_estimator_msgs/share/state_estimator_msgs/msg/Attitude.json
[0.568s] -- Up-to-date: /home/jonas/Documents/Kamaro/muse_ros2/install/state_estimator_msgs/share/state_estimator_msgs/msg/ContactDetection.json
[0.568s] -- Up-to-date: /home/jonas/Documents/Kamaro/muse_ros2/install/state_estimator_msgs/share/state_estimator_msgs/msg/JointStateWithAcceleration.json
[0.568s] -- Up-to-date: /home/jonas/Documents/Kamaro/muse_ros2/install/state_estimator_msgs/share/state_estimator_msgs/msg/LegOdometry.json
[0.568s] -- Up-to-date: /home/jonas/Documents/Kamaro/muse_ros2/install/state_estimator_msgs/share/state_estimator_msgs/msg/SensorFusion.json
[0.568s] -- Up-to-date: /home/jonas/Documents/Kamaro/muse_ros2/install/state_estimator_msgs/include/state_estimator_msgs/state_estimator_msgs
[0.568s] -- Up-to-date: /home/jonas/Documents/Kamaro/muse_ros2/install/state_estimator_msgs/include/state_estimator_msgs/state_estimator_msgs/msg
[0.568s] -- Up-to-date: /home/jonas/Documents/Kamaro/muse_ros2/install/state_estimator_msgs/include/state_estimator_msgs/state_estimator_msgs/msg/attitude.h
[0.569s] -- Up-to-date: /home/jonas/Documents/Kamaro/muse_ros2/install/state_estimator_msgs/include/state_estimator_msgs/state_estimator_msgs/msg/joint_state_with_acceleration.h
[0.569s] -- Up-to-date: /home/jonas/Documents/Kamaro/muse_ros2/install/state_estimator_msgs/include/state_estimator_msgs/state_estimator_msgs/msg/contact_detection.h
[0.569s] -- Up-to-date: /home/jonas/Documents/Kamaro/muse_ros2/install/state_estimator_msgs/include/state_estimator_msgs/state_estimator_msgs/msg/detail
[0.569s] -- Up-to-date: /home/jonas/Documents/Kamaro/muse_ros2/install/state_estimator_msgs/include/state_estimator_msgs/state_estimator_msgs/msg/detail/attitude__functions.c
[0.569s] -- Up-to-date: /home/jonas/Documents/Kamaro/muse_ros2/install/state_estimator_msgs/include/state_estimator_msgs/state_estimator_msgs/msg/detail/contact_detection__struct.h
[0.569s] -- Up-to-date: /home/jonas/Documents/Kamaro/muse_ros2/install/state_estimator_msgs/include/state_estimator_msgs/state_estimator_msgs/msg/detail/sensor_fusion__struct.h
[0.569s] -- Up-to-date: /home/jonas/Documents/Kamaro/muse_ros2/install/state_estimator_msgs/include/state_estimator_msgs/state_estimator_msgs/msg/detail/sensor_fusion__functions.c
[0.569s] -- Up-to-date: /home/jonas/Documents/Kamaro/muse_ros2/install/state_estimator_msgs/include/state_estimator_msgs/state_estimator_msgs/msg/detail/attitude__type_support.h
[0.569s] -- Up-to-date: /home/jonas/Documents/Kamaro/muse_ros2/install/state_estimator_msgs/include/state_estimator_msgs/state_estimator_msgs/msg/detail/contact_detection__functions.c
[0.569s] -- Up-to-date: /home/jonas/Documents/Kamaro/muse_ros2/install/state_estimator_msgs/include/state_estimator_msgs/state_estimator_msgs/msg/detail/joint_state_with_acceleration__functions.h
[0.569s] -- Up-to-date: /home/jonas/Documents/Kamaro/muse_ros2/install/state_estimator_msgs/include/state_estimator_msgs/state_estimator_msgs/msg/detail/joint_state_with_acceleration__functions.c
[0.570s] -- Up-to-date: /home/jonas/Documents/Kamaro/muse_ros2/install/state_estimator_msgs/include/state_estimator_msgs/state_estimator_msgs/msg/detail/joint_state_with_acceleration__type_support.h
[0.570s] -- Up-to-date: /home/jonas/Documents/Kamaro/muse_ros2/install/state_estimator_msgs/include/state_estimator_msgs/state_estimator_msgs/msg/detail/contact_detection__type_support.c
[0.570s] -- Up-to-date: /home/jonas/Documents/Kamaro/muse_ros2/install/state_estimator_msgs/include/state_estimator_msgs/state_estimator_msgs/msg/detail/sensor_fusion__type_support.c
[0.570s] -- Up-to-date: /home/jonas/Documents/Kamaro/muse_ros2/install/state_estimator_msgs/include/state_estimator_msgs/state_estimator_msgs/msg/detail/contact_detection__functions.h
[0.570s] -- Up-to-date: /home/jonas/Documents/Kamaro/muse_ros2/install/state_estimator_msgs/include/state_estimator_msgs/state_estimator_msgs/msg/detail/sensor_fusion__functions.h
[0.570s] -- Up-to-date: /home/jonas/Documents/Kamaro/muse_ros2/install/state_estimator_msgs/include/state_estimator_msgs/state_estimator_msgs/msg/detail/sensor_fusion__type_support.h
[0.570s] -- Up-to-date: /home/jonas/Documents/Kamaro/muse_ros2/install/state_estimator_msgs/include/state_estimator_msgs/state_estimator_msgs/msg/detail/contact_detection__description.c
[0.570s] -- Up-to-date: /home/jonas/Documents/Kamaro/muse_ros2/install/state_estimator_msgs/include/state_estimator_msgs/state_estimator_msgs/msg/detail/joint_state_with_acceleration__struct.h
[0.570s] -- Up-to-date: /home/jonas/Documents/Kamaro/muse_ros2/install/state_estimator_msgs/include/state_estimator_msgs/state_estimator_msgs/msg/detail/sensor_fusion__description.c
[0.570s] -- Up-to-date: /home/jonas/Documents/Kamaro/muse_ros2/install/state_estimator_msgs/include/state_estimator_msgs/state_estimator_msgs/msg/detail/leg_odometry__functions.c
[0.570s] -- Up-to-date: /home/jonas/Documents/Kamaro/muse_ros2/install/state_estimator_msgs/include/state_estimator_msgs/state_estimator_msgs/msg/detail/attitude__type_support.c
[0.570s] -- Up-to-date: /home/jonas/Documents/Kamaro/muse_ros2/install/state_estimator_msgs/include/state_estimator_msgs/state_estimator_msgs/msg/detail/attitude__functions.h
[0.570s] -- Up-to-date: /home/jonas/Documents/Kamaro/muse_ros2/install/state_estimator_msgs/include/state_estimator_msgs/state_estimator_msgs/msg/detail/leg_odometry__type_support.c
[0.570s] -- Up-to-date: /home/jonas/Documents/Kamaro/muse_ros2/install/state_estimator_msgs/include/state_estimator_msgs/state_estimator_msgs/msg/detail/leg_odometry__functions.h
[0.571s] -- Up-to-date: /home/jonas/Documents/Kamaro/muse_ros2/install/state_estimator_msgs/include/state_estimator_msgs/state_estimator_msgs/msg/detail/contact_detection__type_support.h
[0.571s] -- Up-to-date: /home/jonas/Documents/Kamaro/muse_ros2/install/state_estimator_msgs/include/state_estimator_msgs/state_estimator_msgs/msg/detail/joint_state_with_acceleration__description.c
[0.571s] -- Up-to-date: /home/jonas/Documents/Kamaro/muse_ros2/install/state_estimator_msgs/include/state_estimator_msgs/state_estimator_msgs/msg/detail/leg_odometry__struct.h
[0.571s] -- Up-to-date: /home/jonas/Documents/Kamaro/muse_ros2/install/state_estimator_msgs/include/state_estimator_msgs/state_estimator_msgs/msg/detail/attitude__description.c
[0.571s] -- Up-to-date: /home/jonas/Documents/Kamaro/muse_ros2/install/state_estimator_msgs/include/state_estimator_msgs/state_estimator_msgs/msg/detail/attitude__struct.h
[0.571s] -- Up-to-date: /home/jonas/Documents/Kamaro/muse_ros2/install/state_estimator_msgs/include/state_estimator_msgs/state_estimator_msgs/msg/detail/leg_odometry__description.c
[0.571s] -- Up-to-date: /home/jonas/Documents/Kamaro/muse_ros2/install/state_estimator_msgs/include/state_estimator_msgs/state_estimator_msgs/msg/detail/leg_odometry__type_support.h
[0.571s] -- Up-to-date: /home/jonas/Documents/Kamaro/muse_ros2/install/state_estimator_msgs/include/state_estimator_msgs/state_estimator_msgs/msg/detail/joint_state_with_acceleration__type_support.c
[0.571s] -- Up-to-date: /home/jonas/Documents/Kamaro/muse_ros2/install/state_estimator_msgs/include/state_estimator_msgs/state_estimator_msgs/msg/rosidl_generator_c__visibility_control.h
[0.571s] -- Up-to-date: /home/jonas/Documents/Kamaro/muse_ros2/install/state_estimator_msgs/include/state_estimator_msgs/state_estimator_msgs/msg/sensor_fusion.h
[0.571s] -- Up-to-date: /home/jonas/Documents/Kamaro/muse_ros2/install/state_estimator_msgs/include/state_estimator_msgs/state_estimator_msgs/msg/leg_odometry.h
[0.571s] -- Up-to-date: /home/jonas/Documents/Kamaro/muse_ros2/install/state_estimator_msgs/share/state_estimator_msgs/environment/library_path.sh
[0.572s] -- Up-to-date: /home/jonas/Documents/Kamaro/muse_ros2/install/state_estimator_msgs/share/state_estimator_msgs/environment/library_path.dsv
[0.572s] -- Up-to-date: /home/jonas/Documents/Kamaro/muse_ros2/install/state_estimator_msgs/lib/libstate_estimator_msgs__rosidl_generator_c.so
[0.572s] -- Up-to-date: /home/jonas/Documents/Kamaro/muse_ros2/install/state_estimator_msgs/include/state_estimator_msgs/state_estimator_msgs
[0.572s] -- Up-to-date: /home/jonas/Documents/Kamaro/muse_ros2/install/state_estimator_msgs/include/state_estimator_msgs/state_estimator_msgs/msg
[0.572s] -- Up-to-date: /home/jonas/Documents/Kamaro/muse_ros2/install/state_estimator_msgs/include/state_estimator_msgs/state_estimator_msgs/msg/rosidl_typesupport_fastrtps_c__visibility_control.h
[0.572s] -- Up-to-date: /home/jonas/Documents/Kamaro/muse_ros2/install/state_estimator_msgs/include/state_estimator_msgs/state_estimator_msgs/msg/detail
[0.572s] -- Up-to-date: /home/jonas/Documents/Kamaro/muse_ros2/install/state_estimator_msgs/include/state_estimator_msgs/state_estimator_msgs/msg/detail/leg_odometry__rosidl_typesupport_fastrtps_c.h
[0.572s] -- Up-to-date: /home/jonas/Documents/Kamaro/muse_ros2/install/state_estimator_msgs/include/state_estimator_msgs/state_estimator_msgs/msg/detail/joint_state_with_acceleration__rosidl_typesupport_fastrtps_c.h
[0.572s] -- Up-to-date: /home/jonas/Documents/Kamaro/muse_ros2/install/state_estimator_msgs/include/state_estimator_msgs/state_estimator_msgs/msg/detail/sensor_fusion__rosidl_typesupport_fastrtps_c.h
[0.572s] -- Up-to-date: /home/jonas/Documents/Kamaro/muse_ros2/install/state_estimator_msgs/include/state_estimator_msgs/state_estimator_msgs/msg/detail/attitude__rosidl_typesupport_fastrtps_c.h
[0.572s] -- Up-to-date: /home/jonas/Documents/Kamaro/muse_ros2/install/state_estimator_msgs/include/state_estimator_msgs/state_estimator_msgs/msg/detail/contact_detection__rosidl_typesupport_fastrtps_c.h
[0.572s] -- Up-to-date: /home/jonas/Documents/Kamaro/muse_ros2/install/state_estimator_msgs/lib/libstate_estimator_msgs__rosidl_typesupport_fastrtps_c.so
[0.573s] -- Up-to-date: /home/jonas/Documents/Kamaro/muse_ros2/install/state_estimator_msgs/include/state_estimator_msgs/state_estimator_msgs
[0.573s] -- Up-to-date: /home/jonas/Documents/Kamaro/muse_ros2/install/state_estimator_msgs/include/state_estimator_msgs/state_estimator_msgs/msg
[0.573s] -- Up-to-date: /home/jonas/Documents/Kamaro/muse_ros2/install/state_estimator_msgs/include/state_estimator_msgs/state_estimator_msgs/msg/rosidl_typesupport_introspection_c__visibility_control.h
[0.573s] -- Up-to-date: /home/jonas/Documents/Kamaro/muse_ros2/install/state_estimator_msgs/include/state_estimator_msgs/state_estimator_msgs/msg/detail
[0.573s] -- Up-to-date: /home/jonas/Documents/Kamaro/muse_ros2/install/state_estimator_msgs/include/state_estimator_msgs/state_estimator_msgs/msg/detail/attitude__rosidl_typesupport_introspection_c.h
[0.573s] -- Up-to-date: /home/jonas/Documents/Kamaro/muse_ros2/install/state_estimator_msgs/include/state_estimator_msgs/state_estimator_msgs/msg/detail/sensor_fusion__rosidl_typesupport_introspection_c.h
[0.573s] -- Up-to-date: /home/jonas/Documents/Kamaro/muse_ros2/install/state_estimator_msgs/include/state_estimator_msgs/state_estimator_msgs/msg/detail/contact_detection__type_support.c
[0.573s] -- Up-to-date: /home/jonas/Documents/Kamaro/muse_ros2/install/state_estimator_msgs/include/state_estimator_msgs/state_estimator_msgs/msg/detail/leg_odometry__rosidl_typesupport_introspection_c.h
[0.573s] -- Up-to-date: /home/jonas/Documents/Kamaro/muse_ros2/install/state_estimator_msgs/include/state_estimator_msgs/state_estimator_msgs/msg/detail/sensor_fusion__type_support.c
[0.574s] -- Up-to-date: /home/jonas/Documents/Kamaro/muse_ros2/install/state_estimator_msgs/include/state_estimator_msgs/state_estimator_msgs/msg/detail/joint_state_with_acceleration__rosidl_typesupport_introspection_c.h
[0.574s] -- Up-to-date: /home/jonas/Documents/Kamaro/muse_ros2/install/state_estimator_msgs/include/state_estimator_msgs/state_estimator_msgs/msg/detail/attitude__type_support.c
[0.574s] -- Up-to-date: /home/jonas/Documents/Kamaro/muse_ros2/install/state_estimator_msgs/include/state_estimator_msgs/state_estimator_msgs/msg/detail/leg_odometry__type_support.c
[0.574s] -- Up-to-date: /home/jonas/Documents/Kamaro/muse_ros2/install/state_estimator_msgs/include/state_estimator_msgs/state_estimator_msgs/msg/detail/joint_state_with_acceleration__type_support.c
[0.574s] -- Up-to-date: /home/jonas/Documents/Kamaro/muse_ros2/install/state_estimator_msgs/include/state_estimator_msgs/state_estimator_msgs/msg/detail/contact_detection__rosidl_typesupport_introspection_c.h
[0.574s] -- Up-to-date: /home/jonas/Documents/Kamaro/muse_ros2/install/state_estimator_msgs/lib/libstate_estimator_msgs__rosidl_typesupport_introspection_c.so
[0.574s] -- Up-to-date: /home/jonas/Documents/Kamaro/muse_ros2/install/state_estimator_msgs/lib/libstate_estimator_msgs__rosidl_typesupport_c.so
[0.574s] -- Up-to-date: /home/jonas/Documents/Kamaro/muse_ros2/install/state_estimator_msgs/include/state_estimator_msgs/state_estimator_msgs
[0.574s] -- Up-to-date: /home/jonas/Documents/Kamaro/muse_ros2/install/state_estimator_msgs/include/state_estimator_msgs/state_estimator_msgs/msg
[0.574s] -- Up-to-date: /home/jonas/Documents/Kamaro/muse_ros2/install/state_estimator_msgs/include/state_estimator_msgs/state_estimator_msgs/msg/attitude.hpp
[0.574s] -- Up-to-date: /home/jonas/Documents/Kamaro/muse_ros2/install/state_estimator_msgs/include/state_estimator_msgs/state_estimator_msgs/msg/leg_odometry.hpp
[0.574s] -- Up-to-date: /home/jonas/Documents/Kamaro/muse_ros2/install/state_estimator_msgs/include/state_estimator_msgs/state_estimator_msgs/msg/sensor_fusion.hpp
[0.574s] -- Up-to-date: /home/jonas/Documents/Kamaro/muse_ros2/install/state_estimator_msgs/include/state_estimator_msgs/state_estimator_msgs/msg/rosidl_generator_cpp__visibility_control.hpp
[0.574s] -- Up-to-date: /home/jonas/Documents/Kamaro/muse_ros2/install/state_estimator_msgs/include/state_estimator_msgs/state_estimator_msgs/msg/detail
[0.575s] -- Up-to-date: /home/jonas/Documents/Kamaro/muse_ros2/install/state_estimator_msgs/include/state_estimator_msgs/state_estimator_msgs/msg/detail/joint_state_with_acceleration__traits.hpp
[0.575s] -- Up-to-date: /home/jonas/Documents/Kamaro/muse_ros2/install/state_estimator_msgs/include/state_estimator_msgs/state_estimator_msgs/msg/detail/contact_detection__traits.hpp
[0.575s] -- Up-to-date: /home/jonas/Documents/Kamaro/muse_ros2/install/state_estimator_msgs/include/state_estimator_msgs/state_estimator_msgs/msg/detail/attitude__builder.hpp
[0.575s] -- Up-to-date: /home/jonas/Documents/Kamaro/muse_ros2/install/state_estimator_msgs/include/state_estimator_msgs/state_estimator_msgs/msg/detail/sensor_fusion__struct.hpp
[0.575s] -- Up-to-date: /home/jonas/Documents/Kamaro/muse_ros2/install/state_estimator_msgs/include/state_estimator_msgs/state_estimator_msgs/msg/detail/leg_odometry__builder.hpp
[0.575s] -- Up-to-date: /home/jonas/Documents/Kamaro/muse_ros2/install/state_estimator_msgs/include/state_estimator_msgs/state_estimator_msgs/msg/detail/joint_state_with_acceleration__struct.hpp
[0.575s] -- Up-to-date: /home/jonas/Documents/Kamaro/muse_ros2/install/state_estimator_msgs/include/state_estimator_msgs/state_estimator_msgs/msg/detail/leg_odometry__struct.hpp
[0.575s] -- Up-to-date: /home/jonas/Documents/Kamaro/muse_ros2/install/state_estimator_msgs/include/state_estimator_msgs/state_estimator_msgs/msg/detail/contact_detection__type_support.hpp
[0.575s] -- Up-to-date: /home/jonas/Documents/Kamaro/muse_ros2/install/state_estimator_msgs/include/state_estimator_msgs/state_estimator_msgs/msg/detail/leg_odometry__type_support.hpp
[0.575s] -- Up-to-date: /home/jonas/Documents/Kamaro/muse_ros2/install/state_estimator_msgs/include/state_estimator_msgs/state_estimator_msgs/msg/detail/joint_state_with_acceleration__builder.hpp
[0.575s] -- Up-to-date: /home/jonas/Documents/Kamaro/muse_ros2/install/state_estimator_msgs/include/state_estimator_msgs/state_estimator_msgs/msg/detail/attitude__type_support.hpp
[0.575s] -- Up-to-date: /home/jonas/Documents/Kamaro/muse_ros2/install/state_estimator_msgs/include/state_estimator_msgs/state_estimator_msgs/msg/detail/leg_odometry__traits.hpp
[0.575s] -- Up-to-date: /home/jonas/Documents/Kamaro/muse_ros2/install/state_estimator_msgs/include/state_estimator_msgs/state_estimator_msgs/msg/detail/sensor_fusion__builder.hpp
[0.576s] -- Up-to-date: /home/jonas/Documents/Kamaro/muse_ros2/install/state_estimator_msgs/include/state_estimator_msgs/state_estimator_msgs/msg/detail/contact_detection__struct.hpp
[0.576s] -- Up-to-date: /home/jonas/Documents/Kamaro/muse_ros2/install/state_estimator_msgs/include/state_estimator_msgs/state_estimator_msgs/msg/detail/sensor_fusion__traits.hpp
[0.576s] -- Up-to-date: /home/jonas/Documents/Kamaro/muse_ros2/install/state_estimator_msgs/include/state_estimator_msgs/state_estimator_msgs/msg/detail/attitude__traits.hpp
[0.576s] -- Up-to-date: /home/jonas/Documents/Kamaro/muse_ros2/install/state_estimator_msgs/include/state_estimator_msgs/state_estimator_msgs/msg/detail/sensor_fusion__type_support.hpp
[0.576s] -- Up-to-date: /home/jonas/Documents/Kamaro/muse_ros2/install/state_estimator_msgs/include/state_estimator_msgs/state_estimator_msgs/msg/detail/attitude__struct.hpp
[0.576s] -- Up-to-date: /home/jonas/Documents/Kamaro/muse_ros2/install/state_estimator_msgs/include/state_estimator_msgs/state_estimator_msgs/msg/detail/joint_state_with_acceleration__type_support.hpp
[0.576s] -- Up-to-date: /home/jonas/Documents/Kamaro/muse_ros2/install/state_estimator_msgs/include/state_estimator_msgs/state_estimator_msgs/msg/detail/contact_detection__builder.hpp
[0.576s] -- Up-to-date: /home/jonas/Documents/Kamaro/muse_ros2/install/state_estimator_msgs/include/state_estimator_msgs/state_estimator_msgs/msg/contact_detection.hpp
[0.576s] -- Up-to-date: /home/jonas/Documents/Kamaro/muse_ros2/install/state_estimator_msgs/include/state_estimator_msgs/state_estimator_msgs/msg/joint_state_with_acceleration.hpp
[0.576s] -- Up-to-date: /home/jonas/Documents/Kamaro/muse_ros2/install/state_estimator_msgs/include/state_estimator_msgs/state_estimator_msgs
[0.576s] -- Up-to-date: /home/jonas/Documents/Kamaro/muse_ros2/install/state_estimator_msgs/include/state_estimator_msgs/state_estimator_msgs/msg
[0.576s] -- Up-to-date: /home/jonas/Documents/Kamaro/muse_ros2/install/state_estimator_msgs/include/state_estimator_msgs/state_estimator_msgs/msg/rosidl_typesupport_fastrtps_cpp__visibility_control.h
[0.576s] -- Up-to-date: /home/jonas/Documents/Kamaro/muse_ros2/install/state_estimator_msgs/include/state_estimator_msgs/state_estimator_msgs/msg/detail
[0.577s] -- Up-to-date: /home/jonas/Documents/Kamaro/muse_ros2/install/state_estimator_msgs/include/state_estimator_msgs/state_estimator_msgs/msg/detail/contact_detection__rosidl_typesupport_fastrtps_cpp.hpp
[0.577s] -- Up-to-date: /home/jonas/Documents/Kamaro/muse_ros2/install/state_estimator_msgs/include/state_estimator_msgs/state_estimator_msgs/msg/detail/sensor_fusion__rosidl_typesupport_fastrtps_cpp.hpp
[0.577s] -- Up-to-date: /home/jonas/Documents/Kamaro/muse_ros2/install/state_estimator_msgs/include/state_estimator_msgs/state_estimator_msgs/msg/detail/leg_odometry__rosidl_typesupport_fastrtps_cpp.hpp
[0.577s] -- Up-to-date: /home/jonas/Documents/Kamaro/muse_ros2/install/state_estimator_msgs/include/state_estimator_msgs/state_estimator_msgs/msg/detail/attitude__rosidl_typesupport_fastrtps_cpp.hpp
[0.577s] -- Up-to-date: /home/jonas/Documents/Kamaro/muse_ros2/install/state_estimator_msgs/include/state_estimator_msgs/state_estimator_msgs/msg/detail/joint_state_with_acceleration__rosidl_typesupport_fastrtps_cpp.hpp
[0.577s] -- Up-to-date: /home/jonas/Documents/Kamaro/muse_ros2/install/state_estimator_msgs/include/state_estimator_msgs/state_estimator_msgs/msg/detail/dds_fastrtps
[0.577s] -- Up-to-date: /home/jonas/Documents/Kamaro/muse_ros2/install/state_estimator_msgs/lib/libstate_estimator_msgs__rosidl_typesupport_fastrtps_cpp.so
[0.577s] -- Up-to-date: /home/jonas/Documents/Kamaro/muse_ros2/install/state_estimator_msgs/include/state_estimator_msgs/state_estimator_msgs
[0.577s] -- Up-to-date: /home/jonas/Documents/Kamaro/muse_ros2/install/state_estimator_msgs/include/state_estimator_msgs/state_estimator_msgs/msg
[0.577s] -- Up-to-date: /home/jonas/Documents/Kamaro/muse_ros2/install/state_estimator_msgs/include/state_estimator_msgs/state_estimator_msgs/msg/detail
[0.577s] -- Up-to-date: /home/jonas/Documents/Kamaro/muse_ros2/install/state_estimator_msgs/include/state_estimator_msgs/state_estimator_msgs/msg/detail/sensor_fusion__type_support.cpp
[0.577s] -- Up-to-date: /home/jonas/Documents/Kamaro/muse_ros2/install/state_estimator_msgs/include/state_estimator_msgs/state_estimator_msgs/msg/detail/leg_odometry__rosidl_typesupport_introspection_cpp.hpp
[0.577s] -- Up-to-date: /home/jonas/Documents/Kamaro/muse_ros2/install/state_estimator_msgs/include/state_estimator_msgs/state_estimator_msgs/msg/detail/leg_odometry__type_support.cpp
[0.577s] -- Up-to-date: /home/jonas/Documents/Kamaro/muse_ros2/install/state_estimator_msgs/include/state_estimator_msgs/state_estimator_msgs/msg/detail/sensor_fusion__rosidl_typesupport_introspection_cpp.hpp
[0.578s] -- Up-to-date: /home/jonas/Documents/Kamaro/muse_ros2/install/state_estimator_msgs/include/state_estimator_msgs/state_estimator_msgs/msg/detail/joint_state_with_acceleration__type_support.cpp
[0.578s] -- Up-to-date: /home/jonas/Documents/Kamaro/muse_ros2/install/state_estimator_msgs/include/state_estimator_msgs/state_estimator_msgs/msg/detail/attitude__type_support.cpp
[0.578s] -- Up-to-date: /home/jonas/Documents/Kamaro/muse_ros2/install/state_estimator_msgs/include/state_estimator_msgs/state_estimator_msgs/msg/detail/joint_state_with_acceleration__rosidl_typesupport_introspection_cpp.hpp
[0.578s] -- Up-to-date: /home/jonas/Documents/Kamaro/muse_ros2/install/state_estimator_msgs/include/state_estimator_msgs/state_estimator_msgs/msg/detail/attitude__rosidl_typesupport_introspection_cpp.hpp
[0.578s] -- Up-to-date: /home/jonas/Documents/Kamaro/muse_ros2/install/state_estimator_msgs/include/state_estimator_msgs/state_estimator_msgs/msg/detail/contact_detection__rosidl_typesupport_introspection_cpp.hpp
[0.578s] -- Up-to-date: /home/jonas/Documents/Kamaro/muse_ros2/install/state_estimator_msgs/include/state_estimator_msgs/state_estimator_msgs/msg/detail/contact_detection__type_support.cpp
[0.578s] -- Up-to-date: /home/jonas/Documents/Kamaro/muse_ros2/install/state_estimator_msgs/lib/libstate_estimator_msgs__rosidl_typesupport_introspection_cpp.so
[0.578s] -- Up-to-date: /home/jonas/Documents/Kamaro/muse_ros2/install/state_estimator_msgs/lib/libstate_estimator_msgs__rosidl_typesupport_cpp.so
[0.578s] -- Up-to-date: /home/jonas/Documents/Kamaro/muse_ros2/install/state_estimator_msgs/share/state_estimator_msgs/environment/pythonpath.sh
[0.578s] -- Up-to-date: /home/jonas/Documents/Kamaro/muse_ros2/install/state_estimator_msgs/share/state_estimator_msgs/environment/pythonpath.dsv
[0.578s] -- Up-to-date: /home/jonas/Documents/Kamaro/muse_ros2/install/state_estimator_msgs/lib/python3.12/site-packages/state_estimator_msgs-0.0.1-py3.12.egg-info
[0.578s] -- Installing: /home/jonas/Documents/Kamaro/muse_ros2/install/state_estimator_msgs/lib/python3.12/site-packages/state_estimator_msgs-0.0.1-py3.12.egg-info/dependency_links.txt
[0.578s] -- Installing: /home/jonas/Documents/Kamaro/muse_ros2/install/state_estimator_msgs/lib/python3.12/site-packages/state_estimator_msgs-0.0.1-py3.12.egg-info/PKG-INFO
[0.579s] -- Installing: /home/jonas/Documents/Kamaro/muse_ros2/install/state_estimator_msgs/lib/python3.12/site-packages/state_estimator_msgs-0.0.1-py3.12.egg-info/SOURCES.txt
[0.579s] -- Installing: /home/jonas/Documents/Kamaro/muse_ros2/install/state_estimator_msgs/lib/python3.12/site-packages/state_estimator_msgs-0.0.1-py3.12.egg-info/top_level.txt
[0.579s] -- Up-to-date: /home/jonas/Documents/Kamaro/muse_ros2/install/state_estimator_msgs/lib/python3.12/site-packages/state_estimator_msgs
[0.579s] -- Up-to-date: /home/jonas/Documents/Kamaro/muse_ros2/install/state_estimator_msgs/lib/python3.12/site-packages/state_estimator_msgs/state_estimator_msgs_s__rosidl_typesupport_introspection_c.so
[0.579s] -- Up-to-date: /home/jonas/Documents/Kamaro/muse_ros2/install/state_estimator_msgs/lib/python3.12/site-packages/state_estimator_msgs/py.typed
[0.579s] -- Up-to-date: /home/jonas/Documents/Kamaro/muse_ros2/install/state_estimator_msgs/lib/python3.12/site-packages/state_estimator_msgs/_state_estimator_msgs_s.ep.rosidl_typesupport_c.c
[0.579s] -- Up-to-date: /home/jonas/Documents/Kamaro/muse_ros2/install/state_estimator_msgs/lib/python3.12/site-packages/state_estimator_msgs/state_estimator_msgs_s__rosidl_typesupport_c.so
[0.579s] -- Up-to-date: /home/jonas/Documents/Kamaro/muse_ros2/install/state_estimator_msgs/lib/python3.12/site-packages/state_estimator_msgs/state_estimator_msgs_s__rosidl_typesupport_fastrtps_c.so
[0.579s] -- Up-to-date: /home/jonas/Documents/Kamaro/muse_ros2/install/state_estimator_msgs/lib/python3.12/site-packages/state_estimator_msgs/msg
[0.579s] -- Up-to-date: /home/jonas/Documents/Kamaro/muse_ros2/install/state_estimator_msgs/lib/python3.12/site-packages/state_estimator_msgs/msg/_contact_detection_s.c
[0.579s] -- Up-to-date: /home/jonas/Documents/Kamaro/muse_ros2/install/state_estimator_msgs/lib/python3.12/site-packages/state_estimator_msgs/msg/_leg_odometry.py
[0.579s] -- Up-to-date: /home/jonas/Documents/Kamaro/muse_ros2/install/state_estimator_msgs/lib/python3.12/site-packages/state_estimator_msgs/msg/_sensor_fusion.py
[0.579s] -- Up-to-date: /home/jonas/Documents/Kamaro/muse_ros2/install/state_estimator_msgs/lib/python3.12/site-packages/state_estimator_msgs/msg/_joint_state_with_acceleration.py
[0.579s] -- Up-to-date: /home/jonas/Documents/Kamaro/muse_ros2/install/state_estimator_msgs/lib/python3.12/site-packages/state_estimator_msgs/msg/_sensor_fusion_s.c
[0.579s] -- Up-to-date: /home/jonas/Documents/Kamaro/muse_ros2/install/state_estimator_msgs/lib/python3.12/site-packages/state_estimator_msgs/msg/_contact_detection.py
[0.579s] -- Up-to-date: /home/jonas/Documents/Kamaro/muse_ros2/install/state_estimator_msgs/lib/python3.12/site-packages/state_estimator_msgs/msg/_attitude.py
[0.579s] -- Up-to-date: /home/jonas/Documents/Kamaro/muse_ros2/install/state_estimator_msgs/lib/python3.12/site-packages/state_estimator_msgs/msg/_leg_odometry_s.c
[0.580s] -- Up-to-date: /home/jonas/Documents/Kamaro/muse_ros2/install/state_estimator_msgs/lib/python3.12/site-packages/state_estimator_msgs/msg/__init__.py
[0.580s] -- Up-to-date: /home/jonas/Documents/Kamaro/muse_ros2/install/state_estimator_msgs/lib/python3.12/site-packages/state_estimator_msgs/msg/_attitude_s.c
[0.580s] -- Up-to-date: /home/jonas/Documents/Kamaro/muse_ros2/install/state_estimator_msgs/lib/python3.12/site-packages/state_estimator_msgs/msg/_joint_state_with_acceleration_s.c
[0.580s] -- Up-to-date: /home/jonas/Documents/Kamaro/muse_ros2/install/state_estimator_msgs/lib/python3.12/site-packages/state_estimator_msgs/__init__.py
[0.580s] -- Up-to-date: /home/jonas/Documents/Kamaro/muse_ros2/install/state_estimator_msgs/lib/python3.12/site-packages/state_estimator_msgs/_state_estimator_msgs_s.ep.rosidl_typesupport_introspection_c.c
[0.580s] -- Up-to-date: /home/jonas/Documents/Kamaro/muse_ros2/install/state_estimator_msgs/lib/python3.12/site-packages/state_estimator_msgs/_state_estimator_msgs_s.ep.rosidl_typesupport_fastrtps_c.c
[0.615s] Listing '/home/jonas/Documents/Kamaro/muse_ros2/install/state_estimator_msgs/lib/python3.12/site-packages/state_estimator_msgs'...
[0.615s] Listing '/home/jonas/Documents/Kamaro/muse_ros2/install/state_estimator_msgs/lib/python3.12/site-packages/state_estimator_msgs/msg'...
[0.624s] -- Up-to-date: /home/jonas/Documents/Kamaro/muse_ros2/install/state_estimator_msgs/lib/python3.12/site-packages/state_estimator_msgs/state_estimator_msgs_s__rosidl_typesupport_fastrtps_c.so
[0.624s] -- Up-to-date: /home/jonas/Documents/Kamaro/muse_ros2/install/state_estimator_msgs/lib/python3.12/site-packages/state_estimator_msgs/state_estimator_msgs_s__rosidl_typesupport_introspection_c.so
[0.624s] -- Up-to-date: /home/jonas/Documents/Kamaro/muse_ros2/install/state_estimator_msgs/lib/python3.12/site-packages/state_estimator_msgs/state_estimator_msgs_s__rosidl_typesupport_c.so
[0.624s] -- Up-to-date: /home/jonas/Documents/Kamaro/muse_ros2/install/state_estimator_msgs/lib/libstate_estimator_msgs__rosidl_generator_py.so
[0.625s] -- Up-to-date: /home/jonas/Documents/Kamaro/muse_ros2/install/state_estimator_msgs/share/ament_index/resource_index/rust_packages/state_estimator_msgs
[0.625s] -- Up-to-date: /home/jonas/Documents/Kamaro/muse_ros2/install/state_estimator_msgs/share/state_estimator_msgs/rust
[0.625s] -- Up-to-date: /home/jonas/Documents/Kamaro/muse_ros2/install/state_estimator_msgs/share/state_estimator_msgs/rust/src
[0.625s] -- Up-to-date: /home/jonas/Documents/Kamaro/muse_ros2/install/state_estimator_msgs/share/state_estimator_msgs/rust/src/msg.rs
[0.625s] -- Up-to-date: /home/jonas/Documents/Kamaro/muse_ros2/install/state_estimator_msgs/share/state_estimator_msgs/rust/src/lib.rs
[0.625s] -- Up-to-date: /home/jonas/Documents/Kamaro/muse_ros2/install/state_estimator_msgs/share/state_estimator_msgs/rust/Cargo.toml
[0.625s] -- Up-to-date: /home/jonas/Documents/Kamaro/muse_ros2/install/state_estimator_msgs/share/state_estimator_msgs/rust/build.rs
[0.625s] -- Up-to-date: /home/jonas/Documents/Kamaro/muse_ros2/install/state_estimator_msgs/share/state_estimator_msgs/msg/Attitude.idl
[0.625s] -- Up-to-date: /home/jonas/Documents/Kamaro/muse_ros2/install/state_estimator_msgs/share/state_estimator_msgs/msg/ContactDetection.idl
[0.625s] -- Up-to-date: /home/jonas/Documents/Kamaro/muse_ros2/install/state_estimator_msgs/share/state_estimator_msgs/msg/JointStateWithAcceleration.idl
[0.626s] -- Up-to-date: /home/jonas/Documents/Kamaro/muse_ros2/install/state_estimator_msgs/share/state_estimator_msgs/msg/LegOdometry.idl
[0.626s] -- Up-to-date: /home/jonas/Documents/Kamaro/muse_ros2/install/state_estimator_msgs/share/state_estimator_msgs/msg/SensorFusion.idl
[0.626s] -- Up-to-date: /home/jonas/Documents/Kamaro/muse_ros2/install/state_estimator_msgs/share/state_estimator_msgs/msg/Attitude.msg
[0.626s] -- Up-to-date: /home/jonas/Documents/Kamaro/muse_ros2/install/state_estimator_msgs/share/state_estimator_msgs/msg/ContactDetection.msg
[0.626s] -- Up-to-date: /home/jonas/Documents/Kamaro/muse_ros2/install/state_estimator_msgs/share/state_estimator_msgs/msg/JointStateWithAcceleration.msg
[0.626s] -- Up-to-date: /home/jonas/Documents/Kamaro/muse_ros2/install/state_estimator_msgs/share/state_estimator_msgs/msg/LegOdometry.msg
[0.626s] -- Up-to-date: /home/jonas/Documents/Kamaro/muse_ros2/install/state_estimator_msgs/share/state_estimator_msgs/msg/SensorFusion.msg
[0.626s] -- Up-to-date: /home/jonas/Documents/Kamaro/muse_ros2/install/state_estimator_msgs/share/ament_index/resource_index/package_run_dependencies/state_estimator_msgs
[0.626s] -- Up-to-date: /home/jonas/Documents/Kamaro/muse_ros2/install/state_estimator_msgs/share/ament_index/resource_index/parent_prefix_path/state_estimator_msgs
[0.626s] -- Up-to-date: /home/jonas/Documents/Kamaro/muse_ros2/install/state_estimator_msgs/share/state_estimator_msgs/environment/ament_prefix_path.sh
[0.626s] -- Up-to-date: /home/jonas/Documents/Kamaro/muse_ros2/install/state_estimator_msgs/share/state_estimator_msgs/environment/ament_prefix_path.dsv
[0.627s] -- Up-to-date: /home/jonas/Documents/Kamaro/muse_ros2/install/state_estimator_msgs/share/state_estimator_msgs/environment/path.sh
[0.627s] -- Up-to-date: /home/jonas/Documents/Kamaro/muse_ros2/install/state_estimator_msgs/share/state_estimator_msgs/environment/path.dsv
[0.627s] -- Up-to-date: /home/jonas/Documents/Kamaro/muse_ros2/install/state_estimator_msgs/share/state_estimator_msgs/local_setup.bash
[0.627s] -- Up-to-date: /home/jonas/Documents/Kamaro/muse_ros2/install/state_estimator_msgs/share/state_estimator_msgs/local_setup.sh
[0.627s] -- Up-to-date: /home/jonas/Documents/Kamaro/muse_ros2/install/state_estimator_msgs/share/state_estimator_msgs/local_setup.zsh
[0.627s] -- Up-to-date: /home/jonas/Documents/Kamaro/muse_ros2/install/state_estimator_msgs/share/state_estimator_msgs/local_setup.dsv
[0.627s] -- Installing: /home/jonas/Documents/Kamaro/muse_ros2/install/state_estimator_msgs/share/state_estimator_msgs/package.dsv
[0.627s] -- Up-to-date: /home/jonas/Documents/Kamaro/muse_ros2/install/state_estimator_msgs/share/ament_index/resource_index/packages/state_estimator_msgs
[0.627s] -- Up-to-date: /home/jonas/Documents/Kamaro/muse_ros2/install/state_estimator_msgs/share/state_estimator_msgs/cmake/export_state_estimator_msgs__rosidl_generator_cExport.cmake
[0.627s] -- Up-to-date: /home/jonas/Documents/Kamaro/muse_ros2/install/state_estimator_msgs/share/state_estimator_msgs/cmake/export_state_estimator_msgs__rosidl_generator_cExport-noconfig.cmake
[0.627s] -- Up-to-date: /home/jonas/Documents/Kamaro/muse_ros2/install/state_estimator_msgs/share/state_estimator_msgs/cmake/export_state_estimator_msgs__rosidl_typesupport_fastrtps_cExport.cmake
[0.628s] -- Up-to-date: /home/jonas/Documents/Kamaro/muse_ros2/install/state_estimator_msgs/share/state_estimator_msgs/cmake/export_state_estimator_msgs__rosidl_typesupport_fastrtps_cExport-noconfig.cmake
[0.628s] -- Up-to-date: /home/jonas/Documents/Kamaro/muse_ros2/install/state_estimator_msgs/share/state_estimator_msgs/cmake/state_estimator_msgs__rosidl_typesupport_introspection_cExport.cmake
[0.628s] -- Up-to-date: /home/jonas/Documents/Kamaro/muse_ros2/install/state_estimator_msgs/share/state_estimator_msgs/cmake/state_estimator_msgs__rosidl_typesupport_introspection_cExport-noconfig.cmake
[0.628s] -- Up-to-date: /home/jonas/Documents/Kamaro/muse_ros2/install/state_estimator_msgs/share/state_estimator_msgs/cmake/state_estimator_msgs__rosidl_typesupport_cExport.cmake
[0.628s] -- Up-to-date: /home/jonas/Documents/Kamaro/muse_ros2/install/state_estimator_msgs/share/state_estimator_msgs/cmake/state_estimator_msgs__rosidl_typesupport_cExport-noconfig.cmake
[0.628s] -- Up-to-date: /home/jonas/Documents/Kamaro/muse_ros2/install/state_estimator_msgs/share/state_estimator_msgs/cmake/export_state_estimator_msgs__rosidl_generator_cppExport.cmake
[0.628s] -- Up-to-date: /home/jonas/Documents/Kamaro/muse_ros2/install/state_estimator_msgs/share/state_estimator_msgs/cmake/export_state_estimator_msgs__rosidl_typesupport_fastrtps_cppExport.cmake
[0.628s] -- Up-to-date: /home/jonas/Documents/Kamaro/muse_ros2/install/state_estimator_msgs/share/state_estimator_msgs/cmake/export_state_estimator_msgs__rosidl_typesupport_fastrtps_cppExport-noconfig.cmake
[0.628s] -- Up-to-date: /home/jonas/Documents/Kamaro/muse_ros2/install/state_estimator_msgs/share/state_estimator_msgs/cmake/state_estimator_msgs__rosidl_typesupport_introspection_cppExport.cmake
[0.628s] -- Up-to-date: /home/jonas/Documents/Kamaro/muse_ros2/install/state_estimator_msgs/share/state_estimator_msgs/cmake/state_estimator_msgs__rosidl_typesupport_introspection_cppExport-noconfig.cmake
[0.628s] -- Up-to-date: /home/jonas/Documents/Kamaro/muse_ros2/install/state_estimator_msgs/share/state_estimator_msgs/cmake/state_estimator_msgs__rosidl_typesupport_cppExport.cmake
[0.628s] -- Up-to-date: /home/jonas/Documents/Kamaro/muse_ros2/install/state_estimator_msgs/share/state_estimator_msgs/cmake/state_estimator_msgs__rosidl_typesupport_cppExport-noconfig.cmake
[0.628s] -- Up-to-date: /home/jonas/Documents/Kamaro/muse_ros2/install/state_estimator_msgs/share/state_estimator_msgs/cmake/export_state_estimator_msgs__rosidl_generator_pyExport.cmake
[0.629s] -- Up-to-date: /home/jonas/Documents/Kamaro/muse_ros2/install/state_estimator_msgs/share/state_estimator_msgs/cmake/export_state_estimator_msgs__rosidl_generator_pyExport-noconfig.cmake
[0.629s] -- Up-to-date: /home/jonas/Documents/Kamaro/muse_ros2/install/state_estimator_msgs/share/state_estimator_msgs/cmake/rosidl_cmake-extras.cmake
[0.629s] -- Up-to-date: /home/jonas/Documents/Kamaro/muse_ros2/install/state_estimator_msgs/share/state_estimator_msgs/cmake/ament_cmake_export_dependencies-extras.cmake
[0.629s] -- Up-to-date: /home/jonas/Documents/Kamaro/muse_ros2/install/state_estimator_msgs/share/state_estimator_msgs/cmake/ament_cmake_export_include_directories-extras.cmake
[0.629s] -- Up-to-date: /home/jonas/Documents/Kamaro/muse_ros2/install/state_estimator_msgs/share/state_estimator_msgs/cmake/ament_cmake_export_libraries-extras.cmake
[0.629s] -- Up-to-date: /home/jonas/Documents/Kamaro/muse_ros2/install/state_estimator_msgs/share/state_estimator_msgs/cmake/ament_cmake_export_targets-extras.cmake
[0.629s] -- Up-to-date: /home/jonas/Documents/Kamaro/muse_ros2/install/state_estimator_msgs/share/state_estimator_msgs/cmake/rosidl_cmake_export_typesupport_targets-extras.cmake
[0.629s] -- Up-to-date: /home/jonas/Documents/Kamaro/muse_ros2/install/state_estimator_msgs/share/state_estimator_msgs/cmake/rosidl_cmake_export_typesupport_libraries-extras.cmake
[0.629s] -- Up-to-date: /home/jonas/Documents/Kamaro/muse_ros2/install/state_estimator_msgs/share/state_estimator_msgs/cmake/state_estimator_msgsConfig.cmake
[0.629s] -- Up-to-date: /home/jonas/Documents/Kamaro/muse_ros2/install/state_estimator_msgs/share/state_estimator_msgs/cmake/state_estimator_msgsConfig-version.cmake
[0.629s] -- Up-to-date: /home/jonas/Documents/Kamaro/muse_ros2/install/state_estimator_msgs/share/state_estimator_msgs/package.xml
[0.632s] Invoked command in '/home/jonas/Documents/Kamaro/muse_ros2/build/state_estimator_msgs' returned '0': DEBUGINFOD_URLS=https://debuginfod.ubuntu.com /usr/bin/cmake --install /home/jonas/Documents/Kamaro/muse_ros2/build/state_estimator_msgs
